2018-02-20 13:10:05 IST ---( Start )---
2018-02-20 13:11:01 IST 000000001f980000 0000000014303538 009f 00a4 0000 0006 00000000 0000 0014 00000000 00000001 00000001

2018-02-20 13:12:01 IST 000000001f980000 000000001284fc20 009e 00a4 0000 0006 00000001 0000 0014 00000000 00000002 00000002

2018-02-20 13:13:01 IST 000000001f980000 0000000011086a78 009e 00a4 0000 0006 00000000 0000 0014 00000000 00000001 00000001

2018-02-20 13:14:01 IST 000000001f980000 000000000f925440 009f 00a4 0000 0006 00000001 0000 0014 00000000 00000002 00000002

2018-02-20 13:15:01 IST 000000001f980000 000000000dc2ca80 009e 00a4 0000 0006 00000000 0000 0014 00000000 00000001 00000001

2018-02-20 13:16:01 IST 000000001f980000 000000000c40d470 009e 00a4 0000 0006 00000000 0000 0014 00000000 00000002 00000002

2018-02-20 13:17:01 IST 000000001f980000 000000000a6ba918 009e 00a4 0000 0006 00000000 0000 0014 00000000 00000001 00000001

2018-02-20 13:18:01 IST 000000001f980000 0000000008dd4c58 009f 00a4 0000 0006 00000001 0000 0014 00000000 00000002 00000002

2018-02-20 13:19:01 IST 0000000020700000 000000001672e9f0 009e 00a4 0000 0006 00000000 0000 0014 00000000 00000001 00000001

2018-02-20 13:20:01 IST 0000000020700000 0000000014f08548 009e 00a4 0000 0006 00000000 0000 0014 00000000 00000002 00000002

2018-02-20 13:21:01 IST 0000000020700000 00000000134e7fa0 009f 00a4 0000 0006 00000000 0000 0014 00000000 00000001 00000001

2018-02-20 13:22:01 IST 0000000020700000 0000000011928100 009f 00a4 0000 0006 00000000 0000 0014 00000000 00000002 00000002

2018-02-20 13:23:00 IST 0000000020700000 00000000102d84d8 009e 00a4 0000 0006 00000000 0000 0014 00000000 00000001 00000001

2018-02-20 13:24:00 IST 0000000020700000 000000000e85a6f8 009e 00a4 0000 0006 00000000 0000 0014 00000000 00000002 00000002

2018-02-20 13:25:00 IST 0000000020700000 000000000ce43e18 009f 00a4 0000 0006 00000000 0000 0014 00000000 00000001 00000001

2018-02-20 13:26:01 IST 0000000020700000 000000000b2b74e0 009e 00a4 0000 0006 00000000 0000 0014 00000000 00000002 00000002

2018-02-20 13:27:01 IST 0000000020700000 0000000009af5738 009e 00a4 0000 0006 00000000 0000 0014 00000000 00000001 00000001

2018-02-20 13:28:01 IST 0000000020700000 0000000007dfbc68 009e 00a4 0000 0006 00000000 0000 0014 00000000 00000002 00000002

2018-02-20 13:29:01 IST 0000000021280000 0000000016a229e0 009e 00a4 0000 0006 00000000 0000 0014 00000000 00000001 00000001

2018-02-20 13:30:01 IST 0000000021280000 0000000014e3de70 009d 00a4 0000 0006 00000000 0000 0014 00000000 00000002 00000002

2018-02-20 13:31:00 IST 0000000021280000 0000000013501440 009d 00a4 0000 0006 00000000 0000 0014 00000000 00000001 00000001

2018-02-20 13:32:00 IST 0000000021280000 0000000011b591c0 009e 00a4 0000 0006 00000001 0000 0014 00000000 00000002 00000002

2018-02-20 13:33:00 IST 0000000021280000 000000000ffa3090 009e 00a4 0000 0006 00000000 0000 0014 00000000 00000001 00000001

2018-02-20 13:34:00 IST 0000000021280000 000000000e633cc8 009d 00a4 0000 0006 00000001 0000 0014 00000000 00000002 00000002

2018-02-20 13:35:00 IST 0000000021280000 000000000ca7f310 009d 00a4 0000 0006 00000000 0000 0014 00000000 00000001 00000001

2018-02-20 13:36:00 IST 0000000021280000 000000000b0d9520 009e 00a4 0000 0006 00000000 0000 0014 00000000 00000002 00000002

2018-02-20 13:37:00 IST 0000000021280000 0000000009530678 009e 00a4 0000 0006 00000000 0000 0014 00000000 00000001 00000001

2018-02-20 13:38:00 IST 0000000021280000 0000000007b963f8 009d 00a4 0000 0006 00000000 0000 0014 00000000 00000002 00000002

2018-02-20 13:39:00 IST 0000000021c80000 0000000016f5c8d8 009d 00a4 0000 0006 00000000 0000 0014 00000000 00000001 00000001

2018-02-20 13:40:00 IST 0000000021c80000 0000000015557b08 009e 00a4 0000 0006 00000001 0000 0014 00000000 00000002 00000002

2018-02-20 13:41:01 IST 0000000021c80000 0000000013bcc270 009d 00a4 0000 0006 00000000 0000 0014 00000000 00000001 00000001

2018-02-20 13:42:01 IST 0000000021c80000 00000000121c7108 009d 00a4 0000 0006 00000000 0000 0014 00000000 00000002 00000002

2018-02-20 13:43:01 IST 0000000021c80000 0000000010605f28 009d 00a4 0000 0006 00000000 0000 0014 00000000 00000001 00000001

2018-02-20 13:44:01 IST 0000000021c80000 000000000ebfcc98 009e 00a4 0000 0006 00000000 0000 0014 00000000 00000002 00000002

2018-02-20 13:45:01 IST 0000000021c80000 000000000d268fa0 009d 00a4 0000 0006 00000000 0000 0014 00000001 00000001 00000001

2018-02-20 13:46:01 IST 0000000021c80000 000000000b675140 009d 00a4 0000 0006 00000001 0000 0014 00000000 00000002 00000002

2018-02-20 13:47:01 IST 0000000021c80000 0000000009cbd628 009e 00a4 0000 0006 00000000 0000 0014 00000000 00000001 00000001

2018-02-20 13:48:01 IST 0000000021c80000 000000000829b500 009e 00a4 0000 0006 00000001 0000 0014 00000000 00000002 00000002

2018-02-20 13:49:01 IST 0000000022500000 0000000017c98fd8 009d 00a4 0000 0006 00000000 0000 0014 00000000 00000001 00000001

2018-02-20 13:50:00 IST 0000000022500000 00000000162c0ad8 009d 00a4 0000 0006 00000001 0000 0014 00000000 00000002 00000002

2018-02-20 13:51:01 IST 0000000022500000 00000000147c0838 009e 00a4 0000 0006 00000000 0000 0014 00000000 00000001 00000001

2018-02-20 13:52:01 IST 0000000022500000 0000000013054c98 009d 00a4 0000 0006 00000001 0000 0014 00000000 00000002 00000002

2018-02-20 13:53:01 IST 0000000022500000 00000000116d3288 009d 00a4 0000 0006 00000000 0000 0014 00000000 00000001 00000001

2018-02-20 13:54:00 IST 0000000022500000 000000000fb7f2b8 009d 00a4 0000 0006 00000001 0000 0014 00000000 00000002 00000002

2018-02-20 13:55:00 IST 0000000022500000 000000000e074490 009e 00a4 0000 0006 00000000 0000 0014 00000000 00000001 00000001

2018-02-20 13:56:00 IST 0000000022500000 000000000c6c4918 009d 00a4 0000 0006 00000000 0000 0014 00000000 00000002 00000002

2018-02-20 13:57:00 IST 0000000022500000 000000000abc36f0 009d 00a4 0000 0006 00000000 0000 0014 00000000 00000001 00000001

2018-02-20 13:58:00 IST 0000000022500000 0000000009067c28 009d 00a4 0000 0006 00000000 0000 0014 00000000 00000002 00000002

2018-02-20 13:59:00 IST 0000000021c80000 000000001816f310 009e 00a4 0000 0006 00000000 0000 0014 00000000 00000001 00000001

2018-02-20 14:00:00 IST 0000000021c80000 00000000165c2848 009d 00a4 0000 0006 00000000 0000 0014 00000000 00000002 00000002

2018-02-20 14:01:00 IST 0000000021c80000 0000000014e50cb0 009d 00a4 0000 0006 00000000 0000 0014 00000000 00000001 00000001

2018-02-20 14:02:00 IST 0000000021c80000 000000001317c110 009e 00a4 0000 0006 00000000 0000 0014 00000000 00000002 00000002

2018-02-20 14:03:00 IST 0000000021c80000 0000000011a0b0a8 009e 00a4 0000 0006 00000000 0000 0014 00000000 00000001 00000001

2018-02-20 14:04:00 IST 0000000021c80000 000000000fe6b600 009d 00a4 0000 0006 00000001 0000 0014 00000000 00000002 00000002

2018-02-20 14:05:00 IST 0000000021c80000 000000000e6fd420 009d 00a4 0000 0006 00000000 0000 0014 00000000 00000001 00000001

2018-02-20 14:06:00 IST 0000000021c80000 000000000ca1d7e0 009e 00a4 0000 0006 00000000 0000 0014 00000000 00000002 00000002

2018-02-20 14:07:00 IST 0000000021c80000 000000000aea6df8 009e 00a4 0000 0006 00000000 0000 0014 00000000 00000001 00000001

2018-02-20 14:08:00 IST 0000000021c80000 0000000009709308 009d 00a4 0000 0006 00000000 0000 0014 00000000 00000002 00000002

2018-02-20 14:09:00 IST 0000000021c80000 0000000007b99da0 009d 00a4 0000 0006 00000000 0000 0014 00000000 00000001 00000001

2018-02-20 14:10:00 IST 0000000021500000 0000000016ae5cb0 009e 00a4 0000 0006 00000001 0000 0014 00000000 00000002 00000002

2018-02-20 14:11:00 IST 0000000021480000 000000001672e7f8 009d 00a4 0000 0006 00000000 0000 0014 00000000 00000001 00000001

2018-02-20 14:12:00 IST 0000000021480000 0000000014e85f40 009d 00a4 0000 0006 00000000 0000 0014 00000000 00000002 00000002

2018-02-20 14:13:00 IST 0000000021480000 000000001321b238 009d 00a4 0000 0006 00000000 0000 0014 00000000 00000001 00000001

2018-02-20 14:14:00 IST 0000000021480000 0000000011976838 009e 00a4 0000 0006 00000001 0000 0014 00000000 00000002 00000002

2018-02-20 14:15:01 IST 0000000021480000 000000000fe04430 009d 00a4 0000 0006 00000000 0000 0014 00000000 00000001 00000001

2018-02-20 14:16:01 IST 0000000021480000 000000000e55fd20 009d 00a4 0000 0006 00000001 0000 0014 00000000 00000002 00000002

2018-02-20 14:17:01 IST 0000000021480000 000000000cd0e110 009e 00a4 0000 0006 00000000 0000 0014 00000000 00000001 00000001

2018-02-20 14:18:01 IST 0000000021480000 000000000b045d48 009e 00a4 0000 0006 00000001 0000 0014 00000000 00000002 00000002

2018-02-20 14:19:01 IST 0000000021480000 000000000980e4f0 009d 00a4 0000 0006 00000000 0000 0014 00000000 00000001 00000001

2018-02-20 14:20:01 IST 0000000021480000 0000000007c1ca18 009d 00a4 0000 0006 00000001 0000 0014 00000000 00000002 00000002

2018-02-20 14:21:01 IST 0000000021880000 0000000016e33d60 009e 00a4 0000 0006 00000000 0000 0014 00000000 00000001 00000001

2018-02-20 14:22:01 IST 0000000021880000 00000000154293f0 009e 00a4 0000 0006 00000000 0000 0014 00000000 00000002 00000002

2018-02-20 14:23:01 IST 0000000021880000 0000000013b53500 009d 00a4 0000 0006 00000000 0000 0014 00000000 00000001 00000001

2018-02-20 14:24:01 IST 0000000021880000 0000000011db7ae8 009d 00a4 0000 0006 00000001 0000 0014 00000000 00000002 00000002

2018-02-20 14:25:01 IST 0000000021880000 00000000104c8ae8 009e 00a4 0000 0006 00000000 0000 0014 00000000 00000001 00000001

2018-02-20 14:26:01 IST 0000000021880000 000000000eadec30 009d 00a4 0000 0006 00000001 0000 0014 00000000 00000002 00000002

2018-02-20 14:27:01 IST 0000000021880000 000000000d1e8e40 009d 00a4 0000 0006 00000000 0000 0014 00000000 00000001 00000001

2018-02-20 14:28:01 IST 0000000021880000 000000000b89fe28 009c 00a4 0000 0006 00000001 0000 0014 00000000 00000002 00000002

2018-02-20 14:29:01 IST 0000000021880000 0000000009a91ad8 009d 00a4 0000 0006 00000000 0000 0014 00000000 00000001 00000001

2018-02-20 14:30:01 IST 0000000021880000 0000000008162fe8 009c 00a4 0000 0006 00000000 0000 0014 00000000 00000002 00000002

2018-02-20 14:31:01 IST 0000000021b00000 00000000174dab40 009c 00a4 0000 0006 00000000 0000 0014 00000000 00000001 00000001

2018-02-20 14:32:01 IST 0000000021b00000 0000000015b10678 009d 00a4 0000 0006 00000001 0000 0014 00000000 00000002 00000002

2018-02-20 14:33:01 IST 0000000021b00000 00000000140f81f8 009d 00a4 0000 0006 00000000 0000 0014 00000000 00000001 00000001

2018-02-20 14:34:01 IST 0000000021b00000 00000000126a6300 009c 00a4 0000 0006 00000001 0000 0014 00000000 00000002 00000002

2018-02-20 14:35:01 IST 0000000021b00000 0000000010d31060 009c 00a4 0000 0006 00000000 0000 0014 00000000 00000001 00000001

2018-02-20 14:36:01 IST 0000000021b00000 000000000f2c48f8 009d 00a4 0000 0006 00000000 0000 0014 00000000 00000002 00000002

2018-02-20 14:37:01 IST 0000000021b00000 000000000d8c5ce8 009c 00a4 0000 0006 00000000 0000 0014 00000000 00000001 00000001

2018-02-20 14:38:01 IST 0000000021b00000 000000000beff348 009c 00a4 0000 0006 00000001 0000 0014 00000000 00000002 00000002

2018-02-20 14:39:01 IST 0000000021b00000 000000000a4e6288 009c 00a4 0000 0006 00000000 0000 0014 00000000 00000001 00000001

2018-02-20 14:40:01 IST 0000000021b00000 0000000008a6fe38 009d 00a4 0000 0006 00000000 0000 0014 00000000 00000002 00000002

2018-02-20 14:41:01 IST 0000000021380000 000000001776f4b8 009c 00a4 0000 0006 00000000 0000 0014 00000000 00000001 00000001

2018-02-20 14:42:01 IST 0000000021380000 0000000015db3f80 009c 00a4 0000 0006 00000001 0000 0014 00000000 00000002 00000002

2018-02-20 14:43:01 IST 0000000021380000 0000000014445b08 009c 00a4 0000 0006 00000000 0000 0014 00000000 00000001 00000001

2018-02-20 14:44:01 IST 0000000021380000 0000000012a81440 009d 00a4 0000 0006 00000000 0000 0014 00000000 00000002 00000002

2018-02-20 14:45:01 IST 0000000021380000 0000000010cd2298 009c 00a4 0000 0006 00000000 0000 0014 00000000 00000001 00000001

2018-02-20 14:46:01 IST 0000000021380000 000000000f283480 009c 00a4 0000 0006 00000001 0000 0014 00000000 00000002 00000002

2018-02-20 14:47:01 IST 0000000021380000 000000000d9142b8 009c 00a4 0000 0006 00000000 0000 0014 00000000 00000001 00000001

2018-02-20 14:48:01 IST 0000000021380000 000000000bf3a7c0 009d 00a4 0000 0006 00000000 0000 0014 00000000 00000002 00000002

2018-02-20 14:49:01 IST 0000000021380000 000000000a5f4460 009c 00a4 0000 0006 00000000 0000 0014 00000000 00000001 00000001

2018-02-20 14:50:01 IST 0000000021380000 0000000008c39728 009c 00a4 0000 0006 00000001 0000 0014 00000000 00000002 00000002

2018-02-20 14:51:01 IST 0000000020b80000 0000000016fa3de0 009d 00a4 0000 0006 00000000 0000 0014 00000000 00000001 00000001

2018-02-20 14:52:01 IST 0000000020b80000 00000000151b4648 009d 00a4 0000 0006 00000000 0000 0014 00000000 00000002 00000002

2018-02-20 14:53:01 IST 0000000020b80000 000000001391c188 009c 00a4 0000 0006 00000000 0000 0014 00000000 00000001 00000001

2018-02-20 14:54:01 IST 0000000020b80000 0000000011f80058 009c 00a4 0000 0006 00000001 0000 0014 00000000 00000002 00000002

2018-02-20 14:55:01 IST 0000000020b80000 00000000106b00f0 009d 00a4 0000 0006 00000000 0000 0014 00000000 00000001 00000001

2018-02-20 14:56:01 IST 0000000020b80000 000000000e8e6d40 009c 00a4 0000 0006 00000000 0000 0014 00000000 00000002 00000002

2018-02-20 14:57:01 IST 0000000020b80000 000000000d02d250 009c 00a4 0000 0006 00000000 0000 0014 00000000 00000001 00000001

2018-02-20 14:58:01 IST 0000000020b80000 000000000b696000 009c 00a4 0000 0006 00000000 0000 0014 00000000 00000002 00000002

2018-02-20 14:59:01 IST 0000000020b80000 0000000009ddcaa8 009d 00a4 0000 0006 00000000 0000 0014 00000000 00000001 00000001

2018-02-20 15:00:01 IST 0000000020b80000 0000000007ffac60 009c 00a4 0000 0006 00000001 0000 0014 00000000 00000002 00000002

2018-02-20 15:01:01 IST 0000000020500000 0000000016062d80 009c 00a4 0000 0006 00000000 0000 0014 00000000 00000001 00000001

2018-02-20 15:02:01 IST 0000000020500000 000000001475c898 009c 00a4 0000 0006 00000001 0000 0014 00000000 00000002 00000002

2018-02-20 15:03:01 IST 0000000020500000 0000000012eb7590 009d 00a4 0000 0006 00000000 0000 0014 00000000 00000001 00000001

2018-02-20 15:04:01 IST 0000000020500000 000000001118df58 009c 00a4 0000 0006 00000001 0000 0014 00000000 00000002 00000002

2018-02-20 15:05:01 IST 0000000020500000 000000000f8e2680 009c 00a4 0000 0006 00000000 0000 0014 00000000 00000001 00000001

2018-02-20 15:06:01 IST 0000000020500000 000000000dfebb50 009d 00a4 0000 0006 00000001 0000 0014 00000000 00000002 00000002

2018-02-20 15:07:01 IST 0000000020500000 000000000c388ae8 009d 00a4 0000 0006 00000000 0000 0014 00000000 00000001 00000001

2018-02-20 15:08:01 IST 0000000020500000 000000000aa938e8 009c 00a4 0000 0006 00000001 0000 0014 00000000 00000002 00000002

2018-02-20 15:09:01 IST 0000000020500000 00000000091eecf0 009c 00a4 0000 0006 00000000 0000 0014 00000000 00000001 00000001

2018-02-20 15:10:01 IST 000000001fd80000 00000000162f9b40 009d 00a4 0000 0006 00000001 0000 0014 00000000 00000002 00000002

2018-02-20 15:11:01 IST 000000001fe00000 000000001511dc58 009c 00a4 0000 0006 00000000 0000 0014 00000000 00000001 00000001

2018-02-20 15:12:01 IST 000000001fe00000 00000000138d04e0 009c 00a4 0000 0006 00000001 0000 0014 00000000 00000002 00000002

2018-02-20 15:13:01 IST 000000001fe00000 0000000011c31be0 009c 00a4 0000 0006 00000000 0000 0014 00000000 00000001 00000001

2018-02-20 15:14:01 IST 000000001fe00000 00000000103ddf00 009d 00a4 0000 0006 00000001 0000 0014 00000000 00000002 00000002

2018-02-20 15:15:01 IST 000000001fe00000 000000000e7ebf30 009c 00a4 0000 0006 00000000 0000 0014 00000000 00000001 00000001

2018-02-20 15:16:01 IST 000000001fe00000 000000000cf8afe8 009c 00a4 0000 0006 00000001 0000 0014 00000000 00000002 00000002

2018-02-20 15:17:01 IST 000000001fe00000 000000000b37acc0 009c 00a4 0000 0006 00000000 0000 0014 00000000 00000001 00000001

2018-02-20 15:18:01 IST 000000001fe00000 0000000009b2ea98 009d 00a4 0000 0006 00000000 0000 0014 00000000 00000002 00000002

2018-02-20 15:19:01 IST 000000001fe00000 0000000007ea63f0 009c 00a4 0000 0006 00000000 0000 0014 00000000 00000001 00000001

2018-02-20 15:20:01 IST 000000001fe80000 00000000154f32f0 009c 00a4 0000 0006 00000001 0000 0014 00000000 00000002 00000002

2018-02-20 15:21:01 IST 000000001fe80000 00000000138de5d8 009d 00a4 0000 0006 00000000 0000 0014 00000000 00000001 00000001

2018-02-20 15:22:01 IST 000000001fe80000 0000000011fffff8 009d 00a4 0000 0006 00000001 0000 0014 00000000 00000002 00000002

2018-02-20 15:23:01 IST 000000001fe80000 0000000010407c50 009c 00a4 0000 0006 00000000 0000 0014 00000000 00000001 00000001

2018-02-20 15:24:01 IST 000000001fe80000 000000000eba8a30 009c 00a4 0000 0006 00000001 0000 0014 00000000 00000002 00000002

2018-02-20 15:25:01 IST 000000001fe80000 000000000d3af988 009d 00a4 0000 0006 00000000 0000 0014 00000000 00000001 00000001

2018-02-20 15:26:01 IST 000000001fe80000 000000000b6c8ed8 009d 00a4 0000 0006 00000001 0000 0014 00000000 00000002 00000002

2018-02-20 15:27:01 IST 000000001fe80000 0000000009abf970 009c 00a4 0000 0006 00000000 0000 0014 00000000 00000001 00000001

2018-02-20 15:28:01 IST 000000001fe80000 000000000826e5e0 009c 00a4 0000 0006 00000001 0000 0014 00000000 00000002 00000002

2018-02-20 15:29:01 IST 0000000020000000 0000000015b548c8 009d 00a4 0000 0006 00000000 0000 0014 00000000 00000001 00000001

2018-02-20 15:30:01 IST 0000000020000000 0000000013eee9f0 009c 00a4 0000 0006 00000001 0000 0014 00000000 00000002 00000002

2018-02-20 15:31:01 IST 0000000020000000 00000000126577a8 009c 00a4 0000 0006 00000000 0000 0014 00000000 00000001 00000001

2018-02-20 15:32:01 IST 0000000020000000 00000000109d8da8 009c 00a4 0000 0006 00000001 0000 0014 00000000 00000002 00000002

2018-02-20 15:33:01 IST 0000000020000000 000000000f1b1c88 009d 00a4 0000 0006 00000000 0000 0014 00000000 00000001 00000001

2018-02-20 15:34:01 IST 0000000020000000 000000000d4df3e0 009c 00a4 0000 0006 00000001 0000 0014 00000000 00000002 00000002

2018-02-20 15:35:01 IST 0000000020000000 000000000bcbcdf0 009c 00a4 0000 0006 00000000 0000 0014 00000000 00000001 00000001

2018-02-20 15:36:01 IST 0000000020000000 000000000a45ff18 009d 00a4 0000 0006 00000001 0000 0014 00000000 00000002 00000002

2018-02-20 15:37:01 IST 0000000020000000 0000000008816910 009d 00a4 0000 0006 00000000 0000 0014 00000000 00000001 00000001

2018-02-20 15:38:01 IST 000000001f900000 00000000159328c0 009c 00a4 0000 0006 00000000 0000 0014 00000000 00000002 00000002

2018-02-20 15:39:01 IST 000000001f900000 0000000013d41fc0 009c 00a4 0000 0006 00000000 0000 0014 00000000 00000001 00000001

2018-02-20 15:40:01 IST 000000001f900000 00000000121847a8 009d 00a4 0000 0006 00000001 0000 0014 00000000 00000002 00000002

2018-02-20 15:41:01 IST 000000001f900000 00000000109a1750 009d 00a4 0000 0006 00000000 0000 0014 00000000 00000001 00000001

2018-02-20 15:42:01 IST 000000001f900000 000000000ede6c68 009c 00a4 0000 0006 00000001 0000 0014 00000000 00000002 00000002

2018-02-20 15:43:01 IST 000000001f900000 000000000d612d58 009c 00a4 0000 0006 00000000 0000 0014 00000000 00000001 00000001

2018-02-20 15:44:01 IST 000000001f900000 000000000ba4b848 009d 00a4 0000 0006 00000000 0000 0014 00000000 00000002 00000002

2018-02-20 15:45:01 IST 000000001f900000 000000000a28eff0 009c 00a4 0000 0006 00000000 0000 0014 00000000 00000001 00000001

2018-02-20 15:46:01 IST 000000001f900000 00000000086c46d8 009c 00a4 0000 0006 00000000 0000 0014 00000000 00000002 00000002

2018-02-20 15:47:01 IST 000000001f300000 0000000014f705e8 009c 00a4 0000 0006 00000000 0000 0014 00000000 00000001 00000001

2018-02-20 15:48:01 IST 000000001f300000 000000001384f180 009d 00a4 0000 0006 00000000 0000 0014 00000000 00000002 00000002

2018-02-20 15:49:01 IST 000000001f300000 0000000011d41af8 009c 00a4 0000 0006 00000000 0000 0014 00000000 00000001 00000001

2018-02-20 15:50:01 IST 000000001f300000 00000000101c4020 009c 00a4 0000 0006 00000001 0000 0014 00000000 00000002 00000002

2018-02-20 15:51:01 IST 000000001f300000 000000000e7209a8 009d 00a4 0000 0006 00000000 0000 0014 00000000 00000001 00000001

2018-02-20 15:52:01 IST 000000001f300000 000000000cf91290 009d 00a4 0000 0006 00000000 0000 0014 00000000 00000002 00000002

2018-02-20 15:53:01 IST 000000001f300000 000000000b47d818 009c 00a4 0000 0006 00000000 0000 0014 00000000 00000001 00000001

2018-02-20 15:54:01 IST 000000001f300000 000000000997b238 009c 00a4 0000 0006 00000000 0000 0014 00000000 00000002 00000002

2018-02-20 15:55:01 IST 000000001f300000 0000000007e600d0 009d 00a4 0000 0006 00000000 0000 0014 00000000 00000001 00000001

2018-02-20 15:56:01 IST 000000001ec80000 00000000144b9610 009d 00a4 0000 0006 00000001 0000 0014 00000000 00000002 00000002

2018-02-20 15:57:01 IST 000000001ec80000 0000000012a63b08 009c 00a4 0000 0006 00000000 0000 0014 00000000 00000001 00000001

2018-02-20 15:58:01 IST 000000001ec80000 0000000010f9b830 009c 00a4 0000 0006 00000000 0000 0014 00000000 00000002 00000002

2018-02-20 15:59:02 IST 000000001ec80000 000000000f52a370 009d 00a4 0000 0006 00000000 0000 0014 00000000 00000001 00000001

2018-02-20 16:00:02 IST 000000001ec80000 000000000da67030 009d 00a4 0000 0006 00000000 0000 0014 00000000 00000002 00000002

2018-02-20 16:01:02 IST 000000001ec80000 000000000c00caf0 009c 00a4 0000 0006 00000000 0000 0014 00000000 00000001 00000001

2018-02-20 16:02:02 IST 000000001ec80000 000000000a559918 009c 00a4 0000 0006 00000000 0000 0014 00000000 00000002 00000002

2018-02-20 16:03:02 IST 000000001ec80000 0000000008f28ff0 009d 00a4 0000 0006 00000000 0000 0014 00000000 00000001 00000001

2018-02-20 16:04:02 IST 000000001e700000 0000000014c77088 009c 00a4 0000 0006 00000000 0000 0014 00000000 00000002 00000002

2018-02-20 16:05:02 IST 000000001e700000 0000000012eff818 009c 00a4 0000 0006 00000000 0000 0014 00000000 00000001 00000001

2018-02-20 16:06:02 IST 000000001e700000 00000000118373b8 009c 00a4 0000 0006 00000000 0000 0014 00000000 00000002 00000002

2018-02-20 16:07:02 IST 000000001e700000 000000000fab63e8 009d 00a4 0000 0006 00000000 0000 0014 00000000 00000001 00000001

2018-02-20 16:08:02 IST 000000001e700000 000000000e0ba598 009c 00a4 0000 0006 00000001 0000 0014 00000000 00000002 00000002

2018-02-20 16:09:02 IST 000000001e700000 000000000c6f8a50 009c 00a4 0000 0006 00000000 0000 0014 00000000 00000001 00000001

2018-02-20 16:10:02 IST 000000001e700000 000000000accf118 009d 00a4 0000 0006 00000001 0000 0014 00000000 00000002 00000002

2018-02-20 16:11:02 IST 000000001e680000 0000000013bd6560 009d 00a4 0000 0006 00000000 0000 0014 00000000 00000001 00000001

2018-02-20 16:12:02 IST 000000001e680000 00000000121f4a30 009c 00a4 0000 0006 00000001 0000 0014 00000000 00000002 00000002

2018-02-20 16:13:02 IST 000000001e680000 0000000010496dd0 009c 00a4 0000 0006 00000000 0000 0014 00000000 00000001 00000001

2018-02-20 16:14:02 IST 000000001e680000 000000000ea9d140 009d 00a4 0000 0006 00000000 0000 0014 00000000 00000002 00000002

2018-02-20 16:15:02 IST 000000001e680000 000000000d0efac8 009d 00a4 0000 0006 00000000 0000 0014 00000000 00000001 00000001

2018-02-20 16:16:02 IST 000000001e680000 000000000b70ed20 009c 00a4 0000 0006 00000000 0000 0014 00000000 00000002 00000002

2018-02-20 16:17:02 IST 000000001e680000 0000000009cf8e70 009c 00a4 0000 0006 00000000 0000 0014 00000000 00000001 00000001

2018-02-20 16:18:02 IST 000000001e680000 0000000008314e20 009d 00a4 0000 0006 00000001 0000 0014 00000000 00000002 00000002

2018-02-20 16:19:02 IST 000000001e780000 0000000014120be8 009c 00a4 0000 0006 00000000 0000 0014 00000000 00000001 00000001

2018-02-20 16:20:02 IST 000000001e780000 0000000012ac6cf0 009c 00a4 0000 0006 00000001 0000 0014 00000000 00000002 00000002

2018-02-20 16:21:02 IST 000000001e780000 0000000010d58178 009c 00a4 0000 0006 00000000 0000 0014 00000000 00000001 00000001

2018-02-20 16:22:02 IST 000000001e780000 000000000f6fe0b0 009d 00a4 0000 0006 00000001 0000 0014 00000000 00000002 00000002

2018-02-20 16:23:02 IST 000000001e780000 000000000d9a8520 009c 00a4 0000 0006 00000000 0000 0014 00000000 00000001 00000001

2018-02-20 16:24:02 IST 000000001e780000 000000000bfa4a90 009c 00a4 0000 0006 00000000 0000 0014 00000000 00000002 00000002

2018-02-20 16:25:02 IST 000000001e780000 000000000a5ebb80 009c 00a4 0000 0006 00000000 0000 0014 00000000 00000001 00000001

2018-02-20 16:26:02 IST 000000001e780000 0000000008bdb8a0 009d 00a4 0000 0006 00000001 0000 0014 00000000 00000002 00000002

2018-02-20 16:27:02 IST 000000001e780000 0000000014967568 009c 00a4 0000 0006 00000000 0000 0014 00000000 00000001 00000001

2018-02-20 16:28:02 IST 000000001e780000 00000000132f0ce8 009c 00a4 0000 0006 00000001 0000 0014 00000000 00000002 00000002

2018-02-20 16:29:02 IST 000000001e780000 00000000114f18e0 009d 00a4 0000 0006 00000000 0000 0014 00000000 00000001 00000001

2018-02-20 16:30:02 IST 000000001e780000 000000000fac1d60 009d 00a4 0000 0006 00000000 0000 0014 00000000 00000002 00000002

2018-02-20 16:31:02 IST 000000001e780000 000000000e1039d8 009c 00a4 0000 0006 00000000 0000 0014 00000000 00000001 00000001

2018-02-20 16:32:02 IST 000000001e780000 000000000c6d2010 009c 00a4 0000 0006 00000000 0000 0014 00000000 00000002 00000002

2018-02-20 16:33:02 IST 000000001e780000 000000000acf7658 009d 00a4 0000 0006 00000000 0000 0014 00000000 00000001 00000001

2018-02-20 16:34:02 IST 000000001e780000 00000000092c7a38 009d 00a4 0000 0006 00000001 0000 0014 00000000 00000002 00000002

2018-02-20 16:35:02 IST 000000001e280000 00000000150ab8c8 009c 00a4 0000 0006 00000000 0000 0014 00000000 00000001 00000001

2018-02-20 16:36:02 IST 000000001e280000 000000001334f0e8 009c 00a4 0000 0006 00000001 0000 0014 00000000 00000002 00000002

2018-02-20 16:37:02 IST 000000001e280000 0000000011a032b8 009d 00a4 0000 0006 00000000 0000 0014 00000000 00000001 00000001

2018-02-20 16:38:02 IST 000000001e280000 000000001007f360 009c 00a4 0000 0006 00000000 0000 0014 00000000 00000002 00000002

2018-02-20 16:39:02 IST 000000001e280000 000000000e7385a0 009c 00a4 0000 0006 00000000 0000 0014 00000000 00000001 00000001

2018-02-20 16:40:02 IST 000000001e280000 000000000cd9a7c0 009c 00a4 0000 0006 00000000 0000 0014 00000000 00000002 00000002

2018-02-20 16:41:02 IST 000000001e280000 000000000b046a28 009d 00a4 0000 0006 00000000 0000 0014 00000000 00000001 00000001

2018-02-20 16:42:02 IST 000000001e280000 00000000096c6f28 009c 00a4 0000 0006 00000001 0000 0014 00000000 00000002 00000002

2018-02-20 16:43:02 IST 000000001e280000 0000000007d7e740 009c 00a4 0000 0006 00000000 0000 0014 00000000 00000001 00000001

2018-02-20 16:44:02 IST 000000001dc80000 00000000132120e0 009d 00a4 0000 0006 00000000 0000 0014 00000000 00000002 00000002

2018-02-20 16:45:02 IST 000000001dc80000 000000001157f9b0 009d 00a4 0000 0006 00000000 0000 0014 00000000 00000001 00000001

2018-02-20 16:46:02 IST 000000001dc80000 000000000fca18c0 009c 00a4 0000 0006 00000001 0000 0014 00000000 00000002 00000002

2018-02-20 16:47:02 IST 000000001dc80000 000000000e3ed368 009c 00a4 0000 0006 00000000 0000 0014 00000000 00000001 00000001

2018-02-20 16:48:02 IST 000000001dc80000 000000000c701d18 009d 00a4 0000 0006 00000000 0000 0014 00000000 00000002 00000002

2018-02-20 16:49:02 IST 000000001dc80000 000000000ae64bf8 009d 00a4 0000 0006 00000000 0000 0014 00000000 00000001 00000001

2018-02-20 16:50:02 IST 000000001dc80000 00000000095838b0 009c 00a4 0000 0006 00000000 0000 0014 00000000 00000002 00000002

2018-02-20 16:51:02 IST 000000001d780000 000000001423bad8 009c 00a4 0000 0006 00000000 0000 0014 00000000 00000001 00000001

2018-02-20 16:52:02 IST 000000001d780000 00000000129c8f70 009d 00a4 0000 0006 00000000 0000 0014 00000000 00000002 00000002

2018-02-20 16:53:02 IST 000000001d780000 000000001117ac68 009c 00a4 0000 0006 00000000 0000 0014 00000000 00000001 00000001

2018-02-20 16:54:02 IST 000000001d780000 000000000f59aae8 009c 00a4 0000 0006 00000000 0000 0014 00000000 00000002 00000002

2018-02-20 16:55:02 IST 000000001d780000 000000000d9c27c0 009c 00a4 0000 0006 00000000 0000 0014 00000000 00000001 00000001

2018-02-20 16:56:02 IST 000000001d780000 000000000c159510 009d 00a4 0000 0006 00000001 0000 0014 00000000 00000002 00000002

2018-02-20 16:57:02 IST 000000001d780000 000000000a90aa20 009c 00a4 0000 0006 00000000 0000 0014 00000000 00000001 00000001

2018-02-20 16:58:02 IST 000000001d780000 0000000008d3f310 009c 00a4 0000 0006 00000001 0000 0014 00000000 00000002 00000002

2018-02-20 16:59:02 IST 000000001d200000 0000000013814560 009d 00a4 0000 0006 00000000 0000 0014 00000000 00000001 00000001

2018-02-20 17:00:02 IST 000000001d200000 0000000011cdd348 009d 00a4 0000 0006 00000000 0000 0014 00000000 00000002 00000002

2018-02-20 17:01:02 IST 000000001d200000 00000000101b94c0 009c 00a4 0000 0006 00000000 0000 0014 00000000 00000001 00000001

2018-02-20 17:02:02 IST 000000001d200000 000000000e685640 009c 00a4 0000 0006 00000001 0000 0014 00000000 00000002 00000002

2018-02-20 17:03:02 IST 000000001d200000 000000000ceb0e48 009d 00a4 0000 0006 00000000 0000 0014 00000000 00000001 00000001

2018-02-20 17:04:02 IST 000000001d200000 000000000b320f58 009d 00a4 0000 0006 00000001 0000 0014 00000000 00000002 00000002

2018-02-20 17:05:02 IST 000000001d200000 0000000009bcc088 009c 00a4 0000 0006 00000000 0000 0014 00000000 00000001 00000001

2018-02-20 17:06:02 IST 000000001d200000 000000000803da70 009c 00a4 0000 0006 00000001 0000 0014 00000000 00000002 00000002

2018-02-20 17:07:02 IST 000000001cd80000 000000001253ffb8 009d 00a4 0000 0006 00000000 0000 0014 00000000 00000001 00000001

2018-02-20 17:08:02 IST 000000001cd80000 0000000010db6378 009c 00a4 0000 0006 00000000 0000 0014 00000000 00000002 00000002

2018-02-20 17:09:02 IST 000000001cd80000 000000000f323f88 009c 00a4 0000 0006 00000000 0000 0014 00000000 00000001 00000001

2018-02-20 17:10:02 IST 000000001cd80000 000000000d83fc08 009d 00a4 0000 0006 00000001 0000 0014 00000000 00000002 00000002

2018-02-20 17:11:02 IST 000000001cd00000 00000000121b09a0 009d 00a4 0000 0006 00000000 0000 0014 00000000 00000001 00000001

2018-02-20 17:12:02 IST 000000001cd00000 0000000010712818 009c 00a4 0000 0006 00000000 0000 0014 00000000 00000002 00000002

2018-02-20 17:13:02 IST 000000001cd00000 000000000ecc3de8 009c 00a4 0000 0006 00000000 0000 0014 00000000 00000001 00000001

2018-02-20 17:14:02 IST 000000001cd00000 000000000d272cc0 009d 00a4 0000 0006 00000001 0000 0014 00000000 00000002 00000002

2018-02-20 17:15:02 IST 000000001cd00000 000000000b815e78 009d 00a4 0000 0006 00000000 0000 0014 00000000 00000001 00000001

2018-02-20 17:16:02 IST 000000001cd00000 0000000009d87198 009c 00a4 0000 0006 00000001 0000 0014 00000000 00000002 00000002

2018-02-20 17:17:02 IST 000000001cd00000 000000000866bfc8 009c 00a4 0000 0006 00000000 0000 0014 00000000 00000001 00000001

2018-02-20 17:18:02 IST 000000001cd80000 0000000012c68208 009d 00a4 0000 0006 00000001 0000 0014 00000000 00000002 00000002

2018-02-20 17:19:02 IST 000000001cd80000 00000000111e6c78 009c 00a4 0000 0006 00000000 0000 0014 00000000 00000001 00000001

2018-02-20 17:20:02 IST 000000001cd80000 000000000f6f9070 009c 00a4 0000 0006 00000001 0000 0014 00000000 00000002 00000002

2018-02-20 17:21:02 IST 000000001cd80000 000000000dc5ce60 009c 00a4 0000 0006 00000000 0000 0014 00000000 00000001 00000001

2018-02-20 17:22:02 IST 000000001cd80000 000000000c52a390 009d 00a4 0000 0006 00000001 0000 0014 00000000 00000002 00000002

2018-02-20 17:23:02 IST 000000001cd80000 000000000aaa50f0 009c 00a4 0000 0006 00000000 0000 0014 00000000 00000001 00000001

2018-02-20 17:24:02 IST 000000001cd80000 0000000008fb5718 009c 00a4 0000 0006 00000001 0000 0014 00000000 00000002 00000002

2018-02-20 17:25:02 IST 000000001ce00000 0000000013537368 009d 00a4 0000 0006 00000000 0000 0014 00000000 00000001 00000001

2018-02-20 17:26:02 IST 000000001ce00000 0000000011a2c6a8 009d 00a4 0000 0006 00000000 0000 0014 00000000 00000002 00000002

2018-02-20 17:27:02 IST 000000001ce00000 000000000ff96eb0 009c 00a4 0000 0006 00000000 0000 0014 00000000 00000001 00000001

2018-02-20 17:28:02 IST 000000001ce00000 000000000e509310 009c 00a4 0000 0006 00000000 0000 0014 00000000 00000002 00000002

2018-02-20 17:29:02 IST 000000001ce00000 000000000cdadc38 009d 00a4 0000 0006 00000000 0000 0014 00000000 00000001 00000001

2018-02-20 17:30:02 IST 000000001ce00000 000000000b2d3348 009c 00a4 0000 0006 00000000 0000 0014 00000000 00000002 00000002

2018-02-20 17:31:02 IST 000000001ce00000 00000000098260e0 009c 00a4 0000 0006 00000000 0000 0014 00000000 00000001 00000001

2018-02-20 17:32:02 IST 000000001ce00000 0000000007d95c08 009c 00a4 0000 0006 00000000 0000 0014 00000000 00000002 00000002

2018-02-20 17:33:02 IST 000000001c980000 0000000011e820c0 009d 00a4 0000 0006 00000000 0000 0014 00000000 00000001 00000001

2018-02-20 17:34:02 IST 000000001c980000 0000000010775c98 009c 00a4 0000 0006 00000001 0000 0014 00000000 00000002 00000002

2018-02-20 17:35:02 IST 000000001c980000 000000000ed6acd0 009c 00a4 0000 0006 00000000 0000 0014 00000000 00000001 00000001

2018-02-20 17:36:02 IST 000000001c980000 000000000d30b448 009d 00a4 0000 0006 00000001 0000 0014 00000000 00000002 00000002

2018-02-20 17:37:02 IST 000000001c980000 000000000b8ffbb8 009d 00a4 0000 0006 00000000 0000 0014 00000000 00000001 00000001

2018-02-20 17:38:02 IST 000000001c980000 0000000009eb57a8 009c 00a4 0000 0006 00000001 0000 0014 00000000 00000002 00000002

2018-02-20 17:39:02 IST 000000001c980000 00000000084a9218 009c 00a4 0000 0006 00000000 0000 0014 00000000 00000001 00000001

2018-02-20 17:40:02 IST 000000001c500000 00000000120eb650 009d 00a4 0000 0006 00000001 0000 0014 00000000 00000002 00000002

2018-02-20 17:41:02 IST 000000001c500000 000000001077ec58 009d 00a4 0000 0006 00000000 0000 0014 00000000 00000001 00000001

2018-02-20 17:42:02 IST 000000001c500000 000000000edd8aa8 009c 00a4 0000 0006 00000000 0000 0014 00000000 00000002 00000002

2018-02-20 17:43:02 IST 000000001c500000 000000000d0eb9d8 009c 00a4 0000 0006 00000000 0000 0014 00000000 00000001 00000001

2018-02-20 17:44:02 IST 000000001c500000 000000000b72aba0 009d 00a4 0000 0006 00000001 0000 0014 00000000 00000002 00000002

2018-02-20 17:45:02 IST 000000001c500000 0000000009dd8078 009c 00a4 0000 0006 00000000 0000 0014 00000000 00000001 00000001

2018-02-20 17:46:02 IST 000000001c500000 0000000008409970 009c 00a4 0000 0006 00000000 0000 0014 00000000 00000002 00000002

2018-02-20 17:47:02 IST 000000001c080000 0000000011d369a8 009c 00a4 0000 0006 00000000 0000 0014 00000000 00000001 00000001

2018-02-20 17:48:02 IST 000000001c080000 00000000103fbb88 009d 00a4 0000 0006 00000001 0000 0014 00000000 00000002 00000002

2018-02-20 17:49:02 IST 000000001c080000 000000000e7ae570 009c 00a4 0000 0006 00000000 0000 0014 00000000 00000001 00000001

2018-02-20 17:50:02 IST 000000001c080000 000000000ce4bc40 009c 00a4 0000 0006 00000000 0000 0014 00000000 00000002 00000002

2018-02-20 17:51:02 IST 000000001c080000 000000000b54efc0 009c 00a4 0000 0006 00000000 0000 0014 00000000 00000001 00000001

2018-02-20 17:52:02 IST 000000001c080000 00000000098f06d8 009d 00a4 0000 0006 00000001 0000 0014 00000000 00000002 00000002

2018-02-20 17:53:02 IST 000000001c080000 0000000007fa32a0 009c 00a4 0000 0006 00000000 0000 0014 00000000 00000001 00000001

2018-02-20 17:54:02 IST 000000001bc80000 00000000115bac48 009c 00a4 0000 0006 00000001 0000 0014 00000000 00000002 00000002

2018-02-20 17:55:02 IST 000000001bc80000 000000000f9de5d0 009d 00a4 0000 0006 00000000 0000 0014 00000000 00000001 00000001

2018-02-20 17:56:02 IST 000000001bc80000 000000000e0e4540 009d 00a4 0000 0006 00000000 0000 0014 00000000 00000002 00000002

2018-02-20 17:57:02 IST 000000001bc80000 000000000c509b18 009c 00a4 0000 0006 00000000 0000 0014 00000001 00000001 00000001

2018-02-20 17:58:02 IST 000000001bc80000 000000000ac0dd48 009c 00a4 0000 0006 00000001 0000 0014 00000000 00000002 00000002

2018-02-20 17:59:02 IST 000000001bc80000 0000000009335660 009d 00a4 0000 0006 00000000 0000 0014 00000000 00000001 00000001

2018-02-20 18:00:02 IST 000000001b880000 00000000123cb458 009d 00a4 0000 0006 00000000 0000 0014 00000000 00000002 00000002

2018-02-20 18:01:02 IST 000000001b880000 00000000108957a0 009c 00a4 0000 0006 00000000 0000 0014 00000000 00000001 00000001

2018-02-20 18:02:02 IST 000000001b880000 000000000ed04840 009c 00a4 0000 0006 00000001 0000 0014 00000000 00000002 00000002

2018-02-20 18:03:02 IST 000000001b880000 000000000d5251f8 009d 00a4 0000 0006 00000000 0000 0014 00000000 00000001 00000001

2018-02-20 18:04:02 IST 000000001b880000 000000000b992bd0 009d 00a4 0000 0006 00000001 0000 0014 00000000 00000002 00000002

2018-02-20 18:05:02 IST 000000001b880000 0000000009eca6f8 009c 00a4 0000 0006 00000000 0000 0014 00000000 00000001 00000001

2018-02-20 18:06:02 IST 000000001b880000 00000000086205c8 009c 00a4 0000 0006 00000001 0000 0014 00000000 00000002 00000002

2018-02-20 18:07:02 IST 000000001b480000 000000001125d800 009d 00a4 0000 0006 00000000 0000 0014 00000000 00000001 00000001

2018-02-20 18:08:02 IST 000000001b480000 000000000f766b88 009c 00a4 0000 0006 00000000 0000 0014 00000000 00000002 00000002

2018-02-20 18:09:02 IST 000000001b480000 000000000df8f890 009c 00a4 0000 0006 00000000 0000 0014 00000000 00000001 00000001

2018-02-20 18:10:02 IST 000000001b480000 000000000c4814a0 009c 00a4 0000 0006 00000001 0000 0014 00000000 00000002 00000002

2018-02-20 18:11:02 IST 000000001b480000 000000001092b0f0 009d 00a4 0000 0006 00000000 0000 0014 00000000 00000001 00000001

2018-02-20 18:12:02 IST 000000001b480000 000000000ee71190 009c 00a4 0000 0006 00000000 0000 0014 00000000 00000002 00000002

2018-02-20 18:13:02 IST 000000001b480000 000000000d3fc928 009c 00a4 0000 0006 00000000 0000 0014 00000000 00000001 00000001

2018-02-20 18:14:02 IST 000000001b480000 000000000b94e7d8 009d 00a4 0000 0006 00000000 0000 0014 00000000 00000002 00000002

2018-02-20 18:15:02 IST 000000001b480000 0000000009ed7388 009d 00a4 0000 0006 00000000 0000 0014 00000000 00000001 00000001

2018-02-20 18:16:02 IST 000000001b480000 0000000008470c40 009c 00a4 0000 0006 00000001 0000 0014 00000000 00000002 00000002

2018-02-20 18:17:02 IST 000000001b500000 00000000112ed368 009c 00a4 0000 0006 00000000 0000 0014 00000000 00000001 00000001

2018-02-20 18:18:02 IST 000000001b500000 000000000f8251a8 009d 00a4 0000 0006 00000000 0000 0014 00000000 00000002 00000002

2018-02-20 18:19:02 IST 000000001b500000 000000000dd9d240 009d 00a4 0000 0006 00000000 0000 0014 00000000 00000001 00000001

2018-02-20 18:20:02 IST 000000001b500000 000000000c2cf058 009c 00a4 0000 0006 00000001 0000 0014 00000000 00000002 00000002

2018-02-20 18:21:02 IST 000000001b500000 000000000a845410 009c 00a4 0000 0006 00000000 0000 0014 00000000 00000001 00000001

2018-02-20 18:22:02 IST 000000001b500000 0000000009054c78 009d 00a4 0000 0006 00000001 0000 0014 00000000 00000002 00000002

2018-02-20 18:23:02 IST 000000001b580000 0000000011dbb598 009c 00a4 0000 0006 00000000 0000 0014 00000000 00000001 00000001

2018-02-20 18:24:02 IST 000000001b580000 00000000102adcc8 009c 00a4 0000 0006 00000000 0000 0014 00000000 00000002 00000002

2018-02-20 18:25:02 IST 000000001b580000 000000000e7fd800 009c 00a4 0000 0006 00000000 0000 0014 00000000 00000001 00000001

2018-02-20 18:26:02 IST 000000001b580000 000000000cd179e8 009d 00a4 0000 0006 00000000 0000 0014 00000000 00000002 00000002

2018-02-20 18:27:02 IST 000000001b580000 000000000b555d48 009c 00a4 0000 0006 00000000 0000 0014 00000000 00000001 00000001

2018-02-20 18:28:02 IST 000000001b580000 0000000009ab4178 009c 00a4 0000 0006 00000000 0000 0014 00000000 00000002 00000002

2018-02-20 18:29:02 IST 000000001b580000 0000000008000bf0 009c 00a4 0000 0006 00000000 0000 0014 00000000 00000001 00000001

2018-02-20 18:30:02 IST 000000001b180000 0000000010919cc8 009d 00a4 0000 0006 00000000 0000 0014 00000000 00000002 00000002

2018-02-20 18:31:02 IST 000000001b180000 000000000ef18740 009c 00a4 0000 0006 00000000 0000 0014 00000000 00000001 00000001

2018-02-20 18:32:02 IST 000000001b180000 000000000d4b1258 009c 00a4 0000 0006 00000000 0000 0014 00000000 00000002 00000002

2018-02-20 18:33:02 IST 000000001b180000 000000000bd6fb88 009c 00a4 0000 0006 00000000 0000 0014 00000000 00000001 00000001

2018-02-20 18:34:02 IST 000000001b180000 000000000a04f3f8 009d 00a4 0000 0006 00000000 0000 0014 00000000 00000002 00000002

2018-02-20 18:35:02 IST 000000001b180000 000000000891bdc0 009c 00a4 0000 0006 00000000 0000 0014 00000000 00000001 00000001

2018-02-20 18:36:02 IST 000000001ae00000 0000000010efe4c8 009c 00a4 0000 0006 00000001 0000 0014 00000000 00000002 00000002

2018-02-20 18:37:02 IST 000000001ae00000 000000000f2b4f38 009d 00a4 0000 0006 00000000 0000 0014 00000000 00000001 00000001

2018-02-20 18:38:02 IST 000000001ae00000 000000000d8d2d38 009d 00a4 0000 0006 00000001 0000 0014 00000000 00000002 00000002

2018-02-20 18:39:02 IST 000000001ae00000 000000000bf45058 009c 00a4 0000 0006 00000000 0000 0014 00000000 00000001 00000001

2018-02-20 18:40:02 IST 000000001ae00000 000000000a560660 009c 00a4 0000 0006 00000001 0000 0014 00000000 00000002 00000002

2018-02-20 18:41:02 IST 000000001ae00000 000000000891ef50 009d 00a4 0000 0006 00000000 0000 0014 00000000 00000001 00000001

2018-02-20 18:42:02 IST 000000001aa80000 0000000010eef4c8 009c 00a4 0000 0006 00000001 0000 0014 00000000 00000002 00000002

2018-02-20 18:43:02 IST 000000001aa80000 000000000f32ae20 009c 00a4 0000 0006 00000000 0000 0014 00000000 00000001 00000001

2018-02-20 18:44:02 IST 000000001aa80000 000000000d9d5af0 009c 00a4 0000 0006 00000000 0000 0014 00000000 00000002 00000002

2018-02-20 18:45:02 IST 000000001aa80000 000000000c082090 009d 00a4 0000 0006 00000000 0000 0014 00000000 00000001 00000001

2018-02-20 18:46:02 IST 000000001aa80000 000000000a48cfb8 009c 00a4 0000 0006 00000001 0000 0014 00000000 00000002 00000002

2018-02-20 18:47:02 IST 000000001aa80000 0000000008b77e78 009c 00a4 0000 0006 00000000 0000 0014 00000000 00000001 00000001

2018-02-20 18:48:02 IST 000000001a700000 0000000010b87b80 009c 00a4 0000 0006 00000001 0000 0014 00000000 00000002 00000002

2018-02-20 18:49:02 IST 000000001a700000 000000000f067d88 009d 00a4 0000 0006 00000000 0000 0014 00000000 00000001 00000001

2018-02-20 18:50:02 IST 000000001a700000 000000000d4b2cf8 009c 00a4 0000 0006 00000000 0000 0014 00000000 00000002 00000002

2018-02-20 18:51:02 IST 000000001a700000 000000000bc1aef0 009c 00a4 0000 0006 00000000 0000 0014 00000000 00000001 00000001

2018-02-20 18:52:02 IST 000000001a700000 000000000a063e98 009d 00a4 0000 0006 00000000 0000 0014 00000000 00000002 00000002

2018-02-20 18:53:02 IST 000000001a700000 00000000087d4020 009d 00a4 0000 0006 00000000 0000 0014 00000000 00000001 00000001

2018-02-20 18:54:02 IST 000000001a380000 00000000102c7ca0 009c 00a4 0000 0006 00000000 0000 0014 00000000 00000002 00000002

2018-02-20 18:55:02 IST 000000001a380000 000000000e826878 009c 00a4 0000 0006 00000000 0000 0014 00000000 00000001 00000001

2018-02-20 18:56:02 IST 000000001a380000 000000000cf99088 009d 00a4 0000 0006 00000001 0000 0014 00000000 00000002 00000002

2018-02-20 18:57:02 IST 000000001a380000 000000000b4d0010 009c 00a4 0000 0006 00000000 0000 0014 00000000 00000001 00000001

2018-02-20 18:58:02 IST 000000001a380000 0000000009c2ab68 009c 00a4 0000 0006 00000001 0000 0014 00000000 00000002 00000002

2018-02-20 18:59:02 IST 000000001a380000 00000000081902f0 009c 00a4 0000 0006 00000000 0000 0014 00000000 00000001 00000001

2018-02-20 19:00:02 IST 000000001a080000 000000000fa4a5a8 009d 00a4 0000 0006 00000000 0000 0014 00000000 00000002 00000002

2018-02-20 19:01:02 IST 000000001a080000 000000000dfe6968 009c 00a4 0000 0006 00000000 0000 0014 00000000 00000001 00000001

2018-02-20 19:02:02 IST 000000001a080000 000000000c524b28 009c 00a4 0000 0006 00000000 0000 0014 00000000 00000002 00000002

2018-02-20 19:03:03 IST 000000001a080000 000000000aad66a8 009d 00a4 0000 0006 00000000 0000 0014 00000000 00000001 00000001

2018-02-20 19:04:03 IST 000000001a080000 000000000905c338 009d 00a4 0000 0006 00000001 0000 0014 00000000 00000002 00000002

2018-02-20 19:05:03 IST 0000000019d80000 000000001096f2b0 009c 00a4 0000 0006 00000000 0000 0014 00000000 00000001 00000001

2018-02-20 19:06:03 IST 0000000019d80000 000000000eca9b60 009c 00a4 0000 0006 00000001 0000 0014 00000000 00000002 00000002

2018-02-20 19:07:03 IST 0000000019d80000 000000000d53cde0 009d 00a4 0000 0006 00000000 0000 0014 00000000 00000001 00000001

2018-02-20 19:08:03 IST 0000000019d80000 000000000b87baa0 009d 00a4 0000 0006 00000001 0000 0014 00000000 00000002 00000002

2018-02-20 19:09:03 IST 0000000019d80000 0000000009e9a398 009c 00a4 0000 0006 00000000 0000 0014 00000000 00000001 00000001

2018-02-20 19:10:03 IST 0000000019d80000 000000000841f538 009c 00a4 0000 0006 00000001 0000 0014 00000000 00000002 00000002

2018-02-20 19:11:03 IST 0000000019d80000 000000000f2ca5f0 009d 00a4 0000 0006 00000000 0000 0014 00000000 00000001 00000001

2018-02-20 19:12:03 IST 0000000019d80000 000000000d8b8f10 009c 00a4 0000 0006 00000001 0000 0014 00000000 00000002 00000002

2018-02-20 19:13:03 IST 0000000019d80000 000000000bee6878 009c 00a4 0000 0006 00000000 0000 0014 00000000 00000001 00000001

2018-02-20 19:14:03 IST 0000000019d80000 000000000a47f9b8 009c 00a4 0000 0006 00000000 0000 0014 00000000 00000002 00000002

2018-02-20 19:15:03 IST 0000000019d80000 0000000008842d28 009d 00a4 0000 0006 00000000 0000 0014 00000000 00000001 00000001

2018-02-20 19:16:03 IST 0000000019e00000 000000000fdde540 009c 00a4 0000 0006 00000001 0000 0014 00000000 00000002 00000002

2018-02-20 19:17:03 IST 0000000019e00000 000000000e3f7bd8 009c 00a4 0000 0006 00000000 0000 0014 00000000 00000001 00000001

2018-02-20 19:18:03 IST 0000000019e00000 000000000c9b7540 009c 00a4 0000 0006 00000000 0000 0014 00000000 00000002 00000002

2018-02-20 19:19:03 IST 0000000019e00000 000000000afe6190 009d 00a4 0000 0006 00000000 0000 0014 00000000 00000001 00000001

2018-02-20 19:20:03 IST 0000000019e00000 00000000095bccf8 009c 00a4 0000 0006 00000001 0000 0014 00000000 00000002 00000002

2018-02-20 19:21:03 IST 0000000019e00000 0000000007bcf108 009c 00a4 0000 0006 00000000 0000 0014 00000000 00000001 00000001

2018-02-20 19:22:03 IST 0000000019e80000 000000000f2dc410 009c 00a4 0000 0006 00000001 0000 0014 00000000 00000002 00000002

2018-02-20 19:23:03 IST 0000000019e80000 000000000d8e91a0 009d 00a4 0000 0006 00000000 0000 0014 00000000 00000001 00000001

2018-02-20 19:24:03 IST 0000000019e80000 000000000bea5018 009c 00a4 0000 0006 00000000 0000 0014 00000000 00000002 00000002

2018-02-20 19:25:03 IST 0000000019e80000 000000000a4a2a78 009c 00a4 0000 0006 00000000 0000 0014 00000000 00000001 00000001

2018-02-20 19:26:03 IST 0000000019e80000 0000000008a5b880 009d 00a4 0000 0006 00000001 0000 0014 00000000 00000002 00000002

2018-02-20 19:27:03 IST 0000000019f00000 00000000101d38f0 009d 00a4 0000 0006 00000000 0000 0014 00000000 00000001 00000001

2018-02-20 19:28:03 IST 0000000019f00000 000000000e76d170 009c 00a4 0000 0006 00000001 0000 0014 00000000 00000002 00000002

2018-02-20 19:29:03 IST 0000000019f00000 000000000cd4c248 009c 00a4 0000 0006 00000000 0000 0014 00000000 00000001 00000001

2018-02-20 19:30:03 IST 0000000019f00000 000000000b2e84e8 009d 00a4 0000 0006 00000001 0000 0014 00000000 00000002 00000002

2018-02-20 19:31:03 IST 0000000019f00000 00000000098b5980 009d 00a4 0000 0006 00000000 0000 0014 00000000 00000001 00000001

2018-02-20 19:32:03 IST 0000000019f00000 0000000007e54b70 009c 00a4 0000 0006 00000000 0000 0014 00000000 00000002 00000002

2018-02-20 19:33:03 IST 0000000019c00000 000000000f3cd4a0 009c 00a4 0000 0006 00000000 0000 0014 00000000 00000001 00000001

2018-02-20 19:34:03 IST 0000000019c00000 000000000d9eec70 009d 00a4 0000 0006 00000001 0000 0014 00000000 00000002 00000002

2018-02-20 19:35:03 IST 0000000019c00000 000000000c019570 009c 00a4 0000 0006 00000000 0000 0014 00000000 00000001 00000001

2018-02-20 19:36:03 IST 0000000019c00000 000000000a3b94f8 009c 00a4 0000 0006 00000001 0000 0014 00000000 00000002 00000002

2018-02-20 19:37:03 IST 0000000019c00000 0000000008a18ee0 009c 00a4 0000 0006 00000000 0000 0014 00000000 00000001 00000001

2018-02-20 19:38:03 IST 0000000019900000 000000000fbf4cc0 009d 00a4 0000 0006 00000001 0000 0014 00000000 00000002 00000002

2018-02-20 19:39:03 IST 0000000019900000 000000000e2e62f8 009c 00a4 0000 0006 00000000 0000 0014 00000000 00000001 00000001

2018-02-20 19:40:03 IST 0000000019900000 000000000c9386a8 009c 00a4 0000 0006 00000001 0000 0014 00000000 00000002 00000002

2018-02-20 19:41:03 IST 0000000019900000 000000000adbe918 009d 00a4 0000 0006 00000000 0000 0014 00000000 00000001 00000001

2018-02-20 19:42:03 IST 0000000019900000 0000000009451a50 009d 00a4 0000 0006 00000001 0000 0014 00000000 00000002 00000002

2018-02-20 19:43:03 IST 0000000019900000 0000000007b022d0 009c 00a4 0000 0006 00000000 0000 0014 00000000 00000001 00000001

2018-02-20 19:44:03 IST 0000000019600000 000000000e9206f8 009c 00a4 0000 0006 00000000 0000 0014 00000000 00000002 00000002

2018-02-20 19:45:03 IST 0000000019600000 000000000d092820 009d 00a4 0000 0006 00000000 0000 0014 00000000 00000001 00000001

2018-02-20 19:46:03 IST 0000000019600000 000000000b505710 009d 00a4 0000 0006 00000001 0000 0014 00000000 00000002 00000002

2018-02-20 19:47:03 IST 0000000019600000 0000000009c262f8 009c 00a4 0000 0006 00000000 0000 0014 00000000 00000001 00000001

2018-02-20 19:48:03 IST 0000000019600000 00000000080d99b0 009c 00a4 0000 0006 00000001 0000 0014 00000000 00000002 00000002

2018-02-20 19:49:03 IST 0000000019380000 000000000ef520f8 009d 00a4 0000 0006 00000000 0000 0014 00000000 00000001 00000001

2018-02-20 19:50:03 IST 0000000019380000 000000000d4329e0 009c 00a4 0000 0006 00000001 0000 0014 00000000 00000002 00000002

2018-02-20 19:51:03 IST 0000000019380000 000000000b965808 009c 00a4 0000 0006 00000000 0000 0014 00000000 00000001 00000001

2018-02-20 19:52:03 IST 0000000019380000 000000000a0d7a68 009c 00a4 0000 0006 00000001 0000 0014 00000000 00000002 00000002

2018-02-20 19:53:03 IST 0000000019380000 0000000008613178 009d 00a4 0000 0006 00000000 0000 0014 00000000 00000001 00000001

2018-02-20 19:54:03 IST 0000000019100000 000000000ef78a80 009c 00a4 0000 0006 00000000 0000 0014 00000000 00000002 00000002

2018-02-20 19:55:03 IST 0000000019100000 000000000d522f68 009c 00a4 0000 0006 00000000 0000 0014 00000000 00000001 00000001

2018-02-20 19:56:03 IST 0000000019100000 000000000ba89938 009d 00a4 0000 0006 00000001 0000 0014 00000000 00000002 00000002

2018-02-20 19:57:03 IST 0000000019100000 000000000a077860 009d 00a4 0000 0006 00000000 0000 0014 00000000 00000001 00000001

2018-02-20 19:58:03 IST 0000000019100000 00000000085db780 009c 00a4 0000 0006 00000001 0000 0014 00000000 00000002 00000002

2018-02-20 19:59:03 IST 0000000018e80000 000000000f006590 009c 00a4 0000 0006 00000000 0000 0014 00000000 00000001 00000001

2018-02-20 20:00:03 IST 0000000018e80000 000000000d596f68 009d 00a4 0000 0006 00000001 0000 0014 00000000 00000002 00000002

2018-02-20 20:01:03 IST 0000000018e80000 000000000bbb2458 009d 00a4 0000 0006 00000000 0000 0014 00000001 00000001 00000001

2018-02-20 20:02:03 IST 0000000018e80000 0000000009f4c150 009c 00a4 0000 0006 00000001 0000 0014 00000000 00000002 00000002

2018-02-20 20:03:03 IST 0000000018e80000 00000000085658c8 009c 00a4 0000 0006 00000000 0000 0014 00000000 00000001 00000001

2018-02-20 20:04:03 IST 0000000018c00000 000000000eafffd0 009d 00a4 0000 0006 00000001 0000 0014 00000000 00000002 00000002

2018-02-20 20:05:03 IST 0000000018c00000 000000000d1a0e20 009c 00a4 0000 0006 00000000 0000 0014 00000000 00000001 00000001

2018-02-20 20:06:03 IST 0000000018c00000 000000000b7a4c88 009c 00a4 0000 0006 00000001 0000 0014 00000000 00000002 00000002

2018-02-20 20:07:03 IST 0000000018c00000 0000000009e2a698 009c 00a4 0000 0006 00000000 0000 0014 00000000 00000001 00000001

2018-02-20 20:08:03 IST 0000000018c00000 0000000008243c88 009d 00a4 0000 0006 00000000 0000 0014 00000000 00000002 00000002

2018-02-20 20:09:03 IST 0000000018980000 000000000e683318 009c 00a4 0000 0006 00000000 0000 0014 00000000 00000001 00000001

2018-02-20 20:10:03 IST 0000000018980000 000000000cb41e38 009c 00a4 0000 0006 00000000 0000 0014 00000000 00000002 00000002

2018-02-20 20:11:03 IST 0000000018980000 000000000df9c380 009d 00a4 0000 0006 00000000 0000 0014 00000000 00000001 00000001

2018-02-20 20:12:03 IST 0000000018980000 000000000c45cc80 009d 00a4 0000 0006 00000001 0000 0014 00000000 00000002 00000002

2018-02-20 20:13:03 IST 0000000018980000 000000000a93c540 009c 00a4 0000 0006 00000000 0000 0014 00000000 00000001 00000001

2018-02-20 20:14:03 IST 0000000018980000 000000000901f0f0 009c 00a4 0000 0006 00000001 0000 0014 00000000 00000002 00000002

2018-02-20 20:15:03 IST 0000000018a00000 000000000f3b2a60 009d 00a4 0000 0006 00000000 0000 0014 00000000 00000001 00000001

2018-02-20 20:16:03 IST 0000000018a00000 000000000d850260 009b 00a4 0000 0006 00000001 0000 0014 00000000 00000002 00000002

2018-02-20 20:17:03 IST 0000000018a00000 000000000bf31e50 009b 00a4 0000 0006 00000000 0000 0014 00000000 00000001 00000001

2018-02-20 20:18:03 IST 0000000018a00000 000000000a3db840 009b 00a4 0000 0006 00000000 0000 0014 00000000 00000002 00000002

2018-02-20 20:19:03 IST 0000000018a00000 0000000008ac2430 009c 00a4 0000 0006 00000000 0000 0014 00000000 00000001 00000001

2018-02-20 20:20:03 IST 0000000018a80000 000000000ec4adf8 009b 00a4 0000 0006 00000001 0000 0014 00000000 00000002 00000002

2018-02-20 20:21:03 IST 0000000018a80000 000000000d33e568 009b 00a4 0000 0006 00000000 0000 0014 00000000 00000001 00000001

2018-02-20 20:22:03 IST 0000000018a80000 000000000b781c68 009b 00a4 0000 0006 00000000 0000 0014 00000000 00000002 00000002

2018-02-20 20:23:03 IST 0000000018a80000 0000000009e88450 009c 00a4 0000 0006 00000000 0000 0014 00000000 00000001 00000001

2018-02-20 20:24:03 IST 0000000018a80000 0000000008500820 009b 00a4 0000 0006 00000001 0000 0014 00000000 00000002 00000002

2018-02-20 20:25:03 IST 0000000018b00000 000000000e80d998 009b 00a4 0000 0006 00000000 0000 0014 00000000 00000001 00000001

2018-02-20 20:26:03 IST 0000000018b00000 000000000ceb2530 009c 00a4 0000 0006 00000000 0000 0014 00000000 00000002 00000002

2018-02-20 20:27:03 IST 0000000018b00000 000000000b551fa0 009c 00a4 0000 0006 00000000 0000 0014 00000000 00000001 00000001

2018-02-20 20:28:03 IST 0000000018b00000 00000000099c97c0 009b 00a4 0000 0006 00000001 0000 0014 00000000 00000002 00000002

2018-02-20 20:29:03 IST 0000000018b00000 00000000080a8100 009b 00a4 0000 0006 00000000 0000 0014 00000000 00000001 00000001

2018-02-20 20:30:03 IST 0000000018880000 000000000e337328 009c 00a4 0000 0006 00000000 0000 0014 00000000 00000002 00000002

2018-02-20 20:31:03 IST 0000000018880000 000000000c83bba0 009b 00a4 0000 0006 00000000 0000 0014 00000000 00000001 00000001

2018-02-20 20:32:03 IST 0000000018880000 000000000ad24d80 009b 00a4 0000 0006 00000001 0000 0014 00000000 00000002 00000002

2018-02-20 20:33:03 IST 0000000018880000 00000000094408d0 009b 00a4 0000 0006 00000000 0000 0014 00000000 00000001 00000001

2018-02-20 20:34:03 IST 0000000018680000 000000000f2e13d8 009c 00a4 0000 0006 00000001 0000 0014 00000000 00000002 00000002

2018-02-20 20:35:03 IST 0000000018680000 000000000da94248 009b 00a4 0000 0006 00000000 0000 0014 00000000 00000001 00000001

2018-02-20 20:36:03 IST 0000000018680000 000000000bf96a10 009b 00a4 0000 0006 00000001 0000 0014 00000000 00000002 00000002

2018-02-20 20:37:03 IST 0000000018680000 000000000a4f3620 009c 00a4 0000 0006 00000000 0000 0014 00000000 00000001 00000001

2018-02-20 20:38:03 IST 0000000018680000 0000000008c5d820 009c 00a4 0000 0006 00000001 0000 0014 00000000 00000002 00000002

2018-02-20 20:39:03 IST 0000000018480000 000000000e9792b8 009b 00a4 0000 0006 00000000 0000 0014 00000000 00000001 00000001

2018-02-20 20:40:03 IST 0000000018480000 000000000cee9770 009b 00a4 0000 0006 00000001 0000 0014 00000000 00000002 00000002

2018-02-20 20:41:03 IST 0000000018480000 000000000b4bc998 009c 00a4 0000 0006 00000000 0000 0014 00000000 00000001 00000001

2018-02-20 20:42:03 IST 0000000018480000 0000000009a202b0 009c 00a4 0000 0006 00000001 0000 0014 00000000 00000002 00000002

2018-02-20 20:43:03 IST 0000000018480000 0000000007ff5058 009b 00a4 0000 0006 00000000 0000 0014 00000000 00000001 00000001

2018-02-20 20:44:03 IST 0000000018280000 000000000dbca7d8 009b 00a4 0000 0006 00000000 0000 0014 00000000 00000002 00000002

2018-02-20 20:45:03 IST 0000000018280000 000000000c405bb8 009c 00a4 0000 0006 00000000 0000 0014 00000000 00000001 00000001

2018-02-20 20:46:03 IST 0000000018280000 000000000a9ea738 009b 00a4 0000 0006 00000001 0000 0014 00000000 00000002 00000002

2018-02-20 20:47:03 IST 0000000018280000 0000000009014050 009b 00a4 0000 0006 00000000 0000 0014 00000000 00000001 00000001

2018-02-20 20:48:03 IST 0000000018080000 000000000ea5dfd8 009b 00a4 0000 0006 00000001 0000 0014 00000000 00000002 00000002

2018-02-20 20:49:03 IST 0000000018080000 000000000cebe750 009c 00a4 0000 0006 00000000 0000 0014 00000000 00000001 00000001

2018-02-20 20:50:03 IST 0000000018080000 000000000b50d7f8 009b 00a4 0000 0006 00000001 0000 0014 00000000 00000002 00000002

2018-02-20 20:51:03 IST 0000000018080000 0000000009b9bef8 009b 00a4 0000 0006 00000000 0000 0014 00000000 00000001 00000001

2018-02-20 20:52:03 IST 0000000018080000 00000000081d7e10 009c 00a4 0000 0006 00000000 0000 0014 00000000 00000002 00000002

2018-02-20 20:53:03 IST 0000000017e80000 000000000dafc6a0 009c 00a4 0000 0006 00000000 0000 0014 00000000 00000001 00000001

2018-02-20 20:54:03 IST 0000000017e80000 000000000c1b6ac8 009b 00a4 0000 0006 00000001 0000 0014 00000000 00000002 00000002

2018-02-20 20:55:03 IST 0000000017e80000 000000000a87f688 009b 00a4 0000 0006 00000000 0000 0014 00000000 00000001 00000001

2018-02-20 20:56:03 IST 0000000017e80000 0000000008d439c8 009c 00a4 0000 0006 00000000 0000 0014 00000000 00000002 00000002

2018-02-20 20:57:03 IST 0000000017c80000 000000000e4a3f60 009b 00a4 0000 0006 00000000 0000 0014 00000000 00000001 00000001

2018-02-20 20:58:03 IST 0000000017c80000 000000000c9b7da0 009b 00a4 0000 0006 00000001 0000 0014 00000000 00000002 00000002

2018-02-20 20:59:03 IST 0000000017c80000 000000000af5b930 009b 00a4 0000 0006 00000000 0000 0014 00000000 00000001 00000001

2018-02-20 21:00:03 IST 0000000017c80000 0000000009667530 009c 00a4 0000 0006 00000001 0000 0014 00000000 00000002 00000002

2018-02-20 21:01:03 IST 0000000017c80000 0000000007c1af68 009b 00a4 0000 0006 00000000 0000 0014 00000000 00000001 00000001

2018-02-20 21:02:03 IST 0000000017a80000 000000000d09d578 009b 00a4 0000 0006 00000000 0000 0014 00000000 00000002 00000002

2018-02-20 21:03:03 IST 0000000017a80000 000000000b656be0 009b 00a4 0000 0006 00000000 0000 0014 00000000 00000001 00000001

2018-02-20 21:04:03 IST 0000000017a80000 0000000009c04de0 009c 00a4 0000 0006 00000000 0000 0014 00000000 00000002 00000002

2018-02-20 21:05:03 IST 0000000017a80000 00000000081d4360 009b 00a4 0000 0006 00000000 0000 0014 00000000 00000001 00000001

2018-02-20 21:06:03 IST 0000000017880000 000000000d58bfc8 009b 00a4 0000 0006 00000001 0000 0014 00000000 00000002 00000002

2018-02-20 21:07:03 IST 0000000017880000 000000000b9d5a28 009c 00a4 0000 0006 00000000 0000 0014 00000000 00000001 00000001

2018-02-20 21:08:03 IST 0000000017880000 000000000a19e218 009c 00a4 0000 0006 00000001 0000 0014 00000000 00000002 00000002

2018-02-20 21:09:03 IST 0000000017880000 00000000085f9508 009b 00a4 0000 0006 00000000 0000 0014 00000000 00000001 00000001

2018-02-20 21:10:03 IST 0000000017700000 000000000d86ced0 009b 00a4 0000 0006 00000001 0000 0014 00000000 00000002 00000002

2018-02-20 21:11:03 IST 0000000017700000 000000000cc9cb40 009c 00a4 0000 0006 00000000 0000 0014 00000000 00000001 00000001

2018-02-20 21:12:03 IST 0000000017700000 000000000b2e1cc8 009b 00a4 0000 0006 00000001 0000 0014 00000000 00000002 00000002

2018-02-20 21:13:03 IST 0000000017700000 000000000995f508 009b 00a4 0000 0006 00000000 0000 0014 00000000 00000001 00000001

2018-02-20 21:14:03 IST 0000000017700000 0000000007f8bd68 009b 00a4 0000 0006 00000001 0000 0014 00000000 00000002 00000002

2018-02-20 21:15:03 IST 0000000017780000 000000000cef6740 009c 00a4 0000 0006 00000000 0000 0014 00000000 00000001 00000001

2018-02-20 21:16:03 IST 0000000017780000 000000000b513410 009b 00a4 0000 0006 00000001 0000 0014 00000000 00000002 00000002

2018-02-20 21:17:03 IST 0000000017780000 0000000009b6d7b8 009b 00a4 0000 0006 00000000 0000 0014 00000000 00000001 00000001

2018-02-20 21:18:03 IST 0000000017780000 0000000008140c88 009c 00a4 0000 0006 00000001 0000 0014 00000000 00000002 00000002

2018-02-20 21:19:03 IST 0000000017800000 000000000d370bb0 009c 00a4 0000 0006 00000000 0000 0014 00000000 00000001 00000001

2018-02-20 21:20:03 IST 0000000017800000 000000000b969e40 009b 00a4 0000 0006 00000000 0000 0014 00000000 00000002 00000002

2018-02-20 21:21:03 IST 0000000017800000 0000000009fad0a8 009b 00a4 0000 0006 00000000 0000 0014 00000000 00000001 00000001

2018-02-20 21:22:03 IST 0000000017800000 000000000859b978 009c 00a4 0000 0006 00000001 0000 0014 00000000 00000002 00000002

2018-02-20 21:23:03 IST 0000000017880000 000000000d807570 009c 00a4 0000 0006 00000000 0000 0014 00000000 00000001 00000001

2018-02-20 21:24:03 IST 0000000017880000 000000000bde7268 009b 00a4 0000 0006 00000000 0000 0014 00000000 00000002 00000002

2018-02-20 21:25:03 IST 0000000017880000 000000000a406848 009b 00a4 0000 0006 00000000 0000 0014 00000000 00000001 00000001

2018-02-20 21:26:03 IST 0000000017880000 00000000089d8968 009c 00a4 0000 0006 00000000 0000 0014 00000000 00000002 00000002

2018-02-20 21:27:03 IST 0000000017900000 000000000dcaed88 009c 00a4 0000 0006 00000000 0000 0014 00000000 00000001 00000001

2018-02-20 21:28:03 IST 0000000017900000 000000000c26d170 009b 00a4 0000 0006 00000000 0000 0014 00000000 00000002 00000002

2018-02-20 21:29:03 IST 0000000017900000 000000000a871220 009b 00a4 0000 0006 00000000 0000 0014 00000000 00000001 00000001

2018-02-20 21:30:03 IST 0000000017900000 0000000008e2f018 009c 00a4 0000 0006 00000001 0000 0014 00000000 00000002 00000002

2018-02-20 21:31:03 IST 0000000017700000 000000000dd88660 009b 00a4 0000 0006 00000000 0000 0014 00000000 00000001 00000001

2018-02-20 21:32:03 IST 0000000017700000 000000000c39ab48 009b 00a4 0000 0006 00000001 0000 0014 00000000 00000002 00000002

2018-02-20 21:33:03 IST 0000000017700000 000000000aa40920 009b 00a4 0000 0006 00000000 0000 0014 00000000 00000001 00000001

2018-02-20 21:34:03 IST 0000000017700000 00000000090a19d0 009c 00a4 0000 0006 00000003 0000 0014 00000000 00000002 00000002

2018-02-20 21:35:03 IST 0000000017580000 000000000de2f178 009b 00a4 0000 0006 00000000 0000 0014 00000000 00000001 00000001

2018-02-20 21:36:03 IST 0000000017580000 000000000c4c24b8 009b 00a4 0000 0006 00000001 0000 0014 00000000 00000002 00000002

2018-02-20 21:37:03 IST 0000000017580000 000000000ab7c2f0 009c 00a4 0000 0006 00000000 0000 0014 00000000 00000001 00000001

2018-02-20 21:38:03 IST 0000000017580000 000000000905b4d0 009c 00a4 0000 0006 00000001 0000 0014 00000000 00000002 00000002

2018-02-20 21:39:03 IST 0000000017400000 000000000dec3780 009b 00a4 0000 0006 00000000 0000 0014 00000000 00000001 00000001

2018-02-20 21:40:03 IST 0000000017400000 000000000c39fdd8 009b 00a4 0000 0006 00000001 0000 0014 00000000 00000002 00000002

2018-02-20 21:41:03 IST 0000000017400000 000000000aab1378 009c 00a4 0000 0006 00000000 0000 0014 00000000 00000001 00000001

2018-02-20 21:42:03 IST 0000000017400000 0000000008fd93f0 009c 00a4 0000 0006 00000001 0000 0014 00000000 00000002 00000002

2018-02-20 21:43:03 IST 0000000017280000 000000000dd1b3f0 009b 00a4 0000 0006 00000000 0000 0014 00000000 00000001 00000001

2018-02-20 21:44:03 IST 0000000017280000 000000000c285628 009b 00a4 0000 0006 00000001 0000 0014 00000000 00000002 00000002

2018-02-20 21:45:03 IST 0000000017280000 000000000a82ddd0 009c 00a4 0000 0006 00000000 0000 0014 00000000 00000001 00000001

2018-02-20 21:46:03 IST 0000000017280000 0000000008d82648 009b 00a4 0000 0006 00000000 0000 0014 00000000 00000002 00000002

2018-02-20 21:47:03 IST 0000000017100000 000000000d82a0b8 009b 00a4 0000 0006 00000000 0000 0014 00000000 00000001 00000001

2018-02-20 21:48:03 IST 0000000017100000 000000000bf7f590 009b 00a4 0000 0006 00000000 0000 0014 00000000 00000002 00000002

2018-02-20 21:49:03 IST 0000000017100000 000000000a584458 009c 00a4 0000 0006 00000000 0000 0014 00000000 00000001 00000001

2018-02-20 21:50:03 IST 0000000017100000 0000000008b3c558 009b 00a4 0000 0006 00000001 0000 0014 00000000 00000002 00000002

2018-02-20 21:51:03 IST 0000000016f80000 000000000d412660 009b 00a4 0000 0006 00000000 0000 0014 00000000 00000001 00000001

2018-02-20 21:52:03 IST 0000000016f80000 000000000ba14e28 009c 00a4 0000 0006 00000000 0000 0014 00000000 00000002 00000002

2018-02-20 21:53:03 IST 0000000016f80000 000000000a07a7a0 009c 00a4 0000 0006 00000000 0000 0014 00000000 00000001 00000001

2018-02-20 21:54:03 IST 0000000016f80000 0000000008689128 009b 00a4 0000 0006 00000001 0000 0014 00000000 00000002 00000002

2018-02-20 21:55:03 IST 0000000016e00000 000000000ceca838 009b 00a4 0000 0006 00000000 0000 0014 00000000 00000001 00000001

2018-02-20 21:56:03 IST 0000000016e00000 000000000b379590 009c 00a4 0000 0006 00000001 0000 0014 00000000 00000002 00000002

2018-02-20 21:57:03 IST 0000000016e00000 0000000009a4a798 009b 00a4 0000 0006 00000000 0000 0014 00000000 00000001 00000001

2018-02-20 21:58:03 IST 0000000016e00000 0000000008080798 009b 00a4 0000 0006 00000001 0000 0014 00000000 00000002 00000002

2018-02-20 21:59:03 IST 0000000016c80000 000000000c626158 009b 00a4 0000 0006 00000000 0000 0014 00000000 00000001 00000001

2018-02-20 22:00:03 IST 0000000016c80000 000000000acc3530 009c 00a4 0000 0006 00000001 0000 0014 00000000 00000002 00000002

2018-02-20 22:01:03 IST 0000000016c80000 00000000093da580 009b 00a4 0000 0006 00000000 0000 0014 00000000 00000001 00000001

2018-02-20 22:02:03 IST 0000000016b00000 000000000d7a6530 009b 00a4 0000 0006 00000006 0000 0014 00000000 00000002 00000002

2018-02-20 22:03:03 IST 0000000016b00000 000000000bd70150 009c 00a4 0000 0006 00000000 0000 0014 00000000 00000001 00000001

2018-02-20 22:04:03 IST 0000000016b00000 000000000a2f9d80 009c 00a4 0000 0006 00000001 0000 0014 00000000 00000002 00000002

2018-02-20 22:05:03 IST 0000000016b00000 00000000088d7740 009b 00a4 0000 0006 00000000 0000 0014 00000000 00000001 00000001

2018-02-20 22:06:03 IST 0000000016980000 000000000cadb378 009b 00a4 0000 0006 00000000 0000 0014 00000000 00000002 00000002

2018-02-20 22:07:03 IST 0000000016980000 000000000b0fa560 009c 00a4 0000 0006 00000000 0000 0014 00000000 00000001 00000001

2018-02-20 22:08:03 IST 0000000016980000 00000000096ee840 009b 00a4 0000 0006 00000001 0000 0014 00000000 00000002 00000002

2018-02-20 22:09:03 IST 0000000016980000 0000000007d14480 009b 00a4 0000 0006 00000000 0000 0014 00000000 00000001 00000001

2018-02-20 22:10:03 IST 0000000016800000 000000000bed0520 009b 00a4 0000 0006 00000000 0000 0014 00000000 00000002 00000002

2018-02-20 22:11:03 IST 0000000016800000 000000000bf3fc90 009c 00a4 0000 0006 00000000 0000 0014 00000000 00000001 00000001

2018-02-20 22:12:03 IST 0000000016800000 000000000a3df2f8 009b 00a4 0000 0006 00000001 0000 0014 00000000 00000002 00000002

2018-02-20 22:13:03 IST 0000000016800000 0000000008bc7210 009b 00a4 0000 0006 00000000 0000 0014 00000000 00000001 00000001

2018-02-20 22:14:03 IST 0000000016880000 000000000cf2f418 009c 00a4 0000 0006 00000001 0000 0014 00000000 00000002 00000002

2018-02-20 22:15:03 IST 0000000016880000 000000000b588650 009b 00a4 0000 0006 00000000 0000 0014 00000000 00000001 00000001

2018-02-20 22:16:03 IST 0000000016880000 0000000009b869b0 009b 00a4 0000 0006 00000001 0000 0014 00000000 00000002 00000002

2018-02-20 22:17:03 IST 0000000016880000 00000000081df308 009c 00a4 0000 0006 00000000 0000 0014 00000000 00000001 00000001

2018-02-20 22:18:03 IST 0000000016900000 000000000c345578 009c 00a4 0000 0006 00000001 0000 0014 00000000 00000002 00000002

2018-02-20 22:19:03 IST 0000000016900000 000000000a9a64a8 009b 00a4 0000 0006 00000000 0000 0014 00000000 00000001 00000001

2018-02-20 22:20:03 IST 0000000016900000 0000000008fa7808 009b 00a4 0000 0006 00000001 0000 0014 00000000 00000002 00000002

2018-02-20 22:21:03 IST 0000000016980000 000000000d2de208 009c 00a4 0000 0006 00000000 0000 0014 00000000 00000001 00000001

2018-02-20 22:22:03 IST 0000000016980000 000000000b8ae6c0 009b 00a4 0000 0006 00000000 0000 0014 00000000 00000002 00000002

2018-02-20 22:23:03 IST 0000000016980000 0000000009ece650 009b 00a4 0000 0006 00000000 0000 0014 00000000 00000001 00000001

2018-02-20 22:24:03 IST 0000000016980000 0000000008660360 009b 00a4 0000 0006 00000000 0000 0014 00000000 00000002 00000002

2018-02-20 22:25:03 IST 0000000016a00000 000000000c9b8a70 009c 00a4 0000 0006 00000000 0000 0014 00000000 00000001 00000001

2018-02-20 22:26:03 IST 0000000016a00000 000000000b10a600 009b 00a4 0000 0006 00000000 0000 0014 00000000 00000002 00000002

2018-02-20 22:27:03 IST 0000000016a00000 000000000956c068 009b 00a4 0000 0006 00000000 0000 0014 00000000 00000001 00000001

2018-02-20 22:28:03 IST 0000000016a00000 0000000007b15e20 009c 00a4 0000 0006 00000001 0000 0014 00000000 00000002 00000002

2018-02-20 22:29:03 IST 0000000016a80000 000000000c0d3b08 009c 00a4 0000 0006 00000000 0000 0014 00000000 00000001 00000001

2018-02-20 22:30:03 IST 0000000016a80000 000000000a68f6b0 009b 00a4 0000 0006 00000000 0000 0014 00000000 00000002 00000002

2018-02-20 22:31:03 IST 0000000016a80000 0000000008c61f10 009b 00a4 0000 0006 00000000 0000 0014 00000000 00000001 00000001

2018-02-20 22:32:03 IST 0000000016900000 000000000cf90a70 009c 00a4 0000 0006 00000000 0000 0014 00000000 00000002 00000002

2018-02-20 22:33:03 IST 0000000016900000 000000000b607490 009b 00a4 0000 0006 00000000 0000 0014 00000000 00000001 00000001

2018-02-20 22:34:03 IST 0000000016900000 0000000009bf2b20 009b 00a4 0000 0006 00000001 0000 0014 00000000 00000002 00000002

2018-02-20 22:35:03 IST 0000000016900000 000000000822af00 009c 00a4 0000 0006 00000000 0000 0014 00000000 00000001 00000001

2018-02-21 13:23:50 IST 0000000016780000 000000000d1595d8 009b 00a4 0000 0006 00000000 0000 0014 00000000 00000001 00000001

