2018-02-27 13:13:13 IST ---( Start )---
2018-02-27 13:13:13 IST 0000000018380000 000000000f18c508 009b 00a4 0000 0006 00000001 0000 0014 00000000 00000002 00000002

2018-02-27 13:14:03 IST 000000001d100000 000000000d0388e0 009a 00a4 0000 0006 00000002 0000 0014 0000142f 00000002 00000002

2018-02-27 13:15:03 IST 000000001d100000 000000000b5769b8 009a 00a4 0000 0006 00000000 0000 0014 00000000 00000001 00000001

2018-02-27 13:16:03 IST 000000001d100000 0000000009d84770 009a 00a4 0000 0006 00000001 0000 0014 00000000 00000002 00000002

2018-02-27 13:17:03 IST 000000001d100000 0000000008146078 009a 00a4 0000 0006 00000000 0000 0014 00000000 00000001 00000001

2018-02-27 13:18:03 IST 000000001d780000 00000000136ceb80 009b 00a4 0000 0006 00000002 0000 0014 00000000 00000002 00000002

2018-02-27 13:19:03 IST 000000001d780000 0000000011d77260 009a 00a4 0000 0006 00000000 0000 0014 00000000 00000001 00000001

2018-02-27 13:20:02 IST 000000001d780000 00000000104bba00 009a 00a4 0000 0006 00000001 0000 0014 00000000 00000002 00000002

2018-02-27 13:21:02 IST 000000001d780000 000000000ea120b0 009b 00a4 0000 0006 00000000 0000 0014 00000000 00000001 00000001

2018-02-27 13:22:02 IST 000000001d780000 000000000ce7b9a0 009b 00a4 0000 0006 00000001 0000 0014 00000000 00000002 00000002

2018-02-27 13:23:02 IST 000000001d780000 000000000b5240b0 009a 00a4 0000 0006 00000000 0000 0014 00000000 00000001 00000001

2018-02-27 13:24:02 IST 000000001d780000 0000000009e22078 009a 00a4 0000 0006 00000000 0000 0014 00000000 00000002 00000002

2018-02-27 13:25:02 IST 000000001d780000 000000000836fa68 009b 00a4 0000 0006 00000000 0000 0014 00000000 00000001 00000001

2018-02-27 13:26:02 IST 000000001dc80000 0000000013aef7d0 009a 00a4 0000 0006 00000000 0000 0014 00000000 00000002 00000002

2018-02-27 13:27:02 IST 000000001dc80000 000000001226cdd0 009a 00a4 0000 0006 00000000 0000 0014 00000000 00000001 00000001

2018-02-27 13:28:02 IST 000000001dc80000 00000000107f5c08 009a 00a4 0000 0006 00000000 0000 0014 00000000 00000002 00000002

2018-02-27 13:29:02 IST 000000001dc80000 000000000edd9a88 009b 00a4 0000 0006 00000000 0000 0014 00000000 00000001 00000001

2018-02-27 13:30:02 IST 000000001dc80000 000000000d380238 009a 00a4 0000 0006 00000001 0000 0014 00000000 00000002 00000002

2018-02-27 13:31:02 IST 000000001dc80000 000000000b965e68 009a 00a4 0000 0006 00000000 0000 0014 00000000 00000001 00000001

2018-02-27 13:32:02 IST 000000001dc80000 0000000009eef758 009b 00a4 0000 0006 00000001 0000 0014 00000000 00000002 00000002

2018-02-27 13:33:02 IST 000000001dc80000 00000000086738b8 009b 00a4 0000 0006 00000000 0000 0014 00000000 00000001 00000001

2018-02-27 13:34:02 IST 000000001e180000 0000000013f22548 009a 00a4 0000 0006 00000000 0000 0014 00000000 00000002 00000002

2018-02-27 13:35:02 IST 000000001e180000 0000000012335a88 009a 00a4 0000 0006 00000000 0000 0014 00000000 00000001 00000001

2018-02-27 13:36:02 IST 000000001e180000 00000000108ab718 009b 00a4 0000 0006 00000001 0000 0014 00000000 00000002 00000002

2018-02-27 13:37:02 IST 000000001e180000 000000000ef0fdc8 009b 00a4 0000 0006 00000000 0000 0014 00000000 00000001 00000001

2018-02-27 13:38:02 IST 000000001e180000 000000000d49d930 009a 00a4 0000 0006 00000000 0000 0014 00000000 00000002 00000002

2018-02-27 13:39:02 IST 000000001e180000 000000000bccd5a0 009a 00a4 0000 0006 00000000 0000 0014 00000000 00000001 00000001

2018-02-27 13:40:02 IST 000000001e180000 000000000a087480 009b 00a4 0000 0006 00000001 0000 0014 00000000 00000002 00000002

2018-02-27 13:41:02 IST 000000001e180000 000000000866ba90 009a 00a4 0000 0006 00000000 0000 0014 00000000 00000001 00000001

2018-02-27 13:42:02 IST 000000001db80000 00000000138e9210 009a 00a4 0000 0006 00000000 0000 0014 00000000 00000002 00000002

2018-02-27 13:43:02 IST 000000001db80000 0000000011d08010 009a 00a4 0000 0006 00000000 0000 0014 00000000 00000001 00000001

2018-02-27 13:44:02 IST 000000001db80000 0000000010373598 009b 00a4 0000 0006 00000001 0000 0014 00000000 00000002 00000002

2018-02-27 13:45:02 IST 000000001db80000 000000000ea60258 009a 00a4 0000 0006 00000000 0000 0014 00000000 00000001 00000001

2018-02-27 13:46:02 IST 000000001db80000 000000000d0dfc98 009a 00a4 0000 0006 00000001 0000 0014 00000000 00000002 00000002

2018-02-27 13:47:02 IST 000000001db80000 000000000b4fcac0 009b 00a4 0000 0006 00000000 0000 0014 00000000 00000001 00000001

2018-02-27 13:48:02 IST 000000001db80000 0000000009b79530 009b 00a4 0000 0006 00000001 0000 0014 00000000 00000002 00000002

2018-02-27 13:49:02 IST 000000001db80000 00000000083add48 009a 00a4 0000 0006 00000000 0000 0014 00000000 00000001 00000001

2018-02-27 13:50:02 IST 000000001d700000 00000000130ffca8 009a 00a4 0000 0006 00000000 0000 0014 00000000 00000002 00000002

2018-02-27 13:51:02 IST 000000001d700000 00000000115dc1f0 009b 00a4 0000 0006 00000000 0000 0014 00000000 00000001 00000001

2018-02-27 13:52:02 IST 000000001d700000 000000000fd4eb98 009b 00a4 0000 0006 00000000 0000 0014 00000000 00000002 00000002

2018-02-27 13:53:02 IST 000000001d700000 000000000e3334b8 009a 00a4 0000 0006 00000000 0000 0014 00000000 00000001 00000001

2018-02-27 13:54:02 IST 000000001d700000 000000000c7c11e0 009a 00a4 0000 0006 00000000 0000 0014 00000000 00000002 00000002

2018-02-27 13:55:02 IST 000000001d700000 000000000ac9d8b8 009b 00a4 0000 0006 00000000 0000 0014 00000000 00000001 00000001

2018-02-27 13:56:02 IST 000000001d700000 000000000942b288 009a 00a4 0000 0006 00000001 0000 0014 00000000 00000002 00000002

2018-02-27 13:57:02 IST 000000001d180000 0000000013bcea58 009a 00a4 0000 0006 00000000 0000 0014 00000000 00000001 00000001

2018-02-27 13:58:02 IST 000000001d180000 000000001201bcd0 009a 00a4 0000 0006 00000000 0000 0014 00000000 00000002 00000002

2018-02-27 13:59:02 IST 000000001d180000 000000001070fb20 009b 00a4 0000 0006 00000000 0000 0014 00000000 00000001 00000001

2018-02-27 14:00:02 IST 000000001d180000 000000000ee803f8 009a 00a4 0000 0006 00000000 0000 0014 00000000 00000002 00000002

2018-02-27 14:01:02 IST 000000001d180000 000000000d25e0a8 009a 00a4 0000 0006 00000000 0000 0014 00000000 00000001 00000001

2018-02-27 14:02:02 IST 000000001d180000 000000000b9b8218 009a 00a4 0000 0006 00000001 0000 0014 00000000 00000002 00000002

2018-02-27 14:03:02 IST 000000001d180000 000000000a163ce0 009b 00a4 0000 0006 00000000 0000 0014 00000000 00000001 00000001

2018-02-27 14:04:02 IST 000000001d180000 0000000008514728 009a 00a4 0000 0006 00000000 0000 0014 00000000 00000002 00000002

2018-02-27 14:05:02 IST 000000001cd00000 0000000012cbe728 009a 00a4 0000 0006 00000000 0000 0014 00000000 00000001 00000001

2018-02-27 14:06:02 IST 000000001cd00000 00000000110794c8 009b 00a4 0000 0006 00000001 0000 0014 00000000 00000002 00000002

2018-02-27 14:07:02 IST 000000001cd00000 000000000f79d470 009b 00a4 0000 0006 00000000 0000 0014 00000000 00000001 00000001

2018-02-27 14:08:02 IST 000000001cd00000 000000000de8a380 009a 00a4 0000 0006 00000000 0000 0014 00000000 00000002 00000002

2018-02-27 14:09:02 IST 000000001cd00000 000000000c51b138 009a 00a4 0000 0006 00000000 0000 0014 00000000 00000001 00000001

2018-02-27 14:10:02 IST 000000001cd00000 000000000a8df038 009b 00a4 0000 0006 00000000 0000 0014 00000000 00000002 00000002

2018-02-27 14:11:02 IST 000000001cd00000 0000000009006520 009b 00a4 0000 0006 00000000 0000 0014 00000000 00000001 00000001

2018-02-27 14:12:02 IST 000000001c800000 0000000012ed74b0 009a 00a4 0000 0006 00000001 0000 0014 00000000 00000002 00000002

2018-02-27 14:13:02 IST 000000001c880000 00000000134154a0 009a 00a4 0000 0006 00000000 0000 0014 00000000 00000001 00000001

2018-02-27 14:14:02 IST 000000001c880000 0000000011ac67e8 009b 00a4 0000 0006 00000001 0000 0014 00000000 00000002 00000002

2018-02-27 14:15:02 IST 000000001c880000 00000000101f8be8 009a 00a4 0000 0006 00000000 0000 0014 00000000 00000001 00000001

2018-02-27 14:16:02 IST 000000001c880000 000000000e5ac188 009a 00a4 0000 0006 00000001 0000 0014 00000000 00000002 00000002

2018-02-27 14:17:02 IST 000000001c880000 000000000ccc8ee8 009a 00a4 0000 0006 00000000 0000 0014 00000000 00000001 00000001

2018-02-27 14:18:02 IST 000000001c880000 000000000b391db8 009b 00a4 0000 0006 00000001 0000 0014 00000000 00000002 00000002

2018-02-27 14:19:02 IST 000000001c880000 00000000097a26b8 009a 00a4 0000 0006 00000000 0000 0014 00000000 00000001 00000001

2018-02-27 14:20:02 IST 000000001c880000 0000000007e69180 009a 00a4 0000 0006 00000000 0000 0014 00000000 00000002 00000002

2018-02-27 14:21:02 IST 000000001c900000 0000000011e47460 009a 00a4 0000 0006 00000000 0000 0014 00000000 00000001 00000001

2018-02-27 14:22:02 IST 000000001c900000 00000000104dcf38 009b 00a4 0000 0006 00000000 0000 0014 00000000 00000002 00000002

2018-02-27 14:23:02 IST 000000001c900000 000000000e852f68 009a 00a4 0000 0006 00000000 0000 0014 00000000 00000001 00000001

2018-02-27 14:24:02 IST 000000001c900000 000000000ceee940 009a 00a4 0000 0006 00000001 0000 0014 00000000 00000002 00000002

2018-02-27 14:25:02 IST 000000001c900000 000000000b56ea80 009b 00a4 0000 0006 00000000 0000 0014 00000000 00000001 00000001

2018-02-27 14:26:02 IST 000000001c900000 0000000009b9cbb0 009b 00a4 0000 0006 00000000 0000 0014 00000000 00000002 00000002

2018-02-27 14:27:02 IST 000000001c900000 00000000082a1728 009a 00a4 0000 0006 00000000 0000 0014 00000000 00000001 00000001

2018-02-27 14:28:02 IST 000000001ca80000 00000000126115a8 009a 00a4 0000 0006 00000001 0000 0014 00000000 00000002 00000002

2018-02-27 14:29:02 IST 000000001ca80000 000000001091a1a0 009b 00a4 0000 0006 00000000 0000 0014 00000000 00000001 00000001

2018-02-27 14:30:02 IST 000000001ca80000 000000000ef14430 009a 00a4 0000 0006 00000000 0000 0014 00000000 00000002 00000002

2018-02-27 14:31:02 IST 000000001ca80000 000000000d551478 009a 00a4 0000 0006 00000000 0000 0014 00000000 00000001 00000001

2018-02-27 14:32:02 IST 000000001ca80000 000000000bb34068 009a 00a4 0000 0006 00000001 0000 0014 00000000 00000002 00000002

2018-02-27 14:33:02 IST 000000001ca80000 000000000a16ba30 009b 00a4 0000 0006 00000000 0000 0014 00000000 00000001 00000001

2018-02-27 14:34:02 IST 000000001ca80000 0000000008768738 009a 00a4 0000 0006 00000000 0000 0014 00000000 00000002 00000002

2018-02-27 14:35:02 IST 000000001c580000 00000000125d2790 009a 00a4 0000 0006 00000000 0000 0014 00000000 00000001 00000001

2018-02-27 14:36:02 IST 000000001c580000 0000000010bdeca8 009a 00a4 0000 0006 00000000 0000 0014 00000000 00000002 00000002

2018-02-27 14:37:02 IST 000000001c580000 000000000f2a5120 009b 00a4 0000 0006 00000000 0000 0014 00000000 00000001 00000001

2018-02-27 14:38:02 IST 000000001c580000 000000000d8be060 0099 00a4 0000 0006 00000000 0000 0014 00000000 00000002 00000002

2018-02-27 14:39:02 IST 000000001c580000 000000000bf85520 0099 00a4 0000 0006 00000000 0000 0014 00000000 00000001 00000001

2018-02-27 14:40:02 IST 000000001c580000 000000000a2d0a50 009a 00a4 0000 0006 00000001 0000 0014 00000000 00000002 00000002

2018-02-27 14:41:02 IST 000000001c580000 000000000892c940 009a 00a4 0000 0006 00000000 0000 0014 00000000 00000001 00000001

2018-02-27 14:42:02 IST 000000001c180000 0000000012543410 0099 00a4 0000 0006 00000001 0000 0014 00000000 00000002 00000002

2018-02-27 14:43:02 IST 000000001c180000 00000000109437b0 0099 00a4 0000 0006 00000000 0000 0014 00000000 00000001 00000001

2018-02-27 14:44:02 IST 000000001c180000 000000000effb3e8 009a 00a4 0000 0006 00000000 0000 0014 00000000 00000002 00000002

2018-02-27 14:45:02 IST 000000001c180000 000000000d3fee28 009a 00a4 0000 0006 00000000 0000 0014 00000000 00000001 00000001

2018-02-27 14:46:02 IST 000000001c180000 000000000bb32bb0 0099 00a4 0000 0006 00000000 0000 0014 00000000 00000002 00000002

2018-02-27 14:47:02 IST 000000001c180000 000000000a23d210 0099 00a4 0000 0006 00000000 0000 0014 00000000 00000001 00000001

2018-02-27 14:48:02 IST 000000001c180000 00000000088f9e30 009a 00a4 0000 0006 00000000 0000 0014 00000000 00000002 00000002

2018-02-27 14:49:02 IST 000000001bd00000 0000000011d8d460 009a 00a4 0000 0006 00000000 0000 0014 00000000 00000001 00000001

2018-02-27 14:50:02 IST 000000001bd00000 000000001048bfb8 0099 00a4 0000 0006 00000001 0000 0014 00000000 00000002 00000002

2018-02-27 14:51:02 IST 000000001bd00000 000000000e8bf8b0 0099 00a4 0000 0006 00000000 0000 0014 00000000 00000001 00000001

2018-02-27 14:52:02 IST 000000001bd00000 000000000cfc40b8 009a 00a4 0000 0006 00000000 0000 0014 00000000 00000002 00000002

2018-02-27 14:53:02 IST 000000001bd00000 000000000b406990 0099 00a4 0000 0006 00000000 0000 0014 00000000 00000001 00000001

2018-02-27 14:54:02 IST 000000001bd00000 0000000009af64d8 0099 00a4 0000 0006 00000000 0000 0014 00000000 00000002 00000002

2018-02-27 14:55:02 IST 000000001bd00000 0000000007f2dd28 0099 00a4 0000 0006 00000000 0000 0014 00000000 00000001 00000001

2018-02-27 14:56:02 IST 000000001b980000 0000000011320b30 009a 00a4 0000 0006 00000000 0000 0014 00000000 00000002 00000002

2018-02-27 14:57:02 IST 000000001b980000 000000000f7e67e0 0099 00a4 0000 0006 00000000 0000 0014 00000000 00000001 00000001

2018-02-27 14:58:02 IST 000000001b980000 000000000def5050 0099 00a4 0000 0006 00000000 0000 0014 00000000 00000002 00000002

2018-02-27 14:59:02 IST 000000001b980000 000000000c3c11c8 009a 00a4 0000 0006 00000000 0000 0014 00000000 00000001 00000001

2018-02-27 15:00:02 IST 000000001b980000 000000000a7d9ed0 009a 00a4 0000 0006 00000001 0000 0014 00000000 00000002 00000002

2018-02-27 15:01:02 IST 000000001b980000 0000000008f972f8 0099 00a4 0000 0006 00000000 0000 0014 00000000 00000001 00000001

2018-02-27 15:02:02 IST 000000001b500000 0000000011cb1008 0099 00a4 0000 0006 00000000 0000 0014 00000000 00000002 00000002

2018-02-27 15:03:02 IST 000000001b500000 00000000101efbe0 009a 00a4 0000 0006 00000000 0000 0014 00000000 00000001 00000001

2018-02-27 15:04:02 IST 000000001b500000 000000000e6cc670 009a 00a4 0000 0006 00000001 0000 0014 00000000 00000002 00000002

2018-02-27 15:05:02 IST 000000001b500000 000000000cc67fa0 0099 00a4 0000 0006 00000000 0000 0014 00000000 00000001 00000001

2018-02-27 15:06:02 IST 000000001b500000 000000000b146a88 0099 00a4 0000 0006 00000000 0000 0014 00000000 00000002 00000002

2018-02-27 15:07:02 IST 000000001b500000 00000000096858e8 009a 00a4 0000 0006 00000000 0000 0014 00000000 00000001 00000001

2018-02-27 15:08:02 IST 000000001b500000 0000000007bc3818 0099 00a4 0000 0006 00000000 0000 0014 00000000 00000002 00000002

2018-02-27 15:09:02 IST 000000001b180000 00000000106328d0 0099 00a4 0000 0006 00000000 0000 0014 00000000 00000001 00000001

2018-02-27 15:10:02 IST 000000001b180000 000000000eba2c38 0099 00a4 0000 0006 00000001 0000 0014 00000000 00000002 00000002

2018-02-27 15:11:02 IST 000000001b180000 000000000d49c9c8 009a 00a4 0000 0006 00000000 0000 0014 00000000 00000001 00000001

2018-02-27 15:12:02 IST 000000001b180000 000000000ba1e388 0099 00a4 0000 0006 00000001 0000 0014 00000000 00000002 00000002

2018-02-27 15:13:02 IST 000000001b100000 000000001201dd30 0099 00a4 0000 0006 00000000 0000 0014 00000000 00000001 00000001

2018-02-27 15:14:02 IST 000000001b100000 00000000105c4878 009a 00a4 0000 0006 00000001 0000 0014 00000000 00000002 00000002

2018-02-27 15:15:02 IST 000000001b100000 000000000e8e9c08 009a 00a4 0000 0006 00000000 0000 0014 00000000 00000001 00000001

2018-02-27 15:16:02 IST 000000001b100000 000000000ce98940 0099 00a4 0000 0006 00000001 0000 0014 00000000 00000002 00000002

2018-02-27 15:17:02 IST 000000001b100000 000000000b756260 0099 00a4 0000 0006 00000000 0000 0014 00000000 00000001 00000001

2018-02-27 15:18:02 IST 000000001b100000 0000000009a38180 009a 00a4 0000 0006 00000000 0000 0014 00000000 00000002 00000002

2018-02-27 15:19:02 IST 000000001b100000 0000000008035588 009a 00a4 0000 0006 00000000 0000 0014 00000000 00000001 00000001

2018-02-27 15:20:02 IST 000000001b200000 000000001098b5a0 0099 00a4 0000 0006 00000000 0000 0014 00000000 00000002 00000002

2018-02-27 15:21:02 IST 000000001b200000 000000000ef6b070 0099 00a4 0000 0006 00000000 0000 0014 00000000 00000001 00000001

2018-02-27 15:22:02 IST 000000001b200000 000000000d50ad40 009a 00a4 0000 0006 00000000 0000 0014 00000000 00000002 00000002

2018-02-27 15:23:02 IST 000000001b200000 000000000baee6b0 009a 00a4 0000 0006 00000000 0000 0014 00000000 00000001 00000001

2018-02-27 15:24:02 IST 000000001b200000 000000000a08de70 0099 00a4 0000 0006 00000001 0000 0014 00000000 00000002 00000002

2018-02-27 15:25:02 IST 000000001b200000 000000000866cfc0 0099 00a4 0000 0006 00000000 0000 0014 00000000 00000001 00000001

2018-02-27 15:26:02 IST 000000001b200000 0000000010ffaee0 009a 00a4 0000 0006 00000001 0000 0014 00000000 00000002 00000002

2018-02-27 15:27:02 IST 000000001b200000 000000000f5d59e0 0099 00a4 0000 0006 00000000 0000 0014 00000000 00000001 00000001

2018-02-27 15:28:02 IST 000000001b200000 000000000db4d0d0 0099 00a4 0000 0006 00000000 0000 0014 00000000 00000002 00000002

2018-02-27 15:29:02 IST 000000001b200000 000000000c119ef8 0099 00a4 0000 0006 00000000 0000 0014 00000000 00000001 00000001

2018-02-27 15:30:02 IST 000000001b200000 000000000a6a4288 009a 00a4 0000 0006 00000002 0000 0014 00000000 00000002 00000002

2018-02-27 15:31:02 IST 000000001b200000 0000000008c837b8 0099 00a4 0000 0006 00000000 0000 0014 00000000 00000001 00000001

2018-02-27 15:32:02 IST 000000001ae80000 0000000011661b88 0099 00a4 0000 0006 00000001 0000 0014 00000000 00000002 00000002

2018-02-27 15:33:02 IST 000000001ae80000 000000000fc4bf30 0099 00a4 0000 0006 00000000 0000 0014 00000000 00000001 00000001

2018-02-27 15:34:02 IST 000000001ae80000 000000000df83bd0 009a 00a4 0000 0006 00000001 0000 0014 00000000 00000002 00000002

2018-02-27 15:35:02 IST 000000001ae80000 000000000c5ca718 0099 00a4 0000 0006 00000000 0000 0014 00000000 00000001 00000001

2018-02-27 15:36:02 IST 000000001ae80000 000000000abafbd8 0099 00a4 0000 0006 00000000 0000 0014 00000000 00000002 00000002

2018-02-27 15:37:02 IST 000000001ae80000 00000000091f8bd0 009a 00a4 0000 0006 00000000 0000 0014 00000000 00000001 00000001

2018-02-27 15:38:02 IST 000000001ab00000 0000000011629520 009a 00a4 0000 0006 00000000 0000 0014 00000000 00000002 00000002

2018-02-27 15:39:02 IST 000000001ab00000 000000000fceab48 0099 00a4 0000 0006 00000000 0000 0014 00000000 00000001 00000001

2018-02-27 15:40:02 IST 000000001ab00000 000000000e30a448 0099 00a4 0000 0006 00000001 0000 0014 00000000 00000002 00000002

2018-02-27 15:41:02 IST 000000001ab00000 000000000c71a1e8 009a 00a4 0000 0006 00000000 0000 0014 00000000 00000001 00000001

2018-02-27 15:42:02 IST 000000001ab00000 000000000ad87988 009a 00a4 0000 0006 00000000 0000 0014 00000000 00000002 00000002

2018-02-27 15:43:02 IST 000000001ab00000 0000000009195678 0099 00a4 0000 0006 00000000 0000 0014 00000000 00000001 00000001

2018-02-27 15:44:02 IST 000000001a780000 000000001134c990 0099 00a4 0000 0006 00000000 0000 0014 00000000 00000002 00000002

2018-02-27 15:45:02 IST 000000001a780000 000000000fac2750 009a 00a4 0000 0006 00000000 0000 0014 00000000 00000001 00000001

2018-02-27 15:46:02 IST 000000001a780000 000000000df02138 0099 00a4 0000 0006 00000001 0000 0014 00000000 00000002 00000002

2018-02-27 15:47:02 IST 000000001a780000 000000000c673e38 0099 00a4 0000 0006 00000000 0000 0014 00000000 00000001 00000001

2018-02-27 15:48:02 IST 000000001a780000 000000000aaa81d8 0099 00a4 0000 0006 00000000 0000 0014 00000000 00000002 00000002

2018-02-27 15:49:02 IST 000000001a780000 0000000008f8b830 009a 00a4 0000 0006 00000000 0000 0014 00000000 00000001 00000001

2018-02-27 15:50:02 IST 000000001a400000 0000000010c76ab8 0099 00a4 0000 0006 00000001 0000 0014 00000000 00000002 00000002

2018-02-27 15:51:02 IST 000000001a400000 000000000f3faaf0 0099 00a4 0000 0006 00000000 0000 0014 00000000 00000001 00000001

2018-02-27 15:52:02 IST 000000001a400000 000000000d8e0720 0099 00a4 0000 0006 00000001 0000 0014 00000000 00000002 00000002

2018-02-27 15:53:02 IST 000000001a400000 000000000bde4168 009a 00a4 0000 0006 00000000 0000 0014 00000000 00000001 00000001

2018-02-27 15:54:02 IST 000000001a400000 000000000a52bdf0 0099 00a4 0000 0006 00000001 0000 0014 00000000 00000002 00000002

2018-02-27 15:55:02 IST 000000001a400000 0000000008a68798 0099 00a4 0000 0006 00000000 0000 0014 00000000 00000001 00000001

2018-02-27 15:56:02 IST 000000001a100000 00000000103ae638 009a 00a4 0000 0006 00000001 0000 0014 00000000 00000002 00000002

2018-02-27 15:57:02 IST 000000001a100000 000000000e916ca0 009a 00a4 0000 0006 00000000 0000 0014 00000000 00000001 00000001

2018-02-27 15:58:02 IST 000000001a100000 000000000d0cf3d8 0099 00a4 0000 0006 00000001 0000 0014 00000000 00000002 00000002

2018-02-27 15:59:02 IST 000000001a100000 000000000b683298 0099 00a4 0000 0006 00000000 0000 0014 00000000 00000001 00000001

2018-02-27 16:00:02 IST 000000001a100000 0000000009ba8a78 009a 00a4 0000 0006 00000001 0000 0014 00000000 00000002 00000002

2018-02-27 16:01:02 IST 000000001a100000 000000000812b4a0 0099 00a4 0000 0006 00000000 0000 0014 00000000 00000001 00000001

2018-02-27 16:02:02 IST 0000000019e00000 000000000f822908 0099 00a4 0000 0006 00000001 0000 0014 00000000 00000002 00000002

2018-02-27 16:03:02 IST 0000000019e00000 000000000de07528 0099 00a4 0000 0006 00000000 0000 0014 00000000 00000001 00000001

2018-02-27 16:04:02 IST 0000000019e00000 000000000c3aa568 009a 00a4 0000 0006 00000000 0000 0014 00000000 00000002 00000002

2018-02-27 16:05:02 IST 0000000019e00000 000000000a9a6c40 0099 00a4 0000 0006 00000000 0000 0014 00000000 00000001 00000001

2018-02-27 16:06:02 IST 0000000019e00000 0000000008f387c8 0099 00a4 0000 0006 00000001 0000 0014 00000000 00000002 00000002

2018-02-27 16:07:02 IST 0000000019b00000 00000000103ca0e0 009a 00a4 0000 0006 00000000 0000 0014 00000000 00000001 00000001

2018-02-27 16:08:02 IST 0000000019b00000 000000000e9dee18 009a 00a4 0000 0006 00000000 0000 0014 00000000 00000002 00000002

2018-02-27 16:09:02 IST 0000000019b00000 000000000d05a818 0099 00a4 0000 0006 00000000 0000 0014 00000000 00000001 00000001

2018-02-27 16:10:02 IST 0000000019b00000 000000000b676e38 0099 00a4 0000 0006 00000001 0000 0014 00000000 00000002 00000002

2018-02-27 16:11:02 IST 0000000019b00000 0000000009cb2078 009a 00a4 0000 0006 00000000 0000 0014 00000000 00000001 00000001

2018-02-27 16:12:02 IST 0000000019b00000 0000000008052a68 009a 00a4 0000 0006 00000001 0000 0014 00000000 00000002 00000002

2018-02-27 16:13:02 IST 0000000019800000 000000000f09feb8 0099 00a4 0000 0006 00000000 0000 0014 00000000 00000001 00000001

2018-02-27 16:14:02 IST 0000000019800000 000000000eb43d58 0099 00a4 0000 0006 00000001 0000 0014 00000000 00000002 00000002

2018-02-27 16:15:02 IST 0000000019800000 000000000d26c188 009a 00a4 0000 0006 00000000 0000 0014 00000000 00000001 00000001

2018-02-27 16:16:02 IST 0000000019800000 000000000b69bc80 0099 00a4 0000 0006 00000000 0000 0014 00000000 00000002 00000002

2018-02-27 16:17:02 IST 0000000019800000 0000000009db5318 0099 00a4 0000 0006 00000000 0000 0014 00000000 00000001 00000001

2018-02-27 16:18:02 IST 0000000019800000 00000000081d4dd8 0099 00a4 0000 0006 00000000 0000 0014 00000000 00000002 00000002

2018-02-27 16:19:02 IST 0000000019880000 000000000f3ee8c8 009a 00a4 0000 0006 00000000 0000 0014 00000000 00000001 00000001

2018-02-27 16:20:02 IST 0000000019880000 000000000d809c48 0099 00a4 0000 0006 00000001 0000 0014 00000000 00000002 00000002

2018-02-27 16:21:02 IST 0000000019880000 000000000bf08878 0099 00a4 0000 0006 00000000 0000 0014 00000000 00000001 00000001

2018-02-27 16:22:02 IST 0000000019880000 000000000a317ca8 0099 00a4 0000 0006 00000001 0000 0014 00000000 00000002 00000002

2018-02-27 16:23:02 IST 0000000019880000 0000000008a257a0 009a 00a4 0000 0006 00000000 0000 0014 00000000 00000001 00000001

2018-02-27 16:24:02 IST 0000000019900000 000000000fc7a7a0 0099 00a4 0000 0006 00000000 0000 0014 00000000 00000002 00000002

2018-02-27 16:25:02 IST 0000000019900000 000000000e0b5ea8 0099 00a4 0000 0006 00000000 0000 0014 00000000 00000001 00000001

2018-02-27 16:26:02 IST 0000000019900000 000000000c7697d0 009a 00a4 0000 0006 00000000 0000 0014 00000000 00000002 00000002

2018-02-27 16:27:02 IST 0000000019900000 000000000ae0a138 009a 00a4 0000 0006 00000000 0000 0014 00000000 00000001 00000001

2018-02-27 16:28:02 IST 0000000019900000 00000000094b85d8 0099 00a4 0000 0006 00000001 0000 0014 00000000 00000002 00000002

2018-02-27 16:29:02 IST 0000000019980000 000000001085e968 0099 00a4 0000 0006 00000000 0000 0014 00000000 00000001 00000001

2018-02-27 16:30:02 IST 0000000019980000 000000000ec260d0 009a 00a4 0000 0006 00000000 0000 0014 00000000 00000002 00000002

2018-02-27 16:31:02 IST 0000000019980000 000000000d2f4b80 009a 00a4 0000 0006 00000000 0000 0014 00000000 00000001 00000001

2018-02-27 16:32:02 IST 0000000019980000 000000000b938f60 0099 00a4 0000 0006 00000000 0000 0014 00000000 00000002 00000002

2018-02-27 16:33:02 IST 0000000019980000 0000000009da0e10 0099 00a4 0000 0006 00000000 0000 0014 00000000 00000001 00000001

2018-02-27 16:34:02 IST 0000000019980000 000000000842e1a0 009a 00a4 0000 0006 00000001 0000 0014 00000000 00000002 00000002

2018-02-27 16:35:02 IST 0000000019680000 000000000f471848 009a 00a4 0000 0006 00000000 0000 0014 00000000 00000001 00000001

2018-02-27 16:36:02 IST 0000000019680000 000000000d911990 0099 00a4 0000 0006 00000001 0000 0014 00000000 00000002 00000002

2018-02-27 16:37:02 IST 0000000019680000 000000000bdbc2f8 0099 00a4 0000 0006 00000000 0000 0014 00000000 00000001 00000001

2018-02-27 16:38:02 IST 0000000019680000 000000000a4b9db0 009a 00a4 0000 0006 00000001 0000 0014 00000000 00000002 00000002

2018-02-27 16:39:02 IST 0000000019680000 0000000008974730 0099 00a4 0000 0006 00000000 0000 0014 00000000 00000001 00000001

2018-02-27 16:40:02 IST 0000000019400000 000000000f7cf2f0 0099 00a4 0000 0006 00000001 0000 0014 00000000 00000002 00000002

2018-02-27 16:41:02 IST 0000000019400000 000000000dcee550 0099 00a4 0000 0006 00000000 0000 0014 00000000 00000001 00000001

2018-02-27 16:42:02 IST 0000000019400000 000000000c1cc2a8 009a 00a4 0000 0006 00000000 0000 0014 00000000 00000002 00000002

2018-02-27 16:43:02 IST 0000000019400000 000000000a94c6b8 0099 00a4 0000 0006 00000000 0000 0014 00000000 00000001 00000001

2018-02-27 16:44:02 IST 0000000019400000 0000000008e581a0 0099 00a4 0000 0006 00000000 0000 0014 00000000 00000002 00000002

2018-02-27 16:45:02 IST 0000000019180000 000000000f8325c8 009a 00a4 0000 0006 00000000 0000 0014 00000000 00000001 00000001

2018-02-27 16:46:02 IST 0000000019180000 000000000dfba270 009a 00a4 0000 0006 00000000 0000 0014 00000000 00000002 00000002

2018-02-27 16:47:02 IST 0000000019180000 000000000c5a2a28 0099 00a4 0000 0006 00000000 0000 0014 00000000 00000001 00000001

2018-02-27 16:48:02 IST 0000000019180000 000000000aaeeb50 0099 00a4 0000 0006 00000001 0000 0014 00000000 00000002 00000002

2018-02-27 16:49:02 IST 0000000019180000 0000000009097730 009a 00a4 0000 0006 00000000 0000 0014 00000000 00000001 00000001

2018-02-27 16:50:02 IST 0000000018f00000 000000000f84bff0 009a 00a4 0000 0006 00000001 0000 0014 00000000 00000002 00000002

2018-02-27 16:51:02 IST 0000000018f00000 000000000de5abd0 0099 00a4 0000 0006 00000000 0000 0014 00000001 00000001 00000001

2018-02-27 16:52:02 IST 0000000018f00000 000000000c40bd18 0099 00a4 0000 0006 00000001 0000 0014 00000000 00000002 00000002

2018-02-27 16:53:02 IST 0000000018f00000 000000000aa1ced0 009a 00a4 0000 0006 00000000 0000 0014 00000000 00000001 00000001

2018-02-27 16:54:02 IST 0000000018f00000 0000000008fc7b38 0099 00a4 0000 0006 00000001 0000 0014 00000000 00000002 00000002

2018-02-27 16:55:02 IST 0000000018c80000 000000000f5f4b30 0099 00a4 0000 0006 00000000 0000 0014 00000000 00000001 00000001

2018-02-27 16:56:02 IST 0000000018c80000 000000000dc16920 0099 00a4 0000 0006 00000001 0000 0014 00000000 00000002 00000002

2018-02-27 16:57:02 IST 0000000018c80000 000000000c2abe10 009a 00a4 0000 0006 00000000 0000 0014 00000000 00000001 00000001

2018-02-27 16:58:02 IST 0000000018c80000 000000000a66be88 0099 00a4 0000 0006 00000000 0000 0014 00000000 00000002 00000002

2018-02-27 16:59:02 IST 0000000018c80000 0000000008cecab8 0099 00a4 0000 0006 00000000 0000 0014 00000000 00000001 00000001

2018-02-27 17:00:02 IST 0000000018a00000 000000000f0f7778 0099 00a4 0000 0006 00000001 0000 0014 00000000 00000002 00000002

2018-02-27 17:01:02 IST 0000000018a00000 000000000d7c6c00 009a 00a4 0000 0006 00000000 0000 0014 00000000 00000001 00000001

2018-02-27 17:02:02 IST 0000000018a00000 000000000bc4d5a8 0099 00a4 0000 0006 00000001 0000 0014 00000000 00000002 00000002

2018-02-27 17:03:02 IST 0000000018a00000 000000000a314c68 0099 00a4 0000 0006 00000000 0000 0014 00000000 00000001 00000001

2018-02-27 17:04:02 IST 0000000018a00000 00000000089b3e78 009a 00a4 0000 0006 00000000 0000 0014 00000000 00000002 00000002

2018-02-27 17:05:02 IST 0000000018780000 000000000e9e05d0 009a 00a4 0000 0006 00000000 0000 0014 00000000 00000001 00000001

2018-02-27 17:06:02 IST 0000000018780000 000000000ceecd40 0099 00a4 0000 0006 00000001 0000 0014 00000000 00000002 00000002

2018-02-27 17:07:02 IST 0000000018780000 000000000b61a2c0 0099 00a4 0000 0006 00000000 0000 0014 00000000 00000001 00000001

2018-02-27 17:08:02 IST 0000000018780000 0000000009aec840 009a 00a4 0000 0006 00000000 0000 0014 00000000 00000002 00000002

2018-02-27 17:09:02 IST 0000000018780000 00000000082558a8 009a 00a4 0000 0006 00000000 0000 0014 00000000 00000001 00000001

2018-02-27 17:10:02 IST 0000000018580000 000000000e0a2488 0099 00a4 0000 0006 00000001 0000 0014 00000000 00000002 00000002

2018-02-27 17:11:02 IST 0000000018580000 000000000c625378 0099 00a4 0000 0006 00000000 0000 0014 00000000 00000001 00000001

2018-02-27 17:12:02 IST 0000000018580000 000000000ab5b250 009a 00a4 0000 0006 00000001 0000 0014 00000000 00000002 00000002

2018-02-27 17:13:02 IST 0000000018580000 00000000093000a0 0099 00a4 0000 0006 00000000 0000 0014 00000000 00000001 00000001

2018-02-27 17:14:02 IST 0000000018580000 000000000da014d8 0099 00a4 0000 0006 00000000 0000 0014 00000000 00000002 00000002

2018-02-27 17:15:02 IST 0000000018580000 000000000bfbb668 0099 00a4 0000 0006 00000000 0000 0014 00000000 00000001 00000001

2018-02-27 17:16:02 IST 0000000018580000 000000000a524060 009a 00a4 0000 0006 00000001 0000 0014 00000000 00000002 00000002

2018-02-27 17:17:02 IST 0000000018580000 0000000008b289a8 0099 00a4 0000 0006 00000000 0000 0014 00000000 00000001 00000001

2018-02-27 17:18:02 IST 0000000018600000 000000000e8871f8 0099 00a4 0000 0006 00000000 0000 0014 00000000 00000002 00000002

2018-02-27 17:19:02 IST 0000000018600000 000000000ce23088 0099 00a4 0000 0006 00000000 0000 0014 00000000 00000001 00000001

2018-02-27 17:20:02 IST 0000000018600000 000000000b5c8218 009a 00a4 0000 0006 00000001 0000 0014 00000000 00000002 00000002

2018-02-27 17:21:02 IST 0000000018600000 0000000009b72ce8 0099 00a4 0000 0006 00000000 0000 0014 00000001 00000001 00000001

2018-02-27 17:22:02 IST 0000000018600000 00000000080bc180 0099 00a4 0000 0006 00000000 0000 0014 00000000 00000002 00000002

2018-02-27 17:23:02 IST 0000000018680000 000000000df8d420 009a 00a4 0000 0006 00000000 0000 0014 00000000 00000001 00000001

2018-02-27 17:24:02 IST 0000000018680000 000000000c70dc28 009a 00a4 0000 0006 00000000 0000 0014 00000000 00000002 00000002

2018-02-27 17:25:02 IST 0000000018680000 000000000ac9c2c0 0099 00a4 0000 0006 00000000 0000 0014 00000000 00000001 00000001

2018-02-27 17:26:02 IST 0000000018680000 00000000091c30c0 0099 00a4 0000 0006 00000000 0000 0014 00000000 00000002 00000002

2018-02-27 17:27:02 IST 0000000018700000 000000000f2e40c0 009a 00a4 0000 0006 00000000 0000 0014 00000000 00000001 00000001

2018-02-27 17:28:02 IST 0000000018700000 000000000d7ec798 009a 00a4 0000 0006 00000000 0000 0014 00000000 00000002 00000002

2018-02-27 17:29:02 IST 0000000018700000 000000000bd593d0 0099 00a4 0000 0006 00000000 0000 0014 00000000 00000001 00000001

2018-02-27 17:30:02 IST 0000000018700000 000000000a47b2b0 0099 00a4 0000 0006 00000001 0000 0014 00000000 00000002 00000002

2018-02-27 17:31:02 IST 0000000018700000 0000000008a20f78 009a 00a4 0000 0006 00000000 0000 0014 00000000 00000001 00000001

2018-02-27 17:32:02 IST 0000000018500000 000000000e79c3a8 0099 00a4 0000 0006 00000000 0000 0014 00000000 00000002 00000002

2018-02-27 17:33:02 IST 0000000018500000 000000000cd418d0 0099 00a4 0000 0006 00000000 0000 0014 00000000 00000001 00000001

2018-02-27 17:34:02 IST 0000000018500000 000000000b2d3b58 0099 00a4 0000 0006 00000000 0000 0014 00000000 00000002 00000002

2018-02-27 17:35:02 IST 0000000018500000 0000000009a9d270 009a 00a4 0000 0006 00000000 0000 0014 00000000 00000001 00000001

2018-02-27 17:36:02 IST 0000000018500000 0000000008000cd8 0099 00a4 0000 0006 00000001 0000 0014 00000000 00000002 00000002

2018-02-27 17:37:02 IST 0000000018300000 000000000dc84f10 0099 00a4 0000 0006 00000000 0000 0014 00000000 00000001 00000001

2018-02-27 17:38:02 IST 0000000018300000 000000000c23a880 0099 00a4 0000 0006 00000001 0000 0014 00000000 00000002 00000002

2018-02-27 17:39:02 IST 0000000018300000 000000000a8568b0 009a 00a4 0000 0006 00000000 0000 0014 00000000 00000001 00000001

2018-02-27 17:40:02 IST 0000000018300000 0000000008e2fe38 0099 00a4 0000 0006 00000001 0000 0014 00000000 00000002 00000002

2018-02-27 17:41:02 IST 0000000018100000 000000000e87a3c8 0099 00a4 0000 0006 00000000 0000 0014 00000000 00000001 00000001

2018-02-27 17:42:02 IST 0000000018100000 000000000cea2f98 009a 00a4 0000 0006 00000001 0000 0014 00000000 00000002 00000002

2018-02-27 17:43:02 IST 0000000018100000 000000000b2f11c8 009a 00a4 0000 0006 00000000 0000 0014 00000000 00000001 00000001

2018-02-27 17:44:02 IST 0000000018100000 00000000099339c0 0099 00a4 0000 0006 00000001 0000 0014 00000000 00000002 00000002

2018-02-27 17:45:02 IST 0000000018100000 0000000007fac828 0099 00a4 0000 0006 00000000 0000 0014 00000000 00000001 00000001

2018-02-27 17:46:02 IST 0000000017f00000 000000000d89b1e8 009a 00a4 0000 0006 00000001 0000 0014 00000000 00000002 00000002

2018-02-27 17:47:02 IST 0000000017f00000 000000000bdaa748 0099 00a4 0000 0006 00000000 0000 0014 00000000 00000001 00000001

2018-02-27 17:48:02 IST 0000000017f00000 000000000a40d810 0099 00a4 0000 0006 00000001 0000 0014 00000000 00000002 00000002

2018-02-27 17:49:02 IST 0000000017f00000 0000000008b00438 0099 00a4 0000 0006 00000000 0000 0014 00000000 00000001 00000001

2018-02-27 17:50:02 IST 0000000017d00000 000000000e04a5d8 009a 00a4 0000 0006 00000000 0000 0014 00000000 00000002 00000002

2018-02-27 17:51:02 IST 0000000017d00000 000000000c76a808 0099 00a4 0000 0006 00000000 0000 0014 00000000 00000001 00000001

2018-02-27 17:52:02 IST 0000000017d00000 000000000ac769e0 0099 00a4 0000 0006 00000001 0000 0014 00000000 00000002 00000002

2018-02-27 17:53:02 IST 0000000017d00000 000000000938fd40 0099 00a4 0000 0006 00000000 0000 0014 00000000 00000001 00000001

2018-02-27 17:54:02 IST 0000000017b00000 000000000e726a98 009a 00a4 0000 0006 00000000 0000 0014 00000000 00000002 00000002

2018-02-27 17:55:02 IST 0000000017b00000 000000000cccebc0 0099 00a4 0000 0006 00000000 0000 0014 00000000 00000001 00000001

2018-02-27 17:56:02 IST 0000000017b00000 000000000b3fd9f0 0099 00a4 0000 0006 00000000 0000 0014 00000000 00000002 00000002

2018-02-27 17:57:02 IST 0000000017b00000 000000000999c6f8 009a 00a4 0000 0006 00000000 0000 0014 00000000 00000001 00000001

2018-02-27 17:58:02 IST 0000000017b00000 0000000007f20f80 009a 00a4 0000 0006 00000001 0000 0014 00000000 00000002 00000002

2018-02-27 17:59:02 IST 0000000017900000 000000000d036068 0099 00a4 0000 0006 00000000 0000 0014 00000000 00000001 00000001

2018-02-27 18:00:02 IST 0000000017900000 000000000b611d28 0099 00a4 0000 0006 00000000 0000 0014 00000000 00000002 00000002

2018-02-27 18:01:02 IST 0000000017900000 0000000009c46e78 009a 00a4 0000 0006 00000000 0000 0014 00000000 00000001 00000001

2018-02-27 18:02:02 IST 0000000017900000 00000000082401a0 009a 00a4 0000 0006 00000001 0000 0014 00000000 00000002 00000002

2018-02-27 18:03:02 IST 0000000017700000 000000000d29fe80 0099 00a4 0000 0006 00000000 0000 0014 00000000 00000001 00000001

2018-02-27 18:04:02 IST 0000000017700000 000000000b8b8a00 0099 00a4 0000 0006 00000000 0000 0014 00000000 00000002 00000002

2018-02-27 18:05:02 IST 0000000017700000 0000000009d86fe0 009a 00a4 0000 0006 00000000 0000 0014 00000000 00000001 00000001

2018-02-27 18:06:02 IST 0000000017700000 00000000083f2070 0099 00a4 0000 0006 00000001 0000 0014 00000000 00000002 00000002

2018-02-27 18:07:02 IST 0000000017580000 000000000d335bb8 0099 00a4 0000 0006 00000000 0000 0014 00000000 00000001 00000001

2018-02-27 18:08:02 IST 0000000017580000 000000000b80c368 0099 00a4 0000 0006 00000000 0000 0014 00000000 00000002 00000002

2018-02-27 18:09:02 IST 0000000017580000 0000000009edd470 009a 00a4 0000 0006 00000000 0000 0014 00000000 00000001 00000001

2018-02-27 18:10:02 IST 0000000017580000 00000000083c2218 0099 00a4 0000 0006 00000001 0000 0014 00000000 00000002 00000002

2018-02-27 18:11:02 IST 0000000017400000 000000000d231ad8 0099 00a4 0000 0006 00000000 0000 0014 00000000 00000001 00000001

2018-02-27 18:12:02 IST 0000000017400000 000000000b71c5c8 0099 00a4 0000 0006 00000001 0000 0014 00000000 00000002 00000002

2018-02-27 18:13:02 IST 0000000017400000 0000000009e35818 009a 00a4 0000 0006 00000000 0000 0014 00000000 00000001 00000001

2018-02-27 18:14:02 IST 0000000017400000 000000000c857418 0099 00a4 0000 0006 00000000 0000 0014 00000000 00000002 00000002

2018-02-27 18:15:02 IST 0000000017400000 000000000ae0a588 0099 00a4 0000 0006 00000000 0000 0014 00000000 00000001 00000001

2018-02-27 18:16:02 IST 0000000017400000 00000000094fb710 009a 00a4 0000 0006 00000001 0000 0014 00000000 00000002 00000002

2018-02-27 18:17:03 IST 0000000017480000 000000000e0eb030 009a 00a4 0000 0006 00000000 0000 0014 00000000 00000001 00000001

2018-02-27 18:18:03 IST 0000000017480000 000000000c6064b0 0099 00a4 0000 0006 00000000 0000 0014 00000000 00000002 00000002

2018-02-27 18:19:03 IST 0000000017480000 000000000ad63af8 0099 00a4 0000 0006 00000000 0000 0014 00000000 00000001 00000001

2018-02-27 18:20:03 IST 0000000017480000 00000000092747d8 009a 00a4 0000 0006 00000000 0000 0014 00000000 00000002 00000002

2018-02-27 18:21:03 IST 0000000017500000 000000000e1226b0 009a 00a4 0000 0006 00000000 0000 0014 00000000 00000001 00000001

2018-02-27 18:22:03 IST 0000000017500000 000000000c644668 0099 00a4 0000 0006 00000001 0000 0014 00000000 00000002 00000002

2018-02-27 18:23:03 IST 0000000017500000 000000000ad7a3f0 0099 00a4 0000 0006 00000000 0000 0014 00000000 00000001 00000001

2018-02-27 18:24:03 IST 0000000017500000 0000000009260160 009a 00a4 0000 0006 00000001 0000 0014 00000000 00000002 00000002

2018-02-27 18:25:03 IST 0000000017580000 000000000e1cead0 009a 00a4 0000 0006 00000000 0000 0014 00000000 00000001 00000001

2018-02-27 18:26:03 IST 0000000017580000 000000000c68eff8 0099 00a4 0000 0006 00000000 0000 0014 00000000 00000002 00000002

2018-02-27 18:27:03 IST 0000000017580000 000000000abcaee0 0099 00a4 0000 0006 00000000 0000 0014 00000000 00000001 00000001

2018-02-27 18:28:03 IST 0000000017580000 00000000092539f8 009a 00a4 0000 0006 00000000 0000 0014 00000000 00000002 00000002

2018-02-27 18:29:03 IST 0000000017600000 000000000e258760 0099 00a4 0000 0006 00000000 0000 0014 00000000 00000001 00000001

2018-02-27 18:30:03 IST 0000000017600000 000000000c6edf98 0099 00a4 0000 0006 00000000 0000 0014 00000000 00000002 00000002

2018-02-27 18:31:03 IST 0000000017600000 000000000ac13650 0099 00a4 0000 0006 00000000 0000 0014 00000000 00000001 00000001

2018-02-27 18:32:03 IST 0000000017600000 0000000009283eb0 009a 00a4 0000 0006 00000001 0000 0014 00000000 00000002 00000002

2018-02-27 18:33:03 IST 0000000017480000 000000000e0e13c0 0099 00a4 0000 0006 00000000 0000 0014 00000000 00000001 00000001

2018-02-27 18:34:03 IST 0000000017480000 000000000c5d2ab8 0099 00a4 0000 0006 00000000 0000 0014 00000000 00000002 00000002

2018-02-27 18:35:03 IST 0000000017480000 000000000ace5750 009a 00a4 0000 0006 00000000 0000 0014 00000000 00000001 00000001

2018-02-27 18:36:03 IST 0000000017480000 0000000009220280 009a 00a4 0000 0006 00000001 0000 0014 00000000 00000002 00000002

2018-02-27 18:37:03 IST 0000000017300000 000000000df2c678 0099 00a4 0000 0006 00000000 0000 0014 00000000 00000001 00000001

2018-02-27 18:38:03 IST 0000000017300000 000000000c4a0f48 0099 00a4 0000 0006 00000001 0000 0014 00000000 00000002 00000002

2018-02-27 18:39:03 IST 0000000017300000 000000000aa3a690 009a 00a4 0000 0006 00000000 0000 0014 00000000 00000001 00000001

2018-02-27 18:40:03 IST 0000000017300000 0000000008f8a408 009a 00a4 0000 0006 00000001 0000 0014 00000000 00000002 00000002

2018-02-27 18:41:03 IST 0000000017180000 000000000dbfe930 0099 00a4 0000 0006 00000000 0000 0014 00000000 00000001 00000001

2018-02-27 18:42:03 IST 0000000017180000 000000000c1854b8 0099 00a4 0000 0006 00000000 0000 0014 00000000 00000002 00000002

2018-02-27 18:43:03 IST 0000000017180000 000000000a76cf68 009a 00a4 0000 0006 00000000 0000 0014 00000000 00000001 00000001

2018-02-27 18:44:03 IST 0000000017180000 0000000008d44158 0099 00a4 0000 0006 00000001 0000 0014 00000000 00000002 00000002

2018-02-27 18:45:03 IST 0000000017000000 000000000d88ffe0 0099 00a4 0000 0006 00000000 0000 0014 00000000 00000001 00000001

2018-02-27 18:46:03 IST 0000000017000000 000000000bc8a100 0099 00a4 0000 0006 00000000 0000 0014 00000000 00000002 00000002

2018-02-27 18:47:03 IST 0000000017000000 000000000a48aca8 009a 00a4 0000 0006 00000000 0000 0014 00000000 00000001 00000001

2018-02-27 18:48:03 IST 0000000017000000 00000000088ccb70 0099 00a4 0000 0006 00000000 0000 0014 00000000 00000002 00000002

2018-02-27 18:49:03 IST 0000000016e80000 000000000d155620 0099 00a4 0000 0006 00000000 0000 0014 00000000 00000001 00000001

2018-02-27 18:50:03 IST 0000000016e80000 000000000b7971b8 009a 00a4 0000 0006 00000001 0000 0014 00000000 00000002 00000002

2018-02-27 18:51:03 IST 0000000016e80000 0000000009e3f9b8 009a 00a4 0000 0006 00000000 0000 0014 00000000 00000001 00000001

2018-02-27 18:52:03 IST 0000000016e80000 00000000087edf18 0099 00a4 0000 0006 00000000 0000 0014 00000000 00000002 00000002

2018-02-27 18:53:03 IST 0000000016d00000 000000000cc54ed0 0099 00a4 0000 0006 00000000 0000 0014 00000000 00000001 00000001

2018-02-27 18:54:03 IST 0000000016d00000 000000000b314300 009a 00a4 0000 0006 00000001 0000 0014 00000000 00000002 00000002

2018-02-27 18:55:03 IST 0000000016d00000 0000000009891fb8 009a 00a4 0000 0006 00000000 0000 0014 00000000 00000001 00000001

2018-02-27 18:56:03 IST 0000000016d00000 0000000007d8af18 0099 00a4 0000 0006 00000001 0000 0014 00000000 00000002 00000002

2018-02-27 18:57:03 IST 0000000016b80000 000000000c3aa3b8 0099 00a4 0000 0006 00000000 0000 0014 00000000 00000001 00000001

2018-02-27 18:58:03 IST 0000000016b80000 000000000a905be8 009a 00a4 0000 0006 00000001 0000 0014 00000000 00000002 00000002

2018-02-27 18:59:03 IST 0000000016b80000 0000000008ef8d98 0099 00a4 0000 0006 00000000 0000 0014 00000000 00000001 00000001

2018-02-27 19:00:03 IST 0000000016a00000 000000000d2a6410 0099 00a4 0000 0006 00000001 0000 0014 00000000 00000002 00000002

2018-02-27 19:01:03 IST 0000000016a00000 000000000b71b970 0099 00a4 0000 0006 00000000 0000 0014 00000000 00000001 00000001

2018-02-27 19:02:03 IST 0000000016a00000 0000000009cd89f8 009a 00a4 0000 0006 00000001 0000 0014 00000000 00000002 00000002

2018-02-27 19:03:03 IST 0000000016a00000 00000000082ff4f8 0099 00a4 0000 0006 00000000 0000 0014 00000000 00000001 00000001

2018-02-27 19:04:03 IST 0000000016880000 000000000c6261d8 0099 00a4 0000 0006 00000001 0000 0014 00000000 00000002 00000002

2018-02-27 19:05:03 IST 0000000016880000 000000000ab07fa8 0099 00a4 0000 0006 00000000 0000 0014 00000000 00000001 00000001

2018-02-27 19:06:03 IST 0000000016880000 000000000913a4c8 009a 00a4 0000 0006 00000000 0000 0014 00000000 00000002 00000002

2018-02-27 19:07:03 IST 0000000016700000 000000000d1ee640 0099 00a4 0000 0006 00000000 0000 0014 00000000 00000001 00000001

2018-02-27 19:08:03 IST 0000000016700000 000000000b6b3fc8 0099 00a4 0000 0006 00000000 0000 0014 00000000 00000002 00000002

2018-02-27 19:09:03 IST 0000000016700000 0000000009d946a0 0099 00a4 0000 0006 00000000 0000 0014 00000000 00000001 00000001

2018-02-27 19:10:03 IST 0000000016700000 000000000826ad48 009a 00a4 0000 0006 00000001 0000 0014 00000000 00000002 00000002

2018-02-27 19:11:03 IST 0000000016600000 000000000c2f0fc8 0099 00a4 0000 0006 00000000 0000 0014 00000000 00000001 00000001

2018-02-27 19:12:03 IST 0000000016600000 000000000a979c60 0099 00a4 0000 0006 00000001 0000 0014 00000000 00000002 00000002

2018-02-27 19:13:03 IST 0000000016600000 0000000008f00530 009a 00a4 0000 0006 00000000 0000 0014 00000000 00000001 00000001

2018-02-27 19:14:03 IST 0000000016600000 000000000ba69478 009a 00a4 0000 0006 00000000 0000 0014 00000000 00000002 00000002

2018-02-27 19:15:03 IST 0000000016600000 0000000009ffef00 0099 00a4 0000 0006 00000000 0000 0014 00000000 00000001 00000001

2018-02-27 19:16:03 IST 0000000016600000 00000000086f0320 0099 00a4 0000 0006 00000000 0000 0014 00000000 00000002 00000002

2018-02-27 19:17:03 IST 0000000016680000 000000000c529428 009a 00a4 0000 0006 00000000 0000 0014 00000000 00000001 00000001

2018-02-27 19:18:03 IST 0000000016680000 000000000ac05c38 0099 00a4 0000 0006 00000000 0000 0014 00000000 00000002 00000002

2018-02-27 19:19:03 IST 0000000016680000 000000000916f1c8 0099 00a4 0000 0006 00000000 0000 0014 00000000 00000001 00000001

2018-02-27 19:20:03 IST 0000000016700000 000000000d1dbd68 0099 00a4 0000 0006 00000000 0000 0014 00000000 00000002 00000002

2018-02-27 19:21:03 IST 0000000016700000 000000000b89e4c0 009a 00a4 0000 0006 00000000 0000 0014 00000001 00000001 00000001

2018-02-27 19:22:03 IST 0000000016700000 0000000009dcb468 0099 00a4 0000 0006 00000001 0000 0014 00000000 00000002 00000002

2018-02-27 19:23:03 IST 0000000016700000 0000000008491bf0 0099 00a4 0000 0006 00000000 0000 0014 00000000 00000001 00000001

2018-02-27 19:24:03 IST 0000000016780000 000000000c3e8438 0099 00a4 0000 0006 00000001 0000 0014 00000000 00000002 00000002

2018-02-27 19:25:03 IST 0000000016780000 000000000aab7fb8 009a 00a4 0000 0006 00000000 0000 0014 00000000 00000001 00000001

2018-02-27 19:26:03 IST 0000000016780000 0000000008f7d578 0099 00a4 0000 0006 00000001 0000 0014 00000000 00000002 00000002

2018-02-27 19:27:03 IST 0000000016800000 000000000d112768 0099 00a4 0000 0006 00000000 0000 0014 00000000 00000001 00000001

2018-02-27 19:28:03 IST 0000000016800000 000000000b5c12f0 009a 00a4 0000 0006 00000001 0000 0014 00000000 00000002 00000002

2018-02-27 19:29:03 IST 0000000016800000 0000000009c3d7e8 009a 00a4 0000 0006 00000000 0000 0014 00000000 00000001 00000001

2018-02-27 19:30:03 IST 0000000016800000 00000000081034c0 0099 00a4 0000 0006 00000000 0000 0014 00000000 00000002 00000002

2018-02-27 19:31:03 IST 0000000016880000 000000000c33b008 0099 00a4 0000 0006 00000000 0000 0014 00000000 00000001 00000001

2018-02-27 19:32:03 IST 0000000016880000 000000000a94b408 009a 00a4 0000 0006 00000001 0000 0014 00000000 00000002 00000002

2018-02-27 19:33:03 IST 0000000016880000 0000000008fc6d10 009a 00a4 0000 0006 00000000 0000 0014 00000000 00000001 00000001

2018-02-27 19:34:03 IST 0000000016700000 000000000ce56cb0 0099 00a4 0000 0006 00000001 0000 0014 00000000 00000002 00000002

2018-02-27 19:35:03 IST 0000000016700000 000000000b526a20 0099 00a4 0000 0006 00000000 0000 0014 00000000 00000001 00000001

2018-02-27 19:36:03 IST 0000000016700000 0000000009b79868 009a 00a4 0000 0006 00000000 0000 0014 00000000 00000002 00000002

2018-02-27 19:37:03 IST 0000000016700000 00000000080d4628 0099 00a4 0000 0006 00000000 0000 0014 00000000 00000001 00000001

2018-02-27 19:38:03 IST 0000000016600000 000000000c0dc5a8 0099 00a4 0000 0006 00000000 0000 0014 00000000 00000002 00000002

2018-02-27 19:39:03 IST 0000000016600000 000000000a7cd000 0099 00a4 0000 0006 00000000 0000 0014 00000000 00000001 00000001

2018-02-27 19:40:03 IST 0000000016600000 0000000008d09508 009a 00a4 0000 0006 00000001 0000 0014 00000000 00000002 00000002

2018-02-27 19:41:03 IST 0000000016500000 000000000cc7a028 0099 00a4 0000 0006 00000000 0000 0014 00000000 00000001 00000001

2018-02-27 19:42:03 IST 0000000016500000 000000000b1ba570 0099 00a4 0000 0006 00000001 0000 0014 00000000 00000002 00000002

2018-02-27 19:43:03 IST 0000000016500000 0000000009753fd0 0099 00a4 0000 0006 00000000 0000 0014 00000000 00000001 00000001

2018-02-27 19:44:03 IST 0000000016500000 0000000007e5d0d8 009a 00a4 0000 0006 00000001 0000 0014 00000000 00000002 00000002

2018-02-27 19:45:03 IST 0000000016400000 000000000baa2ac0 0099 00a4 0000 0006 00000000 0000 0014 00000000 00000001 00000001

2018-02-27 19:46:03 IST 0000000016400000 000000000a053070 0099 00a4 0000 0006 00000000 0000 0014 00000000 00000002 00000002

2018-02-27 19:47:03 IST 0000000016400000 000000000865c950 009a 00a4 0000 0006 00000000 0000 0014 00000000 00000001 00000001

2018-02-27 19:48:03 IST 0000000016300000 000000000c1de880 009a 00a4 0000 0006 00000000 0000 0014 00000000 00000002 00000002

2018-02-27 19:49:03 IST 0000000016300000 000000000a833d30 0099 00a4 0000 0006 00000000 0000 0014 00000000 00000001 00000001

2018-02-27 19:50:03 IST 0000000016300000 0000000008e274e0 0099 00a4 0000 0006 00000001 0000 0014 00000000 00000002 00000002

2018-02-27 19:51:03 IST 0000000016200000 000000000c9c27b0 009a 00a4 0000 0006 00000000 0000 0014 00000000 00000001 00000001

2018-02-27 19:52:03 IST 0000000016200000 000000000afefb58 0099 00a4 0000 0006 00000001 0000 0014 00000000 00000002 00000002

2018-02-27 19:53:03 IST 0000000016200000 0000000009641810 0099 00a4 0000 0006 00000000 0000 0014 00000000 00000001 00000001

2018-02-27 19:54:03 IST 0000000016200000 0000000007c6f848 0099 00a4 0000 0006 00000001 0000 0014 00000000 00000002 00000002

2018-02-27 19:55:03 IST 0000000016100000 000000000b6bbe08 009a 00a4 0000 0006 00000000 0000 0014 00000000 00000001 00000001

2018-02-27 19:56:03 IST 0000000016100000 0000000009d152f0 0099 00a4 0000 0006 00000001 0000 0014 00000000 00000002 00000002

2018-02-27 19:57:03 IST 0000000016100000 0000000008270260 0099 00a4 0000 0006 00000000 0000 0014 00000000 00000001 00000001

2018-02-27 19:58:03 IST 0000000025100000 000000001abdc858 0099 00a4 0000 0006 00000001 0000 0014 00000000 00000002 00000002

2018-02-27 19:59:03 IST 0000000025100000 00000000191f6d40 009a 00a4 0000 0006 00000000 0000 0014 00000000 00000001 00000001

2018-02-27 20:00:03 IST 0000000025100000 00000000177ebd18 0099 00a4 0000 0006 00000001 0000 0014 00000000 00000002 00000002

2018-02-27 20:01:03 IST 0000000025100000 0000000015e05130 0099 00a4 0000 0006 00000000 0000 0014 00000000 00000001 00000001

2018-02-27 20:02:03 IST 0000000025100000 0000000013d95f38 009a 00a4 0000 0006 00000001 0000 0014 00000000 00000002 00000002

2018-02-27 20:03:03 IST 0000000025100000 00000000123b05b0 009a 00a4 0000 0006 00000000 0000 0014 00000000 00000001 00000001

2018-02-27 20:04:03 IST 0000000025100000 00000000109a2250 0099 00a4 0000 0006 00000001 0000 0014 00000000 00000002 00000002

2018-02-27 20:05:03 IST 0000000025100000 000000000efbc028 0099 00a4 0000 0006 00000000 0000 0014 00000000 00000001 00000001

2018-02-27 20:06:03 IST 0000000025100000 000000000d57a7a0 009a 00a4 0000 0006 00000001 0000 0014 00000000 00000002 00000002

2018-02-27 20:07:03 IST 0000000025100000 000000000bbbe408 0099 00a4 0000 0006 00000000 0000 0014 00000000 00000001 00000001

2018-02-27 20:08:03 IST 0000000025100000 000000000a187d10 0099 00a4 0000 0006 00000000 0000 0014 00000000 00000002 00000002

2018-02-27 20:09:03 IST 0000000025100000 00000000087a1138 0099 00a4 0000 0006 00000000 0000 0014 00000000 00000001 00000001

2018-02-27 20:10:03 IST 0000000024700000 000000001a8856d8 009a 00a4 0000 0006 00000001 0000 0014 00000000 00000002 00000002

2018-02-27 20:11:03 IST 0000000024700000 0000000018a60fc0 0099 00a4 0000 0006 00000000 0000 0014 00000000 00000001 00000001

2018-02-27 20:12:03 IST 0000000024700000 0000000017084060 0099 00a4 0000 0006 00000001 0000 0014 00000000 00000002 00000002

2018-02-27 20:13:03 IST 0000000024700000 0000000015793bc0 009a 00a4 0000 0006 00000000 0000 0014 00000000 00000001 00000001

2018-02-27 20:14:03 IST 0000000024700000 00000000196d6240 009a 00a4 0000 0006 00000001 0000 0014 00000000 00000002 00000002

2018-02-27 20:15:03 IST 0000000024700000 0000000017e0fbc0 0099 00a4 0000 0006 00000000 0000 0014 00000000 00000001 00000001

2018-02-27 20:16:03 IST 0000000024700000 00000000164cdaf8 0099 00a4 0000 0006 00000001 0000 0014 00000000 00000002 00000002

2018-02-27 20:17:03 IST 0000000024700000 0000000014be3410 009a 00a4 0000 0006 00000000 0000 0014 00000000 00000001 00000001

2018-02-27 20:18:03 IST 0000000024700000 00000000132a4760 009a 00a4 0000 0006 00000001 0000 0014 00000000 00000002 00000002

2018-02-27 20:19:03 IST 0000000024700000 00000000113d0f00 0099 00a4 0000 0006 00000000 0000 0014 00000000 00000001 00000001

2018-02-27 20:20:03 IST 0000000024700000 000000000fa94eb0 0099 00a4 0000 0006 00000001 0000 0014 00000000 00000002 00000002

2018-02-27 20:21:03 IST 0000000024700000 000000000e1a6418 009a 00a4 0000 0006 00000000 0000 0014 00000000 00000001 00000001

2018-02-27 20:22:03 IST 0000000024700000 000000000c887a30 0099 00a4 0000 0006 00000000 0000 0014 00000000 00000002 00000002

2018-02-27 20:23:03 IST 0000000024700000 000000000af9f708 0099 00a4 0000 0006 00000000 0000 0014 00000000 00000001 00000001

2018-02-27 20:24:03 IST 0000000024700000 000000000959eb00 0098 00a4 0000 0006 00000001 0000 0014 00000000 00000002 00000002

2018-02-27 20:25:03 IST 0000000024780000 000000001af916a0 0099 00a4 0000 0006 00000000 0000 0014 00000000 00000001 00000001

2018-02-27 20:26:03 IST 0000000024780000 000000001966ed88 0098 00a4 0000 0006 00000001 0000 0014 00000000 00000002 00000002

2018-02-27 20:27:03 IST 0000000024780000 0000000017d7cfd0 0098 00a4 0000 0006 00000000 0000 0014 00000000 00000001 00000001

2018-02-27 20:28:03 IST 0000000024780000 000000001642f058 0098 00a4 0000 0006 00000001 0000 0014 00000000 00000002 00000002

2018-02-27 20:29:03 IST 0000000024780000 0000000014aaaa10 0099 00a4 0000 0006 00000000 0000 0014 00000000 00000001 00000001

2018-02-27 20:30:03 IST 0000000024780000 0000000012c2c5d8 0098 00a4 0000 0006 00000000 0000 0014 00000000 00000002 00000002

2018-02-27 20:31:03 IST 0000000024780000 0000000011323980 0098 00a4 0000 0006 00000000 0000 0014 00000000 00000001 00000001

2018-02-27 20:32:03 IST 0000000024780000 000000000f9f0990 0099 00a4 0000 0006 00000000 0000 0014 00000000 00000002 00000002

2018-02-27 20:33:03 IST 0000000024780000 000000000e0ffe60 0099 00a4 0000 0006 00000000 0000 0014 00000000 00000001 00000001

2018-02-27 20:34:03 IST 0000000024780000 000000000c72beb8 0098 00a4 0000 0006 00000001 0000 0014 00000000 00000002 00000002

2018-02-27 20:35:03 IST 0000000024780000 000000000a8dfd30 0098 00a4 0000 0006 00000000 0000 0014 00000000 00000001 00000001

2018-02-27 20:36:03 IST 0000000024780000 0000000008fb1538 0099 00a4 0000 0006 00000000 0000 0014 00000000 00000002 00000002

2018-02-27 20:37:03 IST 0000000023e00000 000000001a632508 0099 00a4 0000 0006 00000000 0000 0014 00000001 00000001 00000001

2018-02-27 20:38:03 IST 0000000023e00000 0000000018dc7e28 0098 00a4 0000 0006 00000001 0000 0014 00000000 00000002 00000002

2018-02-27 20:39:03 IST 0000000023e00000 00000000170499f8 0098 00a4 0000 0006 00000000 0000 0014 00000000 00000001 00000001

2018-02-27 20:40:03 IST 0000000023e00000 0000000015730fe8 0099 00a4 0000 0006 00000001 0000 0014 00000000 00000002 00000002

2018-02-27 20:41:03 IST 0000000023e00000 0000000013f05118 0098 00a4 0000 0006 00000000 0000 0014 00000000 00000001 00000001

2018-02-27 20:42:03 IST 0000000023e00000 000000001267d358 0098 00a4 0000 0006 00000000 0000 0014 00000000 00000002 00000002

2018-02-27 20:43:03 IST 0000000023e00000 00000000108830d0 0098 00a4 0000 0006 00000000 0000 0014 00000000 00000001 00000001

2018-02-27 20:44:03 IST 0000000023e00000 000000000efe18d0 0099 00a4 0000 0006 00000000 0000 0014 00000000 00000002 00000002

2018-02-27 20:45:03 IST 0000000023e00000 000000000d7d3800 0098 00a4 0000 0006 00000000 0000 0014 00000000 00000001 00000001

2018-02-27 20:46:03 IST 0000000023e00000 000000000b96b870 0098 00a4 0000 0006 00000001 0000 0014 00000000 00000002 00000002

2018-02-27 20:47:03 IST 0000000023e00000 000000000a136cb0 0099 00a4 0000 0006 00000000 0000 0014 00000000 00000001 00000001

2018-02-27 20:48:03 IST 0000000023e00000 00000000088b45d8 0099 00a4 0000 0006 00000000 0000 0014 00000000 00000002 00000002

2018-02-27 20:49:03 IST 0000000023480000 00000000191838c8 0098 00a4 0000 0006 00000000 0000 0014 00000000 00000001 00000001

2018-02-27 20:50:03 IST 0000000023480000 00000000179adde8 0098 00a4 0000 0006 00000001 0000 0014 00000000 00000002 00000002

2018-02-27 20:51:03 IST 0000000023480000 0000000015c79088 0099 00a4 0000 0006 00000000 0000 0014 00000000 00000001 00000001

2018-02-27 20:52:03 IST 0000000023480000 00000000144acd30 0099 00a4 0000 0006 00000000 0000 0014 00000000 00000002 00000002

2018-02-27 20:53:03 IST 0000000023480000 0000000012825bf0 0098 00a4 0000 0006 00000000 0000 0014 00000000 00000001 00000001

2018-02-27 20:54:03 IST 0000000023480000 0000000010fcf9a8 0098 00a4 0000 0006 00000000 0000 0014 00000000 00000002 00000002

2018-02-27 20:55:03 IST 0000000023480000 000000000f839558 0099 00a4 0000 0006 00000000 0000 0014 00000000 00000001 00000001

2018-02-27 20:56:03 IST 0000000023480000 000000000daec290 0098 00a4 0000 0006 00000001 0000 0014 00000000 00000002 00000002

2018-02-27 20:57:03 IST 0000000023480000 000000000c35a488 0098 00a4 0000 0006 00000000 0000 0014 00000000 00000001 00000001

2018-02-27 20:58:03 IST 0000000023480000 000000000a5e80f8 0098 00a4 0000 0006 00000000 0000 0014 00000000 00000002 00000002

2018-02-27 20:59:03 IST 0000000023480000 0000000008e59200 0099 00a4 0000 0006 00000000 0000 0014 00000000 00000001 00000001

2018-02-27 21:00:03 IST 0000000022b80000 0000000019384688 0098 00a4 0000 0006 00000001 0000 0014 00000000 00000002 00000002

2018-02-27 21:01:03 IST 0000000022b80000 00000000177c1d28 0098 00a4 0000 0006 00000000 0000 0014 00000000 00000001 00000001

2018-02-27 21:02:03 IST 0000000022b80000 0000000015b3bb28 0099 00a4 0000 0006 00000000 0000 0014 00000000 00000002 00000002

2018-02-27 21:03:03 IST 0000000022b80000 0000000014463cc0 0099 00a4 0000 0006 00000000 0000 0014 00000000 00000001 00000001

2018-02-27 21:04:03 IST 0000000022b80000 00000000127e3030 0098 00a4 0000 0006 00000000 0000 0014 00000000 00000002 00000002

2018-02-27 21:05:03 IST 0000000022b80000 0000000010bb18a0 0098 00a4 0000 0006 00000000 0000 0014 00000000 00000001 00000001

2018-02-27 21:06:03 IST 0000000022b80000 000000000f484120 0099 00a4 0000 0006 00000001 0000 0014 00000000 00000002 00000002

2018-02-27 21:07:03 IST 0000000022b80000 000000000d823100 0099 00a4 0000 0006 00000000 0000 0014 00000000 00000001 00000001

2018-02-27 21:08:03 IST 0000000022b80000 000000000c1121a8 0098 00a4 0000 0006 00000000 0000 0014 00000000 00000002 00000002

2018-02-27 21:09:03 IST 0000000022b80000 000000000a4c8168 0098 00a4 0000 0006 00000000 0000 0014 00000000 00000001 00000001

2018-02-27 21:10:03 IST 0000000022b80000 0000000008d2a798 0099 00a4 0000 0006 00000001 0000 0014 00000000 00000002 00000002

2018-02-27 21:11:03 IST 0000000022380000 00000000186f5cb8 0098 00a4 0000 0006 00000000 0000 0014 00000000 00000001 00000001

2018-02-27 21:12:03 IST 0000000022380000 0000000017065178 0098 00a4 0000 0006 00000001 0000 0014 00000000 00000002 00000002

2018-02-27 21:13:03 IST 0000000022380000 00000000154dfdc0 0098 00a4 0000 0006 00000000 0000 0014 00000000 00000001 00000001

2018-02-27 21:14:03 IST 0000000022300000 0000000017654318 0099 00a4 0000 0006 00000001 0000 0014 00000000 00000002 00000002

2018-02-27 21:15:03 IST 0000000022300000 0000000015af4990 0098 00a4 0000 0006 00000000 0000 0014 00000000 00000001 00000001

2018-02-27 21:16:03 IST 0000000022300000 0000000013f1e9a8 0098 00a4 0000 0006 00000001 0000 0014 00000000 00000002 00000002

2018-02-27 21:17:03 IST 0000000022300000 00000000128fad10 0099 00a4 0000 0006 00000000 0000 0014 00000000 00000001 00000001

2018-02-27 21:18:03 IST 0000000022300000 0000000010d26620 0099 00a4 0000 0006 00000000 0000 0014 00000000 00000002 00000002

2018-02-27 21:19:03 IST 0000000022300000 000000000f1c3558 0098 00a4 0000 0006 00000000 0000 0014 00000000 00000001 00000001

2018-02-27 21:20:03 IST 0000000022300000 000000000db391f0 0098 00a4 0000 0006 00000001 0000 0014 00000000 00000002 00000002

2018-02-27 21:21:03 IST 0000000022300000 000000000bfcf300 0099 00a4 0000 0006 00000000 0000 0014 00000000 00000001 00000001

2018-02-27 21:22:03 IST 0000000022300000 000000000a4163d8 0098 00a4 0000 0006 00000001 0000 0014 00000000 00000002 00000002

2018-02-27 21:23:03 IST 0000000022300000 0000000008d5a180 0098 00a4 0000 0006 00000000 0000 0014 00000000 00000001 00000001

2018-02-27 21:24:03 IST 0000000022400000 0000000018766f20 0098 00a4 0000 0006 00000000 0000 0014 00000000 00000002 00000002

2018-02-27 21:25:03 IST 0000000022400000 0000000016bdcdf0 0099 00a4 0000 0006 00000000 0000 0014 00000000 00000001 00000001

2018-02-27 21:26:03 IST 0000000022400000 00000000155696a0 0098 00a4 0000 0006 00000001 0000 0014 00000000 00000002 00000002

2018-02-27 21:27:03 IST 0000000022400000 00000000139ddc70 0098 00a4 0000 0006 00000000 0000 0014 00000000 00000001 00000001

2018-02-27 21:28:03 IST 0000000022400000 0000000011e00668 0099 00a4 0000 0006 00000000 0000 0014 00000000 00000002 00000002

2018-02-27 21:29:03 IST 0000000022400000 000000001028bb98 0099 00a4 0000 0006 00000000 0000 0014 00000000 00000001 00000001

2018-02-27 21:30:03 IST 0000000022400000 000000000ec135d8 0098 00a4 0000 0006 00000001 0000 0014 00000000 00000002 00000002

2018-02-27 21:31:03 IST 0000000022400000 000000000d08b060 0098 00a4 0000 0006 00000000 0000 0014 00000000 00000001 00000001

2018-02-27 21:32:03 IST 0000000022400000 000000000b4adb70 0099 00a4 0000 0006 00000000 0000 0014 00000000 00000002 00000002

2018-02-27 21:33:03 IST 0000000022400000 0000000009e88dc8 0098 00a4 0000 0006 00000000 0000 0014 00000000 00000001 00000001

2018-02-27 21:34:03 IST 0000000022400000 00000000082aaa00 0098 00a4 0000 0006 00000001 0000 0014 00000000 00000002 00000002

2018-02-27 21:35:03 IST 0000000021b80000 00000000174be3b0 0098 00a4 0000 0006 00000000 0000 0014 00000000 00000001 00000001

2018-02-27 21:36:03 IST 0000000021b80000 0000000015999d18 0099 00a4 0000 0006 00000000 0000 0014 00000000 00000002 00000002

2018-02-27 21:37:03 IST 0000000021b80000 0000000013ee7890 0098 00a4 0000 0006 00000000 0000 0014 00000000 00000001 00000001

2018-02-27 21:38:03 IST 0000000021b80000 000000001286b990 0098 00a4 0000 0006 00000001 0000 0014 00000000 00000002 00000002

2018-02-27 21:39:03 IST 0000000021b80000 0000000010e1e2f8 0099 00a4 0000 0006 00000000 0000 0014 00000000 00000001 00000001

2018-02-27 21:40:03 IST 0000000021b80000 000000000f2fbe98 0099 00a4 0000 0006 00000001 0000 0014 00000000 00000002 00000002

2018-02-27 21:41:03 IST 0000000021b80000 000000000d862708 0098 00a4 0000 0006 00000000 0000 0014 00000000 00000001 00000001

2018-02-27 21:42:03 IST 0000000021b80000 000000000bd444f8 0098 00a4 0000 0006 00000001 0000 0014 00000000 00000002 00000002

2018-02-27 21:43:03 IST 0000000021b80000 000000000a2750e8 0099 00a4 0000 0006 00000000 0000 0014 00000000 00000001 00000001

2018-02-27 21:44:03 IST 0000000021b80000 0000000008773c28 0098 00a4 0000 0006 00000001 0000 0014 00000000 00000002 00000002

2018-02-27 21:45:03 IST 0000000021400000 0000000017805108 0098 00a4 0000 0006 00000000 0000 0014 00000000 00000001 00000001

2018-02-27 21:46:03 IST 0000000021400000 0000000015da7868 0098 00a4 0000 0006 00000001 0000 0014 00000000 00000002 00000002

2018-02-27 21:47:03 IST 0000000021400000 000000001439df60 009a 00a4 0000 0006 00000000 0000 0014 00000000 00000001 00000001

2018-02-27 21:48:03 IST 0000000021400000 000000001295f150 0098 00a4 0000 0006 00000001 0000 0014 00000000 00000002 00000002

2018-02-27 21:49:03 IST 0000000021400000 0000000010f59370 0098 00a4 0000 0006 00000000 0000 0014 00000000 00000001 00000001

2018-02-27 21:50:03 IST 0000000021400000 000000000f4fba58 0098 00a4 0000 0006 00000001 0000 0014 00000000 00000002 00000002

2018-02-27 21:51:03 IST 0000000021400000 000000000daf33a8 0099 00a4 0000 0006 00000000 0000 0014 00000000 00000001 00000001

2018-02-27 21:52:03 IST 0000000021400000 000000000c0b2e78 0098 00a4 0000 0006 00000001 0000 0014 00000000 00000002 00000002

2018-02-27 21:53:03 IST 0000000021400000 000000000a6a8810 0098 00a4 0000 0006 00000000 0000 0014 00000000 00000001 00000001

2018-02-27 21:54:03 IST 0000000021400000 0000000008c4a0e8 0099 00a4 0000 0006 00000001 0000 0014 00000000 00000002 00000002

2018-02-27 21:55:03 IST 0000000020c00000 00000000170459b8 0099 00a4 0000 0006 00000000 0000 0014 00000000 00000001 00000001

2018-02-27 21:56:03 IST 0000000020c00000 00000000156af390 0098 00a4 0000 0006 00000001 0000 0014 00000000 00000002 00000002

2018-02-27 21:57:03 IST 0000000020c00000 0000000013d566a8 0098 00a4 0000 0006 00000000 0000 0014 00000000 00000001 00000001

2018-02-27 21:58:03 IST 0000000020c00000 00000000123aef38 0099 00a4 0000 0006 00000001 0000 0014 00000000 00000002 00000002

2018-02-27 21:59:03 IST 0000000020c00000 0000000010a72b00 0098 00a4 0000 0006 00000000 0000 0014 00000000 00000001 00000001

2018-02-27 22:00:03 IST 0000000020c00000 000000000f0b15b8 0098 00a4 0000 0006 00000001 0000 0014 00000000 00000002 00000002

2018-02-27 22:01:03 IST 0000000020c00000 000000000d75b240 0098 00a4 0000 0006 00000000 0000 0014 00000000 00000001 00000001

2018-02-27 22:02:03 IST 0000000020c00000 000000000bdaeb70 0099 00a4 0000 0006 00000001 0000 0014 00000000 00000002 00000002

2018-02-27 22:03:03 IST 0000000020c00000 000000000a472630 0098 00a4 0000 0006 00000000 0000 0014 00000000 00000001 00000001

2018-02-27 22:04:03 IST 0000000020c00000 0000000008a4a048 0098 00a4 0000 0006 00000001 0000 0014 00000000 00000002 00000002

2018-02-27 22:05:03 IST 0000000020580000 00000000169f3c28 0099 00a4 0000 0006 00000000 0000 0014 00000000 00000001 00000001

2018-02-27 22:06:03 IST 0000000020580000 0000000014c2acb8 0099 00a4 0000 0006 00000000 0000 0014 00000000 00000002 00000002

2018-02-27 22:07:03 IST 0000000020580000 0000000013391ee0 0098 00a4 0000 0006 00000000 0000 0014 00000000 00000001 00000001

2018-02-28 13:09:59 IST 0000000020580000 0000000012812bb0 009a 00a4 0000 0006 00000000 0000 0014 00000000 00000001 00000001

