2018-02-22 13:19:53 IST ---( Start )---
2018-02-22 13:20:52 IST 0000000020e00000 00000000154e4ae0 009d 00a4 0000 0006 00000002 0000 0014 00000000 00000002 00000002

2018-02-22 13:21:52 IST 0000000020e00000 0000000013b18308 009d 00a4 0000 0006 00000000 0000 0014 00000001 00000001 00000001

2018-02-22 13:22:52 IST 0000000020e00000 00000000122aa1d0 009d 00a4 0000 0006 00000001 0000 0014 00000000 00000002 00000002

2018-02-22 13:23:52 IST 0000000020e00000 0000000010556538 009e 00a4 0000 0006 00000000 0000 0014 00000000 00000001 00000001

2018-02-22 13:24:52 IST 0000000020e00000 000000000ec9e3c0 009d 00a4 0000 0006 00000004 0000 0014 00000000 00000002 00000002

2018-02-22 13:25:52 IST 0000000020e00000 000000000d41b128 009d 00a4 0000 0006 00000000 0000 0014 00000000 00000001 00000001

2018-02-22 13:26:52 IST 0000000020e00000 000000000b6d9210 009d 00a4 0000 0006 00000001 0000 0014 00000000 00000002 00000002

2018-02-22 13:27:52 IST 0000000020e00000 0000000009f1b3f0 009e 00a4 0000 0006 00000000 0000 0014 00000000 00000001 00000001

2018-02-22 13:28:52 IST 0000000020e00000 0000000008369168 009e 00a4 0000 0006 00000001 0000 0014 00000000 00000002 00000002

2018-02-22 13:29:52 IST 0000000021b80000 000000001775d0a0 009d 00a4 0000 0006 00000000 0000 0014 00000000 00000001 00000001

2018-02-22 13:30:52 IST 0000000021b80000 0000000015b86c90 009d 00a4 0000 0006 00000000 0000 0014 00000000 00000002 00000002

2018-02-22 13:31:52 IST 0000000021b80000 00000000146adfb0 009e 00a4 0000 0006 00000000 0000 0014 00000000 00000001 00000001

2018-02-22 13:32:52 IST 0000000021b80000 00000000129a96e0 009d 00a4 0000 0006 00000001 0000 0014 00000000 00000002 00000002

2018-02-22 13:33:52 IST 0000000021b80000 000000001120bb50 009d 00a4 0000 0006 00000000 0000 0014 00000000 00000001 00000001

2018-02-22 13:34:52 IST 0000000021b80000 000000000f4d21e0 009d 00a4 0000 0006 00000001 0000 0014 00000000 00000002 00000002

2018-02-22 13:35:52 IST 0000000021b80000 000000000d961af0 009e 00a4 0000 0006 00000000 0000 0014 00000000 00000001 00000001

2018-02-22 13:36:52 IST 0000000021b80000 000000000c195018 009d 00a4 0000 0006 00000000 0000 0014 00000000 00000002 00000002

2018-02-22 13:37:52 IST 0000000021b80000 000000000a621590 009d 00a4 0000 0006 00000000 0000 0014 00000000 00000001 00000001

2018-02-22 13:38:52 IST 0000000021b80000 0000000008a4c9d8 009e 00a4 0000 0006 00000001 0000 0014 00000000 00000002 00000002

2018-02-22 13:39:52 IST 0000000022700000 0000000018782130 009e 00a4 0000 0006 00000000 0000 0014 00000000 00000001 00000001

2018-02-22 13:40:52 IST 0000000022700000 0000000016e6e480 009d 00a4 0000 0006 00000000 0000 0014 00000000 00000002 00000002

2018-02-22 13:41:52 IST 0000000022700000 00000000152f48b0 009d 00a4 0000 0006 00000000 0000 0014 00000000 00000001 00000001

2018-02-22 13:42:52 IST 0000000022700000 0000000013c8b890 009e 00a4 0000 0006 00000000 0000 0014 00000000 00000002 00000002

2018-02-22 13:43:52 IST 0000000022700000 000000001210fa90 009e 00a4 0000 0006 00000000 0000 0014 00000000 00000001 00000001

2018-02-22 13:44:52 IST 0000000022700000 0000000010584ca8 009d 00a4 0000 0006 00000000 0000 0014 00000000 00000002 00000002

2018-02-22 13:45:52 IST 0000000022700000 000000000eca5b80 009d 00a4 0000 0006 00000000 0000 0014 00000000 00000001 00000001

2018-02-22 13:46:52 IST 0000000022700000 000000000d0c8ac8 009e 00a4 0000 0006 00000000 0000 0014 00000000 00000002 00000002

2018-02-22 13:47:52 IST 0000000022700000 000000000b579338 009d 00a4 0000 0006 00000000 0000 0014 00000000 00000001 00000001

2018-02-22 13:48:52 IST 0000000022700000 0000000009c3fd08 009d 00a4 0000 0006 00000000 0000 0014 00000000 00000002 00000002

2018-02-22 13:49:52 IST 0000000022700000 00000000080dccd0 009d 00a4 0000 0006 00000000 0000 0014 00000000 00000001 00000001

2018-02-22 13:50:52 IST 0000000023100000 0000000018a90e78 009e 00a4 0000 0006 00000002 0000 0014 00000000 00000002 00000002

2018-02-22 13:51:52 IST 0000000023100000 0000000017063c90 009d 00a4 0000 0006 00000000 0000 0014 00000000 00000001 00000001

2018-02-22 13:52:52 IST 0000000023100000 0000000015469580 009d 00a4 0000 0006 00000001 0000 0014 00000000 00000002 00000002

2018-02-22 13:53:52 IST 0000000023100000 0000000013c2d810 009d 00a4 0000 0006 00000000 0000 0014 00000000 00000001 00000001

2018-02-22 13:54:52 IST 0000000023100000 000000001202deb0 009e 00a4 0000 0006 00000000 0000 0014 00000000 00000002 00000002

2018-02-22 13:55:52 IST 0000000023100000 000000001081b920 009d 00a4 0000 0006 00000000 0000 0014 00000000 00000001 00000001

2018-02-22 13:56:52 IST 0000000023100000 000000000ef97538 009d 00a4 0000 0006 00000001 0000 0014 00000000 00000002 00000002

2018-02-22 13:57:52 IST 0000000023100000 000000000d1c9fb8 009e 00a4 0000 0006 00000000 0000 0014 00000000 00000001 00000001

2018-02-22 13:58:52 IST 0000000023100000 000000000b943e10 009e 00a4 0000 0006 00000001 0000 0014 00000000 00000002 00000002

2018-02-22 13:59:52 IST 0000000023100000 000000000a132230 009d 00a4 0000 0006 00000000 0000 0014 00000000 00000001 00000001

2018-02-22 14:00:52 IST 0000000023100000 000000000851f8c0 009d 00a4 0000 0006 00000001 0000 0014 00000000 00000002 00000002

2018-02-22 14:01:52 IST 0000000022800000 000000001849dc58 009e 00a4 0000 0006 00000000 0000 0014 00000000 00000001 00000001

2018-02-22 14:02:52 IST 0000000022800000 00000000168ee0e0 009d 00a4 0000 0006 00000000 0000 0014 00000000 00000002 00000002

2018-02-22 14:03:52 IST 0000000022800000 0000000015168da8 009d 00a4 0000 0006 00000000 0000 0014 00000000 00000001 00000001

2018-02-22 14:04:52 IST 0000000022800000 0000000013717460 009d 00a4 0000 0006 00000000 0000 0014 00000000 00000002 00000002

2018-02-22 14:05:52 IST 0000000022800000 0000000011b9bd38 009e 00a4 0000 0006 00000000 0000 0014 00000000 00000001 00000001

2018-02-22 14:06:52 IST 0000000022800000 000000000fff79f0 009d 00a4 0000 0006 00000001 0000 0014 00000000 00000002 00000002

2018-02-22 14:07:52 IST 0000000022800000 000000000e9df6b0 009d 00a4 0000 0006 00000000 0000 0014 00000000 00000001 00000001

2018-02-22 14:08:52 IST 0000000022800000 000000000ce11238 009d 00a4 0000 0006 00000001 0000 0014 00000000 00000002 00000002

2018-02-22 14:09:52 IST 0000000022800000 000000000b2a9808 009e 00a4 0000 0006 00000000 0000 0014 00000000 00000001 00000001

2018-02-22 14:10:52 IST 0000000022800000 000000000987a638 009d 00a4 0000 0006 00000001 0000 0014 00000000 00000002 00000002

2018-02-22 14:11:52 IST 0000000022800000 0000000007d00238 009d 00a4 0000 0006 00000000 0000 0014 00000000 00000001 00000001

2018-02-22 14:12:52 IST 0000000022000000 0000000017684380 009e 00a4 0000 0006 00000001 0000 0014 00000000 00000002 00000002

2018-02-22 14:13:52 IST 0000000022000000 0000000015985160 009e 00a4 0000 0006 00000000 0000 0014 00000000 00000001 00000001

2018-02-22 14:14:52 IST 0000000022000000 000000001417f500 009d 00a4 0000 0006 00000000 0000 0014 00000000 00000002 00000002

2018-02-22 14:15:52 IST 0000000022000000 000000001259df90 009d 00a4 0000 0006 00000000 0000 0014 00000000 00000001 00000001

2018-02-22 14:16:52 IST 0000000022000000 0000000010d9a4c8 009e 00a4 0000 0006 00000001 0000 0014 00000000 00000002 00000002

2018-02-22 14:17:52 IST 0000000022000000 000000000f1b85b0 009e 00a4 0000 0006 00000000 0000 0014 00000000 00000001 00000001

2018-02-22 14:18:52 IST 0000000022000000 000000000d8901a0 009d 00a4 0000 0006 00000000 0000 0014 00000000 00000002 00000002

2018-02-22 14:19:52 IST 0000000021f80000 0000000018933bf0 009d 00a4 0000 0006 00000000 0000 0014 00000000 00000001 00000001

2018-02-22 14:20:52 IST 0000000021f80000 0000000017091208 009e 00a4 0000 0006 00000001 0000 0014 00000000 00000002 00000002

2018-02-22 14:21:52 IST 0000000021f80000 000000001575ce80 009e 00a4 0000 0006 00000000 0000 0014 00000000 00000001 00000001

2018-02-22 14:22:52 IST 0000000021f80000 0000000013deee00 009d 00a4 0000 0006 00000001 0000 0014 00000000 00000002 00000002

2018-02-22 14:23:52 IST 0000000021f80000 0000000012167650 009d 00a4 0000 0006 00000000 0000 0014 00000000 00000001 00000001

2018-02-22 14:24:52 IST 0000000021f80000 00000000107f4ae8 009e 00a4 0000 0006 00000000 0000 0014 00000000 00000002 00000002

2018-02-22 14:25:52 IST 0000000021f80000 000000000ee20500 009d 00a4 0000 0006 00000000 0000 0014 00000000 00000001 00000001

2018-02-22 14:26:52 IST 0000000021f80000 000000000d052098 009d 00a4 0000 0006 00000000 0000 0014 00000000 00000002 00000002

2018-02-22 14:27:52 IST 0000000021f80000 000000000b809d58 009d 00a4 0000 0006 00000000 0000 0014 00000000 00000001 00000001

2018-02-22 14:28:52 IST 0000000021f80000 0000000009e93930 009e 00a4 0000 0006 00000001 0000 0014 00000000 00000002 00000002

2018-02-22 14:29:52 IST 0000000021f80000 000000000857efe8 009d 00a4 0000 0006 00000000 0000 0014 00000000 00000001 00000001

2018-02-22 14:30:52 IST 0000000022480000 00000000182d19a8 009d 00a4 0000 0006 00000001 0000 0014 00000000 00000002 00000002

2018-02-22 14:31:52 IST 0000000022480000 00000000168e2d90 009e 00a4 0000 0006 00000000 0000 0014 00000000 00000001 00000001

2018-02-22 14:32:52 IST 0000000022480000 0000000014dc68c8 009e 00a4 0000 0006 00000000 0000 0014 00000000 00000002 00000002

2018-02-22 14:33:52 IST 0000000022480000 00000000133f8538 009d 00a4 0000 0006 00000000 0000 0014 00000000 00000001 00000001

2018-02-22 14:34:52 IST 0000000022480000 00000000119cc9b0 009d 00a4 0000 0006 00000000 0000 0014 00000000 00000002 00000002

2018-02-22 14:35:52 IST 0000000022480000 000000000ffdc3d0 009e 00a4 0000 0006 00000000 0000 0014 00000000 00000001 00000001

2018-02-22 14:36:52 IST 0000000022480000 000000000e563ef0 009e 00a4 0000 0006 00000000 0000 0014 00000000 00000002 00000002

2018-02-22 14:37:52 IST 0000000022480000 000000000cb992f8 009d 00a4 0000 0006 00000000 0000 0014 00000000 00000001 00000001

2018-02-22 14:38:52 IST 0000000022480000 000000000b14eb80 009d 00a4 0000 0006 00000000 0000 0014 00000000 00000002 00000002

2018-02-22 14:39:52 IST 0000000022480000 00000000097752b0 009e 00a4 0000 0006 00000000 0000 0014 00000000 00000001 00000001

2018-02-22 14:40:52 IST 0000000022480000 0000000007c81b18 009d 00a4 0000 0006 00000000 0000 0014 00000000 00000002 00000002

2018-02-22 14:41:52 IST 0000000022780000 0000000017aea6f8 009d 00a4 0000 0006 00000000 0000 0014 00000000 00000001 00000001

2018-02-22 14:42:52 IST 0000000022780000 000000001601a320 009d 00a4 0000 0006 00000001 0000 0014 00000000 00000002 00000002

2018-02-22 14:43:52 IST 0000000022780000 0000000014507f28 009e 00a4 0000 0006 00000000 0000 0014 00000000 00000001 00000001

2018-02-22 14:44:52 IST 0000000022780000 0000000012a5ba38 009d 00a4 0000 0006 00000000 0000 0014 00000000 00000002 00000002

2018-02-22 14:45:52 IST 0000000022780000 0000000010f33a48 009d 00a4 0000 0006 00000000 0000 0014 00000000 00000001 00000001

2018-02-22 14:46:52 IST 0000000022780000 000000000f47b2b0 009d 00a4 0000 0006 00000001 0000 0014 00000000 00000002 00000002

2018-02-22 14:47:52 IST 0000000022780000 000000000ddf9538 009e 00a4 0000 0006 00000000 0000 0014 00000000 00000001 00000001

2018-02-22 14:48:52 IST 0000000022780000 000000000c348c80 009d 00a4 0000 0006 00000001 0000 0014 00000000 00000002 00000002

2018-02-22 14:49:52 IST 0000000022780000 000000000a8339f0 009d 00a4 0000 0006 00000000 0000 0014 00000000 00000001 00000001

2018-02-22 14:50:52 IST 0000000022780000 0000000008d6dd80 009e 00a4 0000 0006 00000000 0000 0014 00000000 00000002 00000002

2018-02-22 14:51:52 IST 0000000021f80000 000000001839b320 009e 00a4 0000 0006 00000000 0000 0014 00000000 00000001 00000001

2018-02-22 14:52:52 IST 0000000021f80000 0000000016d7c3e8 009d 00a4 0000 0006 00000000 0000 0014 00000000 00000002 00000002

2018-02-22 14:53:52 IST 0000000021f80000 000000001530b840 009d 00a4 0000 0006 00000000 0000 0014 00000000 00000001 00000001

2018-02-22 14:54:52 IST 0000000021f80000 0000000013848528 009e 00a4 0000 0006 00000000 0000 0014 00000000 00000002 00000002

2018-02-22 14:55:52 IST 0000000021f80000 0000000011dd6780 009e 00a4 0000 0006 00000000 0000 0014 00000000 00000001 00000001

2018-02-22 14:56:52 IST 0000000021f80000 0000000010327268 009d 00a4 0000 0006 00000001 0000 0014 00000000 00000002 00000002

2018-02-22 14:57:52 IST 0000000021f80000 000000000e8b89d8 009d 00a4 0000 0006 00000000 0000 0014 00000000 00000001 00000001

2018-02-22 14:58:52 IST 0000000021f80000 000000000cdf3a50 009e 00a4 0000 0006 00000000 0000 0014 00000000 00000002 00000002

2018-02-22 14:59:52 IST 0000000021f80000 000000000b3a07e0 009d 00a4 0000 0006 00000000 0000 0014 00000000 00000001 00000001

2018-02-22 15:00:52 IST 0000000021f80000 00000000098f01c8 009d 00a4 0000 0006 00000001 0000 0014 00000000 00000002 00000002

2018-02-22 15:01:52 IST 0000000021f80000 0000000007e80240 009d 00a4 0000 0006 00000000 0000 0014 00000000 00000001 00000001

2018-02-22 15:02:52 IST 0000000021700000 0000000017479a58 009e 00a4 0000 0006 00000001 0000 0014 00000000 00000002 00000002

2018-02-22 15:03:52 IST 0000000021700000 0000000015a52198 009d 00a4 0000 0006 00000000 0000 0014 00000000 00000001 00000001

2018-02-22 15:04:52 IST 0000000021700000 0000000014043198 009d 00a4 0000 0006 00000001 0000 0014 00000000 00000002 00000002

2018-02-22 15:05:52 IST 0000000021700000 0000000012b06de8 009e 00a4 0000 0006 00000000 0000 0014 00000000 00000001 00000001

2018-02-22 15:06:52 IST 0000000021700000 0000000011059428 009d 00a4 0000 0006 00000001 0000 0014 00000000 00000002 00000002

2018-02-22 15:07:52 IST 0000000021700000 000000000f6a20b8 009d 00a4 0000 0006 00000000 0000 0014 00000000 00000001 00000001

2018-02-22 15:08:52 IST 0000000021700000 000000000dc92920 009d 00a4 0000 0006 00000000 0000 0014 00000000 00000002 00000002

2018-02-22 15:09:52 IST 0000000021700000 000000000c248e70 009e 00a4 0000 0006 00000000 0000 0014 00000000 00000001 00000001

2018-02-22 15:10:52 IST 0000000021700000 000000000a3da010 009d 00a4 0000 0006 00000001 0000 0014 00000000 00000002 00000002

2018-02-22 15:11:52 IST 0000000021700000 0000000008e9f338 009d 00a4 0000 0006 00000000 0000 0014 00000000 00000001 00000001

2018-02-22 15:12:52 IST 0000000021000000 00000000173f4780 009e 00a4 0000 0006 00000001 0000 0014 00000000 00000002 00000002

2018-02-22 15:13:52 IST 0000000021000000 0000000015a7d550 009e 00a4 0000 0006 00000000 0000 0014 00000000 00000001 00000001

2018-02-22 15:14:52 IST 0000000021000000 00000000141569e8 009d 00a4 0000 0006 00000000 0000 0014 00000000 00000002 00000002

2018-02-22 15:15:52 IST 0000000021000000 00000000127e0bb8 009d 00a4 0000 0006 00000000 0000 0014 00000000 00000001 00000001

2018-02-22 15:16:52 IST 0000000021000000 0000000010e9ade8 009e 00a4 0000 0006 00000001 0000 0014 00000000 00000002 00000002

2018-02-22 15:17:52 IST 0000000021000000 000000000f5416e0 009d 00a4 0000 0006 00000000 0000 0014 00000000 00000001 00000001

2018-02-22 15:18:52 IST 0000000021000000 000000000d718300 009d 00a4 0000 0006 00000001 0000 0014 00000000 00000002 00000002

2018-02-22 15:19:52 IST 0000000020f80000 0000000017988c70 009d 00a4 0000 0006 00000000 0000 0014 00000000 00000001 00000001

2018-02-22 15:20:52 IST 0000000020f80000 0000000015fbcb10 009e 00a4 0000 0006 00000000 0000 0014 00000000 00000002 00000002

2018-02-22 15:21:52 IST 0000000020f80000 00000000146ed990 009d 00a4 0000 0006 00000000 0000 0014 00000000 00000001 00000001

2018-02-22 15:22:52 IST 0000000020f80000 0000000012d287c0 009d 00a4 0000 0006 00000001 0000 0014 00000000 00000002 00000002

2018-02-22 15:23:52 IST 0000000020f80000 00000000113ba8a0 009e 00a4 0000 0006 00000000 0000 0014 00000000 00000001 00000001

2018-02-22 15:24:52 IST 0000000020f80000 000000000fa7eb28 009e 00a4 0000 0006 00000001 0000 0014 00000000 00000002 00000002

2018-02-22 15:25:52 IST 0000000020f80000 000000000dcd39b0 009d 00a4 0000 0006 00000000 0000 0014 00000000 00000001 00000001

2018-02-22 15:26:52 IST 0000000020f80000 000000000c30da40 009d 00a4 0000 0006 00000000 0000 0014 00000000 00000002 00000002

2018-02-22 15:27:52 IST 0000000020f80000 000000000a9a0808 009e 00a4 0000 0006 00000000 0000 0014 00000000 00000001 00000001

2018-02-22 15:28:52 IST 0000000020f80000 0000000009073fe0 009e 00a4 0000 0006 00000001 0000 0014 00000000 00000002 00000002

2018-02-22 15:29:52 IST 0000000021180000 0000000017b1c2d0 009d 00a4 0000 0006 00000000 0000 0014 00000000 00000001 00000001

2018-02-22 15:30:52 IST 0000000021180000 000000001610bfd8 009d 00a4 0000 0006 00000001 0000 0014 00000000 00000002 00000002

2018-02-22 15:31:52 IST 0000000021180000 00000000147622d8 009e 00a4 0000 0006 00000000 0000 0014 00000000 00000001 00000001

2018-02-22 15:32:52 IST 0000000021180000 0000000012d57d50 009e 00a4 0000 0006 00000000 0000 0014 00000000 00000002 00000002

2018-02-22 15:33:52 IST 0000000021180000 0000000010f5a768 009d 00a4 0000 0006 00000000 0000 0014 00000000 00000001 00000001

2018-02-22 15:34:52 IST 0000000021180000 000000000fa42740 009d 00a4 0000 0006 00000001 0000 0014 00000000 00000002 00000002

2018-02-22 15:35:52 IST 0000000021180000 000000000dc28338 009e 00a4 0000 0006 00000000 0000 0014 00000000 00000001 00000001

2018-02-22 15:36:52 IST 0000000021180000 000000000c20f5c8 009d 00a4 0000 0006 00000000 0000 0014 00000000 00000002 00000002

2018-02-22 15:37:52 IST 0000000021180000 000000000a8639e8 009d 00a4 0000 0006 00000000 0000 0014 00000000 00000001 00000001

2018-02-22 15:38:52 IST 0000000021180000 0000000008e5a310 009d 00a4 0000 0006 00000001 0000 0014 00000000 00000002 00000002

2018-02-22 15:39:52 IST 0000000020980000 0000000016dcb078 009e 00a4 0000 0006 00000000 0000 0014 00000000 00000001 00000001

2018-02-22 15:40:52 IST 0000000020980000 00000000154a09a8 009d 00a4 0000 0006 00000001 0000 0014 00000000 00000002 00000002

2018-02-22 15:41:52 IST 0000000020980000 0000000013bb6a90 009d 00a4 0000 0006 00000000 0000 0014 00000000 00000001 00000001

2018-02-22 15:42:52 IST 0000000020980000 00000000122646b8 009d 00a4 0000 0006 00000001 0000 0014 00000000 00000002 00000002

2018-02-22 15:43:52 IST 0000000020980000 000000001052fc38 009e 00a4 0000 0006 00000000 0000 0014 00000000 00000001 00000001

2018-02-22 15:44:52 IST 0000000020980000 000000000ec0b480 009d 00a4 0000 0006 00000000 0000 0014 00000000 00000002 00000002

2018-02-22 15:45:52 IST 0000000020980000 000000000d31ef80 009d 00a4 0000 0006 00000000 0000 0014 00000000 00000001 00000001

2018-02-22 15:46:52 IST 0000000020980000 000000000b9cc290 009e 00a4 0000 0006 00000001 0000 0014 00000000 00000002 00000002

2018-02-22 15:47:52 IST 0000000020980000 0000000009c9ad68 009e 00a4 0000 0006 00000000 0000 0014 00000000 00000001 00000001

2018-02-22 15:48:52 IST 0000000020980000 0000000008371920 009d 00a4 0000 0006 00000001 0000 0014 00000000 00000002 00000002

2018-02-22 15:49:52 IST 0000000020300000 0000000015e03580 009d 00a4 0000 0006 00000000 0000 0014 00000000 00000001 00000001

2018-02-22 15:50:52 IST 0000000020300000 0000000014138a20 009e 00a4 0000 0006 00000000 0000 0014 00000000 00000002 00000002

2018-02-22 15:51:52 IST 0000000020300000 0000000012882c60 009e 00a4 0000 0006 00000000 0000 0014 00000000 00000001 00000001

2018-02-22 15:52:52 IST 0000000020300000 0000000010fed7a8 009d 00a4 0000 0006 00000001 0000 0014 00000000 00000002 00000002

2018-02-22 15:53:52 IST 0000000020300000 000000000f37ccc0 009d 00a4 0000 0006 00000000 0000 0014 00000000 00000001 00000001

2018-02-22 15:54:52 IST 0000000020300000 000000000dae3ca8 009e 00a4 0000 0006 00000001 0000 0014 00000000 00000002 00000002

2018-02-22 15:55:52 IST 0000000020300000 000000000c22ec48 009d 00a4 0000 0006 00000000 0000 0014 00000000 00000001 00000001

2018-02-22 15:56:52 IST 0000000020300000 000000000a565868 009d 00a4 0000 0006 00000001 0000 0014 00000000 00000002 00000002

2018-02-22 15:57:52 IST 0000000020300000 0000000008d24888 009d 00a4 0000 0006 00000000 0000 0014 00000000 00000001 00000001

2018-02-22 15:58:52 IST 000000001fb80000 0000000015f78200 009e 00a4 0000 0006 00000001 0000 0014 00000000 00000002 00000002

2018-02-22 15:59:52 IST 000000001fb80000 00000000143e51d8 009d 00a4 0000 0006 00000000 0000 0014 00000000 00000001 00000001

2018-02-22 16:00:52 IST 000000001fb80000 0000000012b8d428 009d 00a4 0000 0006 00000001 0000 0014 00000000 00000002 00000002

2018-02-22 16:01:52 IST 000000001fb80000 0000000010fdc4c0 009e 00a4 0000 0006 00000000 0000 0014 00000000 00000001 00000001

2018-02-22 16:02:52 IST 000000001fb80000 000000000f3e5348 009e 00a4 0000 0006 00000000 0000 0014 00000000 00000002 00000002

2018-02-22 16:03:52 IST 000000001fb80000 000000000dbed5e0 009d 00a4 0000 0006 00000000 0000 0014 00000000 00000001 00000001

2018-02-22 16:04:52 IST 000000001fb80000 000000000bff7d78 009d 00a4 0000 0006 00000001 0000 0014 00000000 00000002 00000002

2018-02-22 16:05:52 IST 000000001fb80000 000000000a7e14a0 009e 00a4 0000 0006 00000000 0000 0014 00000000 00000001 00000001

2018-02-22 16:06:52 IST 000000001fb80000 0000000008bab8c8 009e 00a4 0000 0006 00000000 0000 0014 00000000 00000002 00000002

2018-02-22 16:07:52 IST 000000001f580000 0000000015aa7308 009d 00a4 0000 0006 00000000 0000 0014 00000000 00000001 00000001

2018-02-22 16:08:52 IST 000000001f580000 0000000013ee6428 009d 00a4 0000 0006 00000000 0000 0014 00000000 00000002 00000002

2018-02-22 16:09:52 IST 000000001f580000 00000000127e43b0 009e 00a4 0000 0006 00000000 0000 0014 00000000 00000001 00000001

2018-02-22 16:10:52 IST 000000001f580000 0000000010c56f30 009d 00a4 0000 0006 00000001 0000 0014 00000000 00000002 00000002

2018-02-22 16:11:52 IST 000000001f580000 000000000f0ef2f0 009d 00a4 0000 0006 00000000 0000 0014 00000000 00000001 00000001

2018-02-22 16:12:52 IST 000000001f580000 000000000d9963a8 009d 00a4 0000 0006 00000001 0000 0014 00000000 00000002 00000002

2018-02-22 16:13:52 IST 000000001f580000 000000000be492d8 009e 00a4 0000 0006 00000000 0000 0014 00000000 00000001 00000001

2018-02-22 16:14:52 IST 000000001f580000 000000000a316340 009d 00a4 0000 0006 00000001 0000 0014 00000000 00000002 00000002

2018-02-22 16:15:52 IST 000000001f580000 0000000008ba4bd0 009d 00a4 0000 0006 00000000 0000 0014 00000000 00000001 00000001

2018-02-22 16:16:52 IST 000000001ef00000 0000000014f9ddd8 009d 00a4 0000 0006 00000001 0000 0014 00000000 00000002 00000002

2018-02-22 16:17:52 IST 000000001ef00000 00000000134df8b0 009e 00a4 0000 0006 00000000 0000 0014 00000000 00000001 00000001

2018-02-22 16:18:52 IST 000000001ef00000 0000000011a4f838 009d 00a4 0000 0006 00000001 0000 0014 00000000 00000002 00000002

2018-02-22 16:19:52 IST 000000001ef80000 0000000015a42618 009d 00a4 0000 0006 00000000 0000 0014 00000000 00000001 00000001

2018-02-22 16:20:52 IST 000000001ef80000 0000000013f29ff0 009e 00a4 0000 0006 00000001 0000 0014 00000000 00000002 00000002

2018-02-22 16:21:52 IST 000000001ef80000 00000000128b4480 009e 00a4 0000 0006 00000000 0000 0014 00000000 00000001 00000001

2018-02-22 16:22:52 IST 000000001ef80000 0000000010db3e78 009d 00a4 0000 0006 00000000 0000 0014 00000000 00000002 00000002

2018-02-22 16:23:52 IST 000000001ef80000 000000000f2f6d18 009d 00a4 0000 0006 00000000 0000 0014 00000000 00000001 00000001

2018-02-22 16:24:52 IST 000000001ef80000 000000000d7f5fb8 009e 00a4 0000 0006 00000001 0000 0014 00000000 00000002 00000002

2018-02-22 16:25:52 IST 000000001ef80000 000000000c19b548 009d 00a4 0000 0006 00000000 0000 0014 00000000 00000001 00000001

2018-02-22 16:26:52 IST 000000001ef80000 000000000a683438 009d 00a4 0000 0006 00000000 0000 0014 00000000 00000002 00000002

2018-02-22 16:27:52 IST 000000001ef80000 0000000008bc4f70 009d 00a4 0000 0006 00000000 0000 0014 00000000 00000001 00000001

2018-02-22 16:28:52 IST 000000001ef80000 000000001503f8e8 009f 00a4 0000 0006 00000001 0000 0014 00000000 00000002 00000002

2018-02-22 16:29:52 IST 000000001ef80000 00000000139d96d8 009d 00a4 0000 0006 00000000 0000 0014 00000000 00000001 00000001

2018-02-22 16:30:52 IST 000000001ef80000 0000000011eb77f8 009d 00a4 0000 0006 00000001 0000 0014 00000000 00000002 00000002

2018-02-22 16:31:52 IST 000000001ef80000 00000000103e8bc0 009d 00a4 0000 0006 00000000 0000 0014 00000000 00000001 00000001

2018-02-22 16:32:52 IST 000000001ef80000 000000000e8bd890 009e 00a4 0000 0006 00000000 0000 0014 00000000 00000002 00000002

2018-02-22 16:33:52 IST 000000001ef80000 000000000ce10d38 009d 00a4 0000 0006 00000000 0000 0014 00000000 00000001 00000001

2018-02-22 16:34:52 IST 000000001ef80000 000000000b738ce0 009d 00a4 0000 0006 00000000 0000 0014 00000000 00000002 00000002

2018-02-22 16:35:52 IST 000000001ef80000 0000000009c6b580 009e 00a4 0000 0006 00000000 0000 0014 00000000 00000001 00000001

2018-02-22 16:36:52 IST 000000001ef80000 000000000811cc20 009e 00a4 0000 0006 00000001 0000 0014 00000000 00000002 00000002

2018-02-22 16:37:52 IST 000000001f080000 00000000148c87c0 009d 00a4 0000 0006 00000000 0000 0014 00000000 00000001 00000001

2018-02-22 16:38:52 IST 000000001f080000 000000001316ce60 009d 00a4 0000 0006 00000001 0000 0014 00000000 00000002 00000002

2018-02-22 16:39:52 IST 000000001f080000 00000000116fd450 009e 00a4 0000 0006 00000000 0000 0014 00000000 00000001 00000001

2018-02-22 16:40:52 IST 000000001f080000 000000000fbe5450 009d 00a4 0000 0006 00000001 0000 0014 00000000 00000002 00000002

2018-02-22 16:41:52 IST 000000001f080000 000000000e1188b0 009d 00a4 0000 0006 00000000 0000 0014 00000000 00000001 00000001

2018-02-22 16:42:52 IST 000000001f080000 000000000c9c5e50 009d 00a4 0000 0006 00000000 0000 0014 00000000 00000002 00000002

2018-02-22 16:43:52 IST 000000001f080000 000000000aee9900 009e 00a4 0000 0006 00000000 0000 0014 00000000 00000001 00000001

2018-02-22 16:44:52 IST 000000001f080000 00000000094385c0 009d 00a4 0000 0006 00000001 0000 0014 00000000 00000002 00000002

2018-02-22 16:45:52 IST 000000001ea00000 000000001547ab48 009d 00a4 0000 0006 00000000 0000 0014 00000000 00000001 00000001

2018-02-22 16:46:52 IST 000000001ea00000 00000000139ec2b0 009e 00a4 0000 0006 00000000 0000 0014 00000000 00000002 00000002

2018-02-22 16:47:52 IST 000000001ea00000 0000000011fbeac8 009e 00a4 0000 0006 00000000 0000 0014 00000000 00000001 00000001

2018-02-22 16:48:52 IST 000000001ea00000 000000001091b380 009d 00a4 0000 0006 00000001 0000 0014 00000000 00000002 00000002

2018-02-22 16:49:52 IST 000000001ea00000 000000000eeed3e0 009d 00a4 0000 0006 00000000 0000 0014 00000000 00000001 00000001

2018-02-22 16:50:52 IST 000000001ea00000 000000000d4caf88 009e 00a4 0000 0006 00000001 0000 0014 00000000 00000002 00000002

2018-02-22 16:51:52 IST 000000001ea00000 000000000ba9d1c8 009e 00a4 0000 0006 00000000 0000 0014 00000000 00000001 00000001

2018-02-22 16:52:52 IST 000000001ea00000 000000000a0439b0 009d 00a4 0000 0006 00000001 0000 0014 00000000 00000002 00000002

2018-02-22 16:53:52 IST 000000001ea00000 0000000008616120 009d 00a4 0000 0006 00000000 0000 0014 00000000 00000001 00000001

2018-02-22 16:54:52 IST 000000001e480000 0000000014556c38 009e 00a4 0000 0006 00000000 0000 0014 00000000 00000002 00000002

2018-02-22 16:55:52 IST 000000001e480000 00000000128423c0 009d 00a4 0000 0006 00000000 0000 0014 00000000 00000001 00000001

2018-02-22 16:56:52 IST 000000001e480000 0000000010e6cd00 009d 00a4 0000 0006 00000001 0000 0014 00000000 00000002 00000002

2018-02-22 16:57:52 IST 000000001e480000 000000000f4f07f0 009d 00a4 0000 0006 00000000 0000 0014 00000000 00000001 00000001

2018-02-22 16:58:52 IST 000000001e480000 000000000db1a730 009e 00a4 0000 0006 00000001 0000 0014 00000000 00000002 00000002

2018-02-22 16:59:52 IST 000000001e480000 000000000c1a3990 009d 00a4 0000 0006 00000000 0000 0014 00000000 00000001 00000001

2018-02-22 17:00:52 IST 000000001e480000 000000000a7ce038 009d 00a4 0000 0006 00000001 0000 0014 00000000 00000002 00000002

2018-02-22 17:01:52 IST 000000001e480000 0000000008e51898 009d 00a4 0000 0006 00000000 0000 0014 00000000 00000001 00000001

2018-02-22 17:02:52 IST 000000001de80000 000000001446bf68 009e 00a4 0000 0006 00000000 0000 0014 00000000 00000002 00000002

2018-02-22 17:03:52 IST 000000001de80000 0000000012b3c4c0 009d 00a4 0000 0006 00000000 0000 0014 00000000 00000001 00000001

2018-02-22 17:04:52 IST 000000001de80000 0000000010e57260 009d 00a4 0000 0006 00000000 0000 0014 00000000 00000002 00000002

2018-02-22 17:05:52 IST 000000001de80000 000000000f573408 009e 00a4 0000 0006 00000000 0000 0014 00000000 00000001 00000001

2018-02-22 17:06:52 IST 000000001de80000 000000000dc0f5c0 009e 00a4 0000 0006 00000001 0000 0014 00000000 00000002 00000002

2018-02-22 17:07:52 IST 000000001de80000 000000000c2cfc28 009d 00a4 0000 0006 00000000 0000 0014 00000000 00000001 00000001

2018-02-22 17:08:52 IST 000000001de80000 000000000a5f9e50 009d 00a4 0000 0006 00000000 0000 0014 00000000 00000002 00000002

2018-02-22 17:09:52 IST 000000001de80000 0000000008d13650 009e 00a4 0000 0006 00000000 0000 0014 00000000 00000001 00000001

2018-02-22 17:10:52 IST 000000001d980000 0000000013fbfd90 009d 00a4 0000 0006 00000001 0000 0014 00000000 00000002 00000002

2018-02-22 17:11:52 IST 000000001d980000 000000001277a328 009d 00a4 0000 0006 00000000 0000 0014 00000000 00000001 00000001

2018-02-22 17:12:52 IST 000000001d980000 0000000010aec278 009d 00a4 0000 0006 00000000 0000 0014 00000000 00000002 00000002

2018-02-22 17:13:52 IST 000000001d980000 000000000f2ae098 009e 00a4 0000 0006 00000000 0000 0014 00000000 00000001 00000001

2018-02-22 17:14:52 IST 000000001d980000 000000000da1ab78 009d 00a4 0000 0006 00000000 0000 0014 00000000 00000002 00000002

2018-02-22 17:15:52 IST 000000001d980000 000000000bdf5f38 009d 00a4 0000 0006 00000000 0000 0014 00000000 00000001 00000001

2018-02-22 17:16:52 IST 000000001d980000 000000000a54ab48 009d 00a4 0000 0006 00000001 0000 0014 00000000 00000002 00000002

2018-02-22 17:17:52 IST 000000001d980000 0000000008921b70 009e 00a4 0000 0006 00000000 0000 0014 00000000 00000001 00000001

2018-02-22 17:18:52 IST 000000001d400000 0000000013652c08 009d 00a4 0000 0006 00000000 0000 0014 00000000 00000002 00000002

2018-02-22 17:19:52 IST 000000001d480000 0000000013fccb98 009d 00a4 0000 0006 00000000 0000 0014 00000000 00000001 00000001

2018-02-22 17:20:52 IST 000000001d480000 00000000127ab280 009e 00a4 0000 0006 00000001 0000 0014 00000000 00000002 00000002

2018-02-22 17:21:52 IST 000000001d480000 0000000010c18108 009e 00a4 0000 0006 00000000 0000 0014 00000000 00000001 00000001

2018-02-22 17:22:52 IST 000000001d480000 000000000f3bfc08 009d 00a4 0000 0006 00000001 0000 0014 00000000 00000002 00000002

2018-02-22 17:23:52 IST 000000001d480000 000000000d890738 009d 00a4 0000 0006 00000000 0000 0014 00000000 00000001 00000001

2018-02-22 17:24:52 IST 000000001d480000 000000000c024070 009e 00a4 0000 0006 00000001 0000 0014 00000000 00000002 00000002

2018-02-22 17:25:52 IST 000000001d480000 000000000a4f4e68 009e 00a4 0000 0006 00000000 0000 0014 00000000 00000001 00000001

2018-02-22 17:26:52 IST 000000001d480000 0000000008933ef0 009d 00a4 0000 0006 00000001 0000 0014 00000000 00000002 00000002

2018-02-22 17:27:52 IST 000000001d480000 0000000013724bb8 009d 00a4 0000 0006 00000000 0000 0014 00000000 00000001 00000001

2018-02-22 17:28:52 IST 000000001d480000 0000000011e93ee8 009e 00a4 0000 0006 00000001 0000 0014 00000000 00000002 00000002

2018-02-22 17:29:52 IST 000000001d480000 000000001036eed0 009d 00a4 0000 0006 00000000 0000 0014 00000000 00000001 00000001

2018-02-22 17:30:52 IST 000000001d480000 000000000e775890 009d 00a4 0000 0006 00000001 0000 0014 00000000 00000002 00000002

2018-02-22 17:31:52 IST 000000001d480000 000000000cf9c1d8 009b 00a4 0000 0006 00000000 0000 0014 00000000 00000001 00000001

2018-02-22 17:32:52 IST 000000001d480000 000000000b3ac5f0 009c 00a4 0000 0006 00000001 0000 0014 00000000 00000002 00000002

2018-02-22 17:33:52 IST 000000001d480000 0000000009bf4cd8 009b 00a4 0000 0006 00000000 0000 0014 00000000 00000001 00000001

2018-02-22 17:34:52 IST 000000001d480000 0000000007fff0f8 009b 00a4 0000 0006 00000001 0000 0014 00000000 00000002 00000002

2018-02-22 17:35:52 IST 000000001d580000 0000000013042050 009b 00a4 0000 0006 00000000 0000 0014 00000000 00000001 00000001

2018-02-22 17:36:53 IST 000000001d580000 00000000114076e0 009c 00a4 0000 0006 00000001 0000 0014 00000000 00000002 00000002

2018-02-22 17:37:52 IST 000000001d580000 000000000fc4c738 009b 00a4 0000 0006 00000000 0000 0014 00000000 00000001 00000001

2018-02-22 17:38:52 IST 000000001d580000 000000000e03a980 009b 00a4 0000 0006 00000001 0000 0014 00000000 00000002 00000002

2018-02-22 17:39:52 IST 000000001d580000 000000000c805d40 009c 00a4 0000 0006 00000000 0000 0014 00000000 00000001 00000001

2018-02-22 17:40:52 IST 000000001d580000 000000000ac5ac60 009c 00a4 0000 0006 00000000 0000 0014 00000000 00000002 00000002

2018-02-22 17:41:52 IST 000000001d580000 0000000009440e70 009b 00a4 0000 0006 00000000 0000 0014 00000000 00000001 00000001

2018-02-22 17:42:52 IST 000000001d000000 0000000013ad9128 009b 00a4 0000 0006 00000001 0000 0014 00000000 00000002 00000002

2018-02-22 17:43:52 IST 000000001d000000 0000000011fc6030 009c 00a4 0000 0006 00000000 0000 0014 00000000 00000001 00000001

2018-02-22 17:44:52 IST 000000001d000000 000000001082d8f0 009b 00a4 0000 0006 00000001 0000 0014 00000000 00000002 00000002

2018-02-22 17:45:52 IST 000000001d000000 000000000ed30268 009b 00a4 0000 0006 00000000 0000 0014 00000000 00000001 00000001

2018-02-22 17:46:52 IST 000000001d000000 000000000d5281f0 009b 00a4 0000 0006 00000000 0000 0014 00000000 00000002 00000002

2018-02-22 17:47:52 IST 000000001d000000 000000000ba827d8 009c 00a4 0000 0006 00000000 0000 0014 00000000 00000001 00000001

2018-02-22 17:48:52 IST 000000001d000000 0000000009f333f8 009b 00a4 0000 0006 00000001 0000 0014 00000000 00000002 00000002

2018-02-22 17:49:52 IST 000000001d000000 000000000877b0f8 009b 00a4 0000 0006 00000000 0000 0014 00000000 00000001 00000001

2018-02-22 17:50:52 IST 000000001cb80000 0000000012aa4a98 009b 00a4 0000 0006 00000001 0000 0014 00000000 00000002 00000002

2018-02-22 17:51:52 IST 000000001cb80000 0000000011041a50 009c 00a4 0000 0006 00000000 0000 0014 00000000 00000001 00000001

2018-02-22 17:52:52 IST 000000001cb80000 000000000f8e04c0 009b 00a4 0000 0006 00000001 0000 0014 00000000 00000002 00000002

2018-02-22 17:53:52 IST 000000001cb80000 000000000de7e608 009b 00a4 0000 0006 00000000 0000 0014 00000000 00000001 00000001

2018-02-22 17:54:52 IST 000000001cb80000 000000000c3be8f0 009c 00a4 0000 0006 00000001 0000 0014 00000000 00000002 00000002

2018-02-22 17:55:52 IST 000000001cb80000 000000000a9bc148 009c 00a4 0000 0006 00000000 0000 0014 00000000 00000001 00000001

2018-02-22 17:56:52 IST 000000001cb80000 0000000008f17198 009b 00a4 0000 0006 00000000 0000 0014 00000000 00000002 00000002

2018-02-22 17:57:52 IST 000000001c680000 0000000012d82b10 009b 00a4 0000 0006 00000000 0000 0014 00000000 00000001 00000001

2018-02-22 17:58:52 IST 000000001c680000 0000000011358c90 009c 00a4 0000 0006 00000001 0000 0014 00000000 00000002 00000002

2018-02-22 17:59:52 IST 000000001c680000 000000000f99f128 009b 00a4 0000 0006 00000000 0000 0014 00000000 00000001 00000001

2018-02-22 18:00:52 IST 000000001c680000 000000000df804e8 009b 00a4 0000 0006 00000001 0000 0014 00000000 00000002 00000002

2018-02-22 18:01:53 IST 000000001c680000 000000000c5afd18 009b 00a4 0000 0006 00000000 0000 0014 00000000 00000001 00000001

2018-02-22 18:02:53 IST 000000001c680000 000000000ab7e110 009c 00a4 0000 0006 00000001 0000 0014 00000000 00000002 00000002

2018-02-22 18:03:53 IST 000000001c680000 00000000091c93e0 009b 00a4 0000 0006 00000000 0000 0014 00000000 00000001 00000001

2018-02-22 18:04:53 IST 000000001c280000 0000000012db8710 009b 00a4 0000 0006 00000001 0000 0014 00000000 00000002 00000002

2018-02-22 18:05:53 IST 000000001c280000 000000001146daf0 009c 00a4 0000 0006 00000000 0000 0014 00000000 00000001 00000001

2018-02-22 18:06:53 IST 000000001c280000 000000000fab2e40 009b 00a4 0000 0006 00000000 0000 0014 00000000 00000002 00000002

2018-02-22 18:07:53 IST 000000001c280000 000000000e191778 009a 00a4 0000 0006 00000000 0000 0014 00000000 00000001 00000001

2018-02-22 18:08:53 IST 000000001c280000 000000000c7ac7d0 009a 00a4 0000 0006 00000001 0000 0014 00000000 00000002 00000002

2018-02-22 18:09:53 IST 000000001c280000 000000000ab54f60 009b 00a4 0000 0006 00000000 0000 0014 00000000 00000001 00000001

2018-02-22 18:10:53 IST 000000001c280000 00000000091c5a90 009b 00a4 0000 0006 00000000 0000 0014 00000000 00000002 00000002

2018-02-22 18:11:53 IST 000000001be00000 0000000012948f58 009a 00a4 0000 0006 00000000 0000 0014 00000000 00000001 00000001

2018-02-22 18:12:53 IST 000000001be00000 0000000010fe4b20 009a 00a4 0000 0006 00000000 0000 0014 00000000 00000002 00000002

2018-02-22 18:13:53 IST 000000001be00000 000000000f6a4d60 009b 00a4 0000 0006 00000000 0000 0014 00000000 00000001 00000001

2018-02-22 18:14:53 IST 000000001be00000 000000000da5c8d8 009a 00a4 0000 0006 00000001 0000 0014 00000000 00000002 00000002

2018-02-22 18:15:53 IST 000000001be00000 000000000c15e598 009a 00a4 0000 0006 00000000 0000 0014 00000000 00000001 00000001

2018-02-22 18:16:53 IST 000000001be00000 000000000a80d790 009a 00a4 0000 0006 00000000 0000 0014 00000000 00000002 00000002

2018-02-22 18:17:53 IST 000000001be00000 0000000008baea18 009b 00a4 0000 0006 00000000 0000 0014 00000000 00000001 00000001

2018-02-22 18:18:53 IST 000000001ba00000 000000001216e0b8 009a 00a4 0000 0006 00000000 0000 0014 00000000 00000002 00000002

2018-02-22 18:19:53 IST 000000001ba00000 00000000125ccfd8 009a 00a4 0000 0006 00000000 0000 0014 00000000 00000001 00000001

2018-02-22 18:20:53 IST 000000001ba00000 0000000010d5ab28 009b 00a4 0000 0006 00000000 0000 0014 00000000 00000002 00000002

2018-02-22 18:21:53 IST 000000001ba00000 000000000f20bad0 009b 00a4 0000 0006 00000000 0000 0014 00000000 00000001 00000001

2018-02-22 18:22:53 IST 000000001ba00000 000000000d9c6290 009a 00a4 0000 0006 00000001 0000 0014 00000000 00000002 00000002

2018-02-22 18:23:53 IST 000000001ba00000 000000000c17ed00 009a 00a4 0000 0006 00000000 0000 0014 00000000 00000001 00000001

2018-02-22 18:24:53 IST 000000001ba00000 000000000a5d6450 009b 00a4 0000 0006 00000000 0000 0014 00000000 00000002 00000002

2018-02-22 18:25:53 IST 000000001ba00000 0000000008de7090 009a 00a4 0000 0006 00000000 0000 0014 00000000 00000001 00000001

2018-02-22 18:26:53 IST 000000001bb00000 0000000012236a70 009a 00a4 0000 0006 00000001 0000 0014 00000000 00000002 00000002

2018-02-22 18:27:53 IST 000000001bb00000 000000001071e8a8 009a 00a4 0000 0006 00000000 0000 0014 00000000 00000001 00000001

2018-02-22 18:28:53 IST 000000001bb00000 000000000eeb0d10 009b 00a4 0000 0006 00000001 0000 0014 00000000 00000002 00000002

2018-02-22 18:29:53 IST 000000001bb00000 000000000d6601a0 009a 00a4 0000 0006 00000000 0000 0014 00000001 00000001 00000001

2018-02-22 18:30:53 IST 000000001bb00000 000000000baf63a0 009a 00a4 0000 0006 00000001 0000 0014 00000000 00000002 00000002

2018-02-22 18:31:53 IST 000000001bb00000 000000000a289cf8 009b 00a4 0000 0006 00000000 0000 0014 00000000 00000001 00000001

2018-02-22 18:32:53 IST 000000001bb00000 0000000008725380 009b 00a4 0000 0006 00000001 0000 0014 00000000 00000002 00000002

2018-02-22 18:33:53 IST 000000001bb00000 0000000011b67be8 009a 00a4 0000 0006 00000000 0000 0014 00000000 00000001 00000001

2018-02-22 18:34:53 IST 000000001bb00000 000000001028ccd0 009a 00a4 0000 0006 00000000 0000 0014 00000000 00000002 00000002

2018-02-22 18:35:53 IST 000000001bb00000 000000000ea2de48 009b 00a4 0000 0006 00000000 0000 0014 00000000 00000001 00000001

2018-02-22 18:36:53 IST 000000001bb00000 000000000cdeaec0 009a 00a4 0000 0006 00000001 0000 0014 00000000 00000002 00000002

2018-02-22 18:37:53 IST 000000001bb00000 000000000b577b48 009a 00a4 0000 0006 00000000 0000 0014 00000000 00000001 00000001

2018-02-22 18:38:53 IST 000000001bb00000 000000000994a4d0 009a 00a4 0000 0006 00000000 0000 0014 00000000 00000002 00000002

2018-02-22 18:39:53 IST 000000001bb00000 00000000080dd380 009b 00a4 0000 0006 00000000 0000 0014 00000000 00000001 00000001

2018-02-22 18:40:53 IST 000000001b780000 0000000010e50428 009a 00a4 0000 0006 00000001 0000 0014 00000000 00000002 00000002

2018-02-22 18:41:53 IST 000000001b780000 000000000f39fdc8 009a 00a4 0000 0006 00000000 0000 0014 00000000 00000001 00000001

2018-02-22 18:42:53 IST 000000001b780000 000000000db36448 009a 00a4 0000 0006 00000001 0000 0014 00000000 00000002 00000002

2018-02-22 18:43:53 IST 000000001b780000 000000000c046370 009b 00a4 0000 0006 00000000 0000 0014 00000000 00000001 00000001

2018-02-22 18:44:53 IST 000000001b780000 000000000a562ab8 009a 00a4 0000 0006 00000000 0000 0014 00000000 00000002 00000002

2018-02-22 18:45:53 IST 000000001b780000 0000000008d43f90 009a 00a4 0000 0006 00000000 0000 0014 00000000 00000001 00000001

2018-02-22 18:46:53 IST 000000001b300000 000000001179a5f8 009b 00a4 0000 0006 00000000 0000 0014 00000000 00000002 00000002

2018-02-22 18:47:53 IST 000000001b300000 0000000010002a60 009b 00a4 0000 0006 00000000 0000 0014 00000000 00000001 00000001

2018-02-22 18:48:53 IST 000000001b300000 000000000e5ab390 009a 00a4 0000 0006 00000000 0000 0014 00000000 00000002 00000002

2018-02-22 18:49:53 IST 000000001b300000 000000000cb485b8 009a 00a4 0000 0006 00000000 0000 0014 00000000 00000001 00000001

2018-02-22 18:50:53 IST 000000001b300000 000000000b09a1a8 009b 00a4 0000 0006 00000001 0000 0014 00000000 00000002 00000002

2018-02-22 18:51:53 IST 000000001b300000 0000000009647d28 009a 00a4 0000 0006 00000000 0000 0014 00000000 00000001 00000001

2018-02-22 18:52:53 IST 000000001b300000 0000000007bd9810 009a 00a4 0000 0006 00000000 0000 0014 00000000 00000002 00000002

2018-02-22 18:53:53 IST 000000001b000000 00000000104e0070 009a 00a4 0000 0006 00000000 0000 0014 00000000 00000001 00000001

2018-02-22 18:54:53 IST 000000001b000000 000000000eaa9608 009b 00a4 0000 0006 00000001 0000 0014 00000000 00000002 00000002

2018-02-22 18:55:53 IST 000000001b000000 000000000d0d1028 009a 00a4 0000 0006 00000000 0000 0014 00000001 00000001 00000001

2018-02-22 18:56:53 IST 000000001b000000 000000000b687f90 009a 00a4 0000 0006 00000000 0000 0014 00000000 00000002 00000002

2018-02-22 18:57:53 IST 000000001b000000 0000000009cad2c0 009b 00a4 0000 0006 00000000 0000 0014 00000000 00000001 00000001

2018-02-22 18:58:53 IST 000000001b000000 0000000008268fa0 009b 00a4 0000 0006 00000001 0000 0014 00000000 00000002 00000002

2018-02-22 18:59:53 IST 000000001ac00000 0000000010766d10 009a 00a4 0000 0006 00000000 0000 0014 00000000 00000001 00000001

2018-02-22 19:00:53 IST 000000001ac00000 000000000edb0d10 009a 00a4 0000 0006 00000000 0000 0014 00000000 00000002 00000002

2018-02-22 19:01:53 IST 000000001ac00000 000000000d1aaf58 009b 00a4 0000 0006 00000000 0000 0014 00000000 00000001 00000001

2018-02-22 19:02:53 IST 000000001ac00000 000000000b80e3e8 009a 00a4 0000 0006 00000001 0000 0014 00000000 00000002 00000002

2018-02-22 19:03:53 IST 000000001ac00000 0000000009eb31a0 009a 00a4 0000 0006 00000000 0000 0014 00000000 00000001 00000001

2018-02-22 19:04:53 IST 000000001ac00000 00000000084a1b08 009a 00a4 0000 0006 00000001 0000 0014 00000000 00000002 00000002

2018-02-22 19:05:53 IST 000000001a880000 00000000107467c0 009b 00a4 0000 0006 00000000 0000 0014 00000000 00000001 00000001

2018-02-22 19:06:53 IST 000000001a880000 000000000eb58498 009a 00a4 0000 0006 00000000 0000 0014 00000000 00000002 00000002

2018-02-22 19:07:53 IST 000000001a880000 000000000cfc8b18 009a 00a4 0000 0006 00000000 0000 0014 00000000 00000001 00000001

2018-02-22 19:08:53 IST 000000001a880000 000000000b650618 009a 00a4 0000 0006 00000000 0000 0014 00000000 00000002 00000002

2018-02-22 19:09:53 IST 000000001a880000 0000000009d8e6f8 009b 00a4 0000 0006 00000000 0000 0014 00000000 00000001 00000001

2018-02-22 19:10:53 IST 000000001a880000 00000000081743a0 009a 00a4 0000 0006 00000000 0000 0014 00000000 00000002 00000002

2018-02-22 19:11:53 IST 000000001a500000 000000001071ab38 009a 00a4 0000 0006 00000000 0000 0014 00000000 00000001 00000001

2018-02-22 19:12:53 IST 000000001a500000 000000000ec00260 009b 00a4 0000 0006 00000000 0000 0014 00000000 00000002 00000002

2018-02-22 19:13:53 IST 000000001a500000 000000000d382d68 009b 00a4 0000 0006 00000000 0000 0014 00000000 00000001 00000001

2018-02-22 19:14:53 IST 000000001a500000 000000000b8731b8 009a 00a4 0000 0006 00000001 0000 0014 00000000 00000002 00000002

2018-02-22 19:15:53 IST 000000001a500000 0000000009d5cdb0 009a 00a4 0000 0006 00000000 0000 0014 00000000 00000001 00000001

2018-02-22 19:16:53 IST 000000001a500000 00000000084dd9e0 009b 00a4 0000 0006 00000000 0000 0014 00000000 00000002 00000002

2018-02-22 19:17:53 IST 000000001a200000 000000000fee9a90 009a 00a4 0000 0006 00000000 0000 0014 00000000 00000001 00000001

2018-02-22 19:18:53 IST 000000001a200000 000000000e4284b8 009a 00a4 0000 0006 00000001 0000 0014 00000000 00000002 00000002

2018-02-22 19:19:53 IST 000000001a200000 0000000010e2cba8 009a 00a4 0000 0006 00000000 0000 0014 00000000 00000001 00000001

2018-02-22 19:20:53 IST 000000001a200000 000000000f602700 009b 00a4 0000 0006 00000001 0000 0014 00000000 00000002 00000002

2018-02-22 19:21:53 IST 000000001a200000 000000000db5cd98 009a 00a4 0000 0006 00000000 0000 0014 00000000 00000001 00000001

2018-02-22 19:22:53 IST 000000001a200000 000000000c2ebe20 009a 00a4 0000 0006 00000000 0000 0014 00000000 00000002 00000002

2018-02-22 19:23:53 IST 000000001a200000 000000000a88ec58 009b 00a4 0000 0006 00000000 0000 0014 00000000 00000001 00000001

2018-02-22 19:24:53 IST 000000001a200000 000000000900fb20 009b 00a4 0000 0006 00000001 0000 0014 00000000 00000002 00000002

2018-02-22 19:25:53 IST 000000001a280000 0000000010afa510 009a 00a4 0000 0006 00000000 0000 0014 00000000 00000001 00000001

2018-02-22 19:26:53 IST 000000001a280000 000000000f265820 009a 00a4 0000 0006 00000001 0000 0014 00000000 00000002 00000002

2018-02-22 19:27:53 IST 000000001a280000 000000000d7aae28 009b 00a4 0000 0006 00000000 0000 0014 00000000 00000001 00000001

2018-02-22 19:28:53 IST 000000001a280000 000000000bcde790 009b 00a4 0000 0006 00000001 0000 0014 00000000 00000002 00000002

2018-02-22 19:29:53 IST 000000001a280000 000000000a4b19b8 009a 00a4 0000 0006 00000000 0000 0014 00000000 00000001 00000001

2018-02-22 19:30:53 IST 000000001a280000 00000000089db870 009a 00a4 0000 0006 00000001 0000 0014 00000000 00000002 00000002

2018-02-22 19:31:53 IST 000000001a300000 00000000105a07c8 009b 00a4 0000 0006 00000000 0000 0014 00000000 00000001 00000001

2018-02-22 19:32:53 IST 000000001a300000 000000000ed4fb90 009a 00a4 0000 0006 00000001 0000 0014 00000000 00000002 00000002

2018-02-22 19:33:53 IST 000000001a300000 000000000d26fe48 009a 00a4 0000 0006 00000000 0000 0014 00000000 00000001 00000001

2018-02-22 19:34:53 IST 000000001a300000 000000000b78e1c8 009b 00a4 0000 0006 00000001 0000 0014 00000000 00000002 00000002

2018-02-22 19:35:53 IST 000000001a300000 0000000009f41e58 009b 00a4 0000 0006 00000000 0000 0014 00000000 00000001 00000001

2018-02-22 19:36:53 IST 000000001a300000 000000000841a5f8 009a 00a4 0000 0006 00000000 0000 0014 00000000 00000002 00000002

2018-02-22 19:37:53 IST 000000001a380000 00000000102c5520 009a 00a4 0000 0006 00000000 0000 0014 00000000 00000001 00000001

2018-02-22 19:38:53 IST 000000001a380000 000000000e7d0a30 009b 00a4 0000 0006 00000000 0000 0014 00000000 00000002 00000002

2018-02-22 19:39:53 IST 000000001a380000 000000000cf810a0 009a 00a4 0000 0006 00000000 0000 0014 00000000 00000001 00000001

2018-02-22 19:40:53 IST 000000001a380000 000000000b70b4d0 009a 00a4 0000 0006 00000000 0000 0014 00000000 00000002 00000002

2018-02-22 19:41:53 IST 000000001a380000 0000000009eb25d0 009a 00a4 0000 0006 00000000 0000 0014 00000000 00000001 00000001

2018-02-22 19:42:53 IST 000000001a380000 00000000083bbe30 009b 00a4 0000 0006 00000001 0000 0014 00000000 00000002 00000002

2018-02-22 19:43:53 IST 000000001a080000 000000000fda6810 009a 00a4 0000 0006 00000000 0000 0014 00000000 00000001 00000001

2018-02-22 19:44:53 IST 000000001a080000 000000000e2f8c30 009a 00a4 0000 0006 00000001 0000 0014 00000000 00000002 00000002

2018-02-22 19:45:53 IST 000000001a080000 000000000c903378 009b 00a4 0000 0006 00000000 0000 0014 00000000 00000001 00000001

2018-02-22 19:46:53 IST 000000001a080000 000000000b0d7760 009b 00a4 0000 0006 00000000 0000 0014 00000000 00000002 00000002

2018-02-22 19:47:53 IST 000000001a080000 0000000009b8ff60 009a 00a4 0000 0006 00000000 0000 0014 00000000 00000001 00000001

2018-02-22 19:48:53 IST 000000001a080000 00000000081373b0 009a 00a4 0000 0006 00000001 0000 0014 00000000 00000002 00000002

2018-02-22 19:49:53 IST 0000000019d80000 000000000f80a328 009b 00a4 0000 0006 00000000 0000 0014 00000000 00000001 00000001

2018-02-22 19:50:53 IST 0000000019d80000 000000000ddc5388 009a 00a4 0000 0006 00000001 0000 0014 00000000 00000002 00000002

2018-02-22 19:51:53 IST 0000000019d80000 000000000c3bfc30 009a 00a4 0000 0006 00000000 0000 0014 00000000 00000001 00000001

2018-02-22 19:52:53 IST 0000000019d80000 000000000a9bf9b8 009a 00a4 0000 0006 00000001 0000 0014 00000000 00000002 00000002

2018-02-22 19:53:53 IST 0000000019d80000 0000000008fd1d58 009b 00a4 0000 0006 00000000 0000 0014 00000000 00000001 00000001

2018-02-22 19:54:53 IST 0000000019a80000 0000000010343098 009a 00a4 0000 0006 00000001 0000 0014 00000000 00000002 00000002

2018-02-22 19:55:53 IST 0000000019a80000 000000000e9904f8 009a 00a4 0000 0006 00000000 0000 0014 00000000 00000001 00000001

2018-02-22 19:56:53 IST 0000000019a80000 000000000cd77bd8 009b 00a4 0000 0006 00000001 0000 0014 00000000 00000002 00000002

2018-02-22 19:57:53 IST 0000000019a80000 000000000b4050b8 009b 00a4 0000 0006 00000000 0000 0014 00000000 00000001 00000001

2018-02-22 19:58:53 IST 0000000019a80000 0000000009a5c218 009a 00a4 0000 0006 00000000 0000 0014 00000000 00000002 00000002

2018-02-22 19:59:53 IST 0000000019a80000 0000000007e88108 009a 00a4 0000 0006 00000000 0000 0014 00000000 00000001 00000001

2018-02-22 20:00:53 IST 0000000019780000 000000000efd8ae8 009b 00a4 0000 0006 00000001 0000 0014 00000000 00000002 00000002

2018-02-22 20:01:53 IST 0000000019780000 000000000d6faf60 009b 00a4 0000 0006 00000000 0000 0014 00000000 00000001 00000001

2018-02-22 20:02:53 IST 0000000019780000 000000000bb31020 009a 00a4 0000 0006 00000001 0000 0014 00000000 00000002 00000002

2018-02-22 20:03:53 IST 0000000019780000 000000000a255bc0 009a 00a4 0000 0006 00000000 0000 0014 00000000 00000001 00000001

2018-02-22 20:04:53 IST 0000000019780000 00000000086d27d0 009b 00a4 0000 0006 00000000 0000 0014 00000000 00000002 00000002

2018-02-22 20:05:53 IST 0000000019500000 000000000f616678 009a 00a4 0000 0006 00000000 0000 0014 00000000 00000001 00000001

2018-02-22 20:06:53 IST 0000000019500000 000000000dcf0af8 009a 00a4 0000 0006 00000000 0000 0014 00000000 00000002 00000002

2018-02-22 20:07:53 IST 0000000019500000 000000000c226bb0 009a 00a4 0000 0006 00000000 0000 0014 00000000 00000001 00000001

2018-02-22 20:08:53 IST 0000000019500000 000000000a91aaa0 009b 00a4 0000 0006 00000000 0000 0014 00000000 00000002 00000002

2018-02-22 20:09:53 IST 0000000019500000 0000000008e5b588 009a 00a4 0000 0006 00000000 0000 0014 00000001 00000001 00000001

2018-02-22 20:10:53 IST 0000000019280000 000000000f945bd8 009a 00a4 0000 0006 00000001 0000 0014 00000000 00000002 00000002

2018-02-22 20:11:53 IST 0000000019280000 000000000e164788 009b 00a4 0000 0006 00000000 0000 0014 00000000 00000001 00000001

2018-02-22 20:12:53 IST 0000000019280000 000000000c690e58 009b 00a4 0000 0006 00000000 0000 0014 00000000 00000002 00000002

2018-02-22 20:13:53 IST 0000000019280000 000000000ac33e48 009a 00a4 0000 0006 00000000 0000 0014 00000000 00000001 00000001

2018-02-22 20:14:53 IST 0000000019280000 00000000091addc0 009a 00a4 0000 0006 00000001 0000 0014 00000000 00000002 00000002

2018-02-22 20:15:53 IST 0000000019000000 000000000f9e9340 009b 00a4 0000 0006 00000000 0000 0014 00000000 00000001 00000001

2018-02-22 20:16:53 IST 0000000019000000 000000000df6bb98 009b 00a4 0000 0006 00000000 0000 0014 00000000 00000002 00000002

2018-02-22 20:17:53 IST 0000000019000000 000000000c79ad60 009a 00a4 0000 0006 00000000 0000 0014 00000000 00000001 00000001

2018-02-22 20:18:53 IST 0000000019000000 000000000ad2b3f0 009a 00a4 0000 0006 00000001 0000 0014 00000000 00000002 00000002

2018-02-22 20:19:53 IST 0000000019000000 000000000fc89858 009b 00a4 0000 0006 00000000 0000 0014 00000000 00000001 00000001

2018-02-22 20:20:53 IST 0000000019000000 000000000e246278 009a 00a4 0000 0006 00000001 0000 0014 00000000 00000002 00000002

2018-02-22 20:21:53 IST 0000000019000000 000000000c837aa8 009a 00a4 0000 0006 00000000 0000 0014 00000000 00000001 00000001

2018-02-22 20:22:53 IST 0000000019000000 000000000ade1aa0 009a 00a4 0000 0006 00000001 0000 0014 00000000 00000002 00000002

2018-02-22 20:23:53 IST 0000000019000000 00000000093f43d8 009b 00a4 0000 0006 00000000 0000 0014 00000000 00000001 00000001

2018-02-22 20:24:53 IST 0000000019000000 0000000007bf6e08 009a 00a4 0000 0006 00000001 0000 0014 00000000 00000002 00000002

2018-02-22 20:25:53 IST 0000000019080000 000000000e52ad38 009a 00a4 0000 0006 00000000 0000 0014 00000000 00000001 00000001

2018-02-22 20:26:53 IST 0000000019080000 000000000cacb1e0 009b 00a4 0000 0006 00000001 0000 0014 00000000 00000002 00000002

2018-02-22 20:27:53 IST 0000000019080000 000000000b0b5700 009b 00a4 0000 0006 00000000 0000 0014 00000000 00000001 00000001

2018-02-22 20:28:53 IST 0000000019080000 0000000009658690 009a 00a4 0000 0006 00000001 0000 0014 00000000 00000002 00000002

2018-02-22 20:29:53 IST 0000000019080000 0000000007c41cb8 009a 00a4 0000 0006 00000000 0000 0014 00000000 00000001 00000001

2018-02-22 20:30:53 IST 0000000019100000 000000000e535f60 009b 00a4 0000 0006 00000000 0000 0014 00000000 00000002 00000002

2018-02-22 20:31:53 IST 0000000019100000 000000000cd2cdd8 009b 00a4 0000 0006 00000000 0000 0014 00000000 00000001 00000001

2018-02-22 20:32:53 IST 0000000019100000 000000000b2dab38 009a 00a4 0000 0006 00000001 0000 0014 00000000 00000002 00000002

2018-02-22 20:33:53 IST 0000000019100000 000000000988d9f0 009a 00a4 0000 0006 00000000 0000 0014 00000000 00000001 00000001

2018-02-22 20:34:53 IST 0000000019100000 0000000007df9070 009b 00a4 0000 0006 00000001 0000 0014 00000000 00000002 00000002

2018-02-22 20:35:53 IST 0000000019180000 000000000eb13478 009a 00a4 0000 0006 00000000 0000 0014 00000000 00000001 00000001

2018-02-22 20:36:53 IST 0000000019180000 000000000d043808 009a 00a4 0000 0006 00000001 0000 0014 00000000 00000002 00000002

2018-02-22 20:37:53 IST 0000000019180000 000000000b5d2370 009a 00a4 0000 0006 00000000 0000 0014 00000000 00000001 00000001

2018-02-22 20:38:53 IST 0000000019180000 0000000009d62a28 009b 00a4 0000 0006 00000000 0000 0014 00000000 00000002 00000002

2018-02-22 20:39:53 IST 0000000019180000 0000000008304688 009a 00a4 0000 0006 00000000 0000 0014 00000000 00000001 00000001

2018-02-22 20:40:53 IST 0000000018f00000 000000000ead1790 009a 00a4 0000 0006 00000001 0000 0014 00000000 00000002 00000002

2018-02-22 20:41:53 IST 0000000018f00000 000000000d0ed840 009b 00a4 0000 0006 00000000 0000 0014 00000000 00000001 00000001

2018-02-22 20:42:53 IST 0000000018f00000 000000000b6eaec0 009b 00a4 0000 0006 00000001 0000 0014 00000000 00000002 00000002

2018-02-22 20:43:53 IST 0000000018f00000 0000000009d06f90 009a 00a4 0000 0006 00000000 0000 0014 00000000 00000001 00000001

2018-02-22 20:44:53 IST 0000000018f00000 00000000082bc3d8 009a 00a4 0000 0006 00000000 0000 0014 00000000 00000002 00000002

2018-02-22 20:45:53 IST 0000000018c80000 000000000e6dcb30 009b 00a4 0000 0006 00000000 0000 0014 00000000 00000001 00000001

2018-02-22 20:46:53 IST 0000000018c80000 000000000cd0db00 009b 00a4 0000 0006 00000001 0000 0014 00000000 00000002 00000002

2018-02-22 20:47:53 IST 0000000018c80000 000000000b3aace0 009a 00a4 0000 0006 00000000 0000 0014 00000000 00000001 00000001

2018-02-22 20:48:53 IST 0000000018c80000 00000000099d56b0 009a 00a4 0000 0006 00000000 0000 0014 00000000 00000002 00000002

2018-02-22 20:49:53 IST 0000000018c80000 0000000008030868 009b 00a4 0000 0006 00000000 0000 0014 00000000 00000001 00000001

2018-02-22 20:50:53 IST 0000000018a00000 000000000e464020 009a 00a4 0000 0006 00000001 0000 0014 00000000 00000002 00000002

2018-02-22 20:51:53 IST 0000000018a00000 000000000cb23190 009a 00a4 0000 0006 00000000 0000 0014 00000000 00000001 00000001

2018-02-22 20:52:53 IST 0000000018a00000 000000000af9bab8 009a 00a4 0000 0006 00000000 0000 0014 00000000 00000002 00000002

2018-02-22 20:53:53 IST 0000000018a00000 00000000096ac4b0 009b 00a4 0000 0006 00000000 0000 0014 00000001 00000001 00000001

2018-02-22 20:54:53 IST 0000000018a00000 0000000007d28920 009a 00a4 0000 0006 00000001 0000 0014 00000000 00000002 00000002

2018-02-22 20:55:53 IST 0000000018780000 000000000ddcaa28 009a 00a4 0000 0006 00000000 0000 0014 00000000 00000001 00000001

2018-02-22 20:56:53 IST 0000000018780000 000000000c4ec2e8 009b 00a4 0000 0006 00000001 0000 0014 00000000 00000002 00000002

2018-02-22 20:57:53 IST 0000000018780000 000000000aa0f988 009b 00a4 0000 0006 00000000 0000 0014 00000000 00000001 00000001

2018-02-22 20:58:53 IST 0000000018780000 000000000913f9e0 009a 00a4 0000 0006 00000000 0000 0014 00000000 00000002 00000002

2018-02-22 20:59:53 IST 0000000018580000 000000000ef83df0 009a 00a4 0000 0006 00000000 0000 0014 00000000 00000001 00000001

2018-02-22 21:00:53 IST 0000000018580000 000000000d6c8a60 009b 00a4 0000 0006 00000001 0000 0014 00000000 00000002 00000002

2018-02-22 21:01:53 IST 0000000018580000 000000000bc9ea20 009a 00a4 0000 0006 00000000 0000 0014 00000000 00000001 00000001

2018-02-22 21:02:53 IST 0000000018580000 000000000a3dde48 009a 00a4 0000 0006 00000001 0000 0014 00000000 00000002 00000002

2018-02-22 21:03:53 IST 0000000018580000 00000000089666b0 009a 00a4 0000 0006 00000000 0000 0014 00000000 00000001 00000001

2018-02-22 21:04:53 IST 0000000018380000 000000000e5cd450 009b 00a4 0000 0006 00000001 0000 0014 00000000 00000002 00000002

2018-02-22 21:05:53 IST 0000000018380000 000000000cdd4f18 009a 00a4 0000 0006 00000000 0000 0014 00000000 00000001 00000001

2018-02-22 21:06:53 IST 0000000018380000 000000000b19a010 009a 00a4 0000 0006 00000000 0000 0014 00000000 00000002 00000002

2018-02-22 21:07:53 IST 0000000018380000 000000000998bd08 009b 00a4 0000 0006 00000000 0000 0014 00000000 00000001 00000001

2018-02-22 21:08:53 IST 0000000018380000 0000000007f2f840 009b 00a4 0000 0006 00000000 0000 0014 00000000 00000002 00000002

2018-02-22 21:09:53 IST 0000000018180000 000000000d916348 009a 00a4 0000 0006 00000000 0000 0014 00000000 00000001 00000001

2018-02-22 21:10:53 IST 0000000018180000 000000000bf3b308 009a 00a4 0000 0006 00000001 0000 0014 00000000 00000002 00000002

2018-02-22 21:11:53 IST 0000000018180000 000000000a3c2fa0 009b 00a4 0000 0006 00000000 0000 0014 00000001 00000001 00000001

2018-02-22 21:12:53 IST 0000000018180000 00000000089f37c0 009a 00a4 0000 0006 00000000 0000 0014 00000000 00000002 00000002

2018-02-22 21:13:53 IST 0000000017f80000 000000000e299d80 009a 00a4 0000 0006 00000000 0000 0014 00000000 00000001 00000001

2018-02-22 21:14:53 IST 0000000017f80000 000000000c91d990 009b 00a4 0000 0006 00000001 0000 0014 00000000 00000002 00000002

2018-02-22 21:15:53 IST 0000000017f80000 000000000b017768 009a 00a4 0000 0006 00000000 0000 0014 00000000 00000001 00000001

2018-02-22 21:16:53 IST 0000000017f80000 0000000009670358 0099 00a4 0000 0006 00000001 0000 0014 00000000 00000002 00000002

2018-02-22 21:17:53 IST 0000000017f80000 0000000007d4e0e8 0099 00a4 0000 0006 00000000 0000 0014 00000000 00000001 00000001

2018-02-22 21:18:53 IST 0000000017d80000 000000000d323470 009a 00a4 0000 0006 00000000 0000 0014 00000000 00000002 00000002

2018-02-22 21:19:53 IST 0000000017d80000 000000000ea76b08 0099 00a4 0000 0006 00000000 0000 0014 00000000 00000001 00000001

2018-02-22 21:20:53 IST 0000000017d80000 000000000d1518b8 0099 00a4 0000 0006 00000001 0000 0014 00000000 00000002 00000002

2018-02-22 21:21:53 IST 0000000017d80000 000000000b85bd70 0099 00a4 0000 0006 00000000 0000 0014 00000000 00000001 00000001

2018-02-22 21:22:53 IST 0000000017d80000 0000000009d659e8 009a 00a4 0000 0006 00000000 0000 0014 00000000 00000002 00000002

2018-02-22 21:23:53 IST 0000000017d80000 000000000847b590 0099 00a4 0000 0006 00000000 0000 0014 00000000 00000001 00000001

2018-02-22 21:24:53 IST 0000000017e00000 000000000dc89490 0099 00a4 0000 0006 00000001 0000 0014 00000000 00000002 00000002

2018-02-22 21:25:53 IST 0000000017e00000 000000000c1b65c8 009a 00a4 0000 0006 00000000 0000 0014 00000000 00000001 00000001

2018-02-22 21:26:53 IST 0000000017e00000 000000000a85cc08 009a 00a4 0000 0006 00000001 0000 0014 00000000 00000002 00000002

2018-02-22 21:27:53 IST 0000000017e00000 0000000008f82758 0099 00a4 0000 0006 00000000 0000 0014 00000000 00000001 00000001

2018-02-22 21:28:53 IST 0000000017e80000 000000000e62d690 0099 00a4 0000 0006 00000000 0000 0014 00000000 00000002 00000002

2018-02-22 21:29:53 IST 0000000017e80000 000000000cd2f0e8 009a 00a4 0000 0006 00000000 0000 0014 00000000 00000001 00000001

2018-02-22 21:30:53 IST 0000000017e80000 000000000b3ac500 0099 00a4 0000 0006 00000001 0000 0014 00000000 00000002 00000002

2018-02-22 21:31:53 IST 0000000017e80000 00000000098b41d0 0099 00a4 0000 0006 00000000 0000 0014 00000000 00000001 00000001

2018-02-22 21:32:53 IST 0000000017e80000 0000000007f56360 0099 00a4 0000 0006 00000001 0000 0014 00000000 00000002 00000002

2018-02-22 21:33:53 IST 0000000017f00000 000000000d95a870 009a 00a4 0000 0006 00000000 0000 0014 00000000 00000001 00000001

2018-02-22 21:34:53 IST 0000000017f00000 000000000bded998 0099 00a4 0000 0006 00000001 0000 0014 00000000 00000002 00000002

2018-02-22 21:35:53 IST 0000000017f00000 000000000a4fa2a0 0099 00a4 0000 0006 00000000 0000 0014 00000000 00000001 00000001

2018-02-22 21:36:53 IST 0000000017f00000 0000000008b84e30 009a 00a4 0000 0006 00000000 0000 0014 00000000 00000002 00000002

2018-02-22 21:37:53 IST 0000000017f80000 000000000e4d2220 009a 00a4 0000 0006 00000000 0000 0014 00000000 00000001 00000001

2018-02-22 21:38:53 IST 0000000017f80000 000000000c922aa8 0099 00a4 0000 0006 00000001 0000 0014 00000000 00000002 00000002

2018-02-22 21:39:53 IST 0000000017f80000 000000000afe7898 0099 00a4 0000 0006 00000000 0000 0014 00000000 00000001 00000001

2018-02-22 21:40:53 IST 0000000017f80000 0000000009461340 009a 00a4 0000 0006 00000000 0000 0014 00000000 00000002 00000002

2018-02-22 21:41:53 IST 0000000017f80000 0000000007b30cb8 009a 00a4 0000 0006 00000000 0000 0014 00000000 00000001 00000001

2018-02-22 21:42:53 IST 0000000017d80000 000000000d333908 0099 00a4 0000 0006 00000000 0000 0014 00000000 00000002 00000002

2018-02-22 21:43:53 IST 0000000017d80000 000000000ba255c8 0099 00a4 0000 0006 00000000 0000 0014 00000000 00000001 00000001

2018-02-22 21:44:53 IST 0000000017d80000 0000000009f09c68 009a 00a4 0000 0006 00000001 0000 0014 00000000 00000002 00000002

2018-02-22 21:45:53 IST 0000000017d80000 000000000864ee60 0099 00a4 0000 0006 00000000 0000 0014 00000000 00000001 00000001

2018-02-22 21:46:53 IST 0000000017b80000 000000000da4c460 0099 00a4 0000 0006 00000001 0000 0014 00000000 00000002 00000002

2018-02-22 21:47:53 IST 0000000017b80000 000000000c1ad980 0099 00a4 0000 0006 00000000 0000 0014 00000000 00000001 00000001

2018-02-22 21:48:53 IST 0000000017b80000 000000000a70b1e0 009a 00a4 0000 0006 00000001 0000 0014 00000000 00000002 00000002

2018-02-22 21:49:53 IST 0000000017b80000 0000000008c92ac8 0099 00a4 0000 0006 00000000 0000 0014 00000000 00000001 00000001

2018-02-22 21:50:53 IST 0000000017980000 000000000df2d8c8 0099 00a4 0000 0006 00000000 0000 0014 00000000 00000002 00000002

2018-02-22 21:51:53 IST 0000000017980000 000000000c6f17c8 009a 00a4 0000 0006 00000000 0000 0014 00000000 00000001 00000001

2018-02-22 21:52:53 IST 0000000017980000 000000000ac8c9a8 009a 00a4 0000 0006 00000000 0000 0014 00000000 00000002 00000002

2018-02-22 21:53:53 IST 0000000017980000 000000000927b798 0099 00a4 0000 0006 00000000 0000 0014 00000000 00000001 00000001

2018-02-22 21:54:53 IST 0000000017780000 000000000e4256f0 0099 00a4 0000 0006 00000001 0000 0014 00000000 00000002 00000002

2018-02-22 21:55:53 IST 0000000017780000 000000000ca9f6d8 009a 00a4 0000 0006 00000000 0000 0014 00000000 00000001 00000001

2018-02-22 21:56:53 IST 0000000017780000 000000000b0b5788 0099 00a4 0000 0006 00000001 0000 0014 00000000 00000002 00000002

2018-02-22 21:57:53 IST 0000000017780000 0000000009735af8 0099 00a4 0000 0006 00000000 0000 0014 00000000 00000001 00000001

2018-02-22 21:58:53 IST 0000000017780000 0000000007b8f1d0 0099 00a4 0000 0006 00000000 0000 0014 00000000 00000002 00000002

2018-02-22 21:59:53 IST 0000000017600000 000000000cb98660 009a 00a4 0000 0006 00000000 0000 0014 00000000 00000001 00000001

2018-02-22 22:00:53 IST 0000000017600000 000000000b2125f0 0099 00a4 0000 0006 00000001 0000 0014 00000000 00000002 00000002

2018-02-22 22:01:53 IST 0000000017600000 00000000098d7df0 0099 00a4 0000 0006 00000000 0000 0014 00000000 00000001 00000001

2018-02-23 12:58:24 IST 0000000017600000 00000000089311f8 009a 00a4 0000 0006 00000000 0000 0014 00000000 00000001 00000001

