2018-02-16 13:26:59 IST ---( Start )---
2018-02-16 13:27:57 IST 0000000025f80000 0000000008751df0 009e 00a4 0000 0006 00000005 0000 0014 00000000 00000002 00000002

2018-02-16 13:28:57 IST 0000000025f80000 000000001bb6ec90 009f 00a4 0000 0006 00000000 0000 0014 00000001 00000001 00000001

2018-02-16 13:29:57 IST 0000000025f80000 000000001a41a958 009e 00a4 0000 0006 00000001 0000 0014 00000000 00000002 00000002

2018-02-16 13:30:57 IST 0000000025f80000 0000000018702280 009e 00a4 0000 0006 00000000 0000 0014 00000000 00000001 00000001

2018-02-16 13:31:57 IST 0000000025f80000 0000000016df2038 009f 00a4 0000 0006 00000002 0000 0014 00000000 00000002 00000002

2018-02-16 13:32:57 IST 0000000025f80000 0000000014f7d5b0 009f 00a4 0000 0006 00000000 0000 0014 00000000 00000001 00000001

2018-02-16 13:33:57 IST 0000000025f80000 000000001366f718 009e 00a4 0000 0006 00000001 0000 0014 00000000 00000002 00000002

2018-02-16 13:34:57 IST 0000000025f80000 000000001183aae8 009e 00a4 0000 0006 00000000 0000 0014 00000000 00000001 00000001

2018-02-16 13:35:57 IST 0000000025f80000 000000000feeb880 009f 00a4 0000 0006 00000001 0000 0014 00000000 00000002 00000002

2018-02-16 13:36:57 IST 0000000025f80000 000000000e073d28 009f 00a4 0000 0006 00000000 0000 0014 00000000 00000001 00000001

2018-02-16 13:37:57 IST 0000000025f80000 000000000c932238 009e 00a4 0000 0006 00000001 0000 0014 00000000 00000002 00000002

2018-02-16 13:38:57 IST 0000000025f80000 000000000aaa7f30 009e 00a4 0000 0006 00000000 0000 0014 00000000 00000001 00000001

2018-02-16 13:39:57 IST 0000000025f80000 00000000091a3290 009f 00a4 0000 0006 00000001 0000 0014 00000000 00000002 00000002

2018-02-16 13:40:57 IST 0000000025f80000 000000001c0c7d40 009e 00a4 0000 0006 00000000 0000 0014 00000000 00000001 00000001

2018-02-16 13:41:57 IST 0000000025f80000 000000001a7d1a30 009e 00a4 0000 0006 00000001 0000 0014 00000000 00000002 00000002

2018-02-16 13:42:57 IST 0000000025f80000 0000000018ae5988 009e 00a4 0000 0006 00000000 0000 0014 00000000 00000001 00000001

2018-02-16 13:43:57 IST 0000000025f80000 0000000016db0658 009f 00a4 0000 0006 00000000 0000 0014 00000000 00000002 00000002

2018-02-16 13:44:57 IST 0000000025f80000 00000000150f8e18 009e 00a4 0000 0006 00000000 0000 0014 00000000 00000001 00000001

2018-02-16 13:45:57 IST 0000000025f80000 000000001382ea08 009e 00a4 0000 0006 00000001 0000 0014 00000000 00000002 00000002

2018-02-16 13:46:57 IST 0000000025f80000 0000000011b4c150 009e 00a4 0000 0006 00000000 0000 0014 00000000 00000001 00000001

2018-02-16 13:47:57 IST 0000000025f80000 000000000fe07ad8 009f 00a4 0000 0006 00000001 0000 0014 00000000 00000002 00000002

2018-02-16 13:48:57 IST 0000000025f80000 000000000e5c4de8 009e 00a4 0000 0006 00000000 0000 0014 00000000 00000001 00000001

2018-02-16 13:49:57 IST 0000000025f80000 000000000c890400 009e 00a4 0000 0006 00000001 0000 0014 00000000 00000002 00000002

2018-02-16 13:50:57 IST 0000000025f80000 000000000aba09e0 009f 00a4 0000 0006 00000000 0000 0014 00000000 00000001 00000001

2018-02-16 13:51:57 IST 0000000025f80000 0000000008e5a1d0 009f 00a4 0000 0006 00000001 0000 0014 00000000 00000002 00000002

2018-02-16 13:52:57 IST 0000000025f80000 000000001c3de548 009e 00a4 0000 0006 00000000 0000 0014 00000000 00000001 00000001

2018-02-16 13:53:57 IST 0000000025f80000 000000001a7b9c78 009e 00a4 0000 0006 00000001 0000 0014 00000000 00000002 00000002

2018-02-16 13:54:56 IST 0000000025f80000 0000000018c10c20 009f 00a4 0000 0006 00000000 0000 0014 00000000 00000001 00000001

2018-02-16 13:55:56 IST 0000000025f80000 0000000017011f98 009f 00a4 0000 0006 00000000 0000 0014 00000000 00000002 00000002

2018-02-16 13:56:56 IST 0000000025f80000 000000001549ff98 009e 00a4 0000 0006 00000000 0000 0014 00000000 00000001 00000001

2018-02-16 13:57:56 IST 0000000025f80000 000000001386c048 009e 00a4 0000 0006 00000008 0000 0014 00000000 00000002 00000002

2018-02-16 13:58:56 IST 0000000025f80000 0000000011cc4930 009f 00a4 0000 0006 00000000 0000 0014 00000000 00000001 00000001

2018-02-16 13:59:56 IST 0000000025f80000 00000000100c26e0 009f 00a4 0000 0006 00000001 0000 0014 00000000 00000002 00000002

2018-02-16 14:00:56 IST 0000000025f80000 000000000e552148 009e 00a4 0000 0006 00000000 0000 0014 00000000 00000001 00000001

2018-02-16 14:01:56 IST 0000000025f80000 000000000c944738 009e 00a4 0000 0006 00000001 0000 0014 00000000 00000002 00000002

2018-02-16 14:02:56 IST 0000000025f80000 000000000ad5c008 009f 00a4 0000 0006 00000000 0000 0014 00000000 00000001 00000001

2018-02-16 14:03:56 IST 0000000025f80000 0000000009190f78 009e 00a4 0000 0006 00000000 0000 0014 00000000 00000002 00000002

2018-02-16 14:04:56 IST 0000000025f80000 000000001c75c780 009e 00a4 0000 0006 00000000 0000 0014 00000000 00000001 00000001

2018-02-16 14:05:56 IST 0000000025f80000 000000001aac66b8 009e 00a4 0000 0006 00000001 0000 0014 00000000 00000002 00000002

2018-02-16 14:06:56 IST 0000000025f80000 0000000019268890 009f 00a4 0000 0006 00000000 0000 0014 00000000 00000001 00000001

2018-02-16 14:07:56 IST 0000000025f80000 00000000173b6b50 009e 00a4 0000 0006 00000001 0000 0014 00000000 00000002 00000002

2018-02-16 14:08:56 IST 0000000025f80000 0000000015781f70 009e 00a4 0000 0006 00000000 0000 0014 00000000 00000001 00000001

2018-02-16 14:09:56 IST 0000000025f80000 0000000013f020f8 009f 00a4 0000 0006 00000000 0000 0014 00000000 00000002 00000002

2018-02-16 14:10:56 IST 0000000025f80000 000000001209e4c8 009f 00a4 0000 0006 00000000 0000 0014 00000000 00000001 00000001

2018-02-16 14:11:56 IST 0000000025f80000 000000001084fbc0 009e 00a4 0000 0006 00000001 0000 0014 00000000 00000002 00000002

2018-02-16 14:12:56 IST 0000000025f80000 000000000e9c18b8 009e 00a4 0000 0006 00000000 0000 0014 00000000 00000001 00000001

2018-02-16 14:13:56 IST 0000000025f80000 000000000d142c58 009f 00a4 0000 0006 00000001 0000 0014 00000000 00000002 00000002

2018-02-16 14:14:56 IST 0000000025f80000 000000000b50d3a0 009f 00a4 0000 0006 00000000 0000 0014 00000000 00000001 00000001

2018-02-16 14:15:56 IST 0000000025f80000 0000000009688450 009e 00a4 0000 0006 00000001 0000 0014 00000000 00000002 00000002

2018-02-16 14:16:56 IST 0000000025f80000 0000000007e52d70 009e 00a4 0000 0006 00000000 0000 0014 00000000 00000001 00000001

2018-02-16 14:17:56 IST 0000000025500000 000000001a7e60a8 009f 00a4 0000 0006 00000001 0000 0014 00000000 00000002 00000002

2018-02-16 14:18:56 IST 0000000025500000 0000000018ced830 009e 00a4 0000 0006 00000000 0000 0014 00000000 00000001 00000001

2018-02-16 14:19:56 IST 0000000025500000 000000001717c050 009e 00a4 0000 0006 00000001 0000 0014 00000000 00000002 00000002

2018-02-16 14:20:56 IST 0000000025500000 0000000015688ce8 009e 00a4 0000 0006 00000000 0000 0014 00000000 00000001 00000001

2018-02-16 14:21:56 IST 0000000025500000 0000000013b16de0 009f 00a4 0000 0006 00000001 0000 0014 00000000 00000002 00000002

2018-02-16 14:22:56 IST 0000000025500000 0000000011d77958 009e 00a4 0000 0006 00000000 0000 0014 00000000 00000001 00000001

2018-02-16 14:23:56 IST 0000000025500000 000000001022c630 009e 00a4 0000 0006 00000001 0000 0014 00000000 00000002 00000002

2018-02-16 14:24:56 IST 0000000025500000 000000000e70dde0 009e 00a4 0000 0006 00000000 0000 0014 00000000 00000001 00000001

2018-02-16 14:25:56 IST 0000000025500000 000000000cba01a8 009f 00a4 0000 0006 00000000 0000 0014 00000000 00000002 00000002

2018-02-16 14:26:56 IST 0000000025500000 000000001b8d9478 009e 00a4 0000 0006 00000000 0000 0014 00000000 00000001 00000001

2018-02-16 14:27:56 IST 0000000025500000 0000000019b1b948 009e 00a4 0000 0006 00000001 0000 0014 00000000 00000002 00000002

2018-02-16 14:28:56 IST 0000000025500000 0000000017f3b860 009f 00a4 0000 0006 00000000 0000 0014 00000000 00000001 00000001

2018-02-16 14:29:56 IST 0000000025500000 00000000167941e0 009f 00a4 0000 0006 00000001 0000 0014 00000000 00000002 00000002

2018-02-16 14:30:56 IST 0000000025500000 0000000014be4a50 009e 00a4 0000 0006 00000000 0000 0014 00000000 00000001 00000001

2018-02-16 14:31:56 IST 0000000025500000 0000000012e21210 009e 00a4 0000 0006 00000000 0000 0014 00000000 00000002 00000002

2018-02-16 14:32:56 IST 0000000025500000 00000000112497c0 009f 00a4 0000 0006 00000000 0000 0014 00000000 00000001 00000001

2018-02-16 14:33:56 IST 0000000025500000 000000000f5eb408 009f 00a4 0000 0006 00000000 0000 0014 00000000 00000002 00000002

2018-02-16 14:34:56 IST 0000000025500000 000000000dd87c10 009e 00a4 0000 0006 00000000 0000 0014 00000000 00000001 00000001

2018-02-16 14:35:56 IST 0000000025500000 000000000c1483d0 009e 00a4 0000 0006 00000001 0000 0014 00000000 00000002 00000002

2018-02-16 14:36:56 IST 0000000025500000 000000000a529760 009f 00a4 0000 0006 00000000 0000 0014 00000000 00000001 00000001

2018-02-16 14:37:56 IST 0000000025500000 0000000008921688 009e 00a4 0000 0006 00000001 0000 0014 00000000 00000002 00000002

2018-02-16 14:38:56 IST 0000000025b80000 000000001bc2e628 009e 00a4 0000 0006 00000000 0000 0014 00000000 00000001 00000001

2018-02-16 14:39:56 IST 0000000025b80000 0000000019eb3380 009e 00a4 0000 0006 00000000 0000 0014 00000000 00000002 00000002

2018-02-16 14:40:56 IST 0000000025b80000 000000001853da00 009f 00a4 0000 0006 00000000 0000 0014 00000000 00000001 00000001

2018-02-16 14:41:56 IST 0000000025b80000 0000000016bc64c8 009e 00a4 0000 0006 00000001 0000 0014 00000000 00000002 00000002

2018-02-16 14:42:56 IST 0000000025b80000 0000000014e6de00 009e 00a4 0000 0006 00000000 0000 0014 00000000 00000001 00000001

2018-02-16 14:43:56 IST 0000000025b80000 00000000134d5f88 009e 00a4 0000 0006 00000001 0000 0014 00000000 00000002 00000002

2018-02-16 14:44:56 IST 0000000025b80000 0000000011680a48 009f 00a4 0000 0006 00000000 0000 0014 00000000 00000001 00000001

2018-02-16 14:45:56 IST 0000000025b80000 000000000fe0f7d8 009e 00a4 0000 0006 00000001 0000 0014 00000000 00000002 00000002

2018-02-16 14:46:56 IST 0000000025b80000 000000000e4c2070 009e 00a4 0000 0006 00000000 0000 0014 00000000 00000001 00000001

2018-02-16 14:47:56 IST 0000000025b80000 000000000c5ed0a0 009f 00a4 0000 0006 00000001 0000 0014 00000000 00000002 00000002

2018-02-16 14:48:56 IST 0000000025b80000 000000000adcc7e8 009f 00a4 0000 0006 00000000 0000 0014 00000001 00000001 00000001

2018-02-16 14:49:56 IST 0000000025b80000 0000000008f54b80 009e 00a4 0000 0006 00000000 0000 0014 00000000 00000002 00000002

2018-02-16 14:50:56 IST 0000000025f00000 000000001c6d6880 009e 00a4 0000 0006 00000000 0000 0014 00000000 00000001 00000001

2018-02-16 14:51:56 IST 0000000025f00000 000000001ac995d0 009f 00a4 0000 0006 00000001 0000 0014 00000000 00000002 00000002

2018-02-16 14:52:56 IST 0000000025f00000 0000000018da99d8 009f 00a4 0000 0006 00000000 0000 0014 00000000 00000001 00000001

2018-02-16 14:53:56 IST 0000000025f00000 00000000173ccb90 009e 00a4 0000 0006 00000001 0000 0014 00000000 00000002 00000002

2018-02-16 14:54:57 IST 0000000025f00000 0000000015a1f258 009e 00a4 0000 0006 00000000 0000 0014 00000000 00000001 00000001

2018-02-16 14:55:57 IST 0000000025f00000 00000000140189f8 009f 00a4 0000 0006 00000001 0000 0014 00000000 00000002 00000002

2018-02-16 14:56:57 IST 0000000025f00000 000000001214eaa8 009e 00a4 0000 0006 00000000 0000 0014 00000000 00000001 00000001

2018-02-16 14:57:57 IST 0000000025f00000 0000000010732638 009e 00a4 0000 0006 00000001 0000 0014 00000000 00000002 00000002

2018-02-16 14:58:57 IST 0000000025f00000 000000000ed68640 009e 00a4 0000 0006 00000000 0000 0014 00000000 00000001 00000001

2018-02-16 14:59:57 IST 0000000025f00000 000000000d3683d8 009f 00a4 0000 0006 00000001 0000 0014 00000000 00000002 00000002

2018-02-16 15:00:57 IST 0000000025f00000 000000000b49f3b0 009e 00a4 0000 0006 00000000 0000 0014 00000000 00000001 00000001

2018-02-16 15:01:57 IST 0000000025f00000 0000000009a9f640 009e 00a4 0000 0006 00000001 0000 0014 00000000 00000002 00000002

2018-02-16 15:02:57 IST 0000000025f00000 00000000080ecde8 009f 00a4 0000 0006 00000000 0000 0014 00000000 00000001 00000001

2018-02-16 15:03:57 IST 0000000025480000 000000001a87df38 009f 00a4 0000 0006 00000001 0000 0014 00000000 00000002 00000002

2018-02-16 15:04:57 IST 0000000025480000 0000000018a90d30 009e 00a4 0000 0006 00000000 0000 0014 00000000 00000001 00000001

2018-02-16 15:05:57 IST 0000000025480000 000000001714fa88 009e 00a4 0000 0006 00000000 0000 0014 00000000 00000002 00000002

2018-02-16 15:06:57 IST 0000000025480000 0000000015718060 009f 00a4 0000 0006 00000000 0000 0014 00000000 00000001 00000001

2018-02-16 15:07:57 IST 0000000025480000 00000000138d8998 009e 00a4 0000 0006 00000000 0000 0014 00000000 00000002 00000002

2018-02-16 15:08:57 IST 0000000025480000 0000000011f01cf0 009e 00a4 0000 0006 00000000 0000 0014 00000000 00000001 00000001

2018-02-16 15:09:57 IST 0000000025480000 000000001006d5f0 009e 00a4 0000 0006 00000000 0000 0014 00000000 00000002 00000002

2018-02-16 15:10:57 IST 0000000025480000 000000000e77fe68 009f 00a4 0000 0006 00000000 0000 0014 00000000 00000001 00000001

2018-02-16 15:11:57 IST 0000000025480000 000000000cd740f0 009e 00a4 0000 0006 00000000 0000 0014 00000000 00000002 00000002

2018-02-16 15:12:57 IST 0000000025480000 000000000af65c90 009e 00a4 0000 0006 00000000 0000 0014 00000000 00000001 00000001

2018-02-16 15:13:57 IST 0000000025480000 0000000009508850 009e 00a4 0000 0006 00000001 0000 0014 00000000 00000002 00000002

2018-02-16 15:14:57 IST 0000000025480000 0000000007c25930 009f 00a4 0000 0006 00000000 0000 0014 00000000 00000001 00000001

2018-02-16 15:15:57 IST 0000000024a00000 0000000019eddfd0 009e 00a4 0000 0006 00000000 0000 0014 00000000 00000002 00000002

2018-02-16 15:16:57 IST 0000000024a00000 00000000180aab50 009e 00a4 0000 0006 00000000 0000 0014 00000000 00000001 00000001

2018-02-16 15:17:57 IST 0000000024a00000 000000001670cff0 009f 00a4 0000 0006 00000001 0000 0014 00000000 00000002 00000002

2018-02-16 15:18:57 IST 0000000024a00000 0000000014ec2b60 009f 00a4 0000 0006 00000000 0000 0014 00000000 00000001 00000001

2018-02-16 15:19:57 IST 0000000024a00000 0000000013065478 009e 00a4 0000 0006 00000001 0000 0014 00000000 00000002 00000002

2018-02-16 15:20:57 IST 0000000024a00000 0000000011719b48 009e 00a4 0000 0006 00000000 0000 0014 00000000 00000001 00000001

2018-02-16 15:21:57 IST 0000000024a00000 000000000fda3ee0 009f 00a4 0000 0006 00000001 0000 0014 00000000 00000002 00000002

2018-02-16 15:22:57 IST 0000000024a00000 000000000e03d300 009e 00a4 0000 0006 00000000 0000 0014 00000000 00000001 00000001

2018-02-16 15:23:57 IST 0000000024a00000 000000000c6c9530 009e 00a4 0000 0006 00000000 0000 0014 00000000 00000002 00000002

2018-02-16 15:24:57 IST 0000000024a00000 000000000a89d010 009e 00a4 0000 0006 00000000 0000 0014 00000000 00000001 00000001

2018-02-16 15:25:57 IST 0000000024a00000 0000000008ed66f8 009f 00a4 0000 0006 00000001 0000 0014 00000000 00000002 00000002

2018-02-16 15:26:57 IST 0000000024a80000 000000001ad58018 009e 00a4 0000 0006 00000000 0000 0014 00000000 00000001 00000001

2018-02-16 15:27:57 IST 0000000024a80000 00000000193bbac0 009e 00a4 0000 0006 00000001 0000 0014 00000000 00000002 00000002

2018-02-16 15:28:57 IST 0000000024a80000 0000000017aaa478 009f 00a4 0000 0006 00000000 0000 0014 00000000 00000001 00000001

2018-02-16 15:29:57 IST 0000000024a80000 0000000015c310a0 009f 00a4 0000 0006 00000001 0000 0014 00000000 00000002 00000002

2018-02-16 15:30:57 IST 0000000024a80000 00000000143e2db0 009e 00a4 0000 0006 00000000 0000 0014 00000000 00000001 00000001

2018-02-16 15:31:57 IST 0000000024a80000 0000000012a751f0 009e 00a4 0000 0006 00000001 0000 0014 00000000 00000002 00000002

2018-02-16 15:32:57 IST 0000000024a80000 0000000010c4ece8 009f 00a4 0000 0006 00000000 0000 0014 00000000 00000001 00000001

2018-02-16 15:33:57 IST 0000000024a80000 000000000f30f648 009e 00a4 0000 0006 00000001 0000 0014 00000000 00000002 00000002

2018-02-16 15:34:57 IST 0000000024a80000 000000000d9ccac8 009e 00a4 0000 0006 00000000 0000 0014 00000000 00000001 00000001

2018-02-16 15:35:57 IST 0000000024a80000 000000000bb52410 009e 00a4 0000 0006 00000001 0000 0014 00000000 00000002 00000002

2018-02-16 15:36:57 IST 0000000024a80000 000000000a219c68 009f 00a4 0000 0006 00000000 0000 0014 00000000 00000001 00000001

2018-02-16 15:37:57 IST 0000000024a80000 0000000008391d58 009e 00a4 0000 0006 00000000 0000 0014 00000000 00000002 00000002

2018-02-16 15:38:57 IST 0000000024c80000 000000001a7a2858 009e 00a4 0000 0006 00000000 0000 0014 00000000 00000001 00000001

2018-02-16 15:39:57 IST 0000000024c80000 0000000018deeb28 009e 00a4 0000 0006 00000001 0000 0014 00000000 00000002 00000002

2018-02-16 15:40:57 IST 0000000024c80000 00000000174667e8 009f 00a4 0000 0006 00000000 0000 0014 00000000 00000001 00000001

2018-02-16 15:41:57 IST 0000000024c80000 00000000155b69a0 009e 00a4 0000 0006 00000001 0000 0014 00000000 00000002 00000002

2018-02-16 15:42:57 IST 0000000024c80000 0000000013c66728 009e 00a4 0000 0006 00000000 0000 0014 00000000 00000001 00000001

2018-02-16 15:43:57 IST 0000000024c80000 000000001228d3f0 009f 00a4 0000 0006 00000000 0000 0014 00000000 00000002 00000002

2018-02-16 15:44:57 IST 0000000024c80000 000000001040f1e0 009f 00a4 0000 0006 00000000 0000 0014 00000000 00000001 00000001

2018-02-16 15:45:57 IST 0000000024c80000 000000000ea8a348 009e 00a4 0000 0006 00000001 0000 0014 00000000 00000002 00000002

2018-02-16 15:46:57 IST 0000000024c80000 000000000d102428 009e 00a4 0000 0006 00000000 0000 0014 00000000 00000001 00000001

2018-02-16 15:47:57 IST 0000000024c80000 000000000b7567e8 009f 00a4 0000 0006 00000001 0000 0014 00000000 00000002 00000002

2018-02-16 15:48:57 IST 0000000024c80000 00000000098fc7a8 009e 00a4 0000 0006 00000000 0000 0014 00000000 00000001 00000001

2018-02-16 15:49:57 IST 0000000024c80000 0000000007f25768 009e 00a4 0000 0006 00000001 0000 0014 00000000 00000002 00000002

2018-02-16 15:50:57 IST 0000000024280000 0000000019841af8 009e 00a4 0000 0006 00000000 0000 0014 00000000 00000001 00000001

2018-02-16 15:51:57 IST 0000000024280000 0000000017a67118 009f 00a4 0000 0006 00000000 0000 0014 00000000 00000002 00000002

2018-02-16 15:52:57 IST 0000000024280000 00000000161d94b8 009e 00a4 0000 0006 00000000 0000 0014 00000000 00000001 00000001

2018-02-16 15:53:57 IST 0000000024280000 0000000014341550 009e 00a4 0000 0006 00000001 0000 0014 00000000 00000002 00000002

2018-02-16 15:54:57 IST 0000000024280000 0000000012a91c88 009f 00a4 0000 0006 00000000 0000 0014 00000000 00000001 00000001

2018-02-16 15:55:57 IST 0000000024280000 00000000111bc7a8 009f 00a4 0000 0006 00000000 0000 0014 00000000 00000002 00000002

2018-02-16 15:56:57 IST 0000000024280000 000000000f45ae18 009e 00a4 0000 0006 00000000 0000 0014 00000000 00000001 00000001

2018-02-16 15:57:57 IST 0000000024280000 000000000da97b00 009e 00a4 0000 0006 00000000 0000 0014 00000000 00000002 00000002

2018-02-16 15:58:57 IST 0000000024280000 000000000bd17820 009f 00a4 0000 0006 00000000 0000 0014 00000000 00000001 00000001

2018-02-16 15:59:57 IST 0000000024280000 000000000a411708 009f 00a4 0000 0006 00000000 0000 0014 00000000 00000002 00000002

2018-02-16 16:00:57 IST 0000000024280000 00000000086b3aa8 009e 00a4 0000 0006 00000000 0000 0014 00000000 00000001 00000001

2018-02-16 16:01:57 IST 0000000023980000 00000000195b4538 009e 00a4 0000 0006 00000001 0000 0014 00000000 00000002 00000002

2018-02-16 16:02:57 IST 0000000023980000 0000000017daf9a8 009f 00a4 0000 0006 00000000 0000 0014 00000000 00000001 00000001

2018-02-16 16:03:57 IST 0000000023980000 00000000160bd458 009e 00a4 0000 0006 00000000 0000 0014 00000000 00000002 00000002

2018-02-16 16:04:57 IST 0000000023980000 00000000147ff3c8 009e 00a4 0000 0006 00000000 0000 0014 00000000 00000001 00000001

2018-02-16 16:05:57 IST 0000000023980000 0000000012abc2f8 009e 00a4 0000 0006 00000000 0000 0014 00000000 00000002 00000002

2018-02-16 16:06:57 IST 0000000023980000 0000000010d1fbf0 009f 00a4 0000 0006 00000000 0000 0014 00000000 00000001 00000001

2018-02-16 16:07:57 IST 0000000023980000 000000000f4e5b78 009e 00a4 0000 0006 00000001 0000 0014 00000000 00000002 00000002

2018-02-16 16:08:57 IST 0000000023980000 000000000d771228 009e 00a4 0000 0006 00000000 0000 0014 00000000 00000001 00000001

2018-02-16 16:09:57 IST 0000000023980000 000000000bf14018 009f 00a4 0000 0006 00000001 0000 0014 00000000 00000002 00000002

2018-02-16 16:10:57 IST 0000000023980000 000000000a230530 009f 00a4 0000 0006 00000000 0000 0014 00000000 00000001 00000001

2018-02-16 16:11:57 IST 0000000023980000 0000000008967098 009e 00a4 0000 0006 00000000 0000 0014 00000000 00000002 00000002

2018-02-16 16:12:57 IST 0000000023080000 0000000018dfeae0 009e 00a4 0000 0006 00000000 0000 0014 00000000 00000001 00000001

2018-02-16 16:13:57 IST 0000000023080000 00000000175afd68 009f 00a4 0000 0006 00000000 0000 0014 00000000 00000002 00000002

2018-02-16 16:14:57 IST 0000000023080000 00000000158fdae8 009f 00a4 0000 0006 00000000 0000 0014 00000000 00000001 00000001

2018-02-16 16:15:57 IST 0000000023080000 0000000013ce9a88 009e 00a4 0000 0006 00000001 0000 0014 00000000 00000002 00000002

2018-02-16 16:16:57 IST 0000000023080000 00000000120342c0 009e 00a4 0000 0006 00000000 0000 0014 00000000 00000001 00000001

2018-02-16 16:17:57 IST 0000000023080000 00000000107ea008 009f 00a4 0000 0006 00000001 0000 0014 00000000 00000002 00000002

2018-02-16 16:18:57 IST 0000000023080000 000000000ec05418 009e 00a4 0000 0006 00000000 0000 0014 00000000 00000001 00000001

2018-02-16 16:19:57 IST 0000000023080000 000000000cf2a118 009e 00a4 0000 0006 00000000 0000 0014 00000000 00000002 00000002

2018-02-16 16:20:57 IST 0000000023080000 000000000b7df148 009e 00a4 0000 0006 00000000 0000 0014 00000000 00000001 00000001

2018-02-16 16:21:57 IST 0000000023080000 0000000009ad7408 009f 00a4 0000 0006 00000001 0000 0014 00000000 00000002 00000002

2018-02-16 16:22:57 IST 0000000023080000 0000000007e44d58 009e 00a4 0000 0006 00000000 0000 0014 00000000 00000001 00000001

2018-02-16 16:23:57 IST 0000000022780000 00000000179c59c0 009e 00a4 0000 0006 00000000 0000 0014 00000000 00000002 00000002

2018-02-16 16:24:57 IST 0000000022780000 0000000015e890f0 009e 00a4 0000 0006 00000000 0000 0014 00000000 00000001 00000001

2018-02-16 16:25:57 IST 0000000022780000 00000000146e6050 009f 00a4 0000 0006 00000000 0000 0014 00000000 00000002 00000002

2018-02-16 16:26:57 IST 0000000022780000 0000000018bc07b8 009e 00a4 0000 0006 00000000 0000 0014 00000000 00000001 00000001

2018-02-16 16:27:57 IST 0000000022780000 0000000016f817f8 009e 00a4 0000 0006 00000000 0000 0014 00000000 00000002 00000002

2018-02-16 16:28:57 IST 0000000022780000 00000000153992a8 009f 00a4 0000 0006 00000000 0000 0014 00000000 00000001 00000001

2018-02-16 16:29:57 IST 0000000022780000 0000000013801700 009f 00a4 0000 0006 00000001 0000 0014 00000000 00000002 00000002

2018-02-16 16:30:57 IST 0000000022780000 0000000011c40810 009e 00a4 0000 0006 00000000 0000 0014 00000000 00000001 00000001

2018-02-16 16:31:57 IST 0000000022780000 000000001002a9a8 009e 00a4 0000 0006 00000000 0000 0014 00000000 00000002 00000002

2018-02-16 16:32:57 IST 0000000022780000 000000000e8dbb58 009f 00a4 0000 0006 00000000 0000 0014 00000000 00000001 00000001

2018-02-16 16:33:57 IST 0000000022780000 000000000ccbe018 009e 00a4 0000 0006 00000000 0000 0014 00000000 00000002 00000002

2018-02-16 16:34:57 IST 0000000022780000 000000000b17e518 009e 00a4 0000 0006 00000000 0000 0014 00000000 00000001 00000001

2018-02-16 16:35:57 IST 0000000022780000 000000000953f378 009e 00a4 0000 0006 00000001 0000 0014 00000000 00000002 00000002

2018-02-16 16:36:57 IST 0000000022900000 000000001921aaa0 009f 00a4 0000 0006 00000000 0000 0014 00000000 00000001 00000001

2018-02-16 16:37:57 IST 0000000022900000 00000000175e5aa0 009e 00a4 0000 0006 00000001 0000 0014 00000000 00000002 00000002

2018-02-16 16:38:57 IST 0000000022900000 00000000159f2b58 009e 00a4 0000 0006 00000000 0000 0014 00000000 00000001 00000001

2018-02-16 16:39:57 IST 0000000022900000 00000000142ea918 009e 00a4 0000 0006 00000000 0000 0014 00000000 00000002 00000002

2018-02-16 16:40:57 IST 0000000022900000 00000000126f18e8 009f 00a4 0000 0006 00000000 0000 0014 00000000 00000001 00000001

2018-02-16 16:41:57 IST 0000000022900000 0000000010acd1b8 009e 00a4 0000 0006 00000001 0000 0014 00000000 00000002 00000002

2018-02-16 16:42:57 IST 0000000022900000 000000000eed3f70 009e 00a4 0000 0006 00000000 0000 0014 00000000 00000001 00000001

2018-02-16 16:43:57 IST 0000000022900000 000000000d285808 009f 00a4 0000 0006 00000000 0000 0014 00000000 00000002 00000002

2018-02-16 16:44:57 IST 0000000022900000 000000000b765490 009f 00a4 0000 0006 00000000 0000 0014 00000000 00000001 00000001

2018-02-16 16:45:57 IST 0000000022900000 0000000009b32aa0 009e 00a4 0000 0006 00000001 0000 0014 00000000 00000002 00000002

2018-02-16 16:46:57 IST 0000000022900000 0000000007f39070 009e 00a4 0000 0006 00000000 0000 0014 00000000 00000001 00000001

2018-02-16 16:47:57 IST 0000000022080000 00000000173c7158 009f 00a4 0000 0006 00000000 0000 0014 00000000 00000002 00000002

2018-02-16 16:48:57 IST 0000000022080000 00000000158ac050 009f 00a4 0000 0006 00000000 0000 0014 00000000 00000001 00000001

2018-02-16 16:49:57 IST 0000000022080000 0000000013d5e3d8 009e 00a4 0000 0006 00000001 0000 0014 00000000 00000002 00000002

2018-02-16 16:50:57 IST 0000000022080000 000000001223d7c8 009e 00a4 0000 0006 00000000 0000 0014 00000000 00000001 00000001

2018-02-16 16:51:57 IST 0000000022080000 00000000106d06b8 009f 00a4 0000 0006 00000000 0000 0014 00000000 00000002 00000002

2018-02-16 16:52:57 IST 0000000022080000 000000000ebd2ea8 009e 00a4 0000 0006 00000000 0000 0014 00000000 00000001 00000001

2018-02-16 16:53:57 IST 0000000022080000 000000000d05e9b0 009e 00a4 0000 0006 00000001 0000 0014 00000000 00000002 00000002

2018-02-16 16:54:57 IST 0000000022080000 000000000b546090 009e 00a4 0000 0006 00000000 0000 0014 00000000 00000001 00000001

2018-02-16 16:55:57 IST 0000000022080000 00000000099d64c8 009f 00a4 0000 0006 00000000 0000 0014 00000000 00000002 00000002

2018-02-16 16:56:57 IST 0000000022080000 0000000007ed5818 009e 00a4 0000 0006 00000000 0000 0014 00000000 00000001 00000001

2018-02-16 16:57:57 IST 0000000021800000 0000000016bd6218 009e 00a4 0000 0006 00000001 0000 0014 00000000 00000002 00000002

2018-02-16 16:58:57 IST 0000000021800000 0000000015184fa0 009f 00a4 0000 0006 00000000 0000 0014 00000000 00000001 00000001

2018-02-16 16:59:57 IST 0000000021800000 00000000136db2e8 009f 00a4 0000 0006 00000000 0000 0014 00000000 00000002 00000002

2018-02-16 17:00:57 IST 0000000021800000 000000001184bb40 009e 00a4 0000 0006 00000000 0000 0014 00000000 00000001 00000001

2018-02-16 17:01:57 IST 0000000021800000 000000000fda56a0 009e 00a4 0000 0006 00000000 0000 0014 00000000 00000002 00000002

2018-02-16 17:02:57 IST 0000000021800000 000000000e28d320 009f 00a4 0000 0006 00000000 0000 0014 00000000 00000001 00000001

2018-02-16 17:03:57 IST 0000000021800000 000000000c7e5a30 009f 00a4 0000 0006 00000001 0000 0014 00000000 00000002 00000002

2018-02-16 17:04:57 IST 0000000021800000 000000000adadca0 009e 00a4 0000 0006 00000000 0000 0014 00000000 00000001 00000001

2018-02-16 17:05:57 IST 0000000021800000 0000000008ea9d20 009e 00a4 0000 0006 00000001 0000 0014 00000000 00000002 00000002

2018-02-16 17:06:57 IST 0000000021080000 00000000179d28c0 009f 00a4 0000 0006 00000000 0000 0014 00000000 00000001 00000001

2018-02-16 17:07:57 IST 0000000021080000 0000000015adcc98 009f 00a4 0000 0006 00000000 0000 0014 00000000 00000002 00000002

2018-02-16 17:08:57 IST 0000000021080000 000000001415eee8 009e 00a4 0000 0006 00000000 0000 0014 00000000 00000001 00000001

2018-02-16 17:09:57 IST 0000000021080000 0000000012767d00 009e 00a4 0000 0006 00000000 0000 0014 00000000 00000002 00000002

2018-02-16 17:10:57 IST 0000000021080000 00000000108ccb68 009f 00a4 0000 0006 00000000 0000 0014 00000000 00000001 00000001

2018-02-16 17:11:57 IST 0000000021080000 000000000eef4ac0 009e 00a4 0000 0006 00000000 0000 0014 00000000 00000002 00000002

2018-02-16 17:12:57 IST 0000000021080000 000000000d5524e8 009e 00a4 0000 0006 00000000 0000 0014 00000000 00000001 00000001

2018-02-16 17:13:57 IST 0000000021080000 000000000b68a038 009e 00a4 0000 0006 00000000 0000 0014 00000000 00000002 00000002

2018-02-16 17:14:57 IST 0000000021080000 0000000009cc3710 009f 00a4 0000 0006 00000000 0000 0014 00000000 00000001 00000001

2018-02-16 17:15:57 IST 0000000021080000 00000000082f00e8 009e 00a4 0000 0006 00000001 0000 0014 00000000 00000002 00000002

2018-02-16 17:16:57 IST 0000000020980000 0000000015f143f8 009e 00a4 0000 0006 00000000 0000 0014 00000000 00000001 00000001

2018-02-16 17:17:57 IST 0000000020980000 0000000014597d80 009f 00a4 0000 0006 00000001 0000 0014 00000000 00000002 00000002

2018-02-16 17:18:57 IST 0000000020980000 00000000127ee018 009f 00a4 0000 0006 00000000 0000 0014 00000000 00000001 00000001

2018-02-16 17:19:57 IST 0000000020980000 0000000010e98050 009e 00a4 0000 0006 00000001 0000 0014 00000000 00000002 00000002

2018-02-16 17:20:57 IST 0000000020980000 000000000f1820a8 009e 00a4 0000 0006 00000000 0000 0014 00000000 00000001 00000001

2018-02-16 17:21:57 IST 0000000020980000 000000000d77caf8 009f 00a4 0000 0006 00000001 0000 0014 00000000 00000002 00000002

2018-02-16 17:22:57 IST 0000000020980000 000000000ba67168 009f 00a4 0000 0006 00000000 0000 0014 00000000 00000001 00000001

2018-02-16 17:23:57 IST 0000000020980000 000000000a07ab80 009e 00a4 0000 0006 00000001 0000 0014 00000000 00000002 00000002

2018-02-16 17:24:57 IST 0000000020980000 0000000008363078 009e 00a4 0000 0006 00000000 0000 0014 00000000 00000001 00000001

2018-02-16 17:25:57 IST 0000000020200000 0000000015cd1a28 009f 00a4 0000 0006 00000001 0000 0014 00000000 00000002 00000002

2018-02-16 17:26:57 IST 0000000020280000 0000000016830808 009e 00a4 0000 0006 00000000 0000 0014 00000000 00000001 00000001

2018-02-16 17:27:57 IST 0000000020280000 0000000014ad3270 009e 00a4 0000 0006 00000000 0000 0014 00000000 00000002 00000002

2018-02-16 17:28:57 IST 0000000020280000 00000000131d5eb0 009e 00a4 0000 0006 00000000 0000 0014 00000000 00000001 00000001

2018-02-16 17:29:57 IST 0000000020280000 0000000011514f90 009f 00a4 0000 0006 00000001 0000 0014 00000000 00000002 00000002

2018-02-16 17:30:57 IST 0000000020280000 000000000f857180 009e 00a4 0000 0006 00000000 0000 0014 00000000 00000001 00000001

2018-02-16 17:31:57 IST 0000000020280000 000000000df97358 009e 00a4 0000 0006 00000000 0000 0014 00000000 00000002 00000002

2018-02-16 17:32:57 IST 0000000020280000 000000000c2950a8 009e 00a4 0000 0006 00000000 0000 0014 00000000 00000001 00000001

2018-02-16 17:33:57 IST 0000000020280000 000000000a967ab0 009f 00a4 0000 0006 00000001 0000 0014 00000000 00000002 00000002

2018-02-16 17:34:57 IST 0000000020280000 0000000008d160a0 009e 00a4 0000 0006 00000000 0000 0014 00000000 00000001 00000001

2018-02-16 17:35:57 IST 0000000020280000 00000000167a97b0 009e 00a4 0000 0006 00000000 0000 0014 00000000 00000002 00000002

2018-02-16 17:36:57 IST 0000000020280000 0000000014a6b318 009f 00a4 0000 0006 00000000 0000 0014 00000000 00000001 00000001

2018-02-16 17:37:57 IST 0000000020280000 0000000012d06808 009f 00a4 0000 0006 00000001 0000 0014 00000000 00000002 00000002

2018-02-16 17:38:57 IST 0000000020280000 00000000114cefd0 009e 00a4 0000 0006 00000000 0000 0014 00000000 00000001 00000001

2018-02-16 17:39:57 IST 0000000020280000 000000000f769e48 009e 00a4 0000 0006 00000001 0000 0014 00000000 00000002 00000002

2018-02-16 17:40:57 IST 0000000020280000 000000000def3008 009f 00a4 0000 0006 00000000 0000 0014 00000000 00000001 00000001

2018-02-16 17:41:57 IST 0000000020280000 000000000c1b41c0 009f 00a4 0000 0006 00000001 0000 0014 00000000 00000002 00000002

2018-02-16 17:42:57 IST 0000000020280000 000000000a4bd338 009e 00a4 0000 0006 00000000 0000 0014 00000000 00000001 00000001

2018-02-16 17:43:57 IST 0000000020280000 0000000008bf1360 009e 00a4 0000 0006 00000001 0000 0014 00000000 00000002 00000002

2018-02-16 17:44:57 IST 0000000020380000 00000000163165c0 009f 00a4 0000 0006 00000000 0000 0014 00000000 00000001 00000001

2018-02-16 17:45:57 IST 0000000020380000 0000000014a4bb78 009e 00a4 0000 0006 00000001 0000 0014 00000000 00000002 00000002

2018-02-16 17:46:57 IST 0000000020380000 0000000012d2e4f0 009e 00a4 0000 0006 00000000 0000 0014 00000000 00000001 00000001

2018-02-16 17:47:57 IST 0000000020380000 0000000010fb5cd8 009e 00a4 0000 0006 00000001 0000 0014 00000000 00000002 00000002

2018-02-16 17:48:57 IST 0000000020380000 000000000f72d6f8 009f 00a4 0000 0006 00000000 0000 0014 00000000 00000001 00000001

2018-02-16 17:49:57 IST 0000000020380000 000000000d9fdb90 009e 00a4 0000 0006 00000000 0000 0014 00000000 00000002 00000002

2018-02-16 17:50:57 IST 0000000020380000 000000000c1728c0 009e 00a4 0000 0006 00000000 0000 0014 00000000 00000001 00000001

2018-02-16 17:51:57 IST 0000000020380000 000000000a3fec00 009e 00a4 0000 0006 00000001 0000 0014 00000000 00000002 00000002

2018-02-16 17:52:57 IST 0000000020380000 0000000008ae3f00 009f 00a4 0000 0006 00000000 0000 0014 00000000 00000001 00000001

2018-02-16 17:53:57 IST 000000001fc00000 0000000015c05b98 009e 00a4 0000 0006 00000000 0000 0014 00000000 00000002 00000002

2018-02-16 17:54:57 IST 000000001fc00000 0000000013faf3f0 009e 00a4 0000 0006 00000000 0000 0014 00000000 00000001 00000001

2018-02-16 17:55:57 IST 000000001fc00000 0000000012783d90 009f 00a4 0000 0006 00000001 0000 0014 00000000 00000002 00000002

2018-02-16 17:56:57 IST 000000001fc00000 0000000010b2b518 009f 00a4 0000 0006 00000000 0000 0014 00000000 00000001 00000001

2018-02-16 17:57:57 IST 000000001fc00000 000000000ee98818 009e 00a4 0000 0006 00000001 0000 0014 00000000 00000002 00000002

2018-02-16 17:58:57 IST 000000001fc00000 000000000d249dc8 009e 00a4 0000 0006 00000000 0000 0014 00000000 00000001 00000001

2018-02-16 17:59:57 IST 000000001fc00000 000000000ba1a900 009f 00a4 0000 0006 00000000 0000 0014 00000000 00000002 00000002

2018-02-16 18:00:57 IST 000000001fc00000 0000000009dc92d0 009f 00a4 0000 0006 00000000 0000 0014 00000000 00000001 00000001

2018-02-16 18:01:57 IST 000000001fc00000 00000000081417c8 009e 00a4 0000 0006 00000001 0000 0014 00000000 00000002 00000002

2018-02-16 18:02:57 IST 000000001f600000 00000000151e0ba0 009e 00a4 0000 0006 00000000 0000 0014 00000000 00000001 00000001

2018-02-16 18:03:57 IST 000000001f600000 00000000135eb790 009f 00a4 0000 0006 00000000 0000 0014 00000000 00000002 00000002

2018-02-16 18:04:57 IST 000000001f600000 0000000011a6deb8 009e 00a4 0000 0006 00000000 0000 0014 00000000 00000001 00000001

2018-02-16 18:05:57 IST 000000001f600000 000000000fe808e8 009e 00a4 0000 0006 00000001 0000 0014 00000000 00000002 00000002

2018-02-16 18:06:57 IST 000000001f600000 000000000e2b49c0 009e 00a4 0000 0006 00000000 0000 0014 00000001 00000001 00000001

2018-02-16 18:07:57 IST 000000001f600000 000000000c6c8898 009f 00a4 0000 0006 00000001 0000 0014 00000000 00000002 00000002

2018-02-16 18:08:57 IST 000000001f600000 000000000ab481a8 009e 00a4 0000 0006 00000000 0000 0014 00000000 00000001 00000001

2018-02-16 18:09:57 IST 000000001f600000 0000000008f54c20 009e 00a4 0000 0006 00000000 0000 0014 00000000 00000002 00000002

2018-02-16 18:10:57 IST 000000001ef80000 000000001556f130 009f 00a4 0000 0006 00000000 0000 0014 00000000 00000001 00000001

2018-02-16 18:11:57 IST 000000001ef80000 0000000013a1c9f8 009f 00a4 0000 0006 00000001 0000 0014 00000000 00000002 00000002

2018-02-16 18:12:57 IST 000000001ef80000 0000000011e81938 009e 00a4 0000 0006 00000000 0000 0014 00000000 00000001 00000001

2018-02-16 18:13:57 IST 000000001ef80000 0000000010340d08 009e 00a4 0000 0006 00000000 0000 0014 00000000 00000002 00000002

2018-02-16 18:14:57 IST 000000001ef80000 000000000e84e918 009f 00a4 0000 0006 00000000 0000 0014 00000000 00000001 00000001

2018-02-16 18:15:57 IST 000000001ef80000 000000000cd05658 009f 00a4 0000 0006 00000000 0000 0014 00000000 00000002 00000002

2018-02-16 18:16:57 IST 000000001ef80000 000000000b22c688 009e 00a4 0000 0006 00000000 0000 0014 00000000 00000001 00000001

2018-02-16 18:17:57 IST 000000001ef80000 00000000096e4688 009e 00a4 0000 0006 00000000 0000 0014 00000000 00000002 00000002

2018-02-16 18:18:57 IST 000000001ef80000 0000000007bf1160 009f 00a4 0000 0006 00000000 0000 0014 00000000 00000001 00000001

2018-02-16 18:19:57 IST 000000001ea00000 0000000013ddb298 009f 00a4 0000 0006 00000001 0000 0014 00000000 00000002 00000002

2018-02-16 18:20:57 IST 000000001ea00000 00000000123b4840 009e 00a4 0000 0006 00000000 0000 0014 00000000 00000001 00000001

2018-02-16 18:21:57 IST 000000001ea00000 0000000010503ec0 009e 00a4 0000 0006 00000000 0000 0014 00000000 00000002 00000002

2018-02-16 18:22:57 IST 000000001ea00000 000000000eac2908 009f 00a4 0000 0006 00000000 0000 0014 00000000 00000001 00000001

2018-02-16 18:23:57 IST 000000001ea00000 000000000d021e48 009e 00a4 0000 0006 00000001 0000 0014 00000000 00000002 00000002

2018-02-16 18:24:57 IST 000000001ea00000 000000000b5e5d20 009e 00a4 0000 0006 00000000 0000 0014 00000000 00000001 00000001

2018-02-16 18:25:57 IST 000000001ea00000 0000000009ace5f0 009d 00a4 0000 0006 00000000 0000 0014 00000000 00000002 00000002

2018-02-16 18:26:57 IST 000000001e980000 0000000014fdcee0 009e 00a4 0000 0006 00000000 0000 0014 00000000 00000001 00000001

2018-02-16 18:27:57 IST 000000001e980000 000000001312a248 009d 00a4 0000 0006 00000001 0000 0014 00000000 00000002 00000002

2018-02-16 18:28:57 IST 000000001e980000 00000000116fa018 009d 00a4 0000 0006 00000000 0000 0014 00000000 00000001 00000001

2018-02-16 18:29:57 IST 000000001e980000 000000000fc70ab8 009e 00a4 0000 0006 00000001 0000 0014 00000000 00000002 00000002

2018-02-16 18:30:57 IST 000000001e980000 000000000e2435c8 009e 00a4 0000 0006 00000000 0000 0014 00000000 00000001 00000001

2018-02-16 18:31:57 IST 000000001e980000 000000000c7512a0 009d 00a4 0000 0006 00000000 0000 0014 00000000 00000002 00000002

2018-02-16 18:32:57 IST 000000001e980000 000000000a97b610 009d 00a4 0000 0006 00000000 0000 0014 00000000 00000001 00000001

2018-02-16 18:33:57 IST 000000001e980000 0000000008efaef8 009e 00a4 0000 0006 00000001 0000 0014 00000000 00000002 00000002

2018-02-16 18:34:57 IST 000000001ea80000 0000000015081d40 009e 00a4 0000 0006 00000000 0000 0014 00000000 00000001 00000001

2018-02-16 18:35:57 IST 000000001ea80000 00000000135d8c68 009d 00a4 0000 0006 00000000 0000 0014 00000000 00000002 00000002

2018-02-16 18:36:57 IST 000000001ea80000 0000000011b6a6a8 009d 00a4 0000 0006 00000000 0000 0014 00000000 00000001 00000001

2018-02-16 18:37:57 IST 000000001ea80000 00000000100dcce0 009e 00a4 0000 0006 00000001 0000 0014 00000000 00000002 00000002

2018-02-16 18:38:57 IST 000000001ea80000 000000000e6b5338 009d 00a4 0000 0006 00000000 0000 0014 00000000 00000001 00000001

2018-02-16 18:39:57 IST 000000001ea80000 000000000cb94d58 009d 00a4 0000 0006 00000001 0000 0014 00000000 00000002 00000002

2018-02-16 18:40:57 IST 000000001ea80000 000000000ada3800 009d 00a4 0000 0006 00000000 0000 0014 00000000 00000001 00000001

2018-02-16 18:41:57 IST 000000001ea80000 00000000092fd708 009e 00a4 0000 0006 00000000 0000 0014 00000000 00000002 00000002

2018-02-16 18:42:57 IST 000000001ea80000 00000000154b8c90 009d 00a4 0000 0006 00000000 0000 0014 00000000 00000001 00000001

2018-02-16 18:43:57 IST 000000001ea80000 00000000139dbb58 009d 00a4 0000 0006 00000001 0000 0014 00000000 00000002 00000002

2018-02-16 18:44:57 IST 000000001ea80000 0000000011f7e288 009e 00a4 0000 0006 00000000 0000 0014 00000000 00000001 00000001

2018-02-16 18:45:57 IST 000000001ea80000 00000000104c2728 009e 00a4 0000 0006 00000000 0000 0014 00000000 00000002 00000002

2018-02-16 18:46:57 IST 000000001ea80000 000000000e9f2a38 009d 00a4 0000 0006 00000000 0000 0014 00000000 00000001 00000001

2018-02-16 18:47:57 IST 000000001ea80000 000000000cf3f4c8 009d 00a4 0000 0006 00000001 0000 0014 00000000 00000002 00000002

2018-02-16 18:48:57 IST 000000001ea80000 000000000b119e60 009e 00a4 0000 0006 00000000 0000 0014 00000000 00000001 00000001

2018-02-16 18:49:57 IST 000000001ea80000 0000000009665628 009e 00a4 0000 0006 00000001 0000 0014 00000000 00000002 00000002

2018-02-16 18:50:57 IST 000000001ea80000 0000000007c1a128 009d 00a4 0000 0006 00000000 0000 0014 00000000 00000001 00000001

2018-02-16 18:51:57 IST 000000001e500000 0000000013947810 009d 00a4 0000 0006 00000000 0000 0014 00000000 00000002 00000002

2018-02-16 18:52:57 IST 000000001e500000 0000000011b7f1a0 009e 00a4 0000 0006 00000000 0000 0014 00000000 00000001 00000001

2018-02-16 18:53:57 IST 000000001e500000 000000001016d6d0 009d 00a4 0000 0006 00000001 0000 0014 00000000 00000002 00000002

2018-02-16 18:54:57 IST 000000001e500000 000000000e7b02b8 009d 00a4 0000 0006 00000000 0000 0014 00000000 00000001 00000001

2018-02-16 18:55:57 IST 000000001e500000 000000000c992cb0 009d 00a4 0000 0006 00000000 0000 0014 00000000 00000002 00000002

2018-02-16 18:56:57 IST 000000001e500000 000000000afbb488 009e 00a4 0000 0006 00000000 0000 0014 00000000 00000001 00000001

2018-02-16 18:57:57 IST 000000001e500000 00000000095c5b98 009d 00a4 0000 0006 00000000 0000 0014 00000000 00000002 00000002

2018-02-16 18:58:57 IST 000000001df00000 000000001497dc20 009d 00a4 0000 0006 00000000 0000 0014 00000000 00000001 00000001

2018-02-16 18:59:57 IST 000000001df00000 0000000012fe5c18 009d 00a4 0000 0006 00000001 0000 0014 00000000 00000002 00000002

2018-02-16 19:00:57 IST 000000001df00000 00000000116481c0 009e 00a4 0000 0006 00000000 0000 0014 00000000 00000001 00000001

2018-02-16 19:01:57 IST 000000001df00000 000000000f9565e0 009d 00a4 0000 0006 00000001 0000 0014 00000000 00000002 00000002

2018-02-16 19:02:57 IST 000000001df00000 000000000dc47b58 009d 00a4 0000 0006 00000000 0000 0014 00000000 00000001 00000001

2018-02-16 19:03:57 IST 000000001df00000 000000000c2b4d00 009e 00a4 0000 0006 00000000 0000 0014 00000000 00000002 00000002

2018-02-16 19:04:57 IST 000000001df00000 000000000a61f620 009e 00a4 0000 0006 00000000 0000 0014 00000000 00000001 00000001

2018-02-16 19:05:57 IST 000000001df00000 0000000008c29690 009d 00a4 0000 0006 00000001 0000 0014 00000000 00000002 00000002

2018-02-16 19:06:57 IST 000000001da00000 0000000013c78510 009d 00a4 0000 0006 00000000 0000 0014 00000000 00000001 00000001

2018-02-16 19:07:57 IST 000000001da00000 0000000012389020 009e 00a4 0000 0006 00000001 0000 0014 00000000 00000002 00000002

2018-02-16 19:08:57 IST 000000001da00000 0000000010712330 009e 00a4 0000 0006 00000000 0000 0014 00000000 00000001 00000001

2018-02-16 19:09:57 IST 000000001da00000 000000000ea7c408 009d 00a4 0000 0006 00000001 0000 0014 00000000 00000002 00000002

2018-02-16 19:10:57 IST 000000001da00000 000000000d16d230 009d 00a4 0000 0006 00000000 0000 0014 00000000 00000001 00000001

2018-02-16 19:11:57 IST 000000001da00000 000000000b528c80 009e 00a4 0000 0006 00000001 0000 0014 00000000 00000002 00000002

2018-02-16 19:12:57 IST 000000001da00000 00000000098dc9b0 009d 00a4 0000 0006 00000000 0000 0014 00000000 00000001 00000001

2018-02-16 19:13:57 IST 000000001da00000 0000000007f71750 009d 00a4 0000 0006 00000001 0000 0014 00000000 00000002 00000002

2018-02-16 19:14:57 IST 000000001d480000 0000000012b1a9b0 009d 00a4 0000 0006 00000000 0000 0014 00000000 00000001 00000001

2018-02-16 19:15:57 IST 000000001d480000 0000000010ef7228 009e 00a4 0000 0006 00000000 0000 0014 00000000 00000002 00000002

2018-02-16 19:16:57 IST 000000001d480000 000000000f68e330 009d 00a4 0000 0006 00000000 0000 0014 00000000 00000001 00000001

2018-02-16 19:17:57 IST 000000001d480000 000000000da73ab8 009d 00a4 0000 0006 00000001 0000 0014 00000000 00000002 00000002

2018-02-16 19:18:57 IST 000000001d480000 000000000bf28fb0 009e 00a4 0000 0006 00000000 0000 0014 00000000 00000001 00000001

2018-02-16 19:19:57 IST 000000001d480000 000000000a30c620 009e 00a4 0000 0006 00000000 0000 0014 00000000 00000002 00000002

2018-02-16 19:20:57 IST 000000001d480000 0000000008758710 009d 00a4 0000 0006 00000000 0000 0014 00000000 00000001 00000001

2018-02-16 19:21:57 IST 000000001d000000 00000000132469b8 009d 00a4 0000 0006 00000001 0000 0014 00000000 00000002 00000002

2018-02-16 19:22:57 IST 000000001d000000 000000001172a808 009e 00a4 0000 0006 00000000 0000 0014 00000000 00000001 00000001

2018-02-16 19:23:57 IST 000000001d000000 000000000f886868 009e 00a4 0000 0006 00000001 0000 0014 00000000 00000002 00000002

2018-02-16 19:24:57 IST 000000001d000000 000000000dd7f1f0 009d 00a4 0000 0006 00000000 0000 0014 00000000 00000001 00000001

2018-02-16 19:25:57 IST 000000001d000000 000000000c20f1d8 009d 00a4 0000 0006 00000000 0000 0014 00000000 00000002 00000002

2018-02-16 19:26:57 IST 000000001cf80000 0000000013677ac8 009e 00a4 0000 0006 00000000 0000 0014 00000000 00000001 00000001

2018-02-16 19:27:57 IST 000000001cf80000 0000000011814688 009d 00a4 0000 0006 00000001 0000 0014 00000000 00000002 00000002

2018-02-16 19:28:57 IST 000000001cf80000 000000000fd294a8 009d 00a4 0000 0006 00000000 0000 0014 00000000 00000001 00000001

2018-02-16 19:29:57 IST 000000001cf80000 000000000e1e77f0 009d 00a4 0000 0006 00000000 0000 0014 00000000 00000002 00000002

2018-02-16 19:30:57 IST 000000001cf80000 000000000c6fd330 009e 00a4 0000 0006 00000000 0000 0014 00000000 00000001 00000001

2018-02-16 19:31:57 IST 000000001cf80000 000000000abefef0 009d 00a4 0000 0006 00000000 0000 0014 00000000 00000002 00000002

2018-02-16 19:32:57 IST 000000001cf80000 00000000091003b0 009d 00a4 0000 0006 00000000 0000 0014 00000000 00000001 00000001

2018-02-16 19:33:57 IST 000000001d080000 000000001379a2b0 009d 00a4 0000 0006 00000001 0000 0014 00000000 00000002 00000002

2018-02-16 19:34:57 IST 000000001d080000 0000000011c9dd38 009e 00a4 0000 0006 00000000 0000 0014 00000000 00000001 00000001

2018-02-16 19:35:57 IST 000000001d080000 0000000010166580 009d 00a4 0000 0006 00000002 0000 0014 00000000 00000002 00000002

2018-02-16 19:36:57 IST 000000001d080000 000000000e5d62b0 009d 00a4 0000 0006 00000000 0000 0014 00000000 00000001 00000001

2018-02-16 19:37:57 IST 000000001d080000 000000000ca8bf80 009e 00a4 0000 0006 00000001 0000 0014 00000000 00000002 00000002

2018-02-16 19:38:57 IST 000000001d080000 000000000af967c8 009e 00a4 0000 0006 00000000 0000 0014 00000000 00000001 00000001

2018-02-16 19:39:57 IST 000000001d080000 000000000945d138 009d 00a4 0000 0006 00000001 0000 0014 00000000 00000002 00000002

2018-02-16 19:40:57 IST 000000001d080000 0000000013b49578 009d 00a4 0000 0006 00000000 0000 0014 00000000 00000001 00000001

2018-02-16 19:41:57 IST 000000001d080000 0000000011fe1bd8 009e 00a4 0000 0006 00000000 0000 0014 00000000 00000002 00000002

2018-02-16 19:42:57 IST 000000001d080000 00000000104d37b0 009e 00a4 0000 0006 00000000 0000 0014 00000000 00000001 00000001

2018-02-16 19:43:57 IST 000000001d080000 000000000e983568 009d 00a4 0000 0006 00000000 0000 0014 00000000 00000002 00000002

2018-02-16 19:44:57 IST 000000001d080000 000000000ce76bf0 009d 00a4 0000 0006 00000000 0000 0014 00000000 00000001 00000001

2018-02-16 19:45:57 IST 000000001d080000 000000000b315810 009e 00a4 0000 0006 00000001 0000 0014 00000000 00000002 00000002

2018-02-16 19:46:57 IST 000000001d080000 0000000009819950 009d 00a4 0000 0006 00000000 0000 0014 00000000 00000001 00000001

2018-02-16 19:47:57 IST 000000001d080000 0000000007cb5360 009d 00a4 0000 0006 00000001 0000 0014 00000000 00000002 00000002

2018-02-16 19:48:57 IST 000000001cc00000 0000000012007c40 009d 00a4 0000 0006 00000000 0000 0014 00000000 00000001 00000001

2018-02-16 19:49:57 IST 000000001cc00000 0000000010544e30 009e 00a4 0000 0006 00000000 0000 0014 00000000 00000002 00000002

2018-02-16 19:50:57 IST 000000001cc00000 000000000eaf0e68 009d 00a4 0000 0006 00000000 0000 0014 00000000 00000001 00000001

2018-02-16 19:51:57 IST 000000001cc00000 000000000cc98940 009d 00a4 0000 0006 00000001 0000 0014 00000000 00000002 00000002

2018-02-16 19:52:57 IST 000000001cc00000 000000000b210620 009d 00a4 0000 0006 00000000 0000 0014 00000000 00000001 00000001

2018-02-16 19:53:57 IST 000000001cc00000 0000000009756a88 009e 00a4 0000 0006 00000001 0000 0014 00000000 00000002 00000002

2018-02-16 19:54:57 IST 000000001cc00000 0000000007cfe528 009d 00a4 0000 0006 00000000 0000 0014 00000000 00000001 00000001

2018-02-16 19:55:57 IST 000000001c700000 0000000011b45c20 009d 00a4 0000 0006 00000001 0000 0014 00000000 00000002 00000002

2018-02-16 19:56:57 IST 000000001c700000 000000000fde7660 009e 00a4 0000 0006 00000000 0000 0014 00000000 00000001 00000001

2018-02-16 19:57:57 IST 000000001c700000 000000000e3a1960 009e 00a4 0000 0006 00000000 0000 0014 00000000 00000002 00000002

2018-02-16 19:58:57 IST 000000001c700000 000000000c9d8f50 009d 00a4 0000 0006 00000000 0000 0014 00000000 00000001 00000001

2018-02-16 19:59:57 IST 000000001c700000 000000000af3b188 009d 00a4 0000 0006 00000001 0000 0014 00000000 00000002 00000002

2018-02-16 20:00:57 IST 000000001c700000 00000000092362b8 009e 00a4 0000 0006 00000000 0000 0014 00000000 00000001 00000001

2018-02-16 20:01:57 IST 000000001c300000 0000000012e03418 009d 00a4 0000 0006 00000001 0000 0014 00000000 00000002 00000002

2018-02-16 20:02:57 IST 000000001c300000 00000000110e3e58 009d 00a4 0000 0006 00000000 0000 0014 00000000 00000001 00000001

2018-02-16 20:03:57 IST 000000001c300000 000000000f692fe0 009d 00a4 0000 0006 00000000 0000 0014 00000000 00000002 00000002

2018-02-16 20:04:57 IST 000000001c300000 000000000d9f8588 009e 00a4 0000 0006 00000000 0000 0014 00000000 00000001 00000001

2018-02-16 20:05:57 IST 000000001c300000 000000000bfb9308 009d 00a4 0000 0006 00000001 0000 0014 00000000 00000002 00000002

2018-02-16 20:06:57 IST 000000001c300000 000000000a2dd2f8 009d 00a4 0000 0006 00000000 0000 0014 00000000 00000001 00000001

2018-02-16 20:07:57 IST 000000001c300000 000000000888ae18 009d 00a4 0000 0006 00000000 0000 0014 00000000 00000002 00000002

2018-02-16 20:08:57 IST 000000001be00000 0000000011a931f8 009e 00a4 0000 0006 00000000 0000 0014 00000000 00000001 00000001

2018-02-16 20:09:57 IST 000000001be00000 000000000fe25b78 009d 00a4 0000 0006 00000002 0000 0014 00000000 00000002 00000002

2018-02-16 20:10:57 IST 000000001be00000 000000000e546a08 009d 00a4 0000 0006 00000000 0000 0014 00000000 00000001 00000001

2018-02-16 20:11:57 IST 000000001be00000 000000000c8d4210 009e 00a4 0000 0006 00000000 0000 0014 00000000 00000002 00000002

2018-02-16 20:12:57 IST 000000001be00000 000000000aca7cf0 009e 00a4 0000 0006 00000000 0000 0014 00000000 00000001 00000001

2018-02-16 20:13:57 IST 000000001be00000 000000000931fc50 009d 00a4 0000 0006 00000001 0000 0014 00000000 00000002 00000002

2018-02-16 20:14:57 IST 000000001ba80000 00000000125b8da8 009d 00a4 0000 0006 00000000 0000 0014 00000000 00000001 00000001

2018-02-16 20:15:57 IST 000000001ba80000 00000000109d2560 009e 00a4 0000 0006 00000001 0000 0014 00000000 00000002 00000002

2018-02-16 20:16:57 IST 000000001ba80000 000000000ee2d850 009e 00a4 0000 0006 00000000 0000 0014 00000000 00000001 00000001

2018-02-16 20:17:57 IST 000000001ba80000 000000000d2375d8 009e 00a4 0000 0006 00000001 0000 0014 00000000 00000002 00000002

2018-02-16 20:18:57 IST 000000001ba80000 000000000b698498 009e 00a4 0000 0006 00000000 0000 0014 00000000 00000001 00000001

2018-02-16 20:19:57 IST 000000001ba80000 0000000009d968c0 009f 00a4 0000 0006 00000001 0000 0014 00000000 00000002 00000002

2018-02-16 20:20:57 IST 000000001ba80000 0000000008224480 009e 00a4 0000 0006 00000000 0000 0014 00000000 00000001 00000001

2018-02-16 20:21:57 IST 000000001b600000 0000000010ff0940 009e 00a4 0000 0006 00000001 0000 0014 00000000 00000002 00000002

2018-02-16 20:22:57 IST 000000001b600000 000000000f493be8 009e 00a4 0000 0006 00000000 0000 0014 00000000 00000001 00000001

2018-02-16 20:23:57 IST 000000001b600000 000000000d694500 009f 00a4 0000 0006 00000001 0000 0014 00000000 00000002 00000002

2018-02-16 20:24:57 IST 000000001b600000 000000000bba9228 009e 00a4 0000 0006 00000000 0000 0014 00000000 00000001 00000001

2018-02-16 20:25:57 IST 000000001b600000 000000000a05c5b8 009e 00a4 0000 0006 00000001 0000 0014 00000000 00000002 00000002

2018-02-16 20:26:57 IST 000000001b680000 0000000011bce750 009f 00a4 0000 0006 00000000 0000 0014 00000000 00000001 00000001

2018-02-16 20:27:57 IST 000000001b680000 00000000100a09d8 009f 00a4 0000 0006 00000000 0000 0014 00000000 00000002 00000002

2018-02-16 20:28:57 IST 000000001b680000 000000000e5d9518 009e 00a4 0000 0006 00000000 0000 0014 00000000 00000001 00000001

2018-02-16 20:29:57 IST 000000001b680000 000000000cab30a8 009e 00a4 0000 0006 00000001 0000 0014 00000000 00000002 00000002

2018-02-16 20:30:57 IST 000000001b680000 000000000af8c3a0 009f 00a4 0000 0006 00000000 0000 0014 00000000 00000001 00000001

2018-02-16 20:31:57 IST 000000001b680000 000000000919e078 009f 00a4 0000 0006 00000001 0000 0014 00000000 00000002 00000002

2018-02-16 20:32:57 IST 000000001b680000 000000001216e430 009e 00a4 0000 0006 00000000 0000 0014 00000000 00000001 00000001

2018-02-16 20:33:57 IST 000000001b680000 000000001034a308 009d 00a4 0000 0006 00000000 0000 0014 00000000 00000002 00000002

2018-02-16 20:34:57 IST 000000001b680000 000000000e87b2b8 009e 00a4 0000 0006 00000000 0000 0014 00000000 00000001 00000001

2018-02-16 20:35:57 IST 000000001b680000 000000000cd4cca0 009d 00a4 0000 0006 00000000 0000 0014 00000000 00000002 00000002

2018-02-16 20:36:57 IST 000000001b680000 000000000b232f08 009d 00a4 0000 0006 00000000 0000 0014 00000000 00000001 00000001

2018-02-16 20:37:57 IST 000000001b680000 00000000096f79c0 009d 00a4 0000 0006 00000000 0000 0014 00000000 00000002 00000002

2018-02-16 20:38:57 IST 000000001b680000 0000000007c1dc88 009e 00a4 0000 0006 00000000 0000 0014 00000000 00000001 00000001

2018-02-16 20:39:57 IST 000000001b780000 0000000010ab5c88 009d 00a4 0000 0006 00000000 0000 0014 00000000 00000002 00000002

2018-02-16 20:40:57 IST 000000001b780000 000000000efb2cf0 009d 00a4 0000 0006 00000000 0000 0014 00000000 00000001 00000001

2018-02-16 20:41:57 IST 000000001b780000 000000000d470510 009e 00a4 0000 0006 00000001 0000 0014 00000000 00000002 00000002

2018-02-16 20:42:57 IST 000000001b780000 000000000b96c820 009e 00a4 0000 0006 00000000 0000 0014 00000000 00000001 00000001

2018-02-16 20:43:57 IST 000000001b780000 0000000009e238f8 009d 00a4 0000 0006 00000001 0000 0014 00000000 00000002 00000002

2018-02-16 20:44:57 IST 000000001b780000 0000000007ff9678 009d 00a4 0000 0006 00000000 0000 0014 00000000 00000001 00000001

2018-02-16 20:45:57 IST 000000001b300000 0000000010a13cc0 009e 00a4 0000 0006 00000000 0000 0014 00000000 00000002 00000002

2018-02-16 20:46:57 IST 000000001b300000 000000000ef9a840 009e 00a4 0000 0006 00000000 0000 0014 00000000 00000001 00000001

2018-02-16 20:47:57 IST 000000001b300000 000000000d4c6c48 009d 00a4 0000 0006 00000000 0000 0014 00000000 00000002 00000002

2018-02-16 20:48:57 IST 000000001b300000 000000000b73b9f8 009d 00a4 0000 0006 00000000 0000 0014 00000000 00000001 00000001

2018-02-16 20:49:57 IST 000000001b300000 0000000009c86818 009e 00a4 0000 0006 00000001 0000 0014 00000000 00000002 00000002

2018-02-16 20:50:57 IST 000000001b300000 000000000820bca8 009d 00a4 0000 0006 00000000 0000 0014 00000000 00000001 00000001

2018-02-16 20:51:57 IST 000000001b000000 0000000010ad8848 009d 00a4 0000 0006 00000001 0000 0014 00000000 00000002 00000002

2018-02-16 20:52:57 IST 000000001b000000 000000000edc7428 009d 00a4 0000 0006 00000000 0000 0014 00000000 00000001 00000001

2018-02-16 20:53:57 IST 000000001b000000 000000000d3a07c8 009e 00a4 0000 0006 00000001 0000 0014 00000000 00000002 00000002

2018-02-16 20:54:57 IST 000000001b000000 000000000b69f058 009d 00a4 0000 0006 00000000 0000 0014 00000000 00000001 00000001

2018-02-16 20:55:57 IST 000000001b000000 0000000009c5f048 009d 00a4 0000 0006 00000000 0000 0014 00000000 00000002 00000002

2018-02-16 20:56:57 IST 000000001b000000 0000000007f4ff08 009d 00a4 0000 0006 00000000 0000 0014 00000000 00000001 00000001

2018-02-16 20:57:57 IST 000000001ac00000 00000000103ebb48 009e 00a4 0000 0006 00000001 0000 0014 00000000 00000002 00000002

2018-02-16 20:58:57 IST 000000001ac00000 000000000e787e58 009d 00a4 0000 0006 00000000 0000 0014 00000000 00000001 00000001

2018-02-16 20:59:57 IST 000000001ac00000 000000000cd72d08 009d 00a4 0000 0006 00000000 0000 0014 00000000 00000002 00000002

2018-02-16 21:00:57 IST 000000001ac00000 000000000b16dda8 009e 00a4 0000 0006 00000000 0000 0014 00000000 00000001 00000001

2018-02-16 21:01:57 IST 000000001ac00000 000000000949fbd8 009e 00a4 0000 0006 00000000 0000 0014 00000000 00000002 00000002

2018-02-16 21:02:57 IST 000000001ac00000 0000000007b52058 009d 00a4 0000 0006 00000000 0000 0014 00000000 00000001 00000001

2018-02-16 21:03:57 IST 000000001a900000 000000000fb53ec8 009d 00a4 0000 0006 00000000 0000 0014 00000000 00000002 00000002

2018-02-16 21:04:57 IST 000000001a900000 000000000e20f798 009e 00a4 0000 0006 00000000 0000 0014 00000000 00000001 00000001

2018-02-16 21:05:57 IST 000000001a900000 000000000c5e9df8 009d 00a4 0000 0006 00000002 0000 0014 00000000 00000002 00000002

2018-02-16 21:06:57 IST 000000001a900000 000000000aa40388 009d 00a4 0000 0006 00000000 0000 0014 00000000 00000001 00000001

2018-02-16 21:07:57 IST 000000001a900000 0000000008e10ca8 009d 00a4 0000 0006 00000001 0000 0014 00000000 00000002 00000002

2018-02-16 21:08:57 IST 000000001a500000 0000000010ad72a8 009e 00a4 0000 0006 00000000 0000 0014 00000000 00000001 00000001

2018-02-16 21:09:57 IST 000000001a500000 000000000ef68e28 009d 00a4 0000 0006 00000000 0000 0014 00000000 00000002 00000002

2018-02-16 21:10:57 IST 000000001a500000 000000000d448320 009d 00a4 0000 0006 00000000 0000 0014 00000000 00000001 00000001

2018-02-16 21:11:57 IST 000000001a500000 000000000b8e1350 009e 00a4 0000 0006 00000000 0000 0014 00000000 00000002 00000002

2018-02-16 21:12:57 IST 000000001a500000 0000000009dc4a18 009e 00a4 0000 0006 00000000 0000 0014 00000000 00000001 00000001

2018-02-16 21:13:57 IST 000000001a500000 0000000008275b90 009d 00a4 0000 0006 00000001 0000 0014 00000000 00000002 00000002

2018-02-16 21:14:57 IST 000000001a200000 000000000fb91bf8 009d 00a4 0000 0006 00000000 0000 0014 00000000 00000001 00000001

2018-02-16 21:15:57 IST 000000001a200000 000000000e09d568 009e 00a4 0000 0006 00000001 0000 0014 00000000 00000002 00000002

2018-02-16 21:16:57 IST 000000001a200000 000000000c581ad0 009e 00a4 0000 0006 00000000 0000 0014 00000000 00000001 00000001

2018-02-16 21:17:57 IST 000000001a200000 000000000a8234f8 009d 00a4 0000 0006 00000000 0000 0014 00000000 00000002 00000002

2018-02-16 21:18:57 IST 000000001a200000 0000000008d76fa0 009d 00a4 0000 0006 00000000 0000 0014 00000000 00000001 00000001

2018-02-16 21:19:57 IST 0000000019f00000 000000001051ca10 009e 00a4 0000 0006 00000001 0000 0014 00000000 00000002 00000002

2018-02-16 21:20:57 IST 0000000019f00000 000000000eacd610 009d 00a4 0000 0006 00000000 0000 0014 00000000 00000001 00000001

2018-02-16 21:21:57 IST 0000000019f00000 000000000cd72a00 009d 00a4 0000 0006 00000001 0000 0014 00000000 00000002 00000002

2018-02-16 21:22:57 IST 0000000019f00000 000000000b334510 009d 00a4 0000 0006 00000000 0000 0014 00000000 00000001 00000001

2018-02-16 21:23:57 IST 0000000019f00000 00000000098af208 009e 00a4 0000 0006 00000001 0000 0014 00000000 00000002 00000002

2018-02-16 21:24:57 IST 0000000019f00000 0000000007bbacb0 009d 00a4 0000 0006 00000000 0000 0014 00000000 00000001 00000001

2018-02-16 21:25:57 IST 0000000019c00000 000000000f08d128 009d 00a4 0000 0006 00000000 0000 0014 00000000 00000002 00000002

2018-02-16 21:26:57 IST 0000000019c00000 00000000102c3988 009d 00a4 0000 0006 00000000 0000 0014 00000000 00000001 00000001

2018-02-16 21:27:57 IST 0000000019c00000 000000000e5fbc70 009e 00a4 0000 0006 00000000 0000 0014 00000000 00000002 00000002

2018-02-16 21:28:57 IST 0000000019c00000 000000000cc3c560 009d 00a4 0000 0006 00000000 0000 0014 00000000 00000001 00000001

2018-02-16 21:29:57 IST 0000000019c00000 000000000af7d250 009d 00a4 0000 0006 00000001 0000 0014 00000000 00000002 00000002

2018-02-16 21:30:57 IST 0000000019c00000 00000000095c2b40 009e 00a4 0000 0006 00000000 0000 0014 00000000 00000001 00000001

2018-02-16 21:31:57 IST 0000000019c80000 0000000010ac5df0 009e 00a4 0000 0006 00000000 0000 0014 00000000 00000002 00000002

2018-02-16 21:32:57 IST 0000000019c80000 000000000ee986e0 009d 00a4 0000 0006 00000000 0000 0014 00000000 00000001 00000001

2018-02-16 21:33:57 IST 0000000019c80000 000000000d4072b0 009d 00a4 0000 0006 00000001 0000 0014 00000000 00000002 00000002

2018-02-16 21:34:57 IST 0000000019c80000 000000000b7d78a8 009e 00a4 0000 0006 00000000 0000 0014 00000000 00000001 00000001

2018-02-16 21:35:57 IST 0000000019c80000 0000000009d5f3a8 009e 00a4 0000 0006 00000001 0000 0014 00000000 00000002 00000002

2018-02-16 21:36:57 IST 0000000019c80000 0000000008100168 009d 00a4 0000 0006 00000000 0000 0014 00000000 00000001 00000001

2018-02-16 21:37:57 IST 0000000019d00000 000000000f738298 009d 00a4 0000 0006 00000001 0000 0014 00000000 00000002 00000002

2018-02-16 21:38:57 IST 0000000019d00000 000000000dae71b0 009e 00a4 0000 0006 00000000 0000 0014 00000000 00000001 00000001

2018-02-16 21:39:57 IST 0000000019d00000 000000000c055cf0 009d 00a4 0000 0006 00000000 0000 0014 00000000 00000002 00000002

2018-02-16 21:40:57 IST 0000000019d00000 000000000a3f56f0 009d 00a4 0000 0006 00000000 0000 0014 00000000 00000001 00000001

2018-02-16 21:41:57 IST 0000000019d00000 00000000089497e8 009d 00a4 0000 0006 00000000 0000 0014 00000000 00000002 00000002

2018-02-16 21:42:57 IST 0000000019d80000 0000000010025388 009e 00a4 0000 0006 00000000 0000 0014 00000000 00000001 00000001

2018-02-16 21:43:57 IST 0000000019d80000 000000000e311f28 009d 00a4 0000 0006 00000001 0000 0014 00000000 00000002 00000002

2018-02-16 21:44:57 IST 0000000019d80000 000000000c901a08 009d 00a4 0000 0006 00000000 0000 0014 00000000 00000001 00000001

2018-02-16 21:45:57 IST 0000000019d80000 000000000abf1710 009e 00a4 0000 0006 00000000 0000 0014 00000000 00000002 00000002

2018-02-16 21:46:57 IST 0000000019d80000 00000000091e7d78 009e 00a4 0000 0006 00000000 0000 0014 00000000 00000001 00000001

2018-02-16 21:47:57 IST 0000000019a80000 00000000103b5cd0 009d 00a4 0000 0006 00000001 0000 0014 00000000 00000002 00000002

2018-02-16 21:48:57 IST 0000000019a80000 000000000e798420 009d 00a4 0000 0006 00000000 0000 0014 00000000 00000001 00000001

2018-02-16 21:49:57 IST 0000000019a80000 000000000cb4dfa8 009e 00a4 0000 0006 00000001 0000 0014 00000000 00000002 00000002

2018-02-16 21:50:57 IST 0000000019a80000 000000000a9546a0 009e 00a4 0001 0006 00000000 0000 0014 00000000 00000001 00000001

2018-02-16 21:51:57 IST 0000000019a80000 0000000008d614d0 009d 00a4 0001 0006 00000000 0000 0014 00000000 00000001 00000001

2018-02-16 21:52:57 IST 0000000019780000 000000000fde1968 009d 00a4 0001 0006 00000000 0000 0014 00000000 00000001 00000001

2018-02-16 21:53:57 IST 0000000019780000 000000000e082a18 009e 00a4 0001 0006 00000000 0000 0014 00000000 00000002 00000002

2018-02-16 21:54:57 IST 0000000019780000 000000000c7cb5d8 009d 00a4 0001 0006 00000000 0000 0014 00000000 00000001 00000001

2018-02-16 21:55:57 IST 0000000019780000 000000000aca8ef8 009d 00a4 0001 0006 00000000 0000 0014 00000000 00000002 00000002

2018-02-16 21:56:57 IST 0000000019780000 00000000091a92a8 009d 00a4 0001 0006 00000000 0000 0014 00000000 00000001 00000001

2018-02-16 21:57:57 IST 0000000019500000 000000000fe72e48 009e 00a4 0001 0006 00000000 0000 0014 00000000 00000002 00000002

2018-02-16 21:58:57 IST 0000000019500000 000000000e3a9790 009d 00a4 0001 0006 00000000 0000 0014 00000000 00000001 00000001

2018-02-16 21:59:57 IST 0000000019500000 000000000c87aed8 009d 00a4 0001 0006 00000000 0000 0014 00000000 00000002 00000002

2018-02-16 22:00:57 IST 0000000019500000 000000000ab997c0 009e 00a4 0001 0006 00000000 0000 0014 00000000 00000001 00000001

2018-02-16 22:01:57 IST 0000000019500000 00000000090b91d8 009e 00a4 0001 0006 00000000 0000 0014 00000000 00000002 00000002

2018-02-16 22:02:57 IST 0000000019300000 000000000fc81108 009d 00a4 0001 0006 00000000 0000 0014 00000000 00000001 00000001

2018-02-16 22:03:57 IST 0000000019300000 000000000e1bf0f8 009d 00a4 0001 0006 00000000 0000 0014 00000000 00000002 00000002

2018-02-16 22:04:57 IST 0000000019300000 000000000c4d6f60 009e 00a4 0001 0006 00000000 0000 0014 00000000 00000001 00000001

2018-02-16 22:05:57 IST 0000000019300000 000000000aa40940 009e 00a4 0001 0006 00000000 0000 0014 00000000 00000002 00000002

2018-02-16 22:06:57 IST 0000000019300000 0000000008fa4400 009d 00a4 0001 0006 00000000 0000 0014 00000000 00000001 00000001

2018-02-16 22:07:57 IST 0000000019000000 000000000f7591c0 009d 00a4 0001 0006 00000000 0000 0014 00000000 00000002 00000002

2018-02-16 22:08:57 IST 0000000019000000 000000000dce7bb0 009e 00a4 0001 0006 00000000 0000 0014 00000000 00000001 00000001

2018-02-16 22:09:57 IST 0000000019000000 000000000c2ce568 009d 00a4 0001 0006 00000000 0000 0014 00000000 00000002 00000002

2018-02-16 22:10:57 IST 0000000019000000 000000000a74b9d0 009d 00a4 0001 0006 00000000 0000 0014 00000000 00000001 00000001

2018-02-16 22:11:57 IST 0000000019000000 0000000008e1b9a0 009d 00a4 0001 0006 00000000 0000 0014 00000000 00000002 00000002

2018-02-16 22:12:57 IST 0000000018e00000 000000000f53cf30 009e 00a4 0001 0006 00000000 0000 0014 00000000 00000001 00000001

2018-02-16 22:13:57 IST 0000000018e00000 000000000da47a08 009d 00a4 0001 0006 00000000 0000 0014 00000000 00000002 00000002

2018-02-16 22:14:57 IST 0000000018e00000 000000000c158b60 009d 00a4 0001 0006 00000000 0000 0014 00000000 00000001 00000001

2018-02-16 22:15:57 IST 0000000018e00000 000000000a629c20 009e 00a4 0001 0006 00000000 0000 0014 00000000 00000002 00000002

2018-02-16 22:16:57 IST 0000000018e00000 0000000008d91158 009e 00a4 0001 0006 00000000 0000 0014 00000000 00000001 00000001

2018-02-16 22:17:57 IST 0000000018b00000 000000000f01d978 009d 00a4 0001 0006 00000000 0000 0014 00000001 00000002 00000002

2018-02-16 22:18:57 IST 0000000018b00000 000000000d70bff8 009d 00a4 0001 0006 00000000 0000 0014 00000000 00000001 00000001

2018-02-16 22:19:57 IST 0000000018b00000 000000000bc23f20 009e 00a4 0001 0006 00000000 0000 0014 00000000 00000002 00000002

2018-02-16 22:20:57 IST 0000000018b00000 000000000a35beb8 009e 00a4 0001 0006 00000000 0000 0014 00000000 00000001 00000001

2018-02-16 22:21:57 IST 0000000018b00000 0000000008867fd8 009d 00a4 0001 0006 00000000 0000 0014 00000000 00000002 00000002

2018-02-16 22:22:57 IST 0000000018880000 000000000ea986b8 009d 00a4 0001 0006 00000000 0000 0014 00000000 00000001 00000001

2018-02-16 22:23:57 IST 0000000018880000 000000000d010d48 009e 00a4 0001 0006 00000000 0000 0014 00000000 00000002 00000002

2018-02-19 13:09:08 IST 0000000018a80000 0000000009871388 009f 00a4 0001 0006 00000000 0000 0014 00000000 00000001 00000001

