2018-02-21 13:23:50 IST ---( Start )---
2018-02-21 13:24:50 IST 0000000021e00000 00000000161991f8 009d 00a4 0000 0006 00000002 0000 0014 00000012 00000002 00000002

2018-02-21 13:25:50 IST 0000000021e00000 0000000014b37dd8 009e 00a4 0000 0006 00000000 0000 0014 00000001 00000001 00000001

2018-02-21 13:26:50 IST 0000000021e00000 0000000012dd0978 009e 00a4 0000 0006 00000000 0000 0014 00000000 00000002 00000002

2018-02-21 13:27:50 IST 0000000021e00000 0000000011625990 009d 00a4 0000 0006 00000000 0000 0014 00000000 00000001 00000001

2018-02-21 13:28:50 IST 0000000021e00000 000000000faba078 009d 00a4 0000 0006 0000000a 0000 0014 00000000 00000002 00000002

2018-02-21 13:29:50 IST 0000000021e00000 000000000e2cece8 009e 00a4 0000 0006 00000000 0000 0014 00000000 00000001 00000001

2018-02-21 13:30:50 IST 0000000021e00000 000000000ca032a0 009d 00a4 0000 0006 00000001 0000 0014 00000000 00000002 00000002

2018-02-21 13:31:50 IST 0000000021e00000 000000000afbbdd0 009d 00a4 0000 0006 00000000 0000 0014 00000000 00000001 00000001

2018-02-21 13:32:50 IST 0000000021e00000 000000000976c040 009d 00a4 0000 0006 00000001 0000 0014 00000000 00000002 00000002

2018-02-21 13:33:50 IST 0000000021e00000 0000000007c540b8 009e 00a4 0000 0006 00000000 0000 0014 00000000 00000001 00000001

2018-02-21 13:34:50 IST 0000000023300000 00000000186bc358 009d 00a4 0000 0006 00000001 0000 0014 00000000 00000002 00000002

2018-02-21 13:35:50 IST 0000000023300000 0000000016ac9968 009d 00a4 0000 0006 00000000 0000 0014 00000000 00000001 00000001

2018-02-21 13:36:50 IST 0000000023300000 0000000015429fb8 009e 00a4 0000 0006 00000000 0000 0014 00000000 00000002 00000002

2018-02-21 13:37:50 IST 0000000023300000 000000001383e8c0 009e 00a4 0000 0006 00000000 0000 0014 00000000 00000001 00000001

2018-02-21 13:38:50 IST 0000000023300000 00000000120739c8 009d 00a4 0000 0006 00000001 0000 0014 00000000 00000002 00000002

2018-02-21 13:39:50 IST 0000000023300000 00000000102ee938 009d 00a4 0000 0006 00000000 0000 0014 00000000 00000001 00000001

2018-02-21 13:40:50 IST 0000000023300000 000000000e6b85f0 009e 00a4 0000 0006 00000000 0000 0014 00000000 00000002 00000002

2018-02-21 13:41:50 IST 0000000023300000 000000000cef17f8 009e 00a4 0000 0006 00000000 0000 0014 00000000 00000001 00000001

2018-02-21 13:42:50 IST 0000000023300000 000000000b2e53e0 009d 00a4 0000 0006 00000000 0000 0014 00000000 00000002 00000002

2018-02-21 13:43:50 IST 0000000023300000 0000000009b34568 009d 00a4 0000 0006 00000000 0000 0014 00000000 00000001 00000001

2018-02-21 13:44:50 IST 0000000023300000 0000000007ee4a98 009e 00a4 0000 0006 00000001 0000 0014 00000000 00000002 00000002

2018-02-21 13:45:50 IST 0000000024600000 0000000019bff350 009d 00a4 0000 0006 00000000 0000 0014 00000000 00000001 00000001

2018-02-21 13:46:50 IST 0000000024600000 0000000018052720 009d 00a4 0000 0006 00000000 0000 0014 00000000 00000002 00000002

2018-02-21 13:47:50 IST 0000000024600000 0000000016504588 009d 00a4 0000 0006 00000000 0000 0014 00000000 00000001 00000001

2018-02-21 13:48:50 IST 0000000024600000 0000000014960160 009e 00a4 0000 0006 00000000 0000 0014 00000000 00000002 00000002

2018-02-21 13:49:50 IST 0000000024600000 000000001317a308 009d 00a4 0000 0006 00000000 0000 0014 00000000 00000001 00000001

2018-02-21 13:50:50 IST 0000000024600000 00000000115d0610 009d 00a4 0000 0006 00000001 0000 0014 00000000 00000002 00000002

2018-02-21 13:51:50 IST 0000000024600000 000000000fa82618 009d 00a4 0000 0006 00000000 0000 0014 00000000 00000001 00000001

2018-02-21 13:52:50 IST 0000000024600000 000000000e1b7318 009e 00a4 0000 0006 00000000 0000 0014 00000000 00000002 00000002

2018-02-21 13:53:50 IST 0000000024600000 000000000c6adb48 009d 00a4 0000 0006 00000000 0000 0014 00000000 00000001 00000001

2018-02-21 13:54:50 IST 0000000024600000 000000000ae1c8e8 009d 00a4 0000 0006 00000001 0000 0014 00000000 00000002 00000002

2018-02-21 13:55:50 IST 0000000024600000 00000000092d0aa0 009e 00a4 0000 0006 00000000 0000 0014 00000000 00000001 00000001

2018-02-21 13:56:50 IST 0000000025180000 000000001b90e728 009e 00a4 0000 0006 00000000 0000 0014 00000000 00000002 00000002

2018-02-21 13:57:50 IST 0000000025180000 0000000019e95a88 009d 00a4 0000 0006 00000000 0000 0014 00000000 00000001 00000001

2018-02-21 13:58:50 IST 0000000025180000 00000000183b8728 009d 00a4 0000 0006 00000001 0000 0014 00000000 00000002 00000002

2018-02-21 13:59:50 IST 0000000025180000 0000000016917330 009e 00a4 0000 0006 00000000 0000 0014 00000000 00000001 00000001

2018-02-21 14:00:50 IST 0000000025180000 0000000014e60dd0 009d 00a4 0000 0006 00000001 0000 0014 00000000 00000002 00000002

2018-02-21 14:01:50 IST 0000000025180000 00000000137aa3a0 009d 00a4 0000 0006 00000000 0000 0014 00000000 00000001 00000001

2018-02-21 14:02:50 IST 0000000025180000 0000000011cb15f0 009d 00a4 0000 0006 00000000 0000 0014 00000000 00000002 00000002

2018-02-21 14:03:50 IST 0000000025180000 0000000010227280 009e 00a4 0000 0006 00000000 0000 0014 00000000 00000001 00000001

2018-02-21 14:04:50 IST 0000000025180000 000000000e770168 009d 00a4 0000 0006 00000000 0000 0014 00000000 00000002 00000002

2018-02-21 14:05:50 IST 0000000025180000 000000000ccd1d80 009d 00a4 0000 0006 00000000 0000 0014 00000000 00000001 00000001

2018-02-21 14:06:50 IST 0000000025180000 000000000b1ec9d0 009d 00a4 0000 0006 00000000 0000 0014 00000000 00000002 00000002

2018-02-21 14:07:50 IST 0000000025180000 000000000974baa0 009e 00a4 0000 0006 00000000 0000 0014 00000000 00000001 00000001

2018-02-21 14:08:50 IST 0000000025180000 0000000007c952a0 009d 00a4 0000 0006 00000000 0000 0014 00000000 00000002 00000002

2018-02-21 14:09:50 IST 0000000025180000 000000001a4fe4e0 009d 00a4 0000 0006 00000000 0000 0014 00000000 00000001 00000001

2018-02-21 14:10:50 IST 0000000025180000 0000000018bbe8e8 009e 00a4 0000 0006 00000000 0000 0014 00000000 00000002 00000002

2018-02-21 14:11:50 IST 0000000025180000 0000000016cb71e8 009e 00a4 0000 0006 00000000 0000 0014 00000000 00000001 00000001

2018-02-21 14:12:50 IST 0000000025180000 0000000015386d98 009d 00a4 0000 0006 00000001 0000 0014 00000000 00000002 00000002

2018-02-21 14:13:50 IST 0000000025180000 00000000138e2908 009d 00a4 0000 0006 00000000 0000 0014 00000000 00000001 00000001

2018-02-21 14:14:50 IST 0000000025180000 0000000011faa140 009e 00a4 0000 0006 00000001 0000 0014 00000000 00000002 00000002

2018-02-21 14:15:50 IST 0000000025180000 00000000106abeb8 009e 00a4 0000 0006 00000000 0000 0014 00000000 00000001 00000001

2018-02-21 14:16:50 IST 0000000025180000 000000000ebd6f68 009d 00a4 0000 0006 00000000 0000 0014 00000000 00000002 00000002

2018-02-21 14:17:50 IST 0000000025180000 000000000d2ebdf8 009d 00a4 0000 0006 00000000 0000 0014 00000000 00000001 00000001

2018-02-21 14:18:50 IST 0000000025180000 000000000b7e0d40 009e 00a4 0000 0006 00000000 0000 0014 00000000 00000002 00000002

2018-02-21 14:19:50 IST 0000000025180000 0000000009f20538 009d 00a4 0000 0006 00000000 0000 0014 00000000 00000001 00000001

2018-02-21 14:20:50 IST 0000000025180000 0000000007fbb450 009d 00a4 0000 0006 00000000 0000 0014 00000000 00000002 00000002

2018-02-21 14:21:50 IST 0000000025c00000 000000001b7a15e0 009d 00a4 0000 0006 00000000 0000 0014 00000000 00000001 00000001

2018-02-21 14:22:50 IST 0000000025c00000 0000000019be7208 009e 00a4 0000 0006 00000001 0000 0014 00000000 00000002 00000002

2018-02-21 14:23:50 IST 0000000025b80000 000000001c43d8a8 009d 00a4 0000 0006 00000000 0000 0014 00000000 00000001 00000001

2018-02-21 14:24:50 IST 0000000025b80000 000000001ad5d3c0 009d 00a4 0000 0006 00000000 0000 0014 00000000 00000002 00000002

2018-02-21 14:25:50 IST 0000000025b80000 00000000190a3468 009e 00a4 0000 0006 00000000 0000 0014 00000000 00000001 00000001

2018-02-21 14:26:50 IST 0000000025b80000 0000000017885e60 009e 00a4 0000 0006 00000000 0000 0014 00000000 00000002 00000002

2018-02-21 14:27:50 IST 0000000025b80000 0000000015bf4a30 009d 00a4 0000 0006 00000000 0000 0014 00000000 00000001 00000001

2018-02-21 14:28:50 IST 0000000025b80000 00000000143d8c20 009d 00a4 0000 0006 00000001 0000 0014 00000000 00000002 00000002

2018-02-21 14:29:50 IST 0000000025b80000 000000001287d200 009e 00a4 0000 0006 00000000 0000 0014 00000000 00000001 00000001

2018-02-21 14:30:50 IST 0000000025b80000 0000000011088818 009d 00a4 0000 0006 00000001 0000 0014 00000000 00000002 00000002

2018-02-21 14:31:50 IST 0000000025b80000 000000000f3b4fa8 009d 00a4 0000 0006 00000000 0000 0014 00000000 00000001 00000001

2018-02-21 14:32:50 IST 0000000025b80000 000000000db98ad8 009d 00a4 0000 0006 00000000 0000 0014 00000000 00000002 00000002

2018-02-21 14:33:50 IST 0000000025b80000 000000000bee13c8 009e 00a4 0000 0006 00000000 0000 0014 00000000 00000001 00000001

2018-02-21 14:34:50 IST 0000000025b80000 000000000a849308 009d 00a4 0000 0006 00000001 0000 0014 00000000 00000002 00000002

2018-02-21 14:35:50 IST 0000000025b80000 0000000008b8e440 009d 00a4 0000 0006 00000000 0000 0014 00000000 00000001 00000001

2018-02-21 14:36:50 IST 0000000025e80000 000000001c011da8 009e 00a4 0000 0006 00000001 0000 0014 00000000 00000002 00000002

2018-02-21 14:37:50 IST 0000000025e80000 000000001a6951c0 009e 00a4 0000 0006 00000000 0000 0014 00000000 00000001 00000001

2018-02-21 14:38:50 IST 0000000025e80000 00000000188c5648 009d 00a4 0000 0006 00000001 0000 0014 00000000 00000002 00000002

2018-02-21 14:39:50 IST 0000000025e80000 0000000017064d68 009d 00a4 0000 0006 00000000 0000 0014 00000000 00000001 00000001

2018-02-21 14:40:50 IST 0000000025e80000 00000000157a7ff0 009e 00a4 0000 0006 00000001 0000 0014 00000000 00000002 00000002

2018-02-21 14:41:50 IST 0000000025e80000 0000000013a111c0 009e 00a4 0000 0006 00000000 0000 0014 00000000 00000001 00000001

2018-02-21 14:42:50 IST 0000000025e80000 00000000120615e0 009d 00a4 0000 0006 00000000 0000 0014 00000000 00000002 00000002

2018-02-21 14:43:50 IST 0000000025e80000 00000000107fede8 009d 00a4 0000 0006 00000000 0000 0014 00000000 00000001 00000001

2018-02-21 14:44:50 IST 0000000025e80000 000000000ef31ce8 009e 00a4 0000 0006 00000001 0000 0014 00000000 00000002 00000002

2018-02-21 14:45:50 IST 0000000025e80000 000000000d1b84b0 009d 00a4 0000 0006 00000000 0000 0014 00000000 00000001 00000001

2018-02-21 14:46:50 IST 0000000025e80000 000000000b7e0890 009d 00a4 0000 0006 00000001 0000 0014 00000000 00000002 00000002

2018-02-21 14:47:50 IST 0000000025e80000 0000000009f845d8 009d 00a4 0000 0006 00000000 0000 0014 00000000 00000001 00000001

2018-02-21 14:48:50 IST 0000000025e80000 00000000086ce0c0 009e 00a4 0000 0006 00000001 0000 0014 00000000 00000002 00000002

2018-02-21 14:49:50 IST 0000000025e80000 000000001b9fa818 009d 00a4 0000 0006 00000000 0000 0014 00000000 00000001 00000001

2018-02-21 14:50:50 IST 0000000025e80000 0000000019a92198 009d 00a4 0000 0006 00000001 0000 0014 00000000 00000002 00000002

2018-02-21 14:51:50 IST 0000000025e80000 00000000180ef308 009e 00a4 0000 0006 00000000 0000 0014 00000000 00000001 00000001

2018-02-21 14:52:50 IST 0000000025e80000 00000000167eb5e0 009e 00a4 0000 0006 00000000 0000 0014 00000000 00000002 00000002

2018-02-21 14:53:50 IST 0000000025e80000 0000000014e6ed10 009d 00a4 0000 0006 00000000 0000 0014 00000000 00000001 00000001

2018-02-21 14:54:50 IST 0000000025e80000 0000000013566dc0 009d 00a4 0000 0006 00000001 0000 0014 00000000 00000002 00000002

2018-02-21 14:55:50 IST 0000000025e80000 0000000011bc6888 009e 00a4 0000 0006 00000000 0000 0014 00000000 00000001 00000001

2018-02-21 14:56:50 IST 0000000025e80000 000000000fc66ff8 009e 00a4 0000 0006 00000000 0000 0014 00000000 00000002 00000002

2018-02-21 14:57:50 IST 0000000025e80000 000000000e3d98c8 009d 00a4 0000 0006 00000000 0000 0014 00000000 00000001 00000001

2018-02-21 14:58:50 IST 0000000025e80000 000000000c9df138 009d 00a4 0000 0006 00000001 0000 0014 00000000 00000002 00000002

2018-02-21 14:59:50 IST 0000000025e80000 000000000b12fd70 009e 00a4 0000 0006 00000000 0000 0014 00000000 00000001 00000001

2018-02-21 15:00:50 IST 0000000025e80000 000000000975dd40 009d 00a4 0000 0006 00000000 0000 0014 00000000 00000002 00000002

2018-02-21 15:01:50 IST 0000000025400000 000000001c2964e0 009d 00a4 0000 0006 00000000 0000 0014 00000000 00000001 00000001

2018-02-21 15:02:50 IST 0000000025400000 000000001a2ecff0 009d 00a4 0000 0006 00000000 0000 0014 00000000 00000002 00000002

2018-02-21 15:03:50 IST 0000000025400000 00000000189f1478 009e 00a4 0000 0006 00000000 0000 0014 00000000 00000001 00000001

2018-02-21 15:04:50 IST 0000000025400000 00000000170c03e8 009d 00a4 0000 0006 00000001 0000 0014 00000000 00000002 00000002

2018-02-21 15:05:50 IST 0000000025400000 00000000157c8930 009d 00a4 0000 0006 00000000 0000 0014 00000000 00000001 00000001

2018-02-21 15:06:50 IST 0000000025400000 00000000139156a8 009d 00a4 0000 0006 00000001 0000 0014 00000000 00000002 00000002

2018-02-21 15:07:50 IST 0000000025400000 0000000012016ec0 009e 00a4 0000 0006 00000000 0000 0014 00000000 00000001 00000001

2018-02-21 15:08:50 IST 0000000025400000 00000000106ec4a0 009d 00a4 0000 0006 00000001 0000 0014 00000000 00000002 00000002

2018-02-21 15:09:50 IST 0000000025400000 000000000eded438 009d 00a4 0000 0006 00000000 0000 0014 00000000 00000001 00000001

2018-02-21 15:10:50 IST 0000000025400000 000000000d49c048 009e 00a4 0000 0006 00000000 0000 0014 00000000 00000002 00000002

2018-02-21 15:11:50 IST 0000000025400000 000000000b649e48 009e 00a4 0000 0006 00000000 0000 0014 00000000 00000001 00000001

2018-02-21 15:12:50 IST 0000000025400000 0000000009d1a0c0 009d 00a4 0000 0006 00000000 0000 0014 00000000 00000002 00000002

2018-02-21 15:13:50 IST 0000000025400000 0000000008419ea0 009d 00a4 0000 0006 00000000 0000 0014 00000000 00000001 00000001

2018-02-21 15:14:50 IST 0000000024980000 000000001a4cf890 009d 00a4 0000 0006 00000001 0000 0014 00000000 00000002 00000002

2018-02-21 15:15:50 IST 0000000024980000 0000000018ca8d58 009c 00a4 0000 0006 00000000 0000 0014 00000000 00000001 00000001

2018-02-21 15:16:50 IST 0000000024980000 0000000016e05870 009c 00a4 0000 0006 00000000 0000 0014 00000000 00000002 00000002

2018-02-21 15:17:50 IST 0000000024980000 00000000155a0f18 009c 00a4 0000 0006 00000000 0000 0014 00000000 00000001 00000001

2018-02-21 15:18:50 IST 0000000024980000 0000000013cf7418 009d 00a4 0000 0006 00000000 0000 0014 00000000 00000002 00000002

2018-02-21 15:19:50 IST 0000000024980000 0000000012415b50 009c 00a4 0000 0006 00000000 0000 0014 00000000 00000001 00000001

2018-02-21 15:20:50 IST 0000000024980000 0000000010631088 009c 00a4 0000 0006 00000001 0000 0014 00000000 00000002 00000002

2018-02-21 15:21:50 IST 0000000024980000 000000000ed0f8e0 009d 00a4 0000 0006 00000000 0000 0014 00000000 00000001 00000001

2018-02-21 15:22:50 IST 0000000024980000 000000000d46b1f8 009d 00a4 0000 0006 00000000 0000 0014 00000000 00000002 00000002

2018-02-21 15:23:50 IST 0000000024980000 000000001b25a638 009d 00a4 0000 0006 00000000 0000 0014 00000000 00000001 00000001

2018-02-21 15:24:50 IST 0000000024980000 00000000199a0b68 009d 00a4 0000 0006 00000000 0000 0014 00000000 00000002 00000002

2018-02-21 15:25:50 IST 0000000024980000 00000000180abe88 009e 00a4 0000 0006 00000000 0000 0014 00000000 00000001 00000001

2018-02-21 15:26:50 IST 0000000024980000 000000001675c198 009e 00a4 0000 0006 00000001 0000 0014 00000000 00000002 00000002

2018-02-21 15:27:50 IST 0000000024980000 00000000149f4d98 009d 00a4 0000 0006 00000000 0000 0014 00000000 00000001 00000001

2018-02-21 15:28:50 IST 0000000024980000 00000000130a8920 009d 00a4 0000 0006 00000000 0000 0014 00000000 00000002 00000002

2018-02-21 15:29:50 IST 0000000024980000 00000000118628e0 009e 00a4 0000 0006 00000000 0000 0014 00000000 00000001 00000001

2018-02-21 15:30:50 IST 0000000024980000 000000000ff39660 009d 00a4 0000 0006 00000001 0000 0014 00000000 00000002 00000002

2018-02-21 15:31:50 IST 0000000024980000 000000000e0e49e8 009d 00a4 0000 0006 00000000 0000 0014 00000000 00000001 00000001

2018-02-21 15:32:50 IST 0000000024980000 000000000c8497d8 009d 00a4 0000 0006 00000001 0000 0014 00000000 00000002 00000002

2018-02-21 15:33:50 IST 0000000024980000 000000000af33800 009e 00a4 0000 0006 00000000 0000 0014 00000000 00000001 00000001

2018-02-21 15:34:50 IST 0000000024980000 0000000009603fc8 009d 00a4 0000 0006 00000000 0000 0014 00000000 00000002 00000002

2018-02-21 15:35:50 IST 0000000024d00000 000000001b56dd38 009d 00a4 0000 0006 00000000 0000 0014 00000000 00000001 00000001

2018-02-21 15:36:50 IST 0000000024d00000 0000000019c3e640 009e 00a4 0000 0006 00000001 0000 0014 00000000 00000002 00000002

2018-02-21 15:37:50 IST 0000000024d00000 000000001830df38 009e 00a4 0000 0006 00000000 0000 0014 00000000 00000001 00000001

2018-02-21 15:38:50 IST 0000000024d00000 00000000169a9a58 009d 00a4 0000 0006 00000001 0000 0014 00000000 00000002 00000002

2018-02-21 15:39:50 IST 0000000024d00000 000000001507bc18 009d 00a4 0000 0006 00000000 0000 0014 00000000 00000001 00000001

2018-02-21 15:40:50 IST 0000000024d00000 0000000013181038 009e 00a4 0000 0006 00000001 0000 0014 00000000 00000002 00000002

2018-02-21 15:41:50 IST 0000000024d00000 000000001191bd98 009d 00a4 0000 0006 00000000 0000 0014 00000000 00000001 00000001

2018-02-21 15:42:50 IST 0000000024d00000 000000000ff98a78 009d 00a4 0000 0006 00000001 0000 0014 00000000 00000002 00000002

2018-02-21 15:43:50 IST 0000000024d00000 000000000e64cd08 009d 00a4 0000 0006 00000000 0000 0014 00000000 00000001 00000001

2018-02-21 15:44:50 IST 0000000024d00000 000000000ccc4748 009e 00a4 0000 0006 00000000 0000 0014 00000000 00000002 00000002

2018-02-21 15:45:50 IST 0000000024d00000 000000000b3bac40 009d 00a4 0000 0006 00000000 0000 0014 00000000 00000001 00000001

2018-02-21 15:46:50 IST 0000000024d00000 000000000956a330 009d 00a4 0000 0006 00000000 0000 0014 00000000 00000002 00000002

2018-02-21 15:47:50 IST 0000000024d00000 0000000007c38c10 009d 00a4 0000 0006 00000000 0000 0014 00000000 00000001 00000001

2018-02-21 15:48:50 IST 0000000024280000 00000000198178d0 009e 00a4 0000 0006 00000000 0000 0014 00000000 00000002 00000002

2018-02-21 15:49:50 IST 0000000024280000 0000000017fb5628 009d 00a4 0000 0006 00000000 0000 0014 00000000 00000001 00000001

2018-02-21 15:50:50 IST 0000000024280000 00000000166d9ee8 009d 00a4 0000 0006 00000000 0000 0014 00000000 00000002 00000002

2018-02-21 15:51:50 IST 0000000024280000 00000000148fd598 009e 00a4 0000 0006 00000000 0000 0014 00000000 00000001 00000001

2018-02-21 15:52:50 IST 0000000024280000 00000000130143c0 009e 00a4 0000 0006 00000000 0000 0014 00000000 00000002 00000002

2018-02-21 15:53:50 IST 0000000024280000 00000000117b2660 009d 00a4 0000 0006 00000000 0000 0014 00000000 00000001 00000001

2018-02-21 15:54:50 IST 0000000024280000 000000000f96b2f8 009d 00a4 0000 0006 00000001 0000 0014 00000000 00000002 00000002

2018-02-21 15:55:50 IST 0000000024280000 000000000e0c33b8 009e 00a4 0000 0006 00000000 0000 0014 00000000 00000001 00000001

2018-02-21 15:56:50 IST 0000000024280000 000000000c818558 009d 00a4 0000 0006 00000001 0000 0014 00000000 00000002 00000002

2018-02-21 15:57:50 IST 0000000024280000 000000000af93a60 009d 00a4 0000 0006 00000000 0000 0014 00000000 00000001 00000001

2018-02-21 15:58:50 IST 0000000024280000 00000000091835c0 009d 00a4 0000 0006 00000001 0000 0014 00000000 00000002 00000002

2018-02-21 15:59:50 IST 0000000023980000 000000001a225c98 009e 00a4 0000 0006 00000000 0000 0014 00000000 00000001 00000001

2018-02-21 16:00:50 IST 0000000023980000 00000000189fff00 009d 00a4 0000 0006 00000001 0000 0014 00000000 00000002 00000002

2018-02-21 16:01:50 IST 0000000023980000 0000000016d35268 009d 00a4 0000 0006 00000000 0000 0014 00000000 00000001 00000001

2018-02-21 16:02:50 IST 0000000023980000 000000001547fd90 009e 00a4 0000 0006 00000000 0000 0014 00000000 00000002 00000002

2018-02-21 16:03:50 IST 0000000023980000 00000000137af8d0 009e 00a4 0000 0006 00000000 0000 0014 00000000 00000001 00000001

2018-02-21 16:04:50 IST 0000000023980000 0000000011fd06f8 009d 00a4 0000 0006 00000001 0000 0014 00000000 00000002 00000002

2018-02-21 16:05:50 IST 0000000023980000 00000000102ef3d0 009d 00a4 0000 0006 00000000 0000 0014 00000000 00000001 00000001

2018-02-21 16:06:50 IST 0000000023980000 000000000ea3a230 009e 00a4 0000 0006 00000001 0000 0014 00000000 00000002 00000002

2018-02-21 16:07:50 IST 0000000023980000 000000000d2a6530 009d 00a4 0000 0006 00000000 0000 0014 00000000 00000001 00000001

2018-02-21 16:08:50 IST 0000000023980000 000000000b5619e0 009d 00a4 0000 0006 00000000 0000 0014 00000000 00000002 00000002

2018-02-21 16:09:50 IST 0000000023980000 0000000009dafa88 009d 00a4 0000 0006 00000000 0000 0014 00000000 00000001 00000001

2018-02-21 16:10:50 IST 0000000023980000 0000000008500ed0 009e 00a4 0000 0006 00000001 0000 0014 00000000 00000002 00000002

2018-02-21 16:11:50 IST 0000000023080000 00000000187f7098 009d 00a4 0000 0006 00000000 0000 0014 00000000 00000001 00000001

2018-02-21 16:12:50 IST 0000000023080000 00000000170a0620 009d 00a4 0000 0006 00000001 0000 0014 00000000 00000002 00000002

2018-02-21 16:13:50 IST 0000000023080000 0000000015420a58 009e 00a4 0000 0006 00000000 0000 0014 00000000 00000001 00000001

2018-02-21 16:14:50 IST 0000000023080000 00000000137c1b90 009e 00a4 0000 0006 00000001 0000 0014 00000000 00000002 00000002

2018-02-21 16:15:50 IST 0000000023080000 00000000120e5e18 009d 00a4 0000 0006 00000000 0000 0014 00000000 00000001 00000001

2018-02-21 16:16:50 IST 0000000023080000 00000000103f22c0 009d 00a4 0000 0006 00000001 0000 0014 00000000 00000002 00000002

2018-02-21 16:17:50 IST 0000000023080000 000000000ecd8b50 009e 00a4 0000 0006 00000000 0000 0014 00000000 00000001 00000001

2018-02-21 16:18:50 IST 0000000023080000 000000000d039488 009d 00a4 0000 0006 00000000 0000 0014 00000000 00000002 00000002

2018-02-21 16:19:50 IST 0000000023080000 000000000b91f878 009d 00a4 0000 0006 00000000 0000 0014 00000000 00000001 00000001

2018-02-21 16:20:50 IST 0000000023080000 0000000009cd7468 009d 00a4 0000 0006 00000000 0000 0014 00000000 00000002 00000002

2018-02-21 16:21:50 IST 0000000023080000 0000000008534ce8 009e 00a4 0000 0006 00000000 0000 0014 00000000 00000001 00000001

2018-02-21 16:22:50 IST 0000000022780000 0000000017f661c8 009d 00a4 0000 0006 00000001 0000 0014 00000000 00000002 00000002

2018-02-21 16:23:50 IST 0000000022780000 0000000019143478 009d 00a4 0000 0006 00000000 0000 0014 00000000 00000001 00000001

2018-02-21 16:24:50 IST 0000000022780000 0000000017a74910 009d 00a4 0000 0006 00000001 0000 0014 00000000 00000002 00000002

2018-02-21 16:25:50 IST 0000000022780000 0000000015eaf498 009e 00a4 0000 0006 00000000 0000 0014 00000000 00000001 00000001

2018-02-21 16:26:50 IST 0000000022780000 00000000143392e0 009d 00a4 0000 0006 00000000 0000 0014 00000000 00000002 00000002

2018-02-21 16:27:50 IST 0000000022780000 0000000012c555e0 009d 00a4 0000 0006 00000000 0000 0014 00000000 00000001 00000001

2018-02-21 16:28:50 IST 0000000022780000 000000001103ff30 009e 00a4 0000 0006 00000000 0000 0014 00000000 00000002 00000002

2018-02-21 16:29:50 IST 0000000022780000 000000000f506ff0 009e 00a4 0000 0006 00000000 0000 0014 00000000 00000001 00000001

2018-02-21 16:30:50 IST 0000000022780000 000000000dde7958 009d 00a4 0000 0006 00000000 0000 0014 00000000 00000002 00000002

2018-02-21 16:31:50 IST 0000000022780000 000000000c2ae990 009d 00a4 0000 0006 00000000 0000 0014 00000000 00000001 00000001

2018-02-21 16:32:50 IST 0000000022780000 000000000a68ab10 009e 00a4 0000 0006 00000001 0000 0014 00000000 00000002 00000002

2018-02-21 16:33:50 IST 0000000022780000 0000000008fcbbe8 009d 00a4 0000 0006 00000000 0000 0014 00000000 00000001 00000001

2018-02-21 16:34:50 IST 0000000022900000 0000000018c031f8 009d 00a4 0000 0006 00000000 0000 0014 00000000 00000002 00000002

2018-02-21 16:35:50 IST 0000000022900000 0000000017034808 009d 00a4 0000 0006 00000000 0000 0014 00000000 00000001 00000001

2018-02-21 16:36:50 IST 0000000022900000 0000000015932a40 009e 00a4 0000 0006 00000000 0000 0014 00000000 00000002 00000002

2018-02-21 16:37:50 IST 0000000022900000 0000000013d7fd38 009d 00a4 0000 0006 00000000 0000 0014 00000000 00000001 00000001

2018-02-21 16:38:50 IST 0000000022900000 000000001216a998 009d 00a4 0000 0006 00000001 0000 0014 00000000 00000002 00000002

2018-02-21 16:39:50 IST 0000000022900000 0000000010623de8 009d 00a4 0000 0006 00000000 0000 0014 00000000 00000001 00000001

2018-02-21 16:40:50 IST 0000000022900000 000000000eebf2a0 009e 00a4 0000 0006 00000001 0000 0014 00000000 00000002 00000002

2018-02-21 16:41:50 IST 0000000022900000 000000000d391630 009d 00a4 0000 0006 00000000 0000 0014 00000000 00000001 00000001

2018-02-21 16:42:50 IST 0000000022900000 000000000b778388 009d 00a4 0000 0006 00000001 0000 0014 00000000 00000002 00000002

2018-02-21 16:43:50 IST 0000000022900000 000000000a088348 009e 00a4 0000 0006 00000000 0000 0014 00000000 00000001 00000001

2018-02-21 16:44:50 IST 0000000022900000 00000000084e51e0 009e 00a4 0000 0006 00000001 0000 0014 00000000 00000002 00000002

2018-02-21 16:45:50 IST 0000000022000000 000000001799f4c8 009d 00a4 0000 0006 00000000 0000 0014 00000000 00000001 00000001

2018-02-21 16:46:50 IST 0000000022000000 00000000162e4348 009d 00a4 0000 0006 00000001 0000 0014 00000000 00000002 00000002

2018-02-21 16:47:50 IST 0000000022000000 00000000147e8a58 009e 00a4 0000 0006 00000000 0000 0014 00000000 00000001 00000001

2018-02-21 16:48:50 IST 0000000022000000 0000000012cbac78 009d 00a4 0000 0006 00000000 0000 0014 00000000 00000002 00000002

2018-02-21 16:49:50 IST 0000000022000000 00000000111bbf68 009d 00a4 0000 0006 00000000 0000 0014 00000000 00000001 00000001

2018-02-21 16:50:50 IST 0000000022000000 000000000f6ef520 009d 00a4 0000 0006 00000001 0000 0014 00000000 00000002 00000002

2018-02-21 16:51:50 IST 0000000022000000 000000000dbf96e0 009e 00a4 0000 0006 00000000 0000 0014 00000000 00000001 00000001

2018-02-21 16:52:50 IST 0000000022000000 000000000c56a8d0 009d 00a4 0000 0006 00000001 0000 0014 00000000 00000002 00000002

2018-02-21 16:53:50 IST 0000000022000000 000000000aa6bf38 009d 00a4 0000 0006 00000000 0000 0014 00000000 00000001 00000001

2018-02-21 16:54:50 IST 0000000022000000 0000000008f13f08 009e 00a4 0000 0006 00000001 0000 0014 00000000 00000002 00000002

2018-02-21 16:55:50 IST 0000000021880000 0000000017c64020 009e 00a4 0000 0006 00000000 0000 0014 00000000 00000001 00000001

2018-02-21 16:56:50 IST 0000000021880000 00000000161e0bb0 009d 00a4 0000 0006 00000000 0000 0014 00000000 00000002 00000002

2018-02-21 16:57:50 IST 0000000021880000 00000000147a8888 009d 00a4 0000 0006 00000000 0000 0014 00000000 00000001 00000001

2018-02-21 16:58:50 IST 0000000021880000 0000000012d1bfa0 009e 00a4 0000 0006 00000001 0000 0014 00000000 00000002 00000002

2018-02-21 16:59:50 IST 0000000021880000 0000000011361730 009e 00a4 0000 0006 00000000 0000 0014 00000000 00000001 00000001

2018-02-21 17:00:50 IST 0000000021880000 000000000f8f1a08 009d 00a4 0000 0006 00000001 0000 0014 00000000 00000002 00000002

2018-02-21 17:01:50 IST 0000000021880000 000000000deba818 009d 00a4 0000 0006 00000000 0000 0014 00000000 00000001 00000001

2018-02-21 17:02:50 IST 0000000021880000 000000000c8ad518 009e 00a4 0000 0006 00000001 0000 0014 00000000 00000002 00000002

2018-02-21 17:03:50 IST 0000000021880000 000000000ae8ff78 009d 00a4 0000 0006 00000000 0000 0014 00000000 00000001 00000001

2018-02-21 17:04:50 IST 0000000021880000 0000000009402348 009d 00a4 0000 0006 00000000 0000 0014 00000000 00000002 00000002

2018-02-21 17:05:50 IST 0000000021080000 0000000017a282f8 009d 00a4 0000 0006 00000000 0000 0014 00000000 00000001 00000001

2018-02-21 17:06:50 IST 0000000021080000 0000000016014930 009e 00a4 0000 0006 00000000 0000 0014 00000000 00000002 00000002

2018-02-21 17:07:50 IST 0000000021080000 00000000141d1fd8 009d 00a4 0000 0006 00000000 0000 0014 00000000 00000001 00000001

2018-02-21 17:08:50 IST 0000000021080000 00000000127f9fa0 009d 00a4 0000 0006 00000000 0000 0014 00000000 00000002 00000002

2018-02-21 17:09:50 IST 0000000021080000 0000000010e76bb8 009e 00a4 0000 0006 00000000 0000 0014 00000000 00000001 00000001

2018-02-21 17:10:50 IST 0000000021080000 000000000f498bf8 009e 00a4 0000 0006 00000000 0000 0014 00000000 00000002 00000002

2018-02-21 17:11:50 IST 0000000021080000 000000000db38118 009d 00a4 0000 0006 00000000 0000 0014 00000000 00000001 00000001

2018-02-21 17:12:50 IST 0000000021080000 000000000c15dd28 009d 00a4 0000 0006 00000001 0000 0014 00000000 00000002 00000002

2018-02-21 17:13:50 IST 0000000021080000 000000000a7da428 009e 00a4 0000 0006 00000000 0000 0014 00000000 00000001 00000001

2018-02-21 17:14:50 IST 0000000021080000 0000000008e02630 009e 00a4 0000 0006 00000001 0000 0014 00000000 00000002 00000002

2018-02-21 17:15:50 IST 0000000020980000 0000000016e015b0 009d 00a4 0000 0006 00000000 0000 0014 00000000 00000001 00000001

2018-02-21 17:16:50 IST 0000000020980000 00000000154d5e60 009d 00a4 0000 0006 00000000 0000 0014 00000000 00000002 00000002

2018-02-21 17:17:50 IST 0000000020980000 0000000013bf4030 009e 00a4 0000 0006 00000000 0000 0014 00000000 00000001 00000001

2018-02-21 17:18:50 IST 0000000020980000 00000000122f1a30 009d 00a4 0000 0006 00000000 0000 0014 00000000 00000002 00000002

2018-02-21 17:19:50 IST 0000000020980000 000000001055f598 009d 00a4 0000 0006 00000000 0000 0014 00000000 00000001 00000001

2018-02-21 17:20:50 IST 0000000020980000 000000000ec2a330 009d 00a4 0000 0006 00000001 0000 0014 00000000 00000002 00000002

2018-02-21 17:21:50 IST 0000000020980000 000000000d35f468 009e 00a4 0000 0006 00000000 0000 0014 00000000 00000001 00000001

2018-02-21 17:22:50 IST 0000000020980000 000000000ba56758 009d 00a4 0000 0006 00000001 0000 0014 00000000 00000002 00000002

2018-02-21 17:23:50 IST 0000000020900000 0000000017339e28 009d 00a4 0000 0006 00000000 0000 0014 00000000 00000001 00000001

2018-02-21 17:24:50 IST 0000000020900000 00000000159e1e30 009e 00a4 0000 0006 00000001 0000 0014 00000000 00000002 00000002

2018-02-21 17:25:50 IST 0000000020900000 0000000014102f60 009e 00a4 0000 0006 00000000 0000 0014 00000000 00000001 00000001

2018-02-21 17:26:50 IST 0000000020900000 00000000127eba00 009d 00a4 0000 0006 00000000 0000 0014 00000000 00000002 00000002

2018-02-21 17:27:50 IST 0000000020900000 0000000010f0d0f0 009d 00a4 0000 0006 00000000 0000 0014 00000000 00000001 00000001

2018-02-21 17:28:50 IST 0000000020900000 000000000f111930 009e 00a4 0000 0006 00000001 0000 0014 00000000 00000002 00000002

2018-02-21 17:29:50 IST 0000000020900000 000000000d850298 009d 00a4 0000 0006 00000000 0000 0014 00000000 00000001 00000001

2018-02-21 17:30:50 IST 0000000020900000 000000000bf1d758 009d 00a4 0000 0006 00000000 0000 0014 00000000 00000002 00000002

2018-02-21 17:31:50 IST 0000000020900000 000000000a63d4d8 009d 00a4 0000 0006 00000000 0000 0014 00000000 00000001 00000001

2018-02-21 17:32:50 IST 0000000020900000 00000000088a0728 009e 00a4 0000 0006 00000001 0000 0014 00000000 00000002 00000002

2018-02-21 17:33:50 IST 0000000020a00000 00000000169811c8 009d 00a4 0000 0006 00000000 0000 0014 00000000 00000001 00000001

2018-02-21 17:34:50 IST 0000000020a00000 000000001503f398 009d 00a4 0000 0006 00000001 0000 0014 00000000 00000002 00000002

2018-02-21 17:35:50 IST 0000000020a00000 0000000013758a20 009e 00a4 0000 0006 00000000 0000 0014 00000000 00000001 00000001

2018-02-21 17:36:50 IST 0000000020a00000 0000000011d77f48 009e 00a4 0000 0006 00000001 0000 0014 00000000 00000002 00000002

2018-02-21 17:37:50 IST 0000000020a00000 00000000104976a0 009d 00a4 0000 0006 00000000 0000 0014 00000000 00000001 00000001

2018-02-21 17:38:50 IST 0000000020a00000 000000000e70b700 009d 00a4 0000 0006 00000001 0000 0014 00000000 00000002 00000002

2018-02-21 17:39:50 IST 0000000020a00000 000000000ce28f10 009e 00a4 0000 0006 00000000 0000 0014 00000000 00000001 00000001

2018-02-21 17:40:50 IST 0000000020a00000 000000000b4ecb68 009e 00a4 0000 0006 00000001 0000 0014 00000000 00000002 00000002

2018-02-21 17:41:50 IST 0000000020a00000 0000000009b951d8 009d 00a4 0000 0006 00000000 0000 0014 00000000 00000001 00000001

2018-02-21 17:42:50 IST 0000000020a00000 0000000007e0c2c8 009d 00a4 0000 0006 00000001 0000 0014 00000000 00000002 00000002

2018-02-21 17:43:50 IST 0000000020280000 0000000015d07268 009e 00a4 0000 0006 00000000 0000 0014 00000000 00000001 00000001

2018-02-21 17:44:50 IST 0000000020280000 0000000014069250 009d 00a4 0000 0006 00000001 0000 0014 00000000 00000002 00000002

2018-02-21 17:45:50 IST 0000000020280000 0000000012825c60 009d 00a4 0000 0006 00000000 0000 0014 00000000 00000001 00000001

2018-02-21 17:46:50 IST 0000000020280000 0000000010ae2c30 009d 00a4 0000 0006 00000000 0000 0014 00000000 00000002 00000002

2018-02-21 17:47:50 IST 0000000020280000 000000000f2a71d8 009e 00a4 0000 0006 00000000 0000 0014 00000000 00000001 00000001

2018-02-21 17:48:50 IST 0000000020280000 000000000da2c5f0 009d 00a4 0000 0006 00000000 0000 0014 00000000 00000002 00000002

2018-02-21 17:49:50 IST 0000000020280000 000000000c167108 009d 00a4 0000 0006 00000000 0000 0014 00000000 00000001 00000001

2018-02-21 17:50:50 IST 0000000020280000 000000000a4a4e78 009e 00a4 0000 0006 00000001 0000 0014 00000000 00000002 00000002

2018-02-21 17:51:50 IST 0000000020280000 0000000008c6b368 009e 00a4 0000 0006 00000000 0000 0014 00000000 00000001 00000001

2018-02-21 17:52:50 IST 000000001fc00000 000000001607c488 009d 00a4 0000 0006 00000000 0000 0014 00000000 00000002 00000002

2018-02-21 17:53:50 IST 000000001fc00000 00000000144442b0 009d 00a4 0000 0006 00000000 0000 0014 00000000 00000001 00000001

2018-02-21 17:54:50 IST 000000001fc00000 0000000012c4e580 009e 00a4 0000 0006 00000000 0000 0014 00000000 00000002 00000002

2018-02-21 17:55:50 IST 000000001fc00000 000000001102e1c8 009d 00a4 0000 0006 00000000 0000 0014 00000000 00000001 00000001

2018-02-21 17:56:50 IST 000000001fc00000 000000000f420f60 009d 00a4 0000 0006 00000000 0000 0014 00000000 00000002 00000002

2018-02-21 17:57:50 IST 000000001fc00000 000000000dbffcb8 009d 00a4 0000 0006 00000000 0000 0014 00000000 00000001 00000001

2018-02-21 17:58:50 IST 000000001fc00000 000000000c407990 009e 00a4 0000 0006 00000001 0000 0014 00000000 00000002 00000002

2018-02-21 17:59:50 IST 000000001fc00000 000000000a7e1830 009d 00a4 0000 0006 00000000 0000 0014 00000000 00000001 00000001

2018-02-21 18:00:50 IST 000000001fc00000 0000000008ff6980 009d 00a4 0000 0006 00000001 0000 0014 00000000 00000002 00000002

2018-02-21 18:01:50 IST 000000001f500000 0000000015a23dd8 009e 00a4 0000 0006 00000000 0000 0014 00000000 00000001 00000001

2018-02-21 18:02:50 IST 000000001f500000 0000000013e4bca8 009e 00a4 0000 0006 00000001 0000 0014 00000000 00000002 00000002

2018-02-21 18:03:50 IST 000000001f500000 000000001274b8e8 009d 00a4 0000 0006 00000000 0000 0014 00000000 00000001 00000001

2018-02-21 18:04:50 IST 000000001f500000 0000000010b968c0 009d 00a4 0000 0006 00000001 0000 0014 00000000 00000002 00000002

2018-02-21 18:05:50 IST 000000001f500000 000000000f0822e8 009e 00a4 0000 0006 00000000 0000 0014 00000000 00000001 00000001

2018-02-21 18:06:50 IST 000000001f500000 000000000d89acc8 009d 00a4 0000 0006 00000000 0000 0014 00000000 00000002 00000002

2018-02-21 18:07:50 IST 000000001f500000 000000000bd2cf78 009d 00a4 0000 0006 00000000 0000 0014 00000000 00000001 00000001

2018-02-21 18:08:50 IST 000000001f500000 000000000a1cef60 009d 00a4 0000 0006 00000000 0000 0014 00000000 00000002 00000002

2018-02-21 18:09:50 IST 000000001f500000 0000000008a45758 009e 00a4 0000 0006 00000000 0000 0014 00000000 00000001 00000001

2018-02-21 18:10:50 IST 000000001ef80000 0000000015031768 009d 00a4 0000 0006 00000001 0000 0014 00000000 00000002 00000002

2018-02-21 18:11:50 IST 000000001ef80000 00000000135539b8 009d 00a4 0000 0006 00000000 0000 0014 00000000 00000001 00000001

2018-02-21 18:12:50 IST 000000001ef80000 0000000011e78760 009e 00a4 0000 0006 00000001 0000 0014 00000000 00000002 00000002

2018-02-21 18:13:50 IST 000000001ef80000 00000000103a1088 009e 00a4 0000 0006 00000000 0000 0014 00000000 00000001 00000001

2018-02-21 18:14:50 IST 000000001ef80000 000000000e8a8f88 009d 00a4 0001 0006 00000000 0000 0014 00000000 00000001 00000001

2018-02-21 18:15:50 IST 000000001ef80000 000000000cdd2978 009d 00a4 0000 0006 00000001 0000 0014 00000000 00000002 00000002

2018-02-21 18:16:50 IST 000000001ef80000 000000000b369c70 009e 00a4 0000 0006 00000000 0000 0014 00000000 00000001 00000001

2018-02-21 18:17:50 IST 000000001ef80000 000000000983acf8 009d 00a4 0000 0006 00000001 0000 0014 00000000 00000002 00000002

2018-02-21 18:18:50 IST 000000001ef80000 0000000008161948 009c 00a4 0000 0006 00000000 0000 0014 00000000 00000001 00000001

2018-02-21 18:19:50 IST 000000001e900000 00000000141a9260 009c 00a4 0000 0006 00000001 0000 0014 00000000 00000002 00000002

2018-02-21 18:20:50 IST 000000001e900000 000000001277d840 009d 00a4 0000 0006 00000000 0000 0014 00000000 00000001 00000001

2018-02-21 18:21:50 IST 000000001e900000 0000000010d13828 009c 00a4 0000 0006 00000000 0000 0014 00000000 00000002 00000002

2018-02-21 18:22:50 IST 000000001e900000 000000000f2ecba8 009c 00a4 0000 0006 00000000 0000 0014 00000000 00000001 00000001

2018-02-21 18:23:51 IST 000000001e980000 0000000015890098 009c 00a4 0000 0006 00000000 0000 0014 00000000 00000002 00000002

2018-02-21 18:24:51 IST 000000001e980000 0000000013acb1b8 009d 00a4 0000 0006 00000000 0000 0014 00000000 00000001 00000001

2018-02-21 18:25:51 IST 000000001e980000 00000000120878e0 009c 00a4 0000 0006 00000001 0000 0014 00000000 00000002 00000002

2018-02-21 18:26:51 IST 000000001e980000 0000000010684aa8 009c 00a4 0000 0006 00000000 0000 0014 00000000 00000001 00000001

2018-02-21 18:27:51 IST 000000001e980000 000000000ec306a0 009d 00a4 0000 0006 00000001 0000 0014 00000000 00000002 00000002

2018-02-21 18:28:51 IST 000000001e980000 000000000d22f038 009d 00a4 0000 0006 00000000 0000 0014 00000000 00000001 00000001

2018-02-21 18:29:51 IST 000000001e980000 000000000b802470 009c 00a4 0000 0006 00000001 0000 0014 00000000 00000002 00000002

2018-02-21 18:30:51 IST 000000001e980000 000000000a1c6228 009c 00a4 0000 0006 00000000 0000 0014 00000000 00000001 00000001

2018-02-21 18:31:51 IST 000000001e980000 00000000083acc48 009d 00a4 0000 0006 00000000 0000 0014 00000000 00000002 00000002

2018-02-21 18:32:51 IST 000000001e980000 00000000146aacb8 009d 00a4 0000 0006 00000000 0000 0014 00000000 00000001 00000001

2018-02-21 18:33:51 IST 000000001e980000 0000000012c5da60 009c 00a4 0000 0006 00000001 0000 0014 00000000 00000002 00000002

2018-02-21 18:34:51 IST 000000001e980000 0000000011257a28 009c 00a4 0000 0006 00000000 0000 0014 00000000 00000001 00000001

2018-02-21 18:35:51 IST 000000001e980000 000000000f7f64c8 009d 00a4 0000 0006 00000001 0000 0014 00000000 00000002 00000002

2018-02-21 18:36:51 IST 000000001e980000 000000000ddd2fe0 009c 00a4 0000 0006 00000000 0000 0014 00000000 00000001 00000001

2018-02-21 18:37:51 IST 000000001e980000 000000000c378f10 009c 00a4 0000 0006 00000001 0000 0014 00000000 00000002 00000002

2018-02-21 18:38:51 IST 000000001e980000 000000000a96bf60 009c 00a4 0000 0006 00000000 0000 0014 00000000 00000001 00000001

2018-02-21 18:39:51 IST 000000001e980000 0000000008f0ad30 009d 00a4 0000 0006 00000000 0000 0014 00000000 00000002 00000002

2018-02-21 18:40:51 IST 000000001ea80000 000000001502e990 009c 00a4 0000 0006 00000000 0000 0014 00000000 00000001 00000001

2018-02-21 18:41:51 IST 000000001ea80000 00000000135adba8 009c 00a4 0000 0006 00000001 0000 0014 00000000 00000002 00000002

2018-02-21 18:42:51 IST 000000001ea80000 0000000011b8b6d0 009d 00a4 0000 0006 00000000 0000 0014 00000000 00000001 00000001

2018-02-21 18:43:51 IST 000000001ea80000 0000000010117f50 009d 00a4 0000 0006 00000000 0000 0014 00000000 00000002 00000002

2018-02-21 18:44:51 IST 000000001ea80000 000000000e70fb20 009c 00a4 0000 0006 00000000 0000 0014 00000000 00000001 00000001

2018-02-21 18:45:51 IST 000000001ea80000 000000000cc9b7d0 009c 00a4 0000 0006 00000000 0000 0014 00000000 00000002 00000002

2018-02-21 18:46:51 IST 000000001ea80000 000000000b279658 009d 00a4 0000 0006 00000000 0000 0014 00000000 00000001 00000001

2018-02-21 18:47:51 IST 000000001ea80000 0000000009bc67c0 009d 00a4 0000 0006 00000001 0000 0014 00000000 00000002 00000002

2018-02-21 18:48:51 IST 000000001ea80000 0000000007e64630 009c 00a4 0000 0006 00000000 0000 0014 00000000 00000001 00000001

2018-02-21 18:49:51 IST 000000001e400000 0000000013938ec0 009c 00a4 0000 0006 00000000 0000 0014 00000000 00000002 00000002

2018-02-21 18:50:51 IST 000000001e400000 0000000011fc2188 009d 00a4 0000 0006 00000000 0000 0014 00000000 00000001 00000001

2018-02-21 18:51:51 IST 000000001e400000 000000001060a1e0 009c 00a4 0000 0006 00000001 0000 0014 00000000 00000002 00000002

2018-02-21 18:52:51 IST 000000001e400000 000000000ec91fe8 009c 00a4 0000 0006 00000000 0000 0014 00000000 00000001 00000001

2018-02-21 18:53:51 IST 000000001e400000 000000000d2c67e8 009c 00a4 0000 0006 00000001 0000 0014 00000000 00000002 00000002

2018-02-21 18:54:51 IST 000000001e400000 000000000b94e5f0 009d 00a4 0000 0006 00000000 0000 0014 00000000 00000001 00000001

2018-02-21 18:55:51 IST 000000001e400000 0000000009f98300 009c 00a4 0000 0006 00000001 0000 0014 00000000 00000002 00000002

2018-02-21 18:56:51 IST 000000001e400000 0000000008620f10 009c 00a4 0000 0006 00000000 0000 0014 00000000 00000001 00000001

2018-02-21 18:57:51 IST 000000001df00000 00000000138dee38 009d 00a4 0000 0006 00000001 0000 0014 00000000 00000002 00000002

2018-02-21 18:58:51 IST 000000001df00000 000000001200e390 009d 00a4 0000 0006 00000000 0000 0014 00000000 00000001 00000001

2018-02-21 18:59:51 IST 000000001df00000 0000000010704468 009c 00a4 0000 0006 00000000 0000 0014 00000000 00000002 00000002

2018-02-21 19:00:51 IST 000000001df00000 000000000edd3210 009c 00a4 0000 0006 00000000 0000 0014 00000000 00000001 00000001

2018-02-21 19:01:51 IST 000000001df00000 000000000d101fd8 009d 00a4 0000 0006 00000001 0000 0014 00000000 00000002 00000002

2018-02-21 19:02:51 IST 000000001df00000 000000000b832738 009d 00a4 0000 0006 00000000 0000 0014 00000000 00000001 00000001

2018-02-21 19:03:51 IST 000000001df00000 0000000009f23668 009c 00a4 0000 0006 00000001 0000 0014 00000000 00000002 00000002

2018-02-21 19:04:51 IST 000000001df00000 00000000082599e0 009c 00a4 0000 0006 00000000 0000 0014 00000000 00000001 00000001

2018-02-21 19:05:51 IST 000000001d900000 00000000133dd4d0 009d 00a4 0000 0006 00000000 0000 0014 00000000 00000002 00000002

2018-02-21 19:06:51 IST 000000001d900000 0000000011b30f30 009c 00a4 0000 0006 00000000 0000 0014 00000000 00000001 00000001

2018-02-21 19:07:51 IST 000000001d900000 000000000ff1ec48 009c 00a4 0000 0006 00000000 0000 0014 00000000 00000002 00000002

2018-02-21 19:08:51 IST 000000001d900000 000000000e688fc0 009c 00a4 0000 0006 00000000 0000 0014 00000000 00000001 00000001

2018-02-21 19:09:51 IST 000000001d900000 000000000cded498 009d 00a4 0000 0006 00000001 0000 0014 00000000 00000002 00000002

2018-02-21 19:10:51 IST 000000001d900000 000000000b1f6dd8 009c 00a4 0000 0006 00000000 0000 0014 00000000 00000001 00000001

2018-02-21 19:11:51 IST 000000001d900000 000000000995d038 009c 00a4 0000 0006 00000000 0000 0014 00000000 00000002 00000002

2018-02-21 19:12:51 IST 000000001d900000 0000000007dacef8 009d 00a4 0000 0006 00000000 0000 0014 00000000 00000001 00000001

2018-02-21 19:13:51 IST 000000001d480000 0000000012b705f0 009d 00a4 0000 0006 00000001 0000 0014 00000000 00000002 00000002

2018-02-21 19:14:51 IST 000000001d480000 0000000011008300 009c 00a4 0000 0006 00000000 0000 0014 00000000 00000001 00000001

2018-02-21 19:15:51 IST 000000001d480000 000000000f809228 009c 00a4 0000 0006 00000003 0000 0014 00000000 00000002 00000002

2018-02-21 19:16:51 IST 000000001d480000 000000000dc84428 009d 00a4 0000 0006 00000000 0000 0014 00000000 00000001 00000001

2018-02-21 19:17:51 IST 000000001d480000 000000000c440fd0 009c 00a4 0000 0006 00000000 0000 0014 00000000 00000002 00000002

2018-02-21 19:18:51 IST 000000001d480000 000000000a91d7f8 009c 00a4 0000 0006 00000000 0000 0014 00000000 00000001 00000001

2018-02-21 19:19:51 IST 000000001d480000 0000000008d54280 009c 00a4 0000 0006 00000001 0000 0014 00000000 00000002 00000002

2018-02-21 19:20:51 IST 000000001cf00000 000000001359e0b8 009d 00a4 0000 0006 00000000 0000 0014 00000000 00000001 00000001

2018-02-21 19:21:51 IST 000000001cf00000 0000000011a78028 009c 00a4 0000 0006 00000000 0000 0014 00000000 00000002 00000002

2018-02-21 19:22:51 IST 000000001cf00000 000000000ff9a680 009c 00a4 0000 0006 00000000 0000 0014 00000000 00000001 00000001

2018-02-21 19:23:51 IST 000000001cf00000 000000000e81e1d8 009d 00a4 0000 0006 00000000 0000 0014 00000000 00000002 00000002

2018-02-21 19:24:51 IST 000000001cf80000 00000000123abdb0 009d 00a4 0000 0006 00000000 0000 0014 00000000 00000001 00000001

2018-02-21 19:25:51 IST 000000001cf80000 000000001088c620 009c 00a4 0000 0006 00000001 0000 0014 00000000 00000002 00000002

2018-02-21 19:26:51 IST 000000001cf80000 000000000ed95c60 009c 00a4 0000 0006 00000000 0000 0014 00000000 00000001 00000001

2018-02-21 19:27:51 IST 000000001cf80000 000000000d2c47b0 009d 00a4 0000 0006 00000001 0000 0014 00000000 00000002 00000002

2018-02-21 19:28:51 IST 000000001cf80000 000000000bb51b88 009c 00a4 0000 0006 00000000 0000 0014 00000000 00000001 00000001

2018-02-21 19:29:51 IST 000000001cf80000 000000000a01d510 009c 00a4 0000 0006 00000001 0000 0014 00000000 00000002 00000002

2018-02-21 19:30:51 IST 000000001cf80000 00000000088979c8 009c 00a4 0000 0006 00000000 0000 0014 00000000 00000001 00000001

2018-02-21 19:31:51 IST 000000001cf80000 0000000012e8dc10 009d 00a4 0000 0006 00000000 0000 0014 00000000 00000002 00000002

2018-02-21 19:32:51 IST 000000001cf80000 00000000113bbc08 009c 00a4 0000 0006 00000000 0000 0014 00000000 00000001 00000001

2018-02-21 19:33:51 IST 000000001cf80000 000000000f876880 009c 00a4 0000 0006 00000000 0000 0014 00000000 00000002 00000002

2018-02-21 19:34:51 IST 000000001cf80000 000000000e0e3420 009d 00a4 0000 0006 00000000 0000 0014 00000000 00000001 00000001

2018-02-21 19:35:51 IST 000000001cf80000 000000000c5fdda8 009d 00a4 0000 0006 00000001 0000 0014 00000000 00000002 00000002

2018-02-21 19:36:51 IST 000000001cf80000 000000000aafce10 009c 00a4 0000 0006 00000000 0000 0014 00000000 00000001 00000001

2018-02-21 19:37:51 IST 000000001cf80000 0000000008fbec50 009c 00a4 0000 0006 00000000 0000 0014 00000000 00000002 00000002

2018-02-21 19:38:51 IST 000000001d080000 0000000013b651a0 009d 00a4 0000 0006 00000000 0000 0014 00000000 00000001 00000001

2018-02-21 19:39:51 IST 000000001d080000 000000001201bca0 009c 00a4 0000 0006 00000000 0000 0014 00000000 00000002 00000002

2018-02-21 19:40:51 IST 000000001d080000 00000000108ce008 009c 00a4 0000 0006 00000000 0000 0014 00000000 00000001 00000001

2018-02-21 19:41:51 IST 000000001d080000 000000000ed6c870 009d 00a4 0000 0006 00000001 0000 0014 00000000 00000002 00000002

2018-02-21 19:42:51 IST 000000001d080000 000000000d2761f0 009d 00a4 0000 0006 00000000 0000 0014 00000000 00000001 00000001

2018-02-21 19:43:51 IST 000000001d080000 000000000bae9bf8 009c 00a4 0000 0006 00000000 0000 0014 00000000 00000002 00000002

2018-02-21 19:44:51 IST 000000001d080000 0000000009fe0fe8 009c 00a4 0000 0006 00000000 0000 0014 00000000 00000001 00000001

2018-02-21 19:45:51 IST 000000001d080000 0000000008494c68 009d 00a4 0000 0006 00000000 0000 0014 00000000 00000002 00000002

2018-02-21 19:46:51 IST 000000001cb00000 0000000012a47108 009d 00a4 0000 0006 00000000 0000 0014 00000000 00000001 00000001

2018-02-21 19:47:51 IST 000000001cb00000 0000000010fa8dd0 009c 00a4 0000 0006 00000001 0000 0014 00000000 00000002 00000002

2018-02-21 19:48:51 IST 000000001cb00000 000000000f54bbd8 009c 00a4 0000 0006 00000000 0000 0014 00000000 00000001 00000001

2018-02-21 19:49:51 IST 000000001cb00000 000000000da9a770 009d 00a4 0000 0006 00000001 0000 0014 00000000 00000002 00000002

2018-02-21 19:50:51 IST 000000001cb00000 000000000c0b06e0 009c 00a4 0000 0006 00000000 0000 0014 00000000 00000001 00000001

2018-02-21 19:51:51 IST 000000001cb00000 000000000a5fd3e0 009c 00a4 0000 0006 00000000 0000 0014 00000000 00000002 00000002

2018-02-21 19:52:51 IST 000000001cb00000 0000000008b9ea48 009c 00a4 0000 0006 00000000 0000 0014 00000000 00000001 00000001

2018-02-21 19:53:51 IST 000000001c700000 0000000012de7080 009d 00a4 0000 0006 00000001 0000 0014 00000000 00000002 00000002

2018-02-21 19:54:51 IST 000000001c700000 0000000011430750 009c 00a4 0000 0006 00000000 0000 0014 00000000 00000001 00000001

2018-02-21 19:55:51 IST 000000001c700000 000000000fa0e088 009c 00a4 0000 0006 00000000 0000 0014 00000000 00000002 00000002

2018-02-21 19:56:51 IST 000000001c700000 000000000e0480e0 009d 00a4 0000 0006 00000000 0000 0014 00000000 00000001 00000001

2018-02-21 19:57:51 IST 000000001c700000 000000000c61acc8 009d 00a4 0000 0006 00000000 0000 0014 00000000 00000002 00000002

2018-02-21 19:58:51 IST 000000001c700000 000000000ac67fd0 009c 00a4 0000 0006 00000000 0000 0014 00000000 00000001 00000001

2018-02-21 19:59:51 IST 000000001c700000 0000000009248498 009c 00a4 0000 0006 00000001 0000 0014 00000000 00000002 00000002

2018-02-21 20:00:51 IST 000000001c200000 0000000012d26fe0 009d 00a4 0000 0006 00000000 0000 0014 00000000 00000001 00000001

2018-02-21 20:01:51 IST 000000001c200000 0000000011353550 009c 00a4 0000 0006 00000000 0000 0014 00000000 00000002 00000002

2018-02-21 20:02:51 IST 000000001c200000 000000000f6519a0 009c 00a4 0000 0006 00000000 0000 0014 00000000 00000001 00000001

2018-02-21 20:03:51 IST 000000001c200000 000000000dc6d190 009c 00a4 0000 0006 00000001 0000 0014 00000000 00000002 00000002

2018-02-21 20:04:51 IST 000000001c200000 000000000c2f3cc0 009d 00a4 0000 0006 00000000 0000 0014 00000000 00000001 00000001

2018-02-21 20:05:51 IST 000000001c200000 000000000a92aa30 009c 00a4 0000 0006 00000000 0000 0014 00000000 00000002 00000002

2018-02-21 20:06:51 IST 000000001c200000 0000000008f711d8 009c 00a4 0000 0006 00000000 0000 0014 00000000 00000001 00000001

2018-02-21 20:07:51 IST 000000001be80000 00000000125e7770 009d 00a4 0000 0006 00000001 0000 0014 00000000 00000002 00000002

2018-02-21 20:08:51 IST 000000001be80000 00000000109a40f8 009d 00a4 0000 0006 00000000 0000 0014 00000000 00000001 00000001

2018-02-21 20:09:51 IST 000000001be80000 000000000f092070 009c 00a4 0000 0006 00000001 0000 0014 00000000 00000002 00000002

2018-02-21 20:10:51 IST 000000001be80000 000000000d7b9408 009c 00a4 0000 0006 00000000 0000 0014 00000000 00000001 00000001

2018-02-21 20:11:51 IST 000000001be80000 000000000be4f450 009d 00a4 0000 0006 00000001 0000 0014 00000000 00000002 00000002

2018-02-21 20:12:51 IST 000000001be80000 000000000a268c28 009d 00a4 0000 0006 00000000 0000 0014 00000000 00000001 00000001

2018-02-21 20:13:51 IST 000000001be80000 00000000089572f8 009c 00a4 0000 0006 00000001 0000 0014 00000000 00000002 00000002

2018-02-21 20:14:51 IST 000000001ba00000 0000000011ac67c0 009c 00a4 0000 0006 00000000 0000 0014 00000000 00000001 00000001

2018-02-21 20:15:51 IST 000000001ba00000 000000000ff5cdb0 009d 00a4 0000 0006 00000000 0000 0014 00000000 00000002 00000002

2018-02-21 20:16:51 IST 000000001ba00000 000000000e6f5d28 009c 00a4 0000 0006 00000000 0000 0014 00000000 00000001 00000001

2018-02-21 20:17:51 IST 000000001ba00000 000000000cb81690 009c 00a4 0000 0006 00000001 0000 0014 00000000 00000002 00000002

2018-02-21 20:18:51 IST 000000001ba00000 000000000b30ddf0 009d 00a4 0000 0006 00000000 0000 0014 00000000 00000001 00000001

2018-02-21 20:19:51 IST 000000001ba00000 00000000097a0248 009d 00a4 0000 0006 00000001 0000 0014 00000000 00000002 00000002

2018-02-21 20:20:51 IST 000000001ba00000 0000000007c3ce60 009c 00a4 0000 0006 00000000 0000 0014 00000000 00000001 00000001

2018-02-21 20:21:51 IST 000000001b680000 0000000010d92650 009c 00a4 0000 0006 00000000 0000 0014 00000000 00000002 00000002

2018-02-21 20:22:51 IST 000000001b680000 000000000f2aca58 009d 00a4 0000 0006 00000000 0000 0014 00000000 00000001 00000001

2018-02-21 20:23:51 IST 000000001b680000 000000000da4f770 009d 00a4 0000 0006 00000001 0000 0014 00000000 00000002 00000002

2018-02-21 20:24:51 IST 000000001b600000 0000000010a3c630 009c 00a4 0000 0006 00000000 0000 0014 00000000 00000001 00000001

2018-02-21 20:25:51 IST 000000001b600000 000000000eee93b8 009c 00a4 0000 0006 00000000 0000 0014 00000000 00000002 00000002

2018-02-21 20:26:51 IST 000000001b600000 000000000d40d188 009d 00a4 0000 0006 00000000 0000 0014 00000000 00000001 00000001

2018-02-21 20:27:51 IST 000000001b600000 000000000bc09dd8 009c 00a4 0000 0006 00000001 0000 0014 00000000 00000002 00000002

2018-02-21 20:28:51 IST 000000001b600000 000000000a11d460 009c 00a4 0000 0006 00000000 0000 0014 00000000 00000001 00000001

2018-02-21 20:29:51 IST 000000001b600000 00000000085e1040 009d 00a4 0000 0006 00000000 0000 0014 00000000 00000002 00000002

2018-02-21 20:30:51 IST 000000001b700000 0000000011812018 009d 00a4 0000 0006 00000000 0000 0014 00000000 00000001 00000001

2018-02-21 20:31:51 IST 000000001b700000 000000000fcbbb28 009c 00a4 0000 0006 00000000 0000 0014 00000000 00000002 00000002

2018-02-21 20:32:51 IST 000000001b700000 000000000e1aa1d8 009c 00a4 0000 0006 00000000 0000 0014 00000000 00000001 00000001

2018-02-21 20:33:51 IST 000000001b700000 000000000c940de0 009d 00a4 0000 0006 00000001 0000 0014 00000000 00000002 00000002

2018-02-21 20:34:51 IST 000000001b700000 000000000ae92f80 009c 00a4 0000 0006 00000000 0000 0014 00000000 00000001 00000001

2018-02-21 20:35:51 IST 000000001b700000 000000000933c5d8 009c 00a4 0000 0006 00000000 0000 0014 00000000 00000002 00000002

2018-02-21 20:36:51 IST 000000001b700000 0000000012241128 009c 00a4 0000 0006 00000000 0000 0014 00000000 00000001 00000001

2018-02-21 20:37:51 IST 000000001b700000 0000000010a37ff8 009d 00a4 0000 0006 00000001 0000 0014 00000000 00000002 00000002

2018-02-21 20:38:51 IST 000000001b700000 000000000ef4d460 009c 00a4 0000 0006 00000000 0000 0014 00000000 00000001 00000001

2018-02-21 20:39:51 IST 000000001b700000 000000000d408238 009c 00a4 0000 0006 00000001 0000 0014 00000000 00000002 00000002

2018-02-21 20:40:51 IST 000000001b700000 000000000bc58600 009d 00a4 0000 0006 00000000 0000 0014 00000000 00000001 00000001

2018-02-21 20:41:51 IST 000000001b700000 000000000a112d48 009d 00a4 0000 0006 00000001 0000 0014 00000000 00000002 00000002

2018-02-21 20:42:51 IST 000000001b700000 0000000008627908 009c 00a4 0000 0006 00000000 0000 0014 00000000 00000001 00000001

2018-02-21 20:43:51 IST 000000001b380000 00000000111b2178 009c 00a4 0000 0006 00000001 0000 0014 00000000 00000002 00000002

2018-02-21 20:44:51 IST 000000001b380000 000000000fa30a18 009d 00a4 0000 0006 00000000 0000 0014 00000000 00000001 00000001

2018-02-21 20:45:51 IST 000000001b380000 000000000dfd47d0 009c 00a4 0000 0006 00000001 0000 0014 00000000 00000002 00000002

2018-02-21 20:46:51 IST 000000001b380000 000000000c56b208 009c 00a4 0000 0006 00000000 0000 0014 00000001 00000001 00000001

2018-02-21 20:47:51 IST 000000001b380000 000000000aaabbc0 009c 00a4 0000 0006 00000001 0000 0014 00000000 00000002 00000002

2018-02-21 20:48:51 IST 000000001b380000 0000000009057230 009d 00a4 0000 0006 00000000 0000 0014 00000000 00000001 00000001

2018-02-21 20:49:51 IST 000000001af80000 00000000117fdbc0 009c 00a4 0000 0006 00000001 0000 0014 00000000 00000002 00000002

2018-02-21 20:50:51 IST 000000001af80000 000000000fe0ea20 009c 00a4 0000 0006 00000000 0000 0014 00000000 00000001 00000001

2018-02-21 20:51:51 IST 000000001af80000 000000000e6ad1f0 009d 00a4 0000 0006 00000001 0000 0014 00000000 00000002 00000002

2018-02-21 20:52:51 IST 000000001af80000 000000000c9fabd0 009d 00a4 0000 0006 00000000 0000 0014 00000000 00000001 00000001

2018-02-21 20:53:51 IST 000000001af80000 000000000afcd5e8 009c 00a4 0000 0006 00000001 0000 0014 00000000 00000002 00000002

2018-02-21 20:54:51 IST 000000001af80000 00000000095e78b0 009c 00a4 0000 0006 00000000 0000 0014 00000000 00000001 00000001

2018-02-21 20:55:51 IST 000000001af80000 0000000007bbf7a0 009d 00a4 0000 0006 00000000 0000 0014 00000000 00000002 00000002

2018-02-21 20:56:51 IST 000000001ac00000 0000000010480350 009c 00a4 0000 0006 00000000 0000 0014 00000000 00000001 00000001

2018-02-21 20:57:51 IST 000000001ac00000 000000000e7c3740 009c 00a4 0000 0006 00000001 0000 0014 00000000 00000002 00000002

2018-02-21 20:58:51 IST 000000001ac00000 000000000ce72030 009d 00a4 0000 0006 00000000 0000 0014 00000000 00000001 00000001

2018-02-21 20:59:51 IST 000000001ac00000 000000000b4b9568 009d 00a4 0000 0006 00000001 0000 0014 00000000 00000002 00000002

2018-02-21 21:00:51 IST 000000001ac00000 0000000009b6b608 009c 00a4 0000 0006 00000000 0000 0014 00000000 00000001 00000001

2018-02-21 21:01:51 IST 000000001ac00000 00000000081b2ed8 009c 00a4 0000 0006 00000001 0000 0014 00000000 00000002 00000002

2018-02-21 21:02:51 IST 000000001a880000 000000001048c6a0 009d 00a4 0000 0006 00000000 0000 0014 00000001 00000001 00000001

2018-02-21 21:03:51 IST 000000001a880000 000000000e86dd98 009c 00a4 0000 0006 00000000 0000 0014 00000000 00000002 00000002

2018-02-21 21:04:51 IST 000000001a880000 000000000cf816d0 009c 00a4 0000 0006 00000000 0000 0014 00000001 00000001 00000001

2018-02-21 21:05:51 IST 000000001a880000 000000000b64d328 009c 00a4 0000 0006 00000001 0000 0014 00000000 00000002 00000002

2018-02-21 21:06:51 IST 000000001a880000 0000000009cf5880 009d 00a4 0000 0006 00000000 0000 0014 00000000 00000001 00000001

2018-02-21 21:07:51 IST 000000001a880000 00000000083d52b0 009c 00a4 0000 0006 00000000 0000 0014 00000000 00000002 00000002

2018-02-21 21:08:51 IST 000000001a500000 000000000fed7a28 009c 00a4 0000 0006 00000000 0000 0014 00000000 00000001 00000001

2018-02-21 21:09:51 IST 000000001a500000 000000000e606ab8 009c 00a4 0000 0006 00000001 0000 0014 00000000 00000002 00000002

2018-02-21 21:10:51 IST 000000001a500000 000000000cb43928 009c 00a4 0000 0006 00000000 0000 0014 00000000 00000001 00000001

2018-02-21 21:11:51 IST 000000001a500000 000000000b2710d0 009b 00a4 0000 0006 00000000 0000 0014 00000000 00000002 00000002

2018-02-21 21:12:51 IST 000000001a500000 00000000097a3b68 009b 00a4 0000 0006 00000000 0000 0014 00000000 00000001 00000001

2018-02-21 21:13:51 IST 000000001a500000 0000000007ed28b0 009c 00a4 0000 0006 00000001 0000 0014 00000000 00000002 00000002

2018-02-21 21:14:51 IST 000000001a200000 000000000f919c20 009b 00a4 0000 0006 00000000 0000 0014 00000000 00000001 00000001

2018-02-21 21:15:51 IST 000000001a200000 000000000e0f7f18 009b 00a4 0000 0006 00000001 0000 0014 00000000 00000002 00000002

2018-02-21 21:16:51 IST 000000001a200000 000000000c67ace8 009c 00a4 0000 0006 00000000 0000 0014 00000000 00000001 00000001

2018-02-21 21:17:51 IST 000000001a200000 000000000ab85c50 009c 00a4 0000 0006 00000001 0000 0014 00000000 00000002 00000002

2018-02-21 21:18:51 IST 000000001a200000 0000000009386ae0 009b 00a4 0000 0006 00000000 0000 0014 00000000 00000001 00000001

2018-02-21 21:19:51 IST 0000000019f00000 0000000010af0958 009b 00a4 0000 0006 00000001 0000 0014 00000000 00000002 00000002

2018-02-21 21:20:51 IST 0000000019f00000 000000000f0dbe00 009c 00a4 0000 0006 00000000 0000 0014 00000000 00000001 00000001

2018-02-21 21:21:51 IST 0000000019f00000 000000000d926768 009c 00a4 0000 0006 00000001 0000 0014 00000000 00000002 00000002

2018-02-21 21:22:51 IST 0000000019f00000 000000000bf16ba8 009b 00a4 0000 0006 00000000 0000 0014 00000000 00000001 00000001

2018-02-21 21:23:51 IST 0000000019f00000 000000000a4adf80 009b 00a4 0000 0006 00000000 0000 0014 00000000 00000002 00000002

2018-02-21 21:24:51 IST 0000000019f00000 000000000f42ef60 009c 00a4 0000 0006 00000000 0000 0014 00000000 00000001 00000001

2018-02-21 21:25:51 IST 0000000019f00000 000000000d9e4330 009b 00a4 0000 0006 00000001 0000 0014 00000000 00000002 00000002

2018-02-21 21:26:51 IST 0000000019f00000 000000000bfe46e8 009b 00a4 0000 0006 00000000 0000 0014 00000000 00000001 00000001

2018-02-21 21:27:51 IST 0000000019f00000 000000000a59f4b0 009c 00a4 0000 0006 00000001 0000 0014 00000000 00000002 00000002

2018-02-21 21:28:51 IST 0000000019f00000 0000000008bb04b8 009c 00a4 0000 0006 00000000 0000 0014 00000000 00000001 00000001

2018-02-21 21:29:51 IST 0000000019f80000 00000000102701a0 009b 00a4 0000 0006 00000002 0000 0014 00000000 00000002 00000002

2018-02-21 21:30:51 IST 0000000019f80000 000000000eadf6f8 009b 00a4 0000 0006 00000000 0000 0014 00000001 00000001 00000001

2018-02-21 21:31:51 IST 0000000019f80000 000000000d08afa0 009c 00a4 0000 0006 00000001 0000 0014 00000000 00000002 00000002

2018-02-21 21:32:51 IST 0000000019f80000 000000000b6c51f8 009c 00a4 0000 0006 00000000 0000 0014 00000000 00000001 00000001

2018-02-21 21:33:51 IST 0000000019f80000 0000000009c69cf8 009b 00a4 0000 0006 00000000 0000 0014 00000000 00000002 00000002

2018-02-21 21:34:51 IST 0000000019f80000 0000000008264530 009b 00a4 0000 0006 00000000 0000 0014 00000000 00000001 00000001

2018-02-21 21:35:51 IST 000000001a000000 000000000fa5e460 009c 00a4 0000 0006 00000000 0000 0014 00000000 00000002 00000002

2018-02-21 21:36:51 IST 000000001a000000 000000000e055e80 009b 00a4 0000 0006 00000000 0000 0014 00000000 00000001 00000001

2018-02-21 21:37:51 IST 000000001a000000 000000000c5d5888 009b 00a4 0000 0006 00000001 0000 0014 00000000 00000002 00000002

2018-02-21 21:38:51 IST 000000001a000000 000000000abb3550 009c 00a4 0000 0006 00000000 0000 0014 00000000 00000001 00000001

2018-02-21 21:39:51 IST 000000001a000000 00000000093a9c50 009c 00a4 0000 0006 00000001 0000 0014 00000000 00000002 00000002

2018-02-21 21:40:51 IST 000000001a080000 0000000010c5ccc0 009b 00a4 0000 0006 00000000 0000 0014 00000000 00000001 00000001

2018-02-21 21:41:51 IST 000000001a080000 000000000f1a6ce0 009b 00a4 0000 0006 00000000 0000 0014 00000000 00000002 00000002

2018-02-21 21:42:51 IST 000000001a080000 000000000d767590 009c 00a4 0000 0006 00000000 0000 0014 00000000 00000001 00000001

2018-02-21 21:43:51 IST 000000001a080000 000000000bcc7398 009c 00a4 0000 0006 00000000 0000 0014 00000000 00000002 00000002

2018-02-21 21:44:51 IST 000000001a080000 000000000a2824a0 009b 00a4 0000 0006 00000000 0000 0014 00000000 00000001 00000001

2018-02-21 21:45:51 IST 000000001a080000 0000000008822300 009b 00a4 0000 0006 00000001 0000 0014 00000000 00000002 00000002

2018-02-21 21:46:51 IST 0000000019d80000 000000000fdb2558 009c 00a4 0000 0006 00000000 0000 0014 00000000 00000001 00000001

2018-02-21 21:47:51 IST 0000000019d80000 000000000e3a25b8 009b 00a4 0000 0006 00000001 0000 0014 00000000 00000002 00000002

2018-02-21 21:48:51 IST 0000000019d80000 000000000c9dd9e0 009b 00a4 0000 0006 00000000 0000 0014 00000000 00000001 00000001

2018-02-21 21:49:51 IST 0000000019d80000 000000000afd5700 009c 00a4 0000 0006 00000001 0000 0014 00000000 00000002 00000002

2018-02-21 21:50:51 IST 0000000019d80000 0000000009602fb0 009c 00a4 0000 0006 00000000 0000 0014 00000000 00000001 00000001

2018-02-21 21:51:51 IST 0000000019d80000 0000000007bf8668 009b 00a4 0000 0006 00000001 0000 0014 00000000 00000002 00000002

2018-02-21 21:52:51 IST 0000000019a80000 000000000ed7e928 009b 00a4 0000 0006 00000000 0000 0014 00000000 00000001 00000001

2018-02-21 21:53:51 IST 0000000019a80000 000000000d3a3db0 009c 00a4 0000 0006 00000000 0000 0014 00000000 00000002 00000002

2018-02-21 21:54:51 IST 0000000019a80000 000000000ba69548 009b 00a4 0000 0006 00000000 0000 0014 00000000 00000001 00000001

2018-02-21 21:55:51 IST 0000000019a80000 000000000a0c9648 009b 00a4 0000 0006 00000001 0000 0014 00000000 00000002 00000002

2018-02-21 21:56:51 IST 0000000019a80000 0000000008778b38 009b 00a4 0000 0006 00000000 0000 0014 00000000 00000001 00000001

2018-02-21 21:57:51 IST 0000000019780000 000000000f7fe160 009c 00a4 0000 0006 00000001 0000 0014 00000000 00000002 00000002

2018-02-21 21:58:51 IST 0000000019780000 000000000dce2fa0 009b 00a4 0000 0006 00000000 0000 0014 00000000 00000001 00000001

2018-02-21 21:59:51 IST 0000000019780000 000000000c3c6000 009b 00a4 0000 0006 00000000 0000 0014 00000000 00000002 00000002

2018-02-21 22:00:51 IST 0000000019780000 000000000a8638b8 009c 00a4 0000 0006 00000000 0000 0014 00000000 00000001 00000001

2018-02-21 22:01:51 IST 0000000019780000 0000000008f5bf98 009b 00a4 0000 0006 00000001 0000 0014 00000000 00000002 00000002

2018-02-21 22:02:51 IST 0000000019500000 000000000fba7ef0 009b 00a4 0000 0006 00000000 0000 0014 00000000 00000001 00000001

2018-02-21 22:03:51 IST 0000000019500000 000000000e2a0a40 009b 00a4 0000 0006 00000000 0000 0014 00000000 00000002 00000002

2018-02-21 22:04:51 IST 0000000019500000 000000000c7f20e0 009c 00a4 0000 0006 00000000 0000 0014 00000000 00000001 00000001

2018-02-21 22:05:51 IST 0000000019500000 000000000af06068 009b 00a4 0000 0006 00000000 0000 0014 00000000 00000002 00000002

2018-02-21 22:06:51 IST 0000000019500000 000000000962ce80 009b 00a4 0000 0006 00000000 0000 0014 00000000 00000001 00000001

2018-02-21 22:07:51 IST 0000000019500000 0000000007b2aa18 009c 00a4 0000 0006 00000001 0000 0014 00000000 00000002 00000002

2018-02-21 22:08:51 IST 0000000019280000 000000000e6c4b98 009c 00a4 0000 0006 00000000 0000 0014 00000000 00000001 00000001

2018-02-21 22:09:51 IST 0000000019280000 000000000cbf5bb0 009b 00a4 0000 0006 00000000 0000 0014 00000000 00000002 00000002

2018-02-21 22:10:51 IST 0000000019280000 000000000b164cd0 009b 00a4 0000 0006 00000000 0000 0014 00000000 00000001 00000001

2018-02-21 22:11:51 IST 0000000019280000 00000000098e34d8 009c 00a4 0000 0006 00000001 0000 0014 00000000 00000002 00000002

2018-02-21 22:12:51 IST 0000000019280000 0000000007ea1d20 009b 00a4 0000 0006 00000000 0000 0014 00000000 00000001 00000001

2018-02-21 22:13:51 IST 0000000019000000 000000000e73c9d0 009b 00a4 0000 0006 00000000 0000 0014 00000000 00000002 00000002

2018-02-21 22:14:51 IST 0000000019000000 000000000cd22ef8 009b 00a4 0000 0006 00000000 0000 0014 00000000 00000001 00000001

2018-02-21 22:15:51 IST 0000000019000000 000000000b2c0b78 009c 00a4 0000 0006 00000001 0000 0014 00000000 00000002 00000002

2018-02-21 22:16:51 IST 0000000019000000 00000000098f1d18 009b 00a4 0000 0006 00000000 0000 0014 00000000 00000001 00000001

2018-02-21 22:17:51 IST 0000000019000000 00000000080d0fb8 009b 00a4 0000 0006 00000002 0000 0014 00000000 00000002 00000002

2018-02-22 13:19:52 IST 0000000018d80000 000000000f5ed0b0 009c 00a4 0000 0006 00000000 0000 0014 00000000 00000001 00000001

