2018-03-01 13:13:37 IST ---( Start )---
2018-03-01 13:14:35 IST 000000001db80000 000000000e81c540 009b 00a4 0000 0006 00000002 0000 0014 00000000 00000002 00000002

2018-03-01 13:15:35 IST 000000001db80000 000000000cdb3780 009a 00a4 0000 0006 00000000 0000 0014 00000001 00000001 00000001

2018-03-01 13:16:35 IST 000000001db80000 000000000b22ea58 0099 00a4 0000 0006 00000000 0000 0014 00000000 00000001 00000001

2018-03-01 13:17:35 IST 000000001db80000 0000000009a74780 0099 00a4 0000 0006 00000000 0000 0014 00000000 00000001 00000001

2018-03-01 13:18:35 IST 000000001db80000 0000000007e989b0 0099 00a4 0000 0006 00000000 0000 0014 00000000 00000001 00000001

2018-03-01 13:19:35 IST 000000001e380000 0000000013ba0788 009a 00a4 0000 0006 00000000 0000 0014 00000000 00000001 00000001

2018-03-01 13:20:35 IST 000000001e380000 00000000120777a0 0099 00a4 0000 0006 00000000 0000 0014 00000000 00000001 00000001

2018-03-01 13:21:35 IST 000000001e380000 00000000108ab010 0099 00a4 0000 0006 00000000 0000 0014 00000000 00000001 00000001

2018-03-01 13:22:35 IST 000000001e380000 000000000ee0a868 0099 00a4 0000 0006 00000000 0000 0014 00000000 00000001 00000001

2018-03-01 13:23:35 IST 000000001e380000 000000000d36aee8 009a 00a4 0000 0006 00000000 0000 0014 00000000 00000001 00000001

2018-03-01 13:24:35 IST 000000001e380000 000000000ba4fa50 0099 00a4 0000 0006 00000000 0000 0014 00000000 00000001 00000001

2018-03-01 13:25:35 IST 000000001e380000 000000000a494e08 0099 00a4 0000 0006 00000000 0000 0014 00000000 00000001 00000001

2018-03-01 13:26:35 IST 000000001e380000 0000000008945a08 009a 00a4 0000 0006 00000000 0000 0014 00000000 00000001 00000001

2018-03-01 13:27:35 IST 000000001e900000 000000001498a470 009a 00a4 0000 0006 00000000 0000 0014 00000000 00000001 00000001

2018-03-01 13:28:35 IST 000000001e900000 0000000013095d28 0099 00a4 0000 0006 00000000 0000 0014 00000000 00000001 00000001

2018-03-01 13:29:35 IST 000000001e900000 00000000115ced90 0099 00a4 0000 0006 00000000 0000 0014 00000000 00000001 00000001

2018-03-01 13:30:35 IST 000000001e900000 000000000fb154a8 009a 00a4 0000 0006 00000000 0000 0014 00000000 00000001 00000001

2018-03-01 13:31:35 IST 000000001e900000 000000000e023870 009a 00a4 0000 0006 00000000 0000 0014 00000000 00000001 00000001

2018-03-01 13:32:35 IST 000000001e900000 000000000c75e798 0099 00a4 0000 0006 00000000 0000 0014 00000000 00000001 00000001

2018-03-01 13:33:35 IST 000000001e900000 000000000ac8fe68 0099 00a4 0000 0006 00000000 0000 0014 00000000 00000001 00000001

2018-03-01 13:34:35 IST 000000001e900000 00000000091d7288 009a 00a4 0000 0006 00000000 0000 0014 00000000 00000001 00000001

2018-03-01 13:35:35 IST 000000001ee80000 0000000015884048 009a 00a4 0000 0006 00000000 0000 0014 00000000 00000001 00000001

2018-03-01 13:36:35 IST 000000001ee80000 0000000013ee5128 0099 00a4 0000 0006 00000000 0000 0014 00000000 00000001 00000001

2018-03-01 13:37:35 IST 000000001ee80000 00000000125253b8 0099 00a4 0000 0006 00000000 0000 0014 00000000 00000001 00000001

2018-03-01 13:38:35 IST 000000001ee80000 00000000109a06e0 009a 00a4 0000 0006 00000000 0000 0014 00000000 00000001 00000001

2018-03-01 13:39:35 IST 000000001ee80000 000000000efe7028 009a 00a4 0000 0006 00000000 0000 0014 00000000 00000001 00000001

2018-03-01 13:40:35 IST 000000001ee80000 000000000d65d6f8 0099 00a4 0000 0006 00000000 0000 0014 00000000 00000001 00000001

2018-03-01 13:41:35 IST 000000001ee80000 000000000bacd4f0 0099 00a4 0000 0006 00000000 0000 0014 00000000 00000001 00000001

2018-03-01 13:42:35 IST 000000001ee80000 000000000a3a6958 009a 00a4 0000 0006 00000000 0000 0014 00000000 00000001 00000001

2018-03-01 13:43:35 IST 000000001ee80000 00000000089eb180 009a 00a4 0000 0006 00000000 0000 0014 00000000 00000001 00000001

2018-03-01 13:44:35 IST 000000001e800000 00000000148d38d8 0099 00a4 0000 0006 00000000 0000 0014 00000000 00000001 00000001

2018-03-01 13:45:35 IST 000000001e800000 0000000012db7030 0099 00a4 0000 0006 00000000 0000 0014 00000000 00000001 00000001

2018-03-01 13:46:35 IST 000000001e800000 0000000011598030 009a 00a4 0000 0006 00000000 0000 0014 00000000 00000001 00000001

2018-03-01 13:47:35 IST 000000001e800000 000000000fa7df30 009a 00a4 0000 0006 00000000 0000 0014 00000000 00000001 00000001

2018-03-01 13:48:35 IST 000000001e800000 000000000df8db00 0099 00a4 0000 0006 00000000 0000 0014 00000000 00000001 00000001

2018-03-01 13:49:35 IST 000000001e800000 000000000c7642c0 0099 00a4 0000 0006 00000000 0000 0014 00000000 00000001 00000001

2018-03-01 13:50:35 IST 000000001e800000 000000000ac5abb8 009a 00a4 0000 0006 00000000 0000 0014 00000000 00000001 00000001

2018-03-01 13:51:35 IST 000000001e800000 0000000009140350 009a 00a4 0000 0006 00000000 0000 0014 00000000 00000001 00000001

2018-03-01 13:52:35 IST 000000001e300000 0000000014d72120 0099 00a4 0000 0006 00000000 0000 0014 00000000 00000001 00000001

2018-03-01 13:53:35 IST 000000001e300000 000000001347b620 0099 00a4 0000 0006 00000000 0000 0014 00000000 00000001 00000001

2018-03-01 13:54:35 IST 000000001e300000 0000000011aa2258 009a 00a4 0000 0006 00000000 0000 0014 00000000 00000001 00000001

2018-03-01 13:55:35 IST 000000001e300000 000000000fe9b8e8 009a 00a4 0000 0006 00000000 0000 0014 00000000 00000001 00000001

2018-03-01 13:56:35 IST 000000001e300000 000000000e4cc398 0099 00a4 0000 0006 00000000 0000 0014 00000000 00000001 00000001

2018-03-01 13:57:35 IST 000000001e300000 000000000caf6010 0099 00a4 0000 0006 00000000 0000 0014 00000000 00000001 00000001

2018-03-01 13:58:35 IST 000000001e300000 000000000b213a20 009a 00a4 0000 0006 00000000 0000 0014 00000000 00000001 00000001

2018-03-01 13:59:35 IST 000000001e300000 0000000009827830 009a 00a4 0000 0006 00000000 0000 0014 00000000 00000001 00000001

2018-03-01 14:00:35 IST 000000001e300000 0000000007c43870 0099 00a4 0000 0006 00000000 0000 0014 00000000 00000001 00000001

2018-03-01 14:01:35 IST 000000001dd00000 000000001318a738 0099 00a4 0000 0006 00000000 0000 0014 00000000 00000001 00000001

2018-03-01 14:02:35 IST 000000001dd00000 00000000116c8208 009a 00a4 0000 0006 00000000 0000 0014 00000000 00000001 00000001

2018-03-01 14:03:35 IST 000000001dd00000 000000000fccfd00 0099 00a4 0000 0006 00000000 0000 0014 00000000 00000001 00000001

2018-03-01 14:04:35 IST 000000001dd00000 000000000e2cc7d0 0099 00a4 0000 0006 00000000 0000 0014 00000000 00000001 00000001

2018-03-01 14:05:35 IST 000000001dd00000 000000000c7f65b0 0099 00a4 0000 0006 00000000 0000 0014 00000000 00000001 00000001

2018-03-01 14:06:35 IST 000000001dd00000 000000000b138f28 009a 00a4 0000 0006 00000000 0000 0014 00000000 00000001 00000001

2018-03-01 14:07:35 IST 000000001dd00000 000000000973d548 0099 00a4 0000 0006 00000000 0000 0014 00000000 00000001 00000001

2018-03-01 14:08:35 IST 000000001dd00000 0000000007d38ea0 0099 00a4 0000 0006 00000000 0000 0014 00000000 00000001 00000001

2018-03-01 14:09:35 IST 000000001d800000 0000000012c30140 0099 00a4 0000 0006 00000000 0000 0014 00000000 00000001 00000001

2018-03-01 14:10:35 IST 000000001d800000 00000000111c6648 009a 00a4 0000 0006 00000000 0000 0014 00000000 00000001 00000001

2018-03-01 14:11:35 IST 000000001d800000 000000000f78aee8 0099 00a4 0000 0006 00000000 0000 0014 00000000 00000001 00000001

2018-03-01 14:12:35 IST 000000001d800000 000000000dc84550 0099 00a4 0000 0006 00000000 0000 0014 00000000 00000001 00000001

2018-03-01 14:13:35 IST 000000001d780000 00000000146a48d8 0099 00a4 0000 0006 00000000 0000 0014 00000000 00000001 00000001

2018-03-01 14:14:35 IST 000000001d780000 0000000012ba0db0 009a 00a4 0000 0006 00000000 0000 0014 00000000 00000001 00000001

2018-03-01 14:15:35 IST 000000001d780000 00000000110ccc28 0099 00a4 0000 0006 00000000 0000 0014 00000000 00000001 00000001

2018-03-01 14:16:35 IST 000000001d780000 000000000f655380 0099 00a4 0000 0006 00000000 0000 0014 00000000 00000001 00000001

2018-03-01 14:17:35 IST 000000001d780000 000000000db6adc8 0099 00a4 0000 0006 00000000 0000 0014 00000000 00000001 00000001

2018-03-01 14:18:35 IST 000000001d780000 000000000c3bffb8 009a 00a4 0000 0006 00000000 0000 0014 00000000 00000001 00000001

2018-03-01 14:19:35 IST 000000001d780000 000000000a9756b0 0099 00a4 0000 0006 00000000 0000 0014 00000000 00000001 00000001

2018-03-01 14:20:35 IST 000000001d780000 0000000008e796a0 0099 00a4 0000 0006 00000000 0000 0014 00000000 00000001 00000001

2018-03-01 14:21:35 IST 000000001d980000 00000000140593e8 0099 00a4 0000 0006 00000000 0000 0014 00000000 00000001 00000001

2018-03-01 14:22:35 IST 000000001d980000 0000000012855638 009a 00a4 0000 0006 00000000 0000 0014 00000000 00000001 00000001

2018-03-01 14:23:35 IST 000000001d980000 0000000010c8c970 0099 00a4 0000 0006 00000000 0000 0014 00000000 00000001 00000001

2018-03-01 14:24:35 IST 000000001d980000 000000000f49c8e8 0099 00a4 0000 0006 00000000 0000 0014 00000000 00000001 00000001

2018-03-01 14:25:35 IST 000000001d980000 000000000d932510 0099 00a4 0000 0006 00000000 0000 0014 00000000 00000001 00000001

2018-03-01 14:26:35 IST 000000001d980000 000000000c1323c0 009a 00a4 0000 0006 00000000 0000 0014 00000000 00000001 00000001

2018-03-01 14:27:35 IST 000000001d980000 000000000a5f5560 0099 00a4 0000 0006 00000000 0000 0014 00000000 00000001 00000001

2018-03-01 14:28:35 IST 000000001d980000 0000000008df3a68 0099 00a4 0000 0006 00000000 0000 0014 00000000 00000001 00000001

2018-03-01 14:29:36 IST 000000001da00000 0000000013cafc40 0099 00a4 0000 0006 00000000 0000 0014 00000000 00000001 00000001

2018-03-01 14:30:36 IST 000000001da00000 0000000012435038 009a 00a4 0000 0006 00000000 0000 0014 00000000 00000001 00000001

2018-03-01 14:31:36 IST 000000001da00000 00000000108bd980 0099 00a4 0000 0006 00000000 0000 0014 00000000 00000001 00000001

2018-03-01 14:32:36 IST 000000001da00000 000000000f040c38 0099 00a4 0000 0006 00000000 0000 0014 00000000 00000001 00000001

2018-03-01 14:33:36 IST 000000001da00000 000000000d4b2d30 0099 00a4 0000 0006 00000000 0000 0014 00000000 00000001 00000001

2018-03-01 14:34:36 IST 000000001da00000 000000000bc38a00 009a 00a4 0000 0006 00000000 0000 0014 00000000 00000001 00000001

2018-03-01 14:35:36 IST 000000001da00000 000000000a0c3640 0099 00a4 0000 0006 00000000 0000 0014 00000000 00000001 00000001

2018-03-01 14:36:36 IST 000000001da00000 00000000088baee8 0099 00a4 0000 0006 00000000 0000 0014 00000000 00000001 00000001

2018-03-01 14:37:36 IST 000000001d580000 0000000013816428 0099 00a4 0000 0006 00000000 0000 0014 00000000 00000001 00000001

2018-03-01 14:38:36 IST 000000001d580000 0000000011cb22f8 009a 00a4 0000 0006 00000000 0000 0014 00000000 00000001 00000001

2018-03-01 14:39:35 IST 000000001d580000 000000001015e570 0099 00a4 0000 0006 00000000 0000 0014 00000000 00000001 00000001

2018-03-01 14:40:35 IST 000000001d580000 000000000e961ad0 009a 00a4 0000 0006 00000000 0000 0014 00000000 00000001 00000001

2018-03-01 14:41:35 IST 000000001d580000 000000000ce07a30 009a 00a4 0000 0006 00000000 0000 0014 00000000 00000001 00000001

2018-03-01 14:42:35 IST 000000001d580000 000000000b61fe50 0099 00a4 0000 0006 00000000 0000 0014 00000000 00000001 00000001

2018-03-01 14:43:35 IST 000000001d580000 0000000009abc050 0099 00a4 0000 0006 00000000 0000 0014 00000000 00000001 00000001

2018-03-01 14:44:35 IST 000000001d580000 0000000007f63bf8 009a 00a4 0000 0006 00000000 0000 0014 00000000 00000001 00000001

2018-03-01 14:45:35 IST 000000001d000000 0000000012b1b5c0 009a 00a4 0000 0006 00000000 0000 0014 00000000 00000001 00000001

2018-03-01 14:46:35 IST 000000001d000000 00000000110573c8 0099 00a4 0000 0006 00000000 0000 0014 00000000 00000001 00000001

2018-03-01 14:47:35 IST 000000001d000000 000000000f52fe00 0099 00a4 0000 0006 00000000 0000 0014 00000000 00000001 00000001

2018-03-01 14:48:35 IST 000000001d000000 000000000ddafcc0 009a 00a4 0000 0006 00000000 0000 0014 00000000 00000001 00000001

2018-03-01 14:49:34 IST 000000001d000000 000000000c2f4d50 0099 00a4 0000 0006 00000000 0000 0014 00000000 00000001 00000001

2018-03-01 14:50:34 IST 000000001d000000 000000000a832060 0099 00a4 0000 0006 00000000 0000 0014 00000000 00000001 00000001

2018-03-01 14:51:34 IST 000000001d000000 0000000009054e98 0099 00a4 0000 0006 00000000 0000 0014 00000000 00000001 00000001

2018-03-01 14:52:34 IST 000000001cb80000 0000000013265328 009a 00a4 0000 0006 00000000 0000 0014 00000000 00000001 00000001

2018-03-01 14:53:34 IST 000000001cb80000 000000001185afe8 0099 00a4 0000 0006 00000000 0000 0014 00000000 00000001 00000001

2018-03-01 14:54:34 IST 000000001cb80000 000000000fdddf70 0099 00a4 0000 0006 00000000 0000 0014 00000000 00000001 00000001

2018-03-01 14:55:34 IST 000000001cb80000 000000000e3c5478 0099 00a4 0000 0006 00000000 0000 0014 00000000 00000001 00000001

2018-03-01 14:56:34 IST 000000001cb80000 000000000cc8a990 009a 00a4 0000 0006 00000000 0000 0014 00000000 00000001 00000001

2018-03-01 14:57:34 IST 000000001cb80000 000000000b288948 0099 00a4 0000 0006 00000000 0000 0014 00000000 00000001 00000001

2018-03-01 14:58:34 IST 000000001cb80000 000000000980b0d0 0099 00a4 0000 0006 00000000 0000 0014 00000000 00000001 00000001

2018-03-01 14:59:34 IST 000000001cb80000 0000000007df28d8 0099 00a4 0000 0006 00000000 0000 0014 00000000 00000001 00000001

2018-03-01 15:00:34 IST 000000001c680000 0000000011f0f238 009a 00a4 0000 0006 00000000 0000 0014 00000000 00000001 00000001

2018-03-01 15:01:34 IST 000000001c680000 0000000010221508 0099 00a4 0000 0006 00000000 0000 0014 00000000 00000001 00000001

2018-03-01 15:02:34 IST 000000001c680000 000000000e849ca0 0099 00a4 0000 0006 00000000 0000 0014 00000000 00000001 00000001

2018-03-01 15:03:34 IST 000000001c680000 000000000ce72ca8 0099 00a4 0000 0006 00000000 0000 0014 00000000 00000001 00000001

2018-03-01 15:04:34 IST 000000001c680000 000000000b4ffc08 009a 00a4 0000 0006 00000000 0000 0014 00000000 00000001 00000001

2018-03-01 15:05:34 IST 000000001c680000 0000000009b3f548 0099 00a4 0000 0006 00000000 0000 0014 00000000 00000001 00000001

2018-03-01 15:06:34 IST 000000001c680000 0000000008177968 0099 00a4 0000 0006 00000000 0000 0014 00000000 00000001 00000001

2018-03-01 15:07:34 IST 000000001c280000 0000000011b918c8 0099 00a4 0000 0006 00000000 0000 0014 00000000 00000001 00000001

2018-03-01 15:08:34 IST 000000001c280000 0000000010251e48 009a 00a4 0000 0006 00000000 0000 0014 00000000 00000001 00000001

2018-03-01 15:09:34 IST 000000001c280000 000000000e929560 0099 00a4 0000 0006 00000000 0000 0014 00000000 00000001 00000001

2018-03-01 15:10:34 IST 000000001c280000 000000000cfedff8 0099 00a4 0000 0006 00000000 0000 0014 00000000 00000001 00000001

2018-03-01 15:11:34 IST 000000001c280000 000000000b38fd58 0099 00a4 0000 0006 00000000 0000 0014 00000000 00000001 00000001

2018-03-01 15:12:34 IST 000000001c280000 0000000009a4f2e0 009a 00a4 0000 0006 00000000 0000 0014 00000000 00000001 00000001

2018-03-01 15:13:34 IST 000000001c200000 000000001311c880 0099 00a4 0000 0006 00000000 0000 0014 00000000 00000001 00000001

2018-03-01 15:14:34 IST 000000001c200000 0000000011461da0 0099 00a4 0000 0006 00000000 0000 0014 00000000 00000001 00000001

2018-03-01 15:15:34 IST 000000001c200000 000000000fb34160 0099 00a4 0000 0006 00000000 0000 0014 00000000 00000001 00000001

2018-03-01 15:16:34 IST 000000001c200000 000000000e1ff2b8 009a 00a4 0000 0006 00000000 0000 0014 00000000 00000001 00000001

2018-03-01 15:17:34 IST 000000001c200000 000000000c8e8a00 0099 00a4 0000 0006 00000000 0000 0014 00000000 00000001 00000001

2018-03-01 15:18:34 IST 000000001c200000 000000000afb82e0 0099 00a4 0000 0006 00000000 0000 0014 00000000 00000001 00000001

2018-03-01 15:19:34 IST 000000001c200000 000000000936b0d0 0099 00a4 0000 0006 00000000 0000 0014 00000000 00000001 00000001

2018-03-01 15:20:34 IST 000000001c300000 0000000012e35ef0 009a 00a4 0000 0006 00000000 0000 0014 00000000 00000001 00000001

2018-03-01 15:21:34 IST 000000001c300000 00000000114fa7b8 0099 00a4 0000 0006 00000000 0000 0014 00000000 00000001 00000001

2018-03-01 15:22:34 IST 000000001c300000 000000000fbbb508 0099 00a4 0000 0006 00000000 0000 0014 00000000 00000001 00000001

2018-03-01 15:23:34 IST 000000001c300000 000000000e27b5e0 0099 00a4 0000 0006 00000000 0000 0014 00000000 00000001 00000001

2018-03-01 15:24:34 IST 000000001c300000 000000000c61f548 009a 00a4 0000 0006 00000000 0000 0014 00000000 00000001 00000001

2018-03-01 15:25:34 IST 000000001c300000 000000000acf7030 0099 00a4 0000 0006 00000000 0000 0014 00000000 00000001 00000001

2018-03-01 15:26:34 IST 000000001c300000 00000000093b5c70 0099 00a4 0000 0006 00000000 0000 0014 00000000 00000001 00000001

2018-03-01 15:27:34 IST 000000001c300000 00000000131c4fc8 009a 00a4 0000 0006 00000000 0000 0014 00000000 00000001 00000001

2018-03-01 15:28:34 IST 000000001c300000 00000000114c6568 009a 00a4 0000 0006 00000000 0000 0014 00000000 00000001 00000001

2018-03-01 15:29:34 IST 000000001c300000 000000000fb8dd08 0099 00a4 0000 0006 00000000 0000 0014 00000000 00000001 00000001

2018-03-01 15:30:34 IST 000000001c300000 000000000e23cbe0 0099 00a4 0000 0006 00000000 0000 0014 00000000 00000001 00000001

2018-03-01 15:31:34 IST 000000001c300000 000000000c8ef938 009a 00a4 0000 0006 00000000 0000 0014 00000000 00000001 00000001

2018-03-01 15:32:34 IST 000000001c300000 000000000ac7d830 009a 00a4 0000 0006 00000000 0000 0014 00000000 00000001 00000001

2018-03-01 15:33:34 IST 000000001c300000 0000000009342b60 0099 00a4 0000 0006 00000000 0000 0014 00000000 00000001 00000001

2018-03-01 15:34:34 IST 000000001bf00000 00000000129e8378 0099 00a4 0000 0006 00000000 0000 0014 00000000 00000001 00000001

2018-03-01 15:35:34 IST 000000001bf00000 0000000010dfeb40 009a 00a4 0000 0006 00000000 0000 0014 00000000 00000001 00000001

2018-03-01 15:36:35 IST 000000001bf00000 000000000f4d4670 009a 00a4 0000 0006 00000000 0000 0014 00000000 00000001 00000001

2018-03-01 15:37:35 IST 000000001bf00000 000000000dc20ee8 0099 00a4 0000 0006 00000000 0000 0014 00000000 00000001 00000001

2018-03-01 15:38:35 IST 000000001bf00000 000000000c039dc8 0099 00a4 0000 0006 00000000 0000 0014 00000000 00000001 00000001

2018-03-01 15:39:35 IST 000000001bf00000 000000000a722da8 009a 00a4 0000 0006 00000000 0000 0014 00000000 00000001 00000001

2018-03-01 15:40:35 IST 000000001bf00000 0000000008b3c7c0 009a 00a4 0000 0006 00000000 0000 0014 00000000 00000001 00000001

2018-03-01 15:41:35 IST 000000001ba80000 0000000011eaa968 0099 00a4 0000 0006 00000000 0000 0014 00000000 00000001 00000001

2018-03-01 15:42:35 IST 000000001ba80000 0000000010363d30 0099 00a4 0000 0006 00000000 0000 0014 00000000 00000001 00000001

2018-03-01 15:43:35 IST 000000001ba80000 000000000ead7b88 009a 00a4 0000 0006 00000000 0000 0014 00000000 00000001 00000001

2018-03-01 15:44:35 IST 000000001ba80000 000000000cf904f8 009a 00a4 0000 0006 00000000 0000 0014 00000000 00000001 00000001

2018-03-01 15:45:35 IST 000000001ba80000 000000000b70d7a0 0099 00a4 0000 0006 00000000 0000 0014 00000000 00000001 00000001

2018-03-01 15:46:35 IST 000000001ba80000 0000000009ed50b8 0099 00a4 0000 0006 00000000 0000 0014 00000000 00000001 00000001

2018-03-01 15:47:35 IST 000000001ba80000 000000000833ad28 009a 00a4 0000 0006 00000000 0000 0014 00000000 00000001 00000001

2018-03-01 15:48:35 IST 000000001b680000 00000000113e1010 009a 00a4 0000 0006 00000000 0000 0014 00000000 00000001 00000001

2018-03-01 15:49:35 IST 000000001b680000 000000000f94b4d8 0099 00a4 0000 0006 00000000 0000 0014 00000000 00000001 00000001

2018-03-01 15:50:35 IST 000000001b680000 000000000de5c968 0099 00a4 0000 0006 00000000 0000 0014 00000000 00000001 00000001

2018-03-01 15:51:35 IST 000000001b680000 000000000c64b650 009a 00a4 0000 0006 00000000 0000 0014 00000000 00000001 00000001

2018-03-01 15:52:35 IST 000000001b680000 000000000ab9e5c0 009a 00a4 0000 0006 00000000 0000 0014 00000000 00000001 00000001

2018-03-01 15:53:35 IST 000000001b680000 00000000090c4200 0099 00a4 0000 0006 00000000 0000 0014 00000000 00000001 00000001

2018-03-01 15:54:35 IST 000000001b280000 0000000011e0ad50 0099 00a4 0000 0006 00000000 0000 0014 00000000 00000001 00000001

2018-03-01 15:55:35 IST 000000001b280000 000000001035a5b0 009a 00a4 0000 0006 00000000 0000 0014 00000000 00000001 00000001

2018-03-01 15:56:35 IST 000000001b280000 000000000eb73e28 009a 00a4 0000 0006 00000000 0000 0014 00000000 00000001 00000001

2018-03-01 15:57:34 IST 000000001b280000 000000000d0d3080 0099 00a4 0000 0006 00000000 0000 0014 00000000 00000001 00000001

2018-03-01 15:58:34 IST 000000001b280000 000000000b662a78 0099 00a4 0000 0006 00000000 0000 0014 00000000 00000001 00000001

2018-03-01 15:59:34 IST 000000001b280000 0000000009bb5818 009a 00a4 0000 0006 00000000 0000 0014 00000000 00000001 00000001

2018-03-01 16:00:34 IST 000000001b280000 00000000080fea60 009a 00a4 0000 0006 00000000 0000 0014 00000000 00000001 00000001

2018-03-01 16:01:34 IST 000000001af00000 0000000010a0b1f0 0098 00a4 0000 0006 00000000 0000 0014 00000000 00000001 00000001

2018-03-01 16:02:34 IST 000000001af00000 000000000ed35d38 0098 00a4 0000 0006 00000000 0000 0014 00000000 00000001 00000001

2018-03-01 16:03:34 IST 000000001af00000 000000000d5b64b8 0099 00a4 0000 0006 00000000 0000 0014 00000000 00000001 00000001

2018-03-01 16:04:34 IST 000000001af00000 000000000bbc5c68 0098 00a4 0000 0006 00000000 0000 0014 00000000 00000001 00000001

2018-03-01 16:05:34 IST 000000001af00000 000000000a1be548 0098 00a4 0000 0006 00000000 0000 0014 00000000 00000001 00000001

2018-03-01 16:06:34 IST 000000001af00000 00000000087adbd8 0098 00a4 0000 0006 00000000 0000 0014 00000000 00000001 00000001

2018-03-01 16:07:34 IST 000000001ab80000 0000000010a4dbc8 0099 00a4 0000 0006 00000000 0000 0014 00000000 00000001 00000001

2018-03-01 16:08:34 IST 000000001ab80000 000000000f0d9308 0098 00a4 0000 0006 00000000 0000 0014 00000000 00000001 00000001

2018-03-01 16:09:34 IST 000000001ab80000 000000000d756ef0 0098 00a4 0000 0006 00000000 0000 0014 00000000 00000001 00000001

2018-03-01 16:10:34 IST 000000001ab80000 000000000bdc8e40 0098 00a4 0000 0006 00000000 0000 0014 00000000 00000001 00000001

2018-03-01 16:11:34 IST 000000001ab80000 000000000a455b40 0099 00a4 0000 0006 00000000 0000 0014 00000000 00000001 00000001

2018-03-01 16:12:34 IST 000000001ab80000 00000000088292d8 0098 00a4 0000 0006 00000000 0000 0014 00000000 00000001 00000001

2018-03-01 16:13:34 IST 000000001a800000 0000000010cd3fe8 0098 00a4 0000 0006 00000000 0000 0014 00000000 00000001 00000001

2018-03-01 16:14:34 IST 000000001a800000 000000000fb449b0 0098 00a4 0000 0006 00000000 0000 0014 00000000 00000001 00000001

2018-03-01 16:15:35 IST 000000001a800000 000000000e249748 0099 00a4 0000 0006 00000000 0000 0014 00000000 00000001 00000001

2018-03-01 16:16:35 IST 000000001a800000 000000000c65e9d0 0098 00a4 0000 0006 00000000 0000 0014 00000000 00000001 00000001

2018-03-01 16:17:35 IST 000000001a800000 000000000ad53280 0098 00a4 0000 0006 00000000 0000 0014 00000000 00000001 00000001

2018-03-01 16:18:35 IST 000000001a800000 0000000009407ed8 0098 00a4 0000 0006 00000000 0000 0014 00000000 00000001 00000001

2018-03-01 16:19:35 IST 000000001a880000 0000000011461f88 0099 00a4 0000 0006 00000000 0000 0014 00000000 00000001 00000001

2018-03-01 16:20:35 IST 000000001a880000 000000000fb7ec38 0098 00a4 0000 0006 00000000 0000 0014 00000000 00000001 00000001

2018-03-01 16:21:35 IST 000000001a880000 000000000dfe22b0 0098 00a4 0000 0006 00000000 0000 0014 00000000 00000001 00000001

2018-03-01 16:22:35 IST 000000001a880000 000000000c699a18 0098 00a4 0000 0006 00000000 0000 0014 00000000 00000001 00000001

2018-03-01 16:23:35 IST 000000001a880000 000000000ab13db0 0099 00a4 0000 0006 00000000 0000 0014 00000000 00000001 00000001

2018-03-01 16:24:34 IST 000000001a880000 00000000091dcec8 0098 00a4 0000 0006 00000000 0000 0014 00000000 00000001 00000001

2018-03-01 16:25:34 IST 000000001a900000 000000001146a9b0 0098 00a4 0000 0006 00000000 0000 0014 00000000 00000001 00000001

2018-03-01 16:26:34 IST 000000001a900000 000000000f83c540 0098 00a4 0000 0006 00000000 0000 0014 00000000 00000001 00000001

2018-03-01 16:27:34 IST 000000001a900000 000000000e1e44d0 0099 00a4 0000 0006 00000000 0000 0014 00000000 00000001 00000001

2018-03-01 16:28:34 IST 000000001a900000 000000000c61bbf0 0098 00a4 0000 0006 00000000 0000 0014 00000000 00000001 00000001

2018-03-01 16:29:34 IST 000000001a900000 000000000acadca0 0098 00a4 0000 0006 00000000 0000 0014 00000000 00000001 00000001

2018-03-01 16:30:34 IST 000000001a900000 00000000090d7918 0098 00a4 0000 0006 00000000 0000 0014 00000000 00000001 00000001

2018-03-01 16:31:34 IST 000000001a980000 00000000114ef0e0 0099 00a4 0000 0006 00000000 0000 0014 00000000 00000001 00000001

2018-03-01 16:32:34 IST 000000001a980000 000000000f8dd998 0098 00a4 0000 0006 00000000 0000 0014 00000000 00000001 00000001

2018-03-01 16:33:34 IST 000000001a980000 000000000dfc7ca0 0098 00a4 0000 0006 00000000 0000 0014 00000000 00000001 00000001

2018-03-01 16:34:34 IST 000000001a980000 000000000c6a21f0 0098 00a4 0000 0006 00000000 0000 0014 00000000 00000001 00000001

2018-03-01 16:35:34 IST 000000001a980000 000000000aaa1c80 0099 00a4 0000 0006 00000000 0000 0014 00000000 00000001 00000001

2018-03-01 16:36:34 IST 000000001a980000 0000000009194090 0098 00a4 0000 0006 00000000 0000 0014 00000000 00000001 00000001

2018-03-01 16:37:34 IST 000000001a600000 0000000011175858 0098 00a4 0000 0006 00000000 0000 0014 00000000 00000001 00000001

2018-03-01 16:38:34 IST 000000001a600000 000000000f5eacf8 0099 00a4 0000 0006 00000000 0000 0014 00000000 00000001 00000001

2018-03-01 16:39:34 IST 000000001a600000 000000000dd45d38 0099 00a4 0000 0006 00000000 0000 0014 00000000 00000001 00000001

2018-03-01 16:40:34 IST 000000001a600000 000000000c1bdf28 0098 00a4 0000 0006 00000000 0000 0014 00000000 00000001 00000001

2018-03-01 16:41:34 IST 000000001a600000 000000000a9209d8 0098 00a4 0000 0006 00000000 0000 0014 00000000 00000001 00000001

2018-03-01 16:42:35 IST 000000001a600000 0000000008d9d728 0099 00a4 0000 0006 00000000 0000 0014 00000000 00000001 00000001

2018-03-01 16:43:35 IST 000000001a300000 0000000010b8dc38 0099 00a4 0000 0006 00000000 0000 0014 00000000 00000001 00000001

2018-03-01 16:44:35 IST 000000001a300000 000000000f083210 0098 00a4 0000 0006 00000000 0000 0014 00000000 00000001 00000001

2018-03-01 16:45:35 IST 000000001a300000 000000000d5b4c00 0098 00a4 0000 0006 00000000 0000 0014 00000000 00000001 00000001

2018-03-01 16:46:35 IST 000000001a300000 000000000bab0210 0099 00a4 0000 0006 00000000 0000 0014 00000000 00000001 00000001

2018-03-01 16:47:35 IST 000000001a300000 000000000a22e300 0099 00a4 0000 0006 00000000 0000 0014 00000000 00000001 00000001

2018-03-01 16:48:35 IST 000000001a300000 000000000877dc10 0098 00a4 0000 0006 00000000 0000 0014 00000000 00000001 00000001

2018-03-01 16:49:35 IST 000000001a000000 000000000ffff830 0098 00a4 0000 0006 00000000 0000 0014 00000000 00000001 00000001

2018-03-01 16:50:35 IST 000000001a000000 000000000e7fed38 0099 00a4 0000 0006 00000000 0000 0014 00000000 00000001 00000001

2018-03-01 16:51:35 IST 000000001a000000 000000000cd65540 0099 00a4 0000 0006 00000000 0000 0014 00000000 00000001 00000001

2018-03-01 16:52:35 IST 000000001a000000 000000000b3267a0 0098 00a4 0000 0006 00000000 0000 0014 00000000 00000001 00000001

2018-03-01 16:53:35 IST 000000001a000000 000000000988bf70 0098 00a4 0000 0006 00000000 0000 0014 00000000 00000001 00000001

2018-03-01 16:54:35 IST 000000001a000000 0000000007e03a50 0099 00a4 0000 0006 00000000 0000 0014 00000000 00000001 00000001

2018-03-01 16:55:35 IST 0000000019d00000 000000000f4ddd48 0099 00a4 0000 0006 00000000 0000 0014 00000000 00000001 00000001

2018-03-01 16:56:35 IST 0000000019d00000 000000000db00210 0098 00a4 0000 0006 00000000 0000 0014 00000000 00000001 00000001

2018-03-01 16:57:35 IST 0000000019d00000 000000000c113aa8 0098 00a4 0000 0006 00000000 0000 0014 00000000 00000001 00000001

2018-03-01 16:58:35 IST 0000000019d00000 000000000a737e90 0099 00a4 0000 0006 00000000 0000 0014 00000000 00000001 00000001

2018-03-01 16:59:35 IST 0000000019d00000 0000000008d59010 0099 00a4 0000 0006 00000000 0000 0014 00000000 00000001 00000001

2018-03-01 17:00:35 IST 0000000019a00000 0000000010024e90 0098 00a4 0000 0006 00000000 0000 0014 00000000 00000001 00000001

2018-03-01 17:01:35 IST 0000000019a00000 000000000e689dd8 0098 00a4 0000 0006 00000000 0000 0014 00000000 00000001 00000001

2018-03-01 17:02:35 IST 0000000019a00000 000000000ccf9130 0099 00a4 0000 0006 00000000 0000 0014 00000000 00000001 00000001

2018-03-01 17:03:35 IST 0000000019a00000 000000000b0f2c70 0099 00a4 0000 0006 00000000 0000 0014 00000000 00000001 00000001

2018-03-01 17:04:35 IST 0000000019a00000 000000000971e270 0098 00a4 0000 0006 00000000 0000 0014 00000000 00000001 00000001

2018-03-01 17:05:35 IST 0000000019a00000 0000000007d89df8 0098 00a4 0000 0006 00000000 0000 0014 00000000 00000001 00000001

2018-03-01 17:06:35 IST 0000000019700000 000000000ed0da38 0099 00a4 0000 0006 00000000 0000 0014 00000000 00000001 00000001

2018-03-01 17:07:35 IST 0000000019700000 000000000d4341c8 0098 00a4 0000 0006 00000000 0000 0014 00000000 00000001 00000001

2018-03-01 17:08:35 IST 0000000019700000 000000000b8a44b8 0098 00a4 0000 0006 00000000 0000 0014 00000000 00000001 00000001

2018-03-01 17:09:35 IST 0000000019700000 0000000009fbb768 0098 00a4 0000 0006 00000000 0000 0014 00000000 00000001 00000001

2018-03-01 17:10:35 IST 0000000019700000 000000000843e720 0099 00a4 0000 0006 00000000 0000 0014 00000000 00000001 00000001

2018-03-01 17:11:35 IST 0000000019480000 000000000f2fbf20 0098 00a4 0000 0006 00000000 0000 0014 00000000 00000001 00000001

2018-03-01 17:12:35 IST 0000000019480000 000000000d7c6568 0098 00a4 0000 0006 00000000 0000 0014 00000000 00000001 00000001

2018-03-01 17:13:35 IST 0000000019480000 000000000bef1a80 0098 00a4 0000 0006 00000000 0000 0014 00000000 00000001 00000001

2018-03-01 17:14:35 IST 0000000019480000 000000000e8eaeb0 0099 00a4 0000 0006 00000000 0000 0014 00000000 00000001 00000001

2018-03-01 17:15:35 IST 0000000019480000 000000000ce1e3b8 0098 00a4 0000 0006 00000000 0000 0014 00000000 00000001 00000001

2018-03-01 17:16:35 IST 0000000019480000 000000000b384728 0098 00a4 0000 0006 00000000 0000 0014 00000000 00000001 00000001

2018-03-01 17:17:35 IST 0000000019480000 0000000009affe30 0098 00a4 0000 0006 00000000 0000 0014 00000000 00000001 00000001

2018-03-01 17:18:35 IST 0000000019480000 0000000008077868 0099 00a4 0000 0006 00000000 0000 0014 00000000 00000001 00000001

2018-03-01 17:19:35 IST 0000000019500000 000000000ee431b0 0098 00a4 0000 0006 00000000 0000 0014 00000000 00000001 00000001

2018-03-01 17:20:35 IST 0000000019500000 000000000d391638 0098 00a4 0000 0006 00000000 0000 0014 00000000 00000001 00000001

2018-03-01 17:21:35 IST 0000000019500000 000000000b892c80 0098 00a4 0000 0006 00000000 0000 0014 00000000 00000001 00000001

2018-03-01 17:22:35 IST 0000000019500000 0000000009df84c8 0099 00a4 0000 0006 00000000 0000 0014 00000000 00000001 00000001

2018-03-01 17:23:35 IST 0000000019500000 000000000855c7d0 0098 00a4 0000 0006 00000000 0000 0014 00000000 00000001 00000001

2018-03-01 17:24:35 IST 0000000019580000 000000000f3f0b20 0098 00a4 0000 0006 00000000 0000 0014 00000000 00000001 00000001

2018-03-01 17:25:35 IST 0000000019580000 000000000d8d3f98 0098 00a4 0000 0006 00000000 0000 0014 00000000 00000001 00000001

2018-03-01 17:26:35 IST 0000000019580000 000000000be12e88 0099 00a4 0000 0006 00000000 0000 0014 00000000 00000001 00000001

2018-03-01 17:27:35 IST 0000000019580000 000000000a303440 0098 00a4 0000 0006 00000000 0000 0014 00000000 00000001 00000001

2018-03-01 17:28:35 IST 0000000019580000 0000000008a44668 0098 00a4 0000 0006 00000000 0000 0014 00000000 00000001 00000001

2018-03-01 17:29:35 IST 0000000019600000 000000000f9a9a90 0098 00a4 0000 0006 00000000 0000 0014 00000000 00000001 00000001

2018-03-01 17:30:35 IST 0000000019600000 000000000de6f7a0 0099 00a4 0000 0006 00000000 0000 0014 00000000 00000001 00000001

2018-03-01 17:31:35 IST 0000000019600000 000000000c5da658 0098 00a4 0000 0006 00000000 0000 0014 00000000 00000001 00000001

2018-03-01 17:32:35 IST 0000000019600000 000000000aa9a798 0098 00a4 0000 0006 00000000 0000 0014 00000000 00000001 00000001

2018-03-01 17:33:35 IST 0000000019600000 0000000008fa72b8 0099 00a4 0000 0006 00000000 0000 0014 00000000 00000001 00000001

2018-03-01 17:34:35 IST 0000000019380000 000000000fca7c90 0099 00a4 0000 0006 00000000 0000 0014 00000001 00000001 00000001

2018-03-01 17:35:35 IST 0000000019380000 000000000e1d6cc8 0098 00a4 0000 0006 00000000 0000 0014 00000000 00000001 00000001

2018-03-01 17:36:35 IST 0000000019380000 000000000c98ebb8 0098 00a4 0000 0006 00000000 0000 0014 00000000 00000001 00000001

2018-03-01 17:37:35 IST 0000000019380000 000000000aebbe90 0099 00a4 0000 0006 00000000 0000 0014 00000000 00000001 00000001

2018-03-01 17:38:35 IST 0000000019380000 00000000093dd5a0 0099 00a4 0000 0006 00000000 0000 0014 00000000 00000001 00000001

2018-03-01 17:39:35 IST 0000000019380000 0000000007b64b98 0098 00a4 0000 0006 00000000 0000 0014 00000000 00000001 00000001

2018-03-01 17:40:35 IST 0000000019100000 000000000e564a38 0098 00a4 0000 0006 00000000 0000 0014 00000000 00000001 00000001

2018-03-01 17:41:35 IST 0000000019100000 000000000caeafc0 0099 00a4 0000 0006 00000000 0000 0014 00000000 00000001 00000001

2018-03-01 17:42:35 IST 0000000019100000 000000000b2ba120 0099 00a4 0000 0006 00000000 0000 0014 00000001 00000001 00000001

2018-03-01 17:43:35 IST 0000000019100000 00000000098402d8 0098 00a4 0000 0006 00000000 0000 0014 00000000 00000001 00000001

2018-03-01 17:44:35 IST 0000000019100000 0000000007dc1a78 0098 00a4 0000 0006 00000000 0000 0014 00000000 00000001 00000001

2018-03-01 17:45:35 IST 0000000018e80000 000000000e5fba18 0099 00a4 0000 0006 00000000 0000 0014 00000000 00000001 00000001

2018-03-01 17:46:35 IST 0000000018e80000 000000000cbf06b8 0099 00a4 0000 0006 00000000 0000 0014 00000000 00000001 00000001

2018-03-01 17:47:35 IST 0000000018e80000 000000000b1f6bb8 0098 00a4 0000 0006 00000000 0000 0014 00000000 00000001 00000001

2018-03-01 17:48:35 IST 0000000018e80000 00000000097eba30 0098 00a4 0000 0006 00000000 0000 0014 00000000 00000001 00000001

2018-03-01 17:49:35 IST 0000000018e80000 0000000007df5bc0 0099 00a4 0000 0006 00000000 0000 0014 00000000 00000001 00000001

2018-03-01 17:50:35 IST 0000000018c00000 000000000e3db110 0099 00a4 0000 0006 00000000 0000 0014 00000000 00000001 00000001

2018-03-01 17:51:35 IST 0000000018c00000 000000000ca57598 0098 00a4 0000 0006 00000000 0000 0014 00000000 00000001 00000001

2018-03-01 17:52:35 IST 0000000018c00000 000000000b0c12f0 0098 00a4 0000 0006 00000000 0000 0014 00000000 00000001 00000001

2018-03-01 17:53:35 IST 0000000018c00000 000000000973b640 0099 00a4 0000 0006 00000000 0000 0014 00000000 00000001 00000001

2018-03-01 17:54:35 IST 0000000018c00000 0000000007d6b518 0099 00a4 0000 0006 00000000 0000 0014 00000000 00000001 00000001

2018-03-01 17:55:35 IST 0000000018980000 000000000df84478 0098 00a4 0000 0006 00000000 0000 0014 00000000 00000001 00000001

2018-03-01 17:56:35 IST 0000000018980000 000000000c692010 0098 00a4 0000 0006 00000000 0000 0014 00000000 00000001 00000001

2018-03-01 17:57:35 IST 0000000018980000 000000000ab54390 0099 00a4 0000 0006 00000000 0000 0014 00000000 00000001 00000001

2018-03-01 17:58:35 IST 0000000018980000 0000000009263298 0099 00a4 0000 0006 00000000 0000 0014 00000000 00000001 00000001

2018-03-01 17:59:35 IST 0000000018700000 000000000f09fd00 0098 00a4 0000 0006 00000000 0000 0014 00000000 00000001 00000001

2018-03-01 18:00:35 IST 0000000018700000 000000000d809590 0098 00a4 0000 0006 00000000 0000 0014 00000000 00000001 00000001

2018-03-01 18:01:35 IST 0000000018700000 000000000bd32a50 0099 00a4 0000 0006 00000000 0000 0014 00000000 00000001 00000001

2018-03-01 18:02:35 IST 0000000018700000 000000000a463d60 0099 00a4 0000 0006 00000000 0000 0014 00000000 00000001 00000001

2018-03-01 18:03:35 IST 0000000018700000 00000000089c2210 0098 00a4 0000 0006 00000000 0000 0014 00000000 00000001 00000001

2018-03-01 18:04:35 IST 0000000018500000 000000000e796048 0098 00a4 0000 0006 00000000 0000 0014 00000000 00000001 00000001

2018-03-01 18:05:35 IST 0000000018500000 000000000cf61fa0 0099 00a4 0000 0006 00000000 0000 0014 00000000 00000001 00000001

2018-03-01 18:06:35 IST 0000000018500000 000000000b4df418 0098 00a4 0000 0006 00000000 0000 0014 00000000 00000001 00000001

2018-03-01 18:07:35 IST 0000000018500000 0000000009a47728 0098 00a4 0000 0006 00000000 0000 0014 00000000 00000001 00000001

2018-03-01 18:08:35 IST 0000000018500000 0000000007fb49c0 0098 00a4 0000 0006 00000000 0000 0014 00000000 00000001 00000001

2018-03-01 18:09:35 IST 0000000018300000 000000000dca3b80 0099 00a4 0000 0006 00000000 0000 0014 00000000 00000001 00000001

2018-03-01 18:10:35 IST 0000000018300000 000000000c2b3c50 0098 00a4 0000 0006 00000000 0000 0014 00000000 00000001 00000001

2018-03-01 18:11:35 IST 0000000018300000 000000000a8b5950 0098 00a4 0000 0006 00000000 0000 0014 00000000 00000001 00000001

2018-03-01 18:12:35 IST 0000000018300000 0000000008ec6dc8 0098 00a4 0000 0006 00000000 0000 0014 00000000 00000001 00000001

2018-03-01 18:13:35 IST 0000000018100000 000000000e8801e8 0099 00a4 0000 0006 00000000 0000 0014 00000000 00000001 00000001

2018-03-01 18:14:35 IST 0000000018100000 000000000d448030 0098 00a4 0000 0006 00000000 0000 0014 00000000 00000001 00000001

2018-03-01 18:15:35 IST 0000000018100000 000000000ba83538 0098 00a4 0000 0006 00000000 0000 0014 00000000 00000001 00000001

2018-03-01 18:16:35 IST 0000000018100000 000000000a0b3050 0098 00a4 0000 0006 00000000 0000 0014 00000000 00000001 00000001

2018-03-01 18:17:35 IST 0000000018100000 0000000008700b50 0099 00a4 0000 0006 00000000 0000 0014 00000000 00000001 00000001

2018-03-01 18:18:35 IST 0000000018180000 000000000e0192f8 0098 00a4 0000 0006 00000000 0000 0014 00000000 00000001 00000001

2018-03-01 18:19:35 IST 0000000018180000 000000000c630bc8 0098 00a4 0000 0006 00000000 0000 0014 00000000 00000001 00000001

2018-03-01 18:20:35 IST 0000000018180000 000000000ac12330 0098 00a4 0000 0006 00000000 0000 0014 00000000 00000001 00000001

2018-03-01 18:21:35 IST 0000000018180000 00000000092383d8 0099 00a4 0000 0006 00000000 0000 0014 00000000 00000001 00000001

2018-03-01 18:22:35 IST 0000000018200000 000000000ee50730 0098 00a4 0000 0006 00000000 0000 0014 00000000 00000001 00000001

2018-03-01 18:23:35 IST 0000000018200000 000000000d23b1c0 0098 00a4 0000 0006 00000000 0000 0014 00000000 00000001 00000001

2018-03-01 18:24:35 IST 0000000018200000 000000000b8657e8 0098 00a4 0000 0006 00000000 0000 0014 00000000 00000001 00000001

2018-03-01 18:25:35 IST 0000000018200000 0000000009ea4f30 0099 00a4 0000 0006 00000000 0000 0014 00000000 00000001 00000001

2018-03-01 18:26:35 IST 0000000018200000 00000000084d9150 0098 00a4 0000 0006 00000000 0000 0014 00000000 00000001 00000001

2018-03-01 18:27:35 IST 0000000018280000 000000000e0768e8 0098 00a4 0000 0006 00000000 0000 0014 00000000 00000001 00000001

2018-03-01 18:28:35 IST 0000000018280000 000000000c669e38 0098 00a4 0000 0006 00000000 0000 0014 00000000 00000001 00000001

2018-03-01 18:29:35 IST 0000000018280000 000000000aa61018 0099 00a4 0000 0006 00000000 0000 0014 00000000 00000001 00000001

2018-03-01 18:30:35 IST 0000000018280000 0000000009060fe8 0098 00a4 0000 0006 00000000 0000 0014 00000000 00000001 00000001

2018-03-01 18:31:35 IST 0000000018300000 000000000ecc56b0 0098 00a4 0000 0006 00000000 0000 0014 00000000 00000001 00000001

2018-03-01 18:32:35 IST 0000000018300000 000000000d284548 0098 00a4 0000 0006 00000000 0000 0014 00000000 00000001 00000001

2018-03-01 18:33:35 IST 0000000018300000 000000000b85b228 0099 00a4 0000 0006 00000000 0000 0014 00000000 00000001 00000001

2018-03-01 18:34:35 IST 0000000018300000 0000000009e34c68 0098 00a4 0000 0006 00000000 0000 0014 00000000 00000001 00000001

2018-03-01 18:35:35 IST 0000000018300000 00000000083f8908 0098 00a4 0000 0006 00000000 0000 0014 00000000 00000001 00000001

2018-03-01 18:36:35 IST 0000000018100000 000000000dd0fea8 0098 00a4 0000 0006 00000000 0000 0014 00000000 00000001 00000001

2018-03-01 18:37:35 IST 0000000018100000 000000000c37bb20 0099 00a4 0000 0006 00000000 0000 0014 00000000 00000001 00000001

2018-03-01 18:38:35 IST 0000000018100000 000000000a9ef300 0098 00a4 0000 0006 00000000 0000 0014 00000000 00000001 00000001

2018-03-01 18:39:35 IST 0000000018100000 0000000009017a18 0098 00a4 0000 0006 00000000 0000 0014 00000000 00000001 00000001

2018-03-01 18:40:35 IST 0000000017f00000 000000000e8f4e48 0098 00a4 0000 0006 00000000 0000 0014 00000000 00000001 00000001

2018-03-01 18:41:35 IST 0000000017f00000 000000000cd93c60 0099 00a4 0000 0006 00000000 0000 0014 00000000 00000001 00000001

2018-03-01 18:42:35 IST 0000000017f00000 000000000b46a558 0098 00a4 0000 0006 00000000 0000 0014 00000000 00000001 00000001

2018-03-01 18:43:35 IST 0000000017f00000 00000000098fb8b0 0098 00a4 0000 0006 00000000 0000 0014 00000000 00000001 00000001

2018-03-01 18:44:35 IST 0000000017f00000 0000000007fc3b28 0098 00a4 0000 0006 00000000 0000 0014 00000000 00000001 00000001

2018-03-01 18:45:35 IST 0000000017d00000 000000000d55f888 0099 00a4 0000 0006 00000000 0000 0014 00000000 00000001 00000001

2018-03-01 18:46:35 IST 0000000017d00000 000000000ba75e38 0098 00a4 0000 0006 00000000 0000 0014 00000000 00000001 00000001

2018-03-01 18:47:35 IST 0000000017d00000 000000000a1aa3d8 0098 00a4 0000 0006 00000000 0000 0014 00000000 00000001 00000001

2018-03-01 18:48:35 IST 0000000017d00000 00000000088a5448 0099 00a4 0000 0006 00000000 0000 0014 00000000 00000001 00000001

2018-03-01 18:49:35 IST 0000000017b00000 000000000dc71728 0099 00a4 0000 0006 00000000 0000 0014 00000000 00000001 00000001

2018-03-01 18:50:35 IST 0000000017b00000 000000000c21ff00 0098 00a4 0000 0006 00000000 0000 0014 00000000 00000001 00000001

2018-03-01 18:51:35 IST 0000000017b00000 000000000a97bf18 0098 00a4 0000 0006 00000000 0000 0014 00000000 00000001 00000001

2018-03-01 18:52:35 IST 0000000017b00000 0000000008eea900 0099 00a4 0000 0006 00000000 0000 0014 00000000 00000001 00000001

2018-03-01 18:53:35 IST 0000000017900000 000000000e32e910 0099 00a4 0000 0006 00000000 0000 0014 00000000 00000001 00000001

2018-03-01 18:54:35 IST 0000000017900000 000000000c91bd68 0098 00a4 0000 0006 00000000 0000 0014 00000000 00000001 00000001

2018-03-01 18:55:35 IST 0000000017900000 000000000af07d08 0098 00a4 0000 0006 00000000 0000 0014 00000000 00000001 00000001

2018-03-01 18:56:35 IST 0000000017900000 00000000094de598 0099 00a4 0000 0006 00000000 0000 0014 00000000 00000001 00000001

2018-03-01 18:57:35 IST 0000000017700000 000000000e3d7650 0099 00a4 0000 0006 00000000 0000 0014 00000000 00000001 00000001

2018-03-01 18:58:35 IST 0000000017700000 000000000ca64630 0098 00a4 0000 0006 00000000 0000 0014 00000000 00000001 00000001

2018-03-01 18:59:35 IST 0000000017700000 000000000b0e9d60 0098 00a4 0000 0006 00000000 0000 0014 00000000 00000001 00000001

2018-03-01 19:00:35 IST 0000000017700000 000000000959dd40 0099 00a4 0000 0006 00000000 0000 0014 00000000 00000001 00000001

2018-03-01 19:01:35 IST 0000000017700000 0000000007bfe5f0 0099 00a4 0000 0006 00000000 0000 0014 00000000 00000001 00000001

2018-03-01 19:02:35 IST 0000000017580000 000000000cb57388 0098 00a4 0000 0006 00000000 0000 0014 00000000 00000001 00000001

2018-03-01 19:03:35 IST 0000000017580000 000000000b1fe548 0098 00a4 0000 0006 00000000 0000 0014 00000000 00000001 00000001

2018-03-01 19:04:35 IST 0000000017580000 000000000970d678 0099 00a4 0000 0006 00000000 0000 0014 00000000 00000001 00000001

2018-03-01 19:05:35 IST 0000000017580000 0000000007dc35c8 0099 00a4 0000 0006 00000000 0000 0014 00000000 00000001 00000001

2018-03-01 19:06:35 IST 0000000017400000 000000000cbe9800 0098 00a4 0000 0006 00000000 0000 0014 00000000 00000001 00000001

2018-03-01 19:07:35 IST 0000000017400000 000000000b143718 0098 00a4 0000 0006 00000000 0000 0014 00000001 00000001 00000001

2018-03-01 19:08:35 IST 0000000017400000 0000000009665198 0099 00a4 0000 0006 00000000 0000 0014 00000000 00000001 00000001

2018-03-01 19:09:35 IST 0000000017400000 0000000007d66c90 0099 00a4 0000 0006 00000000 0000 0014 00000000 00000001 00000001

2018-03-01 19:10:35 IST 0000000017280000 000000000c8f2ae8 0098 00a4 0000 0006 00000000 0000 0014 00000000 00000001 00000001

2018-03-01 19:11:35 IST 0000000017280000 000000000b029308 0098 00a4 0000 0006 00000000 0000 0014 00000000 00000001 00000001

2018-03-01 19:12:35 IST 0000000017280000 00000000095d4608 0099 00a4 0000 0006 00000000 0000 0014 00000000 00000001 00000001

2018-03-01 19:13:35 IST 0000000017280000 0000000007b52d40 0099 00a4 0000 0006 00000000 0000 0014 00000000 00000001 00000001

2018-03-01 19:14:35 IST 0000000017280000 000000000c7545c0 0098 00a4 0000 0006 00000000 0000 0014 00000000 00000001 00000001

2018-03-01 19:15:35 IST 0000000017280000 000000000acebc40 0098 00a4 0000 0006 00000000 0000 0014 00000000 00000001 00000001

2018-03-01 19:16:35 IST 0000000017280000 000000000944e178 0099 00a4 0000 0006 00000000 0000 0014 00000000 00000001 00000001

2018-03-01 19:17:35 IST 0000000017300000 000000000dfd82a8 0098 00a4 0000 0006 00000000 0000 0014 00000000 00000001 00000001

2018-03-01 19:18:35 IST 0000000017300000 000000000c7422a0 0098 00a4 0000 0006 00000000 0000 0014 00000000 00000001 00000001

2018-03-01 19:19:35 IST 0000000017300000 000000000acc4160 0098 00a4 0000 0006 00000000 0000 0014 00000000 00000001 00000001

2018-03-01 19:20:35 IST 0000000017300000 0000000009245b28 0099 00a4 0000 0006 00000000 0000 0014 00000000 00000001 00000001

2018-03-01 19:21:35 IST 0000000017380000 000000000e0183f8 0098 00a4 0000 0006 00000000 0000 0014 00000000 00000001 00000001

2018-03-01 19:22:35 IST 0000000017380000 000000000c58ebb0 0098 00a4 0000 0006 00000000 0000 0014 00000000 00000001 00000001

2018-03-01 19:23:35 IST 0000000017380000 000000000aca7688 0098 00a4 0000 0006 00000000 0000 0014 00000000 00000001 00000001

2018-03-01 19:24:35 IST 0000000017380000 00000000091f8cd0 0099 00a4 0000 0006 00000000 0000 0014 00000000 00000001 00000001

2018-03-01 19:25:35 IST 0000000017400000 000000000e033970 0098 00a4 0000 0006 00000000 0000 0014 00000000 00000001 00000001

2018-03-01 19:26:35 IST 0000000017400000 000000000c57e188 0098 00a4 0000 0006 00000000 0000 0014 00000000 00000001 00000001

2018-03-01 19:27:35 IST 0000000017400000 000000000aaad170 0098 00a4 0000 0006 00000000 0000 0014 00000000 00000001 00000001

2018-03-01 19:28:35 IST 0000000017400000 00000000091d3998 0099 00a4 0000 0006 00000000 0000 0014 00000000 00000001 00000001

2018-03-01 19:29:35 IST 0000000017480000 000000000e0b41e8 0098 00a4 0000 0006 00000000 0000 0014 00000000 00000001 00000001

2018-03-01 19:30:35 IST 0000000017480000 000000000c5d1388 0098 00a4 0000 0006 00000000 0000 0014 00000000 00000001 00000001

2018-03-01 19:31:35 IST 0000000017480000 000000000acc89f0 0098 00a4 0000 0006 00000000 0000 0014 00000000 00000001 00000001

2018-03-01 19:32:35 IST 0000000017480000 00000000091c3dc0 0099 00a4 0000 0006 00000000 0000 0014 00000000 00000001 00000001

2018-03-01 19:33:35 IST 0000000017300000 000000000df828f0 0098 00a4 0000 0006 00000000 0000 0014 00000000 00000001 00000001

2018-03-01 19:34:35 IST 0000000017300000 000000000c532ef0 0098 00a4 0000 0006 00000000 0000 0014 00000001 00000001 00000001

2018-03-01 19:35:35 IST 0000000017300000 000000000aab1870 0098 00a4 0000 0006 00000000 0000 0014 00000000 00000001 00000001

2018-03-01 19:36:35 IST 0000000017300000 000000000903c178 0099 00a4 0000 0006 00000000 0000 0014 00000000 00000001 00000001

2018-03-01 19:37:35 IST 0000000017180000 000000000d9fd190 0098 00a4 0000 0006 00000000 0000 0014 00000000 00000001 00000001

2018-03-01 19:38:35 IST 0000000017180000 000000000c184ea0 0098 00a4 0000 0006 00000000 0000 0014 00000000 00000001 00000001

2018-03-01 19:39:35 IST 0000000017180000 000000000a77ed88 0098 00a4 0000 0006 00000000 0000 0014 00000000 00000001 00000001

2018-03-01 19:40:35 IST 0000000017180000 0000000008d57980 0099 00a4 0000 0006 00000000 0000 0014 00000000 00000001 00000001

2018-03-01 19:41:35 IST 0000000017000000 000000000d6954f8 0098 00a4 0000 0006 00000000 0000 0014 00000000 00000001 00000001

2018-03-01 19:42:35 IST 0000000017000000 000000000bcb4718 0098 00a4 0000 0006 00000000 0000 0014 00000000 00000001 00000001

2018-03-01 19:43:35 IST 0000000017000000 000000000a2d3f40 0098 00a4 0000 0006 00000000 0000 0014 00000000 00000001 00000001

2018-03-01 19:44:35 IST 0000000017000000 0000000008746600 0099 00a4 0000 0006 00000000 0000 0014 00000000 00000001 00000001

2018-03-01 19:45:35 IST 0000000016e80000 000000000cfa4bd0 0098 00a4 0000 0006 00000000 0000 0014 00000000 00000001 00000001

2018-03-01 19:46:35 IST 0000000016e80000 000000000b5e7df8 0098 00a4 0000 0006 00000000 0000 0014 00000000 00000001 00000001

2018-03-01 19:47:35 IST 0000000016e80000 0000000009c65480 0099 00a4 0000 0006 00000000 0000 0014 00000000 00000001 00000001

2018-03-01 19:48:35 IST 0000000016e80000 000000000813a208 0099 00a4 0000 0006 00000000 0000 0014 00000000 00000001 00000001

2018-03-01 19:49:35 IST 0000000016d00000 000000000ca33318 0098 00a4 0000 0006 00000000 0000 0014 00000000 00000001 00000001

2018-03-01 19:50:35 IST 0000000016d00000 000000000af5caa8 0098 00a4 0000 0006 00000000 0000 0014 00000000 00000001 00000001

2018-03-01 19:51:35 IST 0000000016d00000 000000000960b1b8 0099 00a4 0000 0006 00000000 0000 0014 00000000 00000001 00000001

2018-03-01 19:52:35 IST 0000000016d00000 0000000007b41798 0099 00a4 0000 0006 00000000 0000 0014 00000000 00000001 00000001

2018-03-01 19:53:35 IST 0000000016b80000 000000000c196af8 0098 00a4 0000 0006 00000000 0000 0014 00000000 00000001 00000001

2018-03-01 19:54:35 IST 0000000016b80000 000000000a6f4338 0098 00a4 0000 0006 00000000 0000 0014 00000000 00000001 00000001

2018-03-01 19:55:35 IST 0000000016b80000 0000000008e2e3d8 0099 00a4 0000 0006 00000000 0000 0014 00000000 00000001 00000001

2018-03-01 19:56:35 IST 0000000016a00000 000000000d1087a8 0099 00a4 0000 0006 00000000 0000 0014 00000000 00000001 00000001

2018-03-01 19:57:35 IST 0000000016a00000 000000000b86c530 0098 00a4 0000 0006 00000000 0000 0014 00000000 00000001 00000001

2018-03-01 19:58:35 IST 0000000016a00000 0000000009e251f8 0098 00a4 0000 0006 00000000 0000 0014 00000000 00000001 00000001

2018-03-01 19:59:35 IST 0000000016a00000 000000000840af38 0099 00a4 0000 0006 00000000 0000 0014 00000000 00000001 00000001

2018-03-01 20:00:35 IST 0000000016880000 000000000c6b2008 0099 00a4 0000 0006 00000000 0000 0014 00000000 00000001 00000001

2018-03-01 20:01:35 IST 0000000016880000 000000000ad02340 0098 00a4 0000 0006 00000000 0000 0014 00000000 00000001 00000001

2018-03-01 20:02:35 IST 0000000016880000 00000000093496c0 0098 00a4 0000 0006 00000000 0000 0014 00000000 00000001 00000001

2018-03-01 20:03:35 IST 0000000016700000 000000000d36bdd8 0099 00a4 0000 0006 00000000 0000 0014 00000000 00000001 00000001

2018-03-01 20:04:35 IST 0000000016700000 000000000b87a2f0 0099 00a4 0000 0006 00000000 0000 0014 00000000 00000001 00000001

2018-03-01 20:05:35 IST 0000000016700000 0000000009f1f088 0098 00a4 0000 0006 00000000 0000 0014 00000000 00000001 00000001

2018-03-01 20:06:35 IST 0000000016700000 00000000083f9a98 0098 00a4 0000 0006 00000000 0000 0014 00000000 00000001 00000001

2018-03-01 20:07:35 IST 0000000016600000 000000000c315e08 0099 00a4 0000 0006 00000000 0000 0014 00000000 00000001 00000001

2018-03-01 20:08:35 IST 0000000016600000 000000000a9f3868 0099 00a4 0000 0006 00000000 0000 0014 00000000 00000001 00000001

2018-03-01 20:09:35 IST 0000000016600000 0000000008f6e578 0098 00a4 0000 0006 00000000 0000 0014 00000000 00000001 00000001

2018-03-01 20:10:35 IST 0000000016500000 000000000ce1d330 0098 00a4 0000 0006 00000000 0000 0014 00000000 00000001 00000001

2018-03-01 20:11:35 IST 0000000016500000 000000000b4f4240 0099 00a4 0000 0006 00000000 0000 0014 00000000 00000001 00000001

2018-03-01 20:12:35 IST 0000000016500000 0000000009a7adb8 0099 00a4 0000 0006 00000000 0000 0014 00000000 00000001 00000001

2018-03-01 20:13:35 IST 0000000016500000 0000000007fd8068 0098 00a4 0000 0006 00000000 0000 0014 00000000 00000001 00000001

2018-03-01 20:14:35 IST 0000000016500000 000000000b9c3580 0098 00a4 0000 0006 00000000 0000 0014 00000000 00000001 00000001

2018-03-01 20:15:35 IST 0000000016500000 000000000a0d59f8 0099 00a4 0000 0006 00000000 0000 0014 00000000 00000001 00000001

2018-03-01 20:16:35 IST 0000000016500000 000000000866a878 0099 00a4 0000 0006 00000000 0000 0014 00000000 00000001 00000001

2018-03-01 20:17:35 IST 0000000016580000 000000000c601de8 0098 00a4 0000 0006 00000000 0000 0014 00000000 00000001 00000001

2018-03-01 20:18:35 IST 0000000016580000 000000000ab609c8 0098 00a4 0000 0006 00000000 0000 0014 00000000 00000001 00000001

2018-03-01 20:19:35 IST 0000000016580000 00000000090c7058 0099 00a4 0000 0006 00000000 0000 0014 00000000 00000001 00000001

2018-03-01 20:20:35 IST 0000000016600000 000000000d0ea678 0098 00a4 0000 0006 00000000 0000 0014 00000000 00000001 00000001

2018-03-01 20:21:35 IST 0000000016600000 000000000b647b08 0098 00a4 0000 0006 00000000 0000 0014 00000000 00000001 00000001

2018-03-01 20:22:35 IST 0000000016600000 0000000009d0dd78 0098 00a4 0000 0006 00000000 0000 0014 00000000 00000001 00000001

2018-03-01 20:23:35 IST 0000000016600000 00000000083fa8f0 0099 00a4 0000 0006 00000000 0000 0014 00000000 00000001 00000001

2018-03-01 20:24:35 IST 0000000016680000 000000000c349950 0098 00a4 0000 0006 00000000 0000 0014 00000000 00000001 00000001

2018-03-01 20:25:35 IST 0000000016680000 000000000aa04a40 0098 00a4 0000 0006 00000000 0000 0014 00000000 00000001 00000001

2018-03-01 20:26:35 IST 0000000016680000 000000000908f778 0098 00a4 0000 0006 00000000 0000 0014 00000000 00000001 00000001

2018-03-01 20:27:35 IST 0000000016700000 000000000d01c6d0 0099 00a4 0000 0006 00000000 0000 0014 00000000 00000001 00000001

2018-03-01 20:28:35 IST 0000000016700000 000000000b6b3ea8 0098 00a4 0000 0006 00000000 0000 0014 00000000 00000001 00000001

2018-03-01 20:29:35 IST 0000000016700000 0000000009d14130 0098 00a4 0000 0006 00000000 0000 0014 00000000 00000001 00000001

2018-03-01 20:30:35 IST 0000000016700000 00000000082093b8 0098 00a4 0000 0006 00000000 0000 0014 00000000 00000001 00000001

2018-03-01 20:31:35 IST 0000000016780000 000000000c295530 0099 00a4 0000 0006 00000000 0000 0014 00000000 00000001 00000001

2018-03-01 20:32:35 IST 0000000016780000 000000000a900160 0098 00a4 0000 0006 00000000 0000 0014 00000000 00000001 00000001

2018-03-01 20:33:35 IST 0000000016780000 0000000008dff728 0098 00a4 0000 0006 00000000 0000 0014 00000000 00000001 00000001

2018-03-01 20:34:35 IST 0000000016600000 000000000cef7290 0098 00a4 0000 0006 00000000 0000 0014 00000000 00000001 00000001

2018-03-01 20:35:35 IST 0000000016600000 000000000b441a18 0099 00a4 0000 0006 00000000 0000 0014 00000000 00000001 00000001

2018-03-01 20:36:35 IST 0000000016600000 0000000009aeefc0 0098 00a4 0000 0006 00000000 0000 0014 00000000 00000001 00000001

2018-03-01 20:37:35 IST 0000000016600000 0000000008031200 0098 00a4 0000 0006 00000000 0000 0014 00000000 00000001 00000001

2018-03-01 20:38:35 IST 0000000016500000 000000000be99200 0098 00a4 0000 0006 00000000 0000 0014 00000000 00000001 00000001

2018-03-01 20:39:35 IST 0000000016500000 000000000a42e0c0 0099 00a4 0000 0006 00000000 0000 0014 00000000 00000001 00000001

2018-03-01 20:40:35 IST 0000000016500000 0000000008b745f8 0098 00a4 0000 0006 00000000 0000 0014 00000000 00000001 00000001

2018-03-01 20:41:35 IST 0000000016400000 000000000c81a928 0098 00a4 0000 0006 00000000 0000 0014 00000000 00000001 00000001

2018-03-01 20:42:35 IST 0000000016400000 000000000adc9190 0098 00a4 0000 0006 00000000 0000 0014 00000000 00000001 00000001

2018-03-01 20:43:35 IST 0000000016400000 000000000950f478 0099 00a4 0000 0006 00000000 0000 0014 00000000 00000001 00000001

2018-03-01 20:44:35 IST 0000000016300000 000000000d0396b8 0098 00a4 0000 0006 00000000 0000 0014 00000000 00000001 00000001

2018-03-01 20:45:35 IST 0000000016300000 000000000b64bd40 0098 00a4 0000 0006 00000000 0000 0014 00000000 00000001 00000001

2018-03-01 20:46:35 IST 0000000016300000 0000000009c66070 0099 00a4 0000 0006 00000000 0000 0014 00000000 00000001 00000001

2018-03-01 20:47:35 IST 0000000016300000 000000000828e638 0099 00a4 0000 0006 00000000 0000 0014 00000000 00000001 00000001

2018-03-01 20:48:35 IST 0000000016200000 000000000bdd6380 0098 00a4 0000 0006 00000000 0000 0014 00000000 00000001 00000001

2018-03-01 20:49:35 IST 0000000016200000 000000000a42fdb0 0098 00a4 0000 0006 00000000 0000 0014 00000000 00000001 00000001

2018-03-01 20:50:35 IST 0000000016200000 000000000890d370 0099 00a4 0000 0006 00000000 0000 0014 00000000 00000001 00000001

2018-03-01 20:51:35 IST 0000000016100000 000000000c3d5920 0099 00a4 0000 0006 00000000 0000 0014 00000000 00000001 00000001

2018-03-01 20:52:35 IST 0000000016100000 000000000aa62438 0098 00a4 0000 0006 00000000 0000 0014 00000000 00000001 00000001

2018-03-01 20:53:35 IST 0000000016100000 0000000008f4a158 0098 00a4 0000 0006 00000000 0000 0014 00000000 00000001 00000001

2018-03-01 20:54:35 IST 0000000024200000 000000001aa34898 0099 00a4 0000 0006 00000000 0000 0014 00000000 00000001 00000001

2018-03-01 20:55:35 IST 0000000024200000 0000000019125ac8 0099 00a4 0000 0006 00000000 0000 0014 00000000 00000001 00000001

2018-03-01 20:56:35 IST 0000000024200000 0000000017231160 0098 00a4 0000 0006 00000000 0000 0014 00000000 00000001 00000001

2018-03-01 20:57:35 IST 0000000024200000 00000000159276f8 0098 00a4 0000 0006 00000000 0000 0014 00000000 00000001 00000001

2018-03-01 20:58:35 IST 0000000024200000 0000000013fff520 0099 00a4 0000 0006 00000000 0000 0014 00000000 00000001 00000001

2018-03-01 20:59:35 IST 0000000024200000 00000000126f4f20 0099 00a4 0000 0006 00000000 0000 0014 00000000 00000001 00000001

2018-03-01 21:00:35 IST 0000000024200000 0000000010d7b488 0098 00a4 0000 0006 00000000 0000 0014 00000000 00000001 00000001

2018-03-01 21:01:35 IST 0000000024200000 000000000f4581c0 0098 00a4 0000 0006 00000000 0000 0014 00000000 00000001 00000001

2018-03-01 21:02:35 IST 0000000024200000 000000000d5e9478 0099 00a4 0000 0006 00000000 0000 0014 00000000 00000001 00000001

2018-03-01 21:03:35 IST 0000000024200000 000000000bcc84b0 0099 00a4 0000 0006 00000000 0000 0014 00000000 00000001 00000001

2018-03-01 21:04:35 IST 0000000024200000 000000000a3e8658 0098 00a4 0000 0006 00000000 0000 0014 00000000 00000001 00000001

2018-03-01 21:05:35 IST 0000000024200000 0000000008a2d118 0098 00a4 0000 0006 00000000 0000 0014 00000000 00000001 00000001

2018-03-01 21:06:35 IST 0000000023880000 0000000019ae7880 0099 00a4 0000 0006 00000000 0000 0014 00000000 00000001 00000001

2018-03-01 21:07:35 IST 0000000023880000 0000000017d07e00 0099 00a4 0000 0006 00000000 0000 0014 00000000 00000001 00000001

2018-03-01 21:08:35 IST 0000000023880000 00000000164fb880 0098 00a4 0000 0006 00000000 0000 0014 00000000 00000001 00000001

2018-03-01 21:09:35 IST 0000000023880000 0000000014cdb2a0 0098 00a4 0000 0006 00000000 0000 0014 00000000 00000001 00000001

2018-03-01 21:10:35 IST 0000000023880000 0000000012ee5bc8 0099 00a4 0000 0006 00000000 0000 0014 00000000 00000001 00000001

2018-03-01 21:11:35 IST 0000000023880000 00000000116d0a98 0099 00a4 0000 0006 00000000 0000 0014 00000000 00000001 00000001

2018-03-01 21:12:35 IST 0000000023880000 000000000fe2b7c8 0098 00a4 0000 0006 00000000 0000 0014 00000000 00000001 00000001

2018-03-01 21:13:35 IST 0000000023880000 000000000e60e2e8 0098 00a4 0000 0006 00000000 0000 0014 00000000 00000001 00000001

2018-03-01 21:14:35 IST 0000000023880000 00000000189f1270 0099 00a4 0000 0006 00000000 0000 0014 00000000 00000001 00000001

2018-03-01 21:15:35 IST 0000000023880000 000000001720b220 0099 00a4 0000 0006 00000000 0000 0014 00000000 00000001 00000001

2018-03-01 21:16:35 IST 0000000023880000 000000001599e3f8 0098 00a4 0000 0006 00000000 0000 0014 00000000 00000001 00000001

2018-03-01 21:17:35 IST 0000000023880000 0000000013c96168 0098 00a4 0000 0006 00000000 0000 0014 00000000 00000001 00000001

2018-03-01 21:18:35 IST 0000000023880000 00000000124ad230 0099 00a4 0000 0006 00000000 0000 0014 00000000 00000001 00000001

2018-03-01 21:19:35 IST 0000000023880000 00000000106fd768 0099 00a4 0000 0006 00000000 0000 0014 00000000 00000001 00000001

2018-03-01 21:20:35 IST 0000000023880000 000000000ef3dc48 0098 00a4 0000 0006 00000000 0000 0014 00000000 00000001 00000001

2018-03-01 21:21:35 IST 0000000023880000 000000000d6c3498 0098 00a4 0000 0006 00000000 0000 0014 00000000 00000001 00000001

2018-03-01 21:22:35 IST 0000000023880000 000000000b9a0580 0099 00a4 0000 0006 00000000 0000 0014 00000000 00000001 00000001

2018-03-01 21:23:35 IST 0000000023880000 000000000a1e2db0 0098 00a4 0000 0006 00000000 0000 0014 00000000 00000001 00000001

2018-03-01 21:24:35 IST 0000000023880000 0000000008950278 0098 00a4 0000 0006 00000000 0000 0014 00000000 00000001 00000001

2018-03-01 21:25:35 IST 0000000023900000 00000000195af950 0098 00a4 0000 0006 00000000 0000 0014 00000000 00000001 00000001

2018-03-01 21:26:35 IST 0000000023900000 0000000017dbbd80 0099 00a4 0000 0006 00000000 0000 0014 00000000 00000001 00000001

2018-03-01 21:27:35 IST 0000000023900000 00000000165d7318 0098 00a4 0000 0006 00000000 0000 0014 00000000 00000001 00000001

2018-03-01 21:28:35 IST 0000000023900000 0000000014836080 0098 00a4 0000 0006 00000000 0000 0014 00000000 00000001 00000001

2018-03-01 21:29:35 IST 0000000023900000 000000001302d2d0 0098 00a4 0000 0006 00000000 0000 0014 00000000 00000001 00000001

2018-03-01 21:30:35 IST 0000000023900000 0000000011286b10 0099 00a4 0000 0006 00000000 0000 0014 00000000 00000001 00000001

2018-03-01 21:31:35 IST 0000000023900000 000000000fac0db8 0098 00a4 0000 0006 00000000 0000 0014 00000000 00000001 00000001

2018-03-01 21:32:35 IST 0000000023900000 000000000dd941e8 0098 00a4 0000 0006 00000000 0000 0014 00000000 00000001 00000001

2018-03-01 21:33:35 IST 0000000023900000 000000000c50f6e0 0098 00a4 0000 0006 00000000 0000 0014 00000000 00000001 00000001

2018-03-01 21:34:35 IST 0000000023900000 000000000ad05778 0099 00a4 0000 0006 00000000 0000 0014 00000000 00000001 00000001

2018-03-01 21:35:35 IST 0000000023900000 0000000008f8c7f0 0098 00a4 0000 0006 00000000 0000 0014 00000000 00000001 00000001

2018-03-01 21:36:35 IST 0000000023000000 0000000019889dc8 0098 00a4 0000 0006 00000000 0000 0014 00000000 00000001 00000001

2018-03-01 21:37:35 IST 0000000023000000 0000000017ba6b80 0098 00a4 0000 0006 00000000 0000 0014 00000000 00000001 00000001

2018-03-01 21:38:35 IST 0000000023000000 000000001646c0e8 0099 00a4 0000 0006 00000000 0000 0014 00000000 00000001 00000001

2018-03-01 21:39:35 IST 0000000023000000 00000000147b3388 0098 00a4 0000 0006 00000000 0000 0014 00000000 00000001 00000001

2018-03-01 21:40:35 IST 0000000023000000 0000000013059588 0098 00a4 0000 0006 00000000 0000 0014 00000000 00000001 00000001

2018-03-01 21:41:35 IST 0000000023000000 0000000011399f58 0098 00a4 0000 0006 00000000 0000 0014 00000000 00000001 00000001

2018-03-01 21:42:35 IST 0000000023000000 000000000fc41c88 0099 00a4 0000 0006 00000000 0000 0014 00000000 00000001 00000001

2018-03-01 21:43:35 IST 0000000023000000 000000000df9bcd8 0098 00a4 0000 0006 00000000 0000 0014 00000000 00000001 00000001

2018-03-01 21:44:35 IST 0000000023000000 000000000c847698 0098 00a4 0000 0006 00000000 0000 0014 00000000 00000001 00000001

2018-03-01 21:45:35 IST 0000000023000000 000000000ab6c2e0 0098 00a4 0000 0006 00000000 0000 0014 00000000 00000001 00000001

2018-03-01 21:46:35 IST 0000000023000000 00000000093a23f0 0099 00a4 0000 0006 00000000 0000 0014 00000000 00000001 00000001

2018-03-01 21:47:35 IST 0000000022780000 00000000190bb450 0098 00a4 0000 0006 00000000 0000 0014 00000000 00000001 00000001

2018-03-01 21:48:35 IST 0000000022780000 0000000017a01358 0098 00a4 0000 0006 00000000 0000 0014 00000000 00000001 00000001

2018-03-01 21:49:35 IST 0000000022780000 0000000015deb918 0098 00a4 0000 0006 00000000 0000 0014 00000000 00000001 00000001

2018-03-01 21:50:35 IST 0000000022780000 0000000014270138 0099 00a4 0000 0006 00000000 0000 0014 00000000 00000001 00000001

2018-03-01 21:51:35 IST 0000000022780000 0000000012b53ca0 0098 00a4 0000 0006 00000000 0000 0014 00000000 00000001 00000001

2018-03-01 21:52:35 IST 0000000022780000 0000000010f53e18 0098 00a4 0000 0006 00000000 0000 0014 00000000 00000001 00000001

2018-03-01 21:53:35 IST 0000000022780000 000000000f89b308 0099 00a4 0000 0006 00000000 0000 0014 00000000 00000001 00000001

2018-03-01 21:54:35 IST 0000000022780000 000000000dc865b0 0099 00a4 0000 0006 00000000 0000 0014 00000000 00000001 00000001

2018-03-01 21:55:35 IST 0000000022780000 000000000c0a6100 0098 00a4 0000 0006 00000000 0000 0014 00000000 00000001 00000001

2018-03-01 21:56:35 IST 0000000022780000 000000000a9ec448 0098 00a4 0000 0006 00000000 0000 0014 00000001 00000001 00000001

2018-03-01 21:57:35 IST 0000000022780000 0000000008df0bb0 0099 00a4 0000 0006 00000000 0000 0014 00000000 00000001 00000001

2018-03-01 21:58:35 IST 0000000021f00000 000000001827e738 0099 00a4 0000 0006 00000000 0000 0014 00000000 00000001 00000001

2018-03-01 21:59:35 IST 0000000021f00000 0000000016c92748 0098 00a4 0000 0006 00000000 0000 0014 00000000 00000001 00000001

2018-03-01 22:00:35 IST 0000000021f00000 000000001514cfe8 0098 00a4 0000 0006 00000000 0000 0014 00000000 00000001 00000001

2018-03-01 22:01:35 IST 0000000021f00000 000000001360c1c0 0099 00a4 0000 0006 00000000 0000 0014 00000000 00000001 00000001

2018-03-01 22:02:35 IST 0000000021f00000 0000000011ac6470 0099 00a4 0000 0006 00000000 0000 0014 00000000 00000001 00000001

2018-03-02 23:43:15 IST 0000000021f00000 0000000010cc73c8 0099 00a4 0000 0006 00000000 0000 0014 00000000 00000001 00000001

