2018-02-19 13:09:09 IST ---( Start )---
2018-02-19 13:09:10 IST ---( Start )---
2018-02-19 13:09:10 IST ---( Start )---
2018-02-19 13:10:08 IST 0000000025f80000 000000000ad49318 009e 00a4 0000 0006 0d962a63 0000 0014 00000000 00000001 00000001

2018-02-19 13:11:08 IST 0000000026000000 0000000007af4f00 009e 00a4 0000 0006 0000000b 0000 0014 00000000 00000002 00000002

2018-02-19 13:12:08 IST 0000000026000000 0000000014970438 009f 00a4 0000 0006 00000000 0000 0014 00000000 00000001 00000001

2018-02-19 13:13:08 IST 0000000026000000 000000001388b3c0 009e 00a4 0000 0006 00000001 0000 0014 00000000 00000002 00000002

2018-02-19 13:14:08 IST 0000000026000000 0000000011aaeb30 009e 00a4 0000 0006 00000000 0000 0014 00000000 00000001 00000001

2018-02-19 13:15:08 IST 0000000026000000 00000000101a86c8 009f 00a4 0000 0006 00000002 0000 0014 00000000 00000002 00000002

2018-02-19 13:16:08 IST 0000000026000000 000000000e9c9ef0 009f 00a4 0000 0006 00000000 0000 0014 00000000 00000001 00000001

2018-02-19 13:17:08 IST 0000000026000000 000000000ca56fb8 009e 00a4 0000 0006 00000009 0000 0014 00000000 00000002 00000002

2018-02-19 13:18:08 IST 0000000026000000 000000000b1ad100 009e 00a4 0000 0006 00000000 0000 0014 00000000 00000001 00000001

2018-02-19 13:19:08 IST 0000000026000000 00000000091ef480 009f 00a4 0000 0006 00000001 0000 0014 00000000 00000002 00000002

2018-02-19 13:20:08 IST 0000000026000000 000000001c7c43d0 009e 00a4 0000 0006 00000000 0000 0014 00000000 00000001 00000001

2018-02-19 13:21:08 IST 0000000026000000 000000001b0b76a0 009e 00a4 0000 0006 00000001 0000 0014 00000000 00000002 00000002

2018-02-19 13:22:08 IST 0000000026000000 00000000197d8ec8 009e 00a4 0000 0006 00000000 0000 0014 00000000 00000001 00000001

2018-02-19 13:23:08 IST 0000000026000000 0000000017a78f80 009f 00a4 0000 0006 00000000 0000 0014 00000000 00000002 00000002

2018-02-19 13:24:08 IST 0000000026000000 000000001631de48 009e 00a4 0000 0006 00000000 0000 0014 00000000 00000001 00000001

2018-02-19 13:25:08 IST 0000000026000000 00000000144847f0 009e 00a4 0000 0006 00000001 0000 0014 00000000 00000002 00000002

2018-02-19 13:26:08 IST 0000000026000000 0000000012ce0010 009f 00a4 0000 0006 00000000 0000 0014 00000000 00000001 00000001

2018-02-19 13:27:08 IST 0000000026000000 0000000010f91a60 009f 00a4 0000 0006 00000001 0000 0014 00000000 00000002 00000002

2018-02-19 13:28:08 IST 0000000026000000 000000000f824268 009e 00a4 0000 0006 00000000 0000 0014 00000000 00000001 00000001

2018-02-19 13:29:08 IST 0000000026000000 000000000dac3000 009e 00a4 0000 0006 00000001 0000 0014 00000000 00000002 00000002

2018-02-19 13:30:08 IST 0000000026000000 000000000c1f2440 009f 00a4 0000 0006 00000000 0000 0014 00000000 00000001 00000001

2018-02-19 13:31:08 IST 0000000026000000 000000000a4cf8c0 009e 00a4 0000 0006 00000001 0000 0014 00000000 00000002 00000002

2018-02-19 13:32:08 IST 0000000026000000 0000000008d29d48 009e 00a4 0000 0006 00000000 0000 0014 00000000 00000001 00000001

2018-02-19 13:33:08 IST 0000000026000000 000000001c4bd808 009e 00a4 0000 0006 00000000 0000 0014 00000000 00000002 00000002

2018-02-19 13:34:08 IST 0000000026000000 000000001acd8598 009f 00a4 0000 0006 00000000 0000 0014 00000000 00000001 00000001

2018-02-19 13:35:08 IST 0000000026000000 0000000019109088 009e 00a4 0000 0006 00000001 0000 0014 00000000 00000002 00000002

2018-02-19 13:36:08 IST 0000000026000000 00000000172ba058 009e 00a4 0000 0006 00000000 0000 0014 00000000 00000001 00000001

2018-02-19 13:37:08 IST 0000000026000000 0000000015d5c130 009f 00a4 0000 0006 00000001 0000 0014 00000000 00000002 00000002

2018-02-19 13:38:08 IST 0000000026000000 00000000141d7aa8 009f 00a4 0000 0006 00000000 0000 0014 00000000 00000001 00000001

2018-02-19 13:39:08 IST 0000000026000000 0000000012628140 009e 00a4 0000 0006 00000001 0000 0014 00000000 00000002 00000002

2018-02-19 13:40:08 IST 0000000026000000 0000000010e603b0 009e 00a4 0000 0006 00000000 0000 0014 00000000 00000001 00000001

2018-02-19 13:41:08 IST 0000000026000000 000000000f276f98 009f 00a4 0000 0006 00000001 0000 0014 00000000 00000002 00000002

2018-02-19 13:42:08 IST 0000000026000000 000000000d6f0260 009f 00a4 0000 0006 00000000 0000 0014 00000000 00000001 00000001

2018-02-19 13:43:08 IST 0000000026000000 000000000beff808 009e 00a4 0000 0006 00000001 0000 0014 00000000 00000002 00000002

2018-02-19 13:44:08 IST 0000000026000000 000000000a37d040 009e 00a4 0000 0006 00000000 0000 0014 00000000 00000001 00000001

2018-02-19 13:45:08 IST 0000000026000000 000000000879e978 009f 00a4 0000 0006 00000000 0000 0014 00000000 00000002 00000002

2018-02-19 13:46:08 IST 0000000025580000 000000001b5193b0 009f 00a4 0000 0006 00000000 0000 0014 00000000 00000001 00000001

2018-02-19 13:47:08 IST 0000000025580000 0000000019ac0730 009e 00a4 0000 0006 00000001 0000 0014 00000000 00000002 00000002

2018-02-19 13:48:08 IST 0000000025580000 000000001809c0f0 009e 00a4 0000 0006 00000000 0000 0014 00000000 00000001 00000001

2018-02-19 13:49:08 IST 0000000025580000 000000001663d550 009f 00a4 0000 0006 00000001 0000 0014 00000000 00000002 00000002

2018-02-19 13:50:08 IST 0000000025580000 0000000014c56260 009e 00a4 0000 0006 00000000 0000 0014 00000000 00000001 00000001

2018-02-19 13:51:08 IST 0000000025580000 00000000131d7b20 009e 00a4 0000 0006 00000001 0000 0014 00000000 00000002 00000002

2018-02-19 13:52:08 IST 0000000025580000 0000000011416a28 009e 00a4 0000 0006 00000000 0000 0014 00000000 00000001 00000001

2018-02-19 13:53:08 IST 0000000025580000 000000000fd57ec0 009f 00a4 0000 0006 00000001 0000 0014 00000000 00000002 00000002

2018-02-19 13:54:08 IST 0000000025580000 000000000dfbc640 009e 00a4 0000 0006 00000000 0000 0014 00000000 00000001 00000001

2018-02-19 13:55:08 IST 0000000025580000 000000000c552c58 009e 00a4 0000 0006 00000001 0000 0014 00000000 00000002 00000002

2018-02-19 13:56:08 IST 0000000025580000 000000000ab30d70 009e 00a4 0000 0006 00000000 0000 0014 00000000 00000001 00000001

2018-02-19 13:57:08 IST 0000000025580000 00000000090cff38 009f 00a4 0000 0006 00000000 0000 0014 00000000 00000002 00000002

2018-02-19 13:58:08 IST 0000000024b00000 000000001b514af8 009e 00a4 0000 0006 00000000 0000 0014 00000000 00000001 00000001

2018-02-19 13:59:08 IST 0000000024b00000 0000000019aaa010 009e 00a4 0000 0006 00000000 0000 0014 00000000 00000002 00000002

2018-02-19 14:00:08 IST 0000000024b00000 0000000018280f48 009f 00a4 0000 0006 00000000 0000 0014 00000000 00000001 00000001

2018-02-19 14:01:08 IST 0000000024b00000 00000000163f2420 009f 00a4 0000 0006 00000001 0000 0014 00000000 00000002 00000002

2018-02-19 14:02:08 IST 0000000024b00000 0000000014bf07c0 009e 00a4 0000 0006 00000000 0000 0014 00000000 00000001 00000001

2018-02-19 14:03:08 IST 0000000024b00000 0000000013370998 009e 00a4 0000 0006 00000001 0000 0014 00000000 00000002 00000002

2018-02-19 14:04:08 IST 0000000024b00000 00000000119721b8 009f 00a4 0000 0006 00000000 0000 0014 00000000 00000001 00000001

2018-02-19 14:05:08 IST 0000000024b00000 000000000fce11f8 009e 00a4 0000 0006 00000001 0000 0014 00000000 00000002 00000002

2018-02-19 14:06:08 IST 0000000024b00000 000000000e4b7740 009e 00a4 0000 0006 00000000 0000 0014 00000000 00000001 00000001

2018-02-19 14:07:08 IST 0000000024b00000 000000000ca5e718 009e 00a4 0000 0006 00000001 0000 0014 00000000 00000002 00000002

2018-02-19 14:08:08 IST 0000000024b00000 000000000adfff88 009f 00a4 0000 0006 00000000 0000 0014 00000000 00000001 00000001

2018-02-19 14:09:08 IST 0000000024b80000 000000001b449250 009e 00a4 0000 0006 00000001 0000 0014 00000000 00000002 00000002

2018-02-19 14:10:08 IST 0000000024b80000 000000001991f5d0 009e 00a4 0000 0006 00000000 0000 0014 00000000 00000001 00000001

2018-02-19 14:11:08 IST 0000000024b80000 0000000017f00470 009f 00a4 0000 0006 00000001 0000 0014 00000000 00000002 00000002

2018-02-19 14:12:08 IST 0000000024b80000 00000000163f0b28 009f 00a4 0000 0006 00000000 0000 0014 00000000 00000001 00000001

2018-02-19 14:13:08 IST 0000000024b80000 000000001489b4f8 009e 00a4 0000 0006 00000001 0000 0014 00000000 00000002 00000002

2018-02-19 14:14:08 IST 0000000024b80000 0000000012d91570 009e 00a4 0000 0006 00000000 0000 0014 00000000 00000001 00000001

2018-02-19 14:15:08 IST 0000000024b80000 000000001181d220 009f 00a4 0000 0006 00000000 0000 0014 00000000 00000002 00000002

2018-02-19 14:16:08 IST 0000000024b80000 000000000fcfb558 009f 00a4 0000 0006 00000000 0000 0014 00000000 00000001 00000001

2018-02-19 14:17:08 IST 0000000024b80000 000000000e1bc558 009e 00a4 0000 0006 00000000 0000 0014 00000000 00000002 00000002

2018-02-19 14:18:08 IST 0000000024b80000 000000000c69b818 009e 00a4 0000 0006 00000000 0000 0014 00000000 00000001 00000001

2018-02-19 14:19:08 IST 0000000024b80000 000000000ac92800 009f 00a4 0000 0006 00000000 0000 0014 00000000 00000002 00000002

2018-02-19 14:20:08 IST 0000000024b80000 00000000091930e8 009e 00a4 0000 0006 00000000 0000 0014 00000000 00000001 00000001

2018-02-19 14:21:08 IST 0000000024d80000 000000001b5c21d8 009e 00a4 0000 0006 00000001 0000 0014 00000000 00000002 00000002

2018-02-19 14:22:08 IST 0000000024d80000 00000000199a89a8 009e 00a4 0000 0006 00000000 0000 0014 00000000 00000001 00000001

2018-02-19 14:23:08 IST 0000000024d80000 0000000018232c70 009f 00a4 0000 0006 00000000 0000 0014 00000000 00000002 00000002

2018-02-19 14:24:08 IST 0000000024d80000 00000000165269e0 009e 00a4 0000 0006 00000000 0000 0014 00000000 00000001 00000001

2018-02-19 14:25:08 IST 0000000024d80000 00000000148cf7a8 009e 00a4 0000 0006 00000001 0000 0014 00000000 00000002 00000002

2018-02-19 14:26:08 IST 0000000024d80000 00000000131a80e8 009e 00a4 0000 0006 00000000 0000 0014 00000000 00000001 00000001

2018-02-19 14:27:08 IST 0000000024d80000 000000001154d000 009f 00a4 0000 0006 00000001 0000 0014 00000000 00000002 00000002

2018-02-19 14:28:08 IST 0000000024d80000 000000000fe5e468 009e 00a4 0000 0006 00000000 0000 0014 00000000 00000001 00000001

2018-02-19 14:29:08 IST 0000000024d80000 000000000e1fd840 009e 00a4 0000 0006 00000001 0000 0014 00000000 00000002 00000002

2018-02-19 14:30:08 IST 0000000024d80000 000000000c4e2728 009f 00a4 0000 0006 00000000 0000 0014 00000000 00000001 00000001

2018-02-19 14:31:08 IST 0000000024d80000 000000000ad62358 009f 00a4 0000 0006 00000001 0000 0014 00000000 00000002 00000002

2018-02-19 14:32:08 IST 0000000024d80000 0000000009189fc8 009e 00a4 0000 0006 00000000 0000 0014 00000000 00000001 00000001

2018-02-19 14:33:08 IST 0000000024400000 000000001ac702c0 009e 00a4 0000 0006 00000001 0000 0014 00000000 00000002 00000002

2018-02-19 14:34:08 IST 0000000024400000 0000000018fcf7d0 009f 00a4 0000 0006 00000000 0000 0014 00000000 00000001 00000001

2018-02-19 14:35:08 IST 0000000024400000 00000000178c9808 009f 00a4 0000 0006 00000001 0000 0014 00000000 00000002 00000002

2018-02-19 14:36:08 IST 0000000024400000 0000000015c4f3b8 009e 00a4 0000 0006 00000000 0000 0014 00000000 00000001 00000001

2018-02-19 14:37:08 IST 0000000024400000 0000000013f6ce98 009e 00a4 0000 0006 00000001 0000 0014 00000000 00000002 00000002

2018-02-19 14:38:08 IST 0000000024400000 00000000127bd1d0 009f 00a4 0000 0006 00000000 0000 0014 00000000 00000001 00000001

2018-02-19 14:39:08 IST 0000000024400000 0000000010bcd150 009f 00a4 0000 0006 00000001 0000 0014 00000000 00000002 00000002

2018-02-19 14:40:08 IST 0000000024400000 000000000f4411d0 009e 00a4 0000 0006 00000000 0000 0014 00000000 00000001 00000001

2018-02-19 14:41:08 IST 0000000024400000 000000000d758700 009e 00a4 0000 0006 00000000 0000 0014 00000000 00000002 00000002

2018-02-19 14:42:08 IST 0000000024400000 000000000c096060 009f 00a4 0000 0006 00000000 0000 0014 00000000 00000001 00000001

2018-02-19 14:43:08 IST 0000000024400000 000000000a3e99c0 009e 00a4 0000 0006 00000001 0000 0014 00000000 00000002 00000002

2018-02-19 14:44:08 IST 0000000024400000 0000000008c3a4f0 009e 00a4 0000 0006 00000000 0000 0014 00000000 00000001 00000001

2018-02-19 14:45:08 IST 0000000023a00000 0000000019c4dbe0 009e 00a4 0000 0006 00000001 0000 0014 00000000 00000002 00000002

2018-02-19 14:46:08 IST 0000000023a00000 000000001805cb48 009f 00a4 0000 0006 00000000 0000 0014 00000000 00000001 00000001

2018-02-19 14:47:08 IST 0000000023a00000 0000000016920b88 009e 00a4 0000 0006 00000000 0000 0014 00000000 00000002 00000002

2018-02-19 14:48:08 IST 0000000023a00000 0000000014d2f2e0 009e 00a4 0000 0006 00000000 0000 0014 00000000 00000001 00000001

2018-02-19 14:49:08 IST 0000000023a00000 00000000130de918 009e 00a4 0000 0006 00000001 0000 0014 00000000 00000002 00000002

2018-02-19 14:50:08 IST 0000000023a00000 0000000011928540 009f 00a4 0000 0006 00000000 0000 0014 00000000 00000001 00000001

2018-02-19 14:51:08 IST 0000000023a00000 000000000fcffa68 009e 00a4 0000 0006 00000000 0000 0014 00000000 00000002 00000002

2018-02-19 14:52:08 IST 0000000023a00000 000000000e6053d8 009e 00a4 0000 0006 00000000 0000 0014 00000000 00000001 00000001

2018-02-19 14:53:08 IST 0000000023a00000 000000000c9bec90 009f 00a4 0000 0006 00000001 0000 0014 00000000 00000002 00000002

2018-02-19 14:54:08 IST 0000000023a00000 000000000adca260 009f 00a4 0000 0006 00000000 0000 0014 00000000 00000001 00000001

2018-02-19 14:55:08 IST 0000000023a00000 00000000095dda80 009e 00a4 0000 0006 00000000 0000 0014 00000000 00000002 00000002

2018-02-19 14:56:08 IST 0000000023180000 0000000019b16938 009e 00a4 0000 0006 00000000 0000 0014 00000000 00000001 00000001

2018-02-19 14:57:08 IST 0000000023180000 0000000018372850 009f 00a4 0000 0006 00000001 0000 0014 00000000 00000002 00000002

2018-02-19 14:58:08 IST 0000000023180000 0000000016788568 009e 00a4 0000 0006 00000000 0000 0014 00000000 00000001 00000001

2018-02-19 14:59:08 IST 0000000023180000 0000000014be5bc8 009e 00a4 0000 0006 00000000 0000 0014 00000000 00000002 00000002

2018-02-19 15:00:08 IST 0000000023180000 00000000134b0c98 009e 00a4 0000 0006 00000000 0000 0014 00000000 00000001 00000001

2018-02-19 15:01:08 IST 0000000023180000 0000000011863628 009f 00a4 0000 0006 00000001 0000 0014 00000000 00000002 00000002

2018-02-19 15:02:08 IST 0000000023180000 00000000101f9d38 009e 00a4 0000 0006 00000000 0000 0014 00000000 00000001 00000001

2018-02-19 15:03:08 IST 0000000023180000 000000000e598fc0 009e 00a4 0000 0006 00000001 0000 0014 00000000 00000002 00000002

2018-02-19 15:04:08 IST 0000000023180000 000000000c9a2078 009f 00a4 0000 0006 00000000 0000 0014 00000000 00000001 00000001

2018-02-19 15:05:08 IST 0000000023180000 000000000b2bd2e8 009f 00a4 0000 0006 00000001 0000 0014 00000000 00000002 00000002

2018-02-19 15:06:08 IST 0000000023180000 00000000096ef278 009e 00a4 0000 0006 00000000 0000 0014 00000000 00000001 00000001

2018-02-19 15:07:08 IST 0000000022880000 0000000019235fe8 009e 00a4 0000 0006 00000001 0000 0014 00000000 00000002 00000002

2018-02-19 15:08:08 IST 0000000022880000 0000000017b0ad28 009f 00a4 0000 0006 00000000 0000 0014 00000000 00000001 00000001

2018-02-19 15:09:08 IST 0000000022900000 000000001929b670 009f 00a4 0000 0006 00000001 0000 0014 00000000 00000002 00000002

2018-02-19 15:10:08 IST 0000000022900000 000000001776c650 009e 00a4 0000 0006 00000000 0000 0014 00000000 00000001 00000001

2018-02-19 15:11:08 IST 0000000022900000 0000000015bc5680 009e 00a4 0000 0006 00000001 0000 0014 00000000 00000002 00000002

2018-02-19 15:12:08 IST 0000000022900000 00000000140797f0 009f 00a4 0000 0006 00000000 0000 0014 00000000 00000001 00000001

2018-02-19 15:13:08 IST 0000000022900000 00000000129cb4e0 009e 00a4 0000 0006 00000001 0000 0014 00000000 00000002 00000002

2018-02-19 15:14:08 IST 0000000022900000 0000000010e7f820 009e 00a4 0000 0006 00000000 0000 0014 00000000 00000001 00000001

2018-02-19 15:15:08 IST 0000000022900000 000000000f2de9b8 009e 00a4 0000 0006 00000000 0000 0014 00000000 00000002 00000002

2018-02-19 15:16:08 IST 0000000022900000 000000000dc66c70 009f 00a4 0000 0006 00000000 0000 0014 00000000 00000001 00000001

2018-02-19 15:17:08 IST 0000000022900000 000000000c0e5eb8 009e 00a4 0000 0006 00000001 0000 0014 00000000 00000002 00000002

2018-02-19 15:18:08 IST 0000000022900000 000000000a5a0460 009e 00a4 0000 0006 00000000 0000 0014 00000000 00000001 00000001

2018-02-19 15:19:08 IST 0000000022900000 00000000089fa798 009f 00a4 0000 0006 00000000 0000 0014 00000000 00000002 00000002

2018-02-19 15:20:08 IST 0000000022900000 0000000018c23028 009f 00a4 0000 0006 00000000 0000 0014 00000000 00000001 00000001

2018-02-19 15:21:08 IST 0000000022900000 0000000017086540 009e 00a4 0000 0006 00000000 0000 0014 00000000 00000002 00000002

2018-02-19 15:22:08 IST 0000000022900000 00000000159f06a8 009e 00a4 0000 0006 00000000 0000 0014 00000000 00000001 00000001

2018-02-19 15:23:08 IST 0000000022900000 0000000013da7ce8 009f 00a4 0000 0006 00000001 0000 0014 00000000 00000002 00000002

2018-02-19 15:24:08 IST 0000000022900000 0000000012262b30 009f 00a4 0000 0006 00000000 0000 0014 00000000 00000001 00000001

2018-02-19 15:25:08 IST 0000000022900000 0000000010b96ad0 009e 00a4 0000 0006 00000001 0000 0014 00000000 00000002 00000002

2018-02-19 15:26:08 IST 0000000022900000 000000000f038960 009e 00a4 0000 0006 00000000 0000 0014 00000000 00000001 00000001

2018-02-19 15:27:08 IST 0000000022900000 000000000d484878 009f 00a4 0000 0006 00000000 0000 0014 00000000 00000002 00000002

2018-02-19 15:28:08 IST 0000000022900000 000000000b8b40d8 009e 00a4 0000 0006 00000000 0000 0014 00000000 00000001 00000001

2018-02-19 15:29:08 IST 0000000022900000 000000000a1d8710 009e 00a4 0000 0006 00000001 0000 0014 00000000 00000002 00000002

2018-02-19 15:30:08 IST 0000000022900000 000000000867bff0 009e 00a4 0000 0006 00000000 0000 0014 00000000 00000001 00000001

2018-02-19 15:31:08 IST 0000000022100000 0000000017f34fd8 009f 00a4 0000 0006 00000000 0000 0014 00000000 00000002 00000002

2018-02-19 15:32:08 IST 0000000022100000 00000000164bf940 009e 00a4 0000 0006 00000000 0000 0014 00000000 00000001 00000001

2018-02-19 15:33:08 IST 0000000022100000 0000000014e77940 009e 00a4 0000 0006 00000000 0000 0014 00000000 00000002 00000002

2018-02-19 15:34:08 IST 0000000022100000 000000001335ee18 009f 00a4 0000 0006 00000000 0000 0014 00000000 00000001 00000001

2018-02-19 15:35:08 IST 0000000022100000 0000000011873488 009f 00a4 0000 0006 00000000 0000 0014 00000000 00000002 00000002

2018-02-19 15:36:08 IST 0000000022100000 000000000fd74ef8 009e 00a4 0000 0006 00000000 0000 0014 00000000 00000001 00000001

2018-02-19 15:37:08 IST 0000000022100000 000000000e289c90 009e 00a4 0000 0006 00000001 0000 0014 00000000 00000002 00000002

2018-02-19 15:38:08 IST 0000000022100000 000000000c783398 009f 00a4 0000 0006 00000000 0000 0014 00000000 00000001 00000001

2018-02-19 15:39:08 IST 0000000022100000 000000000b142810 009f 00a4 0000 0006 00000000 0000 0014 00000000 00000002 00000002

2018-02-19 15:40:08 IST 0000000022100000 0000000009643ab8 009e 00a4 0000 0006 00000000 0000 0014 00000000 00000001 00000001

2018-02-19 15:41:08 IST 0000000022100000 0000000007b58628 009e 00a4 0000 0006 00000000 0000 0014 00000000 00000002 00000002

2018-02-19 15:42:08 IST 0000000021880000 0000000016c9c108 009f 00a4 0000 0006 00000000 0000 0014 00000000 00000001 00000001

2018-02-19 15:43:08 IST 0000000021880000 00000000151a8680 009f 00a4 0000 0006 00000001 0000 0014 00000000 00000002 00000002

2018-02-19 15:44:08 IST 0000000021880000 00000000137b54e8 009e 00a4 0000 0006 00000000 0000 0014 00000000 00000001 00000001

2018-02-19 15:45:08 IST 0000000021880000 0000000011cc44c0 009e 00a4 0000 0006 00000001 0000 0014 00000000 00000002 00000002

2018-02-19 15:46:08 IST 0000000021880000 000000001022b4d8 009f 00a4 0000 0006 00000000 0000 0014 00000000 00000001 00000001

2018-02-19 15:47:08 IST 0000000021880000 000000000e75ca50 009d 00a4 0000 0006 00000001 0000 0014 00000000 00000002 00000002

2018-02-19 15:48:08 IST 0000000021880000 000000000cd483e8 009d 00a4 0000 0006 00000000 0000 0014 00000000 00000001 00000001

2018-02-19 15:49:08 IST 0000000021880000 000000000b254818 009d 00a4 0000 0006 00000001 0000 0014 00000000 00000002 00000002

2018-02-19 15:50:08 IST 0000000021880000 0000000009c6a268 009e 00a4 0000 0006 00000000 0000 0014 00000000 00000001 00000001

2018-02-19 15:51:08 IST 0000000021880000 000000000821ebd8 009d 00a4 0000 0006 00000000 0000 0014 00000000 00000002 00000002

2018-02-19 15:52:08 IST 0000000021180000 0000000016b61710 009d 00a4 0000 0006 00000000 0000 0014 00000000 00000001 00000001

2018-02-19 15:53:08 IST 0000000021180000 000000001512f048 009d 00a4 0000 0006 00000001 0000 0014 00000000 00000002 00000002

2018-02-19 15:54:08 IST 0000000021180000 0000000013759298 009e 00a4 0000 0006 00000000 0000 0014 00000000 00000001 00000001

2018-02-19 15:55:08 IST 0000000021180000 0000000011d4bb70 009d 00a4 0000 0006 00000001 0000 0014 00000000 00000002 00000002

2018-02-19 15:56:08 IST 0000000021180000 00000000103f53e8 009d 00a4 0000 0006 00000000 0000 0014 00000000 00000001 00000001

2018-02-19 15:57:08 IST 0000000021180000 000000000e9c8058 009e 00a4 0000 0006 00000001 0000 0014 00000000 00000002 00000002

2018-02-19 15:58:08 IST 0000000021180000 000000000cff2c20 009e 00a4 0000 0006 00000000 0000 0014 00000000 00000001 00000001

2018-02-19 15:59:08 IST 0000000021180000 000000000b5e0350 009d 00a4 0000 0006 00000001 0000 0014 00000000 00000002 00000002

2018-02-19 16:00:08 IST 0000000021180000 0000000009c0aa30 009d 00a4 0000 0006 00000000 0000 0014 00000000 00000001 00000001

2018-02-19 16:01:08 IST 0000000021180000 00000000081dfa38 009e 00a4 0000 0006 00000001 0000 0014 00000000 00000002 00000002

2018-02-19 16:02:08 IST 0000000020980000 00000000163e9af8 009e 00a4 0000 0006 00000000 0000 0014 00000000 00000001 00000001

2018-02-19 16:03:08 IST 0000000020980000 0000000014a7f108 009d 00a4 0000 0006 00000001 0000 0014 00000000 00000002 00000002

2018-02-19 16:04:08 IST 0000000020980000 0000000012cff2a0 009d 00a4 0000 0006 00000000 0000 0014 00000000 00000001 00000001

2018-02-19 16:05:08 IST 0000000020980000 0000000011378588 009e 00a4 0000 0006 00000001 0000 0014 00000000 00000002 00000002

2018-02-19 16:06:08 IST 0000000020980000 000000000fa4cba0 009e 00a4 0000 0006 00000000 0000 0014 00000000 00000001 00000001

2018-02-19 16:07:08 IST 0000000020980000 000000000e04e340 009d 00a4 0000 0006 00000001 0000 0014 00000000 00000002 00000002

2018-02-19 16:08:09 IST 0000000020980000 000000000c725ad8 009d 00a4 0000 0006 00000000 0000 0014 00000000 00000001 00000001

2018-02-19 16:09:09 IST 0000000020a00000 0000000017410d30 009e 00a4 0000 0006 00000001 0000 0014 00000000 00000002 00000002

2018-02-19 16:10:09 IST 0000000020a00000 0000000015b128a8 009d 00a4 0000 0006 00000000 0000 0014 00000000 00000001 00000001

2018-02-19 16:11:09 IST 0000000020a00000 0000000013ceff60 009d 00a4 0000 0006 00000001 0000 0014 00000000 00000002 00000002

2018-02-19 16:12:08 IST 0000000020a00000 00000000123e9b90 009d 00a4 0000 0006 00000000 0000 0014 00000000 00000001 00000001

2018-02-19 16:13:08 IST 0000000020a00000 0000000010a88d18 009e 00a4 0000 0006 00000001 0000 0014 00000000 00000002 00000002

2018-02-19 16:14:07 IST 0000000020a00000 000000000f19f348 009d 00a4 0000 0006 00000000 0000 0014 00000000 00000001 00000001

2018-02-19 16:15:07 IST 0000000020a00000 000000000d83bd60 009d 00a4 0000 0006 00000007 0000 0014 00000000 00000002 00000002

2018-02-19 16:16:06 IST 0000000020a00000 000000000beb8a58 009d 00a4 0000 0006 00000000 0000 0014 00000000 00000001 00000001

2018-02-19 16:17:06 IST 0000000020a00000 000000000a556b18 009e 00a4 0000 0006 00000001 0000 0014 00000000 00000002 00000002

2018-02-19 16:18:06 IST 0000000020a00000 000000000881e010 009d 00a4 0000 0006 00000000 0000 0014 00000000 00000001 00000001

2018-02-19 16:19:06 IST 0000000020a00000 00000000169600e0 009d 00a4 0000 0006 00000000 0000 0014 00000000 00000002 00000002

2018-02-19 16:20:06 IST 0000000020a00000 000000001504ce30 009d 00a4 0000 0006 00000000 0000 0014 00000000 00000001 00000001

2018-02-19 16:21:06 IST 0000000020a00000 00000000136de070 009e 00a4 0000 0006 00000001 0000 0014 00000000 00000002 00000002

2018-02-19 16:22:05 IST 0000000020a00000 0000000011dd61c8 009d 00a4 0000 0006 00000000 0000 0014 00000000 00000001 00000001

2018-02-19 16:23:05 IST 0000000020a00000 00000000100161d0 009d 00a4 0000 0006 00000001 0000 0014 00000000 00000002 00000002

2018-02-19 16:24:05 IST 0000000020a00000 000000000e68aa88 009d 00a4 0000 0006 00000000 0000 0014 00000000 00000001 00000001

2018-02-19 16:25:05 IST 0000000020a00000 000000000cd1feb0 009e 00a4 0000 0006 00000001 0000 0014 00000000 00000002 00000002

2018-02-19 16:26:05 IST 0000000020a00000 000000000b4177a8 009d 00a4 0000 0006 00000000 0000 0014 00000000 00000001 00000001

2018-02-19 16:27:05 IST 0000000020a00000 0000000009aa4800 009c 00a4 0000 0006 00000000 0000 0014 00000000 00000002 00000002

2018-02-19 16:28:05 IST 0000000020a00000 0000000007d43da8 009d 00a4 0000 0006 00000000 0000 0014 00000000 00000001 00000001

2018-02-19 16:29:05 IST 0000000020380000 0000000015993a60 009d 00a4 0000 0006 00000001 0000 0014 00000000 00000002 00000002

2018-02-19 16:30:05 IST 0000000020380000 0000000014149830 009c 00a4 0000 0006 00000000 0000 0014 00000000 00000001 00000001

2018-02-19 16:31:05 IST 0000000020380000 00000000123eb550 009c 00a4 0000 0006 00000001 0000 0014 00000000 00000002 00000002

2018-02-19 16:32:05 IST 0000000020380000 0000000010b70e90 009d 00a4 0000 0006 00000000 0000 0014 00000000 00000001 00000001

2018-02-19 16:33:05 IST 0000000020380000 000000000f2d6260 009c 00a4 0000 0006 00000001 0000 0014 00000000 00000002 00000002

2018-02-19 16:34:05 IST 0000000020380000 000000000d63e090 009c 00a4 0000 0006 00000000 0000 0014 00000000 00000001 00000001

2018-02-19 16:35:05 IST 0000000020380000 000000000bcf5f30 009c 00a4 0000 0006 00000001 0000 0014 00000000 00000002 00000002

2018-02-19 16:36:05 IST 0000000020380000 000000000a49ae10 009d 00a4 0000 0006 00000000 0000 0014 00000000 00000001 00000001

2018-02-19 16:37:05 IST 0000000020380000 00000000087c8cb0 009c 00a4 0000 0006 00000001 0000 0014 00000000 00000002 00000002

2018-02-19 16:38:05 IST 000000001fc00000 0000000015c2de30 009c 00a4 0000 0006 00000000 0000 0014 00000000 00000001 00000001

2018-02-19 16:39:05 IST 000000001fc00000 000000001440dce0 009c 00a4 0000 0006 00000000 0000 0014 00000000 00000002 00000002

2018-02-19 16:40:05 IST 000000001fc00000 00000000127d78f0 009d 00a4 0000 0006 00000000 0000 0014 00000000 00000001 00000001

2018-02-19 16:41:05 IST 000000001fc00000 0000000010fda1a8 009c 00a4 0000 0006 00000000 0000 0014 00000000 00000002 00000002

2018-02-19 16:42:05 IST 000000001fc00000 000000000f3a57c0 009c 00a4 0000 0006 00000000 0000 0014 00000000 00000001 00000001

2018-02-19 16:43:05 IST 000000001fc00000 000000000db89118 009d 00a4 0000 0006 00000001 0000 0014 00000000 00000002 00000002

2018-02-19 16:44:05 IST 000000001fc00000 000000000bf53aa8 009d 00a4 0000 0006 00000000 0000 0014 00000000 00000001 00000001

2018-02-19 16:45:05 IST 000000001fc00000 000000000a75b890 009c 00a4 0000 0006 00000001 0000 0014 00000000 00000002 00000002

2018-02-19 16:46:05 IST 000000001fc00000 0000000008b26610 009c 00a4 0000 0006 00000000 0000 0014 00000000 00000001 00000001

2018-02-19 16:47:05 IST 000000001f600000 0000000015b0be00 009d 00a4 0000 0006 00000001 0000 0014 00000000 00000002 00000002

2018-02-19 16:48:05 IST 000000001f600000 0000000013f81240 009d 00a4 0000 0006 00000000 0000 0014 00000001 00000001 00000001

2018-02-19 16:49:05 IST 000000001f600000 00000000123adae0 009c 00a4 0000 0006 00000001 0000 0014 00000000 00000002 00000002

2018-02-19 16:50:05 IST 000000001f600000 0000000010c9f7a0 009c 00a4 0000 0006 00000000 0000 0014 00000000 00000001 00000001

2018-02-19 16:51:05 IST 000000001f600000 000000000f0bca48 009d 00a4 0000 0006 00000001 0000 0014 00000000 00000002 00000002

2018-02-19 16:52:05 IST 000000001f600000 000000000d54b9c8 009c 00a4 0000 0006 00000000 0000 0014 00000000 00000001 00000001

2018-02-19 16:53:05 IST 000000001f600000 000000000bde7668 009c 00a4 0000 0006 00000001 0000 0014 00000000 00000002 00000002

2018-02-19 16:54:05 IST 000000001f600000 000000000a25b7c0 009c 00a4 0000 0006 00000000 0000 0014 00000000 00000001 00000001

2018-02-19 16:55:05 IST 000000001f600000 0000000008a74f18 009d 00a4 0000 0006 00000000 0000 0014 00000000 00000002 00000002

2018-02-19 16:56:05 IST 000000001ef80000 00000000150712c0 009c 00a4 0000 0006 00000000 0000 0014 00000000 00000001 00000001

2018-02-19 16:57:05 IST 000000001ef80000 0000000013531e70 009c 00a4 0000 0006 00000000 0000 0014 00000000 00000002 00000002

2018-02-19 16:58:05 IST 000000001ef80000 0000000011a57b40 009d 00a4 0000 0006 00000000 0000 0014 00000000 00000001 00000001

2018-02-19 16:59:05 IST 000000001ef80000 000000000ff906e8 009d 00a4 0000 0006 00000000 0000 0014 00000000 00000002 00000002

2018-02-19 17:00:05 IST 000000001ef80000 000000000e8bfb28 009c 00a4 0000 0006 00000000 0000 0014 00000000 00000001 00000001

2018-02-19 17:01:05 IST 000000001ef80000 000000000cd89228 009c 00a4 0000 0006 00000001 0000 0014 00000000 00000002 00000002

2018-02-19 17:02:05 IST 000000001ef80000 000000000b2b2118 009d 00a4 0000 0006 00000000 0000 0014 00000000 00000001 00000001

2018-02-19 17:03:05 IST 000000001ef80000 00000000097e8668 009d 00a4 0000 0006 00000000 0000 0014 00000000 00000002 00000002

2018-02-19 17:04:05 IST 000000001ef80000 0000000007d265f0 009c 00a4 0000 0006 00000000 0000 0014 00000000 00000001 00000001

2018-02-19 17:05:05 IST 000000001ea00000 00000000142b5668 009c 00a4 0000 0006 00000001 0000 0014 00000000 00000002 00000002

2018-02-19 17:06:05 IST 000000001ea00000 000000001288cc50 009d 00a4 0000 0006 00000000 0000 0014 00000000 00000001 00000001

2018-02-19 17:07:05 IST 000000001ea00000 0000000010e06c60 009d 00a4 0000 0006 00000001 0000 0014 00000000 00000002 00000002

2018-02-19 17:08:05 IST 000000001ea00000 000000000f3f5490 009c 00a4 0000 0006 00000000 0000 0014 00000000 00000001 00000001

2018-02-19 17:09:05 IST 000000001e980000 000000001501cf88 009c 00a4 0000 0006 00000001 0000 0014 00000000 00000002 00000002

2018-02-19 17:10:05 IST 000000001e980000 000000001361b880 009d 00a4 0000 0006 00000000 0000 0014 00000000 00000001 00000001

2018-02-19 17:11:05 IST 000000001e980000 0000000011bdd170 009c 00a4 0000 0006 00000001 0000 0014 00000000 00000002 00000002

2018-02-19 17:12:05 IST 000000001e980000 00000000101e0bf0 009c 00a4 0000 0006 00000000 0000 0014 00000000 00000001 00000001

2018-02-19 17:13:05 IST 000000001e980000 000000000e79eb78 009c 00a4 0000 0006 00000001 0000 0014 00000000 00000002 00000002

2018-02-19 17:14:05 IST 000000001e980000 000000000cda69c8 009d 00a4 0000 0006 00000000 0000 0014 00000000 00000001 00000001

2018-02-19 17:15:05 IST 000000001e980000 000000000b36ba40 009c 00a4 0000 0006 00000001 0000 0014 00000000 00000002 00000002

2018-02-19 17:16:05 IST 000000001e980000 000000000996fba0 009c 00a4 0000 0006 00000000 0000 0014 00000000 00000001 00000001

2018-02-19 17:17:05 IST 000000001e980000 0000000007f9aa88 009d 00a4 0000 0006 00000001 0000 0014 00000000 00000002 00000002

2018-02-19 17:18:05 IST 000000001ea80000 0000000013f9ed40 009d 00a4 0000 0006 00000000 0000 0014 00000000 00000001 00000001

2018-02-19 17:19:05 IST 000000001ea80000 0000000012913db0 009c 00a4 0000 0006 00000001 0000 0014 00000000 00000002 00000002

2018-02-19 17:20:05 IST 000000001ea80000 0000000010f0b8a8 009c 00a4 0000 0006 00000000 0000 0014 00000000 00000001 00000001

2018-02-19 17:21:05 IST 000000001ea80000 000000000f4a95b0 009d 00a4 0000 0006 00000000 0000 0014 00000000 00000002 00000002

2018-02-19 17:22:05 IST 000000001ea80000 000000000daa0950 009d 00a4 0000 0006 00000000 0000 0014 00000000 00000001 00000001

2018-02-19 17:23:05 IST 000000001ea80000 000000000c05a988 009c 00a4 0000 0006 00000001 0000 0014 00000000 00000002 00000002

2018-02-19 17:24:05 IST 000000001ea80000 000000000a653618 009c 00a4 0000 0006 00000000 0000 0014 00000000 00000001 00000001

2018-02-19 17:25:05 IST 000000001ea80000 0000000008bf3a68 009d 00a4 0000 0006 00000000 0000 0014 00000000 00000002 00000002

2018-02-19 17:26:05 IST 000000001ea80000 0000000014c00928 009c 00a4 0000 0006 00000000 0000 0014 00000000 00000001 00000001

2018-02-19 17:27:05 IST 000000001ea80000 000000001317ada0 009c 00a4 0000 0006 00000000 0000 0014 00000000 00000002 00000002

2018-02-19 17:28:05 IST 000000001ea80000 0000000011759968 009c 00a4 0000 0006 00000000 0000 0014 00000000 00000001 00000001

2018-02-19 17:29:05 IST 000000001ea80000 000000000fcd82e8 009d 00a4 0000 0006 00000001 0000 0014 00000000 00000002 00000002

2018-02-19 17:30:05 IST 000000001ea80000 000000000e2cabd0 009c 00a4 0000 0006 00000000 0000 0014 00000000 00000001 00000001

2018-02-19 17:31:05 IST 000000001ea80000 000000000cc82738 009c 00a4 0000 0006 00000000 0000 0014 00000000 00000002 00000002

2018-02-19 17:32:05 IST 000000001ea80000 000000000b25b140 009c 00a4 0000 0006 00000000 0000 0014 00000000 00000001 00000001

2018-02-19 17:33:05 IST 000000001ea80000 00000000094189c0 009d 00a4 0000 0006 00000001 0000 0014 00000000 00000002 00000002

2018-02-19 17:34:05 IST 000000001ea80000 0000000007dd45e0 009c 00a4 0000 0006 00000000 0000 0014 00000000 00000001 00000001

2018-02-19 17:35:05 IST 000000001e500000 00000000139c1ef8 009c 00a4 0000 0006 00000001 0000 0014 00000000 00000002 00000002

2018-02-19 17:36:05 IST 000000001e500000 0000000011fd7630 009d 00a4 0000 0006 00000000 0000 0014 00000000 00000001 00000001

2018-02-19 17:37:05 IST 000000001e500000 0000000010249458 009d 00a4 0000 0006 00000001 0000 0014 00000000 00000002 00000002

2018-02-19 17:38:05 IST 000000001e500000 000000000e8de6b8 009c 00a4 0000 0006 00000000 0000 0014 00000000 00000001 00000001

2018-02-19 17:39:05 IST 000000001e500000 000000000cf03ef8 009c 00a4 0000 0006 00000001 0000 0014 00000000 00000002 00000002

2018-02-19 17:40:05 IST 000000001e500000 000000000b5810d8 009d 00a4 0000 0006 00000000 0000 0014 00000000 00000001 00000001

2018-02-19 17:41:05 IST 000000001e500000 0000000009ba74d0 009d 00a4 0000 0006 00000001 0000 0014 00000000 00000002 00000002

2018-02-19 17:42:05 IST 000000001e500000 000000000823be78 009c 00a4 0000 0006 00000000 0000 0014 00000000 00000001 00000001

2018-02-19 17:43:05 IST 000000001df00000 00000000138c8d30 009c 00a4 0000 0006 00000000 0000 0014 00000000 00000002 00000002

2018-02-19 17:44:05 IST 000000001df00000 0000000011fe6c78 009d 00a4 0000 0006 00000000 0000 0014 00000000 00000001 00000001

2018-02-19 17:45:05 IST 000000001df00000 00000000106c6918 009c 00a4 0000 0006 00000001 0000 0014 00000000 00000002 00000002

2018-02-19 17:46:05 IST 000000001df00000 000000000e9ea620 009c 00a4 0000 0006 00000000 0000 0014 00000000 00000001 00000001

2018-02-19 17:47:05 IST 000000001df00000 000000000d09c408 009c 00a4 0000 0006 00000001 0000 0014 00000000 00000002 00000002

2018-02-19 17:48:05 IST 000000001df00000 000000000b7bc540 009d 00a4 0000 0006 00000000 0000 0014 00000000 00000001 00000001

2018-02-19 17:49:05 IST 000000001df00000 0000000009e9b338 009c 00a4 0000 0006 00000000 0000 0014 00000000 00000002 00000002

2018-02-19 17:50:05 IST 000000001df00000 00000000081bc608 009c 00a4 0000 0006 00000000 0000 0014 00000000 00000001 00000001

2018-02-19 17:51:05 IST 000000001da00000 000000001344be08 009d 00a4 0000 0006 00000000 0000 0014 00000000 00000002 00000002

2018-02-19 17:52:05 IST 000000001da00000 0000000011bfb648 009d 00a4 0000 0006 00000000 0000 0014 00000000 00000001 00000001

2018-02-19 17:53:05 IST 000000001da00000 00000000102fd400 009c 00a4 0000 0006 00000000 0000 0014 00000000 00000002 00000002

2018-02-19 17:54:05 IST 000000001da00000 000000000e72c748 009c 00a4 0000 0006 00000000 0000 0014 00000000 00000001 00000001

2018-02-19 17:55:05 IST 000000001da00000 000000000ce725e0 009d 00a4 0000 0006 00000000 0000 0014 00000000 00000002 00000002

2018-02-19 17:56:05 IST 000000001da00000 000000000b243830 009d 00a4 0000 0006 00000000 0000 0014 00000000 00000001 00000001

2018-02-19 17:57:05 IST 000000001da00000 00000000099b4478 009c 00a4 0000 0006 00000000 0000 0014 00000000 00000002 00000002

2018-02-19 17:58:05 IST 000000001da00000 0000000007dd2270 009c 00a4 0000 0006 00000000 0000 0014 00000000 00000001 00000001

2018-02-19 17:59:05 IST 000000001d480000 0000000012b5a988 009d 00a4 0000 0006 00000001 0000 0014 00000000 00000002 00000002

2018-02-19 18:00:05 IST 000000001d480000 0000000010fd28f0 009d 00a4 0000 0006 00000000 0000 0014 00000000 00000001 00000001

2018-02-19 18:01:05 IST 000000001d480000 000000000f7c13b8 009c 00a4 0000 0006 00000001 0000 0014 00000000 00000002 00000002

2018-02-19 18:02:05 IST 000000001d480000 000000000dc33f40 009c 00a4 0000 0006 00000000 0000 0014 00000000 00000001 00000001

2018-02-19 18:03:05 IST 000000001d480000 000000000c411130 009d 00a4 0000 0006 00000000 0000 0014 00000000 00000002 00000002

2018-02-19 18:04:05 IST 000000001d480000 000000000a89b8f8 009c 00a4 0000 0006 00000000 0000 0014 00000000 00000001 00000001

2018-02-19 18:05:05 IST 000000001d480000 0000000008ca7888 009c 00a4 0000 0006 00000000 0000 0014 00000000 00000002 00000002

2018-02-19 18:06:05 IST 000000001d000000 00000000137264c8 009c 00a4 0000 0006 00000000 0000 0014 00000000 00000001 00000001

2018-02-19 18:07:05 IST 000000001d000000 0000000011bcbb90 009d 00a4 0000 0006 00000001 0000 0014 00000000 00000002 00000002

2018-02-19 18:08:05 IST 000000001d000000 00000000104a64e0 009c 00a4 0000 0006 00000000 0000 0014 00000000 00000001 00000001

2018-02-19 18:09:05 IST 000000001cf80000 000000001370e5f8 009c 00a4 0000 0006 00000001 0000 0014 00000000 00000002 00000002

2018-02-19 18:10:05 IST 000000001cf80000 0000000011c74e70 009d 00a4 0000 0006 00000000 0000 0014 00000000 00000001 00000001

2018-02-19 18:11:05 IST 000000001cf80000 00000000104814e8 009d 00a4 0000 0006 00000001 0000 0014 00000000 00000002 00000002

2018-02-19 18:12:05 IST 000000001cf80000 000000000e9b9c30 009c 00a4 0000 0006 00000000 0000 0014 00000000 00000001 00000001

2018-02-19 18:13:05 IST 000000001cf80000 000000000ce6d5b8 009c 00a4 0000 0006 00000001 0000 0014 00000000 00000002 00000002

2018-02-19 18:14:05 IST 000000001cf80000 000000000b7422d8 009d 00a4 0000 0006 00000000 0000 0014 00000000 00000001 00000001

2018-02-19 18:15:05 IST 000000001cf80000 0000000009bf66b8 009d 00a4 0000 0006 00000001 0000 0014 00000000 00000002 00000002

2018-02-19 18:16:05 IST 000000001cf80000 000000000811a250 009c 00a4 0000 0006 00000000 0000 0014 00000000 00000001 00000001

2018-02-19 18:17:05 IST 000000001d080000 0000000012bb3388 009c 00a4 0000 0006 00000000 0000 0014 00000000 00000002 00000002

2018-02-19 18:18:05 IST 000000001d080000 00000000110af7e0 009d 00a4 0000 0006 00000000 0000 0014 00000000 00000001 00000001

2018-02-19 18:19:05 IST 000000001d080000 000000000f556e00 009d 00a4 0000 0006 00000001 0000 0014 00000000 00000002 00000002

2018-02-19 18:20:05 IST 000000001d080000 000000000dace008 009c 00a4 0000 0006 00000000 0000 0014 00000000 00000001 00000001

2018-02-19 18:21:05 IST 000000001d080000 000000000c2dd0d0 009c 00a4 0000 0006 00000001 0000 0014 00000000 00000002 00000002

2018-02-19 18:22:05 IST 000000001d080000 000000000a7db628 009d 00a4 0000 0006 00000000 0000 0014 00000000 00000001 00000001

2018-02-19 18:23:05 IST 000000001d080000 0000000008c99a58 009c 00a4 0000 0006 00000001 0000 0014 00000000 00000002 00000002

2018-02-19 18:24:05 IST 000000001d080000 000000001372f838 009c 00a4 0000 0006 00000000 0000 0014 00000000 00000001 00000001

2018-02-19 18:25:05 IST 000000001d080000 0000000011baf8b8 009c 00a4 0000 0006 00000000 0000 0014 00000000 00000002 00000002

2018-02-19 18:26:05 IST 000000001d080000 00000000103ff130 009d 00a4 0000 0006 00000000 0000 0014 00000000 00000001 00000001

2018-02-19 18:27:05 IST 000000001d080000 000000000e8fc370 009c 00a4 0000 0006 00000001 0000 0014 00000000 00000002 00000002

2018-02-19 18:28:05 IST 000000001d080000 000000000cde3458 009c 00a4 0000 0006 00000000 0000 0014 00000000 00000001 00000001

2018-02-19 18:29:05 IST 000000001d080000 000000000b5c7d48 009c 00a4 0000 0006 00000000 0000 0014 00000000 00000002 00000002

2018-02-19 18:30:05 IST 000000001d080000 0000000009aa7260 009d 00a4 0000 0006 00000000 0000 0014 00000000 00000001 00000001

2018-02-19 18:31:05 IST 000000001d080000 0000000007fa8ee8 009c 00a4 0000 0006 00000001 0000 0014 00000000 00000002 00000002

2018-02-19 18:32:05 IST 000000001cc00000 00000000127b0450 009c 00a4 0000 0006 00000000 0000 0014 00000000 00000001 00000001

2018-02-19 18:33:05 IST 000000001cc00000 0000000010cd3478 009d 00a4 0000 0006 00000001 0000 0014 00000000 00000002 00000002

2018-02-19 18:34:05 IST 000000001cc00000 000000000f254f48 009d 00a4 0000 0006 00000000 0000 0014 00000000 00000001 00000001

2018-02-19 18:35:05 IST 000000001cc00000 000000000d796428 009c 00a4 0000 0006 00000001 0000 0014 00000000 00000002 00000002

2018-02-19 18:36:05 IST 000000001cc00000 000000000c05eb00 009c 00a4 0000 0006 00000000 0000 0014 00000000 00000001 00000001

2018-02-19 18:37:05 IST 000000001cc00000 000000000a5efd78 009d 00a4 0000 0006 00000001 0000 0014 00000000 00000002 00000002

2018-02-19 18:38:05 IST 000000001cc00000 0000000008b717d8 009d 00a4 0000 0006 00000000 0000 0014 00000000 00000001 00000001

2018-02-19 18:39:05 IST 000000001c700000 0000000012a64ea0 009c 00a4 0000 0006 00000001 0000 0014 00000000 00000002 00000002

2018-02-19 18:40:05 IST 000000001c700000 000000001107e5c0 009c 00a4 0000 0006 00000000 0000 0014 00000000 00000001 00000001

2018-02-19 18:41:05 IST 000000001c700000 000000000f641df0 009d 00a4 0000 0006 00000001 0000 0014 00000000 00000002 00000002

2018-02-19 18:42:05 IST 000000001c700000 000000000dc70d70 009c 00a4 0000 0006 00000000 0000 0014 00000000 00000001 00000001

2018-02-19 18:43:05 IST 000000001c700000 000000000c233698 009c 00a4 0000 0006 00000000 0000 0014 00000000 00000002 00000002

2018-02-19 18:44:05 IST 000000001c700000 000000000a856588 009c 00a4 0000 0006 00000000 0000 0014 00000000 00000001 00000001

2018-02-19 18:45:05 IST 000000001c700000 0000000008e18b28 009d 00a4 0000 0006 00000001 0000 0014 00000000 00000002 00000002

2018-02-19 18:46:05 IST 000000001c280000 0000000012a2cf70 009c 00a4 0000 0006 00000000 0000 0014 00000000 00000001 00000001

2018-02-19 18:47:05 IST 000000001c280000 0000000011080e68 009c 00a4 0000 0006 00000000 0000 0014 00000000 00000002 00000002

2018-02-19 18:48:05 IST 000000001c280000 000000000f737c68 009c 00a4 0000 0006 00000000 0000 0014 00000000 00000001 00000001

2018-02-19 18:49:05 IST 000000001c280000 000000000dd98a40 009d 00a4 0000 0006 00000000 0000 0014 00000000 00000002 00000002

2018-02-19 18:50:05 IST 000000001c280000 000000000c0e72c0 009c 00a4 0000 0006 00000000 0000 0014 00000000 00000001 00000001

2018-02-19 18:51:05 IST 000000001c280000 000000000a745780 009c 00a4 0000 0006 00000000 0000 0014 00000000 00000002 00000002

2018-02-19 18:52:05 IST 000000001c280000 0000000008dfbd30 009d 00a4 0000 0006 00000000 0000 0014 00000000 00000001 00000001

2018-02-19 18:53:05 IST 000000001be00000 00000000125d52f8 009d 00a4 0000 0006 00000001 0000 0014 00000000 00000002 00000002

2018-02-19 18:54:05 IST 000000001be00000 0000000010cd49f8 009c 00a4 0000 0006 00000000 0000 0014 00000000 00000001 00000001

2018-02-19 18:55:05 IST 000000001be00000 000000000f069690 009c 00a4 0000 0006 00000000 0000 0014 00000000 00000002 00000002

2018-02-19 18:56:05 IST 000000001be00000 000000000d7299a8 009d 00a4 0000 0006 00000000 0000 0014 00000000 00000001 00000001

2018-02-19 18:57:05 IST 000000001be00000 000000000bdce5b8 009d 00a4 0000 0006 00000001 0000 0014 00000000 00000002 00000002

2018-02-19 18:58:05 IST 000000001be00000 000000000a1d1630 009c 00a4 0000 0006 00000000 0000 0014 00000000 00000001 00000001

2018-02-19 18:59:05 IST 000000001be00000 00000000088138a0 009c 00a4 0000 0006 00000000 0000 0014 00000000 00000002 00000002

2018-02-19 19:00:05 IST 000000001ba00000 0000000011abb768 009d 00a4 0000 0006 00000000 0000 0014 00000000 00000001 00000001

2018-02-19 19:01:05 IST 000000001ba00000 000000000fed9400 009c 00a4 0000 0006 00000001 0000 0014 00000000 00000002 00000002

2018-02-19 19:02:05 IST 000000001ba00000 000000000e633f98 009c 00a4 0000 0006 00000000 0000 0014 00000000 00000001 00000001

2018-02-19 19:03:05 IST 000000001ba00000 000000000caa7100 009c 00a4 0000 0006 00000001 0000 0014 00000000 00000002 00000002

2018-02-19 19:04:05 IST 000000001ba00000 000000000af1de08 009d 00a4 0000 0006 00000000 0000 0014 00000000 00000001 00000001

2018-02-19 19:05:05 IST 000000001ba00000 000000000968a758 009c 00a4 0000 0006 00000001 0000 0014 00000000 00000002 00000002

2018-02-19 19:06:05 IST 000000001ba00000 0000000007b00650 009c 00a4 0000 0006 00000000 0000 0014 00000000 00000001 00000001

2018-02-19 19:07:05 IST 000000001b600000 00000000109aa208 009c 00a4 0000 0006 00000014 0000 0014 00000000 00000002 00000002

2018-02-19 19:08:05 IST 000000001b600000 000000000f21b640 009d 00a4 0000 0006 00000000 0000 0014 00000000 00000001 00000001

2018-02-19 19:09:05 IST 000000001b680000 0000000011f14d28 009c 00a4 0000 0006 00000001 0000 0014 00000000 00000002 00000002

2018-02-19 19:10:05 IST 000000001b680000 000000001043d338 009c 00a4 0000 0006 00000000 0000 0014 00000000 00000001 00000001

2018-02-19 19:11:05 IST 000000001b680000 000000000e962130 009c 00a4 0000 0006 00000001 0000 0014 00000000 00000002 00000002

2018-02-19 19:12:05 IST 000000001b680000 000000000cea5788 009d 00a4 0000 0006 00000000 0000 0014 00000000 00000001 00000001

2018-02-19 19:13:05 IST 000000001b680000 000000000b399710 009c 00a4 0000 0006 00000001 0000 0014 00000000 00000002 00000002

2018-02-19 19:14:05 IST 000000001b680000 00000000098c82f0 009c 00a4 0000 0006 00000000 0000 0014 00000000 00000001 00000001

2018-02-19 19:15:05 IST 000000001b680000 0000000008092018 009d 00a4 0000 0006 00000001 0000 0014 00000000 00000002 00000002

2018-02-19 19:16:05 IST 000000001b680000 0000000010db09c0 009d 00a4 0000 0006 00000000 0000 0014 00000000 00000001 00000001

2018-02-19 19:17:05 IST 000000001b680000 000000000f289b38 009c 00a4 0000 0006 00000000 0000 0014 00000000 00000002 00000002

2018-02-19 19:18:05 IST 000000001b680000 000000000d7f86f0 009c 00a4 0000 0006 00000000 0000 0014 00000000 00000001 00000001

2018-02-19 19:19:05 IST 000000001b680000 000000000bfb3960 009d 00a4 0000 0006 00000000 0000 0014 00000000 00000002 00000002

2018-02-19 19:20:05 IST 000000001b680000 000000000a4d6148 009d 00a4 0000 0006 00000000 0000 0014 00000000 00000001 00000001

2018-02-19 19:21:05 IST 000000001b680000 00000000089af1e8 009c 00a4 0000 0006 00000001 0000 0014 00000000 00000002 00000002

2018-02-19 19:22:05 IST 000000001b700000 0000000011ae5bc0 009c 00a4 0000 0006 00000000 0000 0014 00000000 00000001 00000001

2018-02-19 19:23:05 IST 000000001b700000 000000000fff2a90 009d 00a4 0000 0006 00000000 0000 0014 00000000 00000002 00000002

2018-02-19 19:24:05 IST 000000001b700000 000000000e50cf10 009c 00a4 0000 0006 00000000 0000 0014 00000000 00000001 00000001

2018-02-19 19:25:05 IST 000000001b700000 000000000c9b69f8 009c 00a4 0000 0006 00000001 0000 0014 00000000 00000002 00000002

2018-02-19 19:26:05 IST 000000001b700000 000000000b19e7d8 009c 00a4 0000 0006 00000000 0000 0014 00000000 00000001 00000001

2018-02-19 19:27:05 IST 000000001b700000 0000000009661068 009d 00a4 0000 0006 00000001 0000 0014 00000000 00000002 00000002

2018-02-19 19:28:05 IST 000000001b700000 0000000007bc88e0 009c 00a4 0000 0006 00000000 0000 0014 00000000 00000001 00000001

2018-02-19 19:29:05 IST 000000001b300000 000000001071a0f0 009c 00a4 0000 0006 00000000 0000 0014 00000000 00000002 00000002

2018-02-19 19:30:05 IST 000000001b300000 000000000ecae498 009c 00a4 0000 0006 00000000 0000 0014 00000000 00000001 00000001

2018-02-19 19:31:05 IST 000000001b300000 000000000d4d5358 009d 00a4 0000 0006 00000001 0000 0014 00000000 00000002 00000002

2018-02-19 19:32:05 IST 000000001b300000 000000000bacc500 009c 00a4 0000 0006 00000000 0000 0014 00000000 00000001 00000001

2018-02-19 19:33:05 IST 000000001b300000 000000000a00c258 009c 00a4 0000 0006 00000001 0000 0014 00000000 00000002 00000002

2018-02-19 19:34:05 IST 000000001b300000 00000000085b6cc8 009d 00a4 0000 0006 00000000 0000 0014 00000001 00000001 00000001

2018-02-19 19:35:05 IST 000000001af80000 00000000110c1c88 009d 00a4 0000 0006 00000000 0000 0014 00000000 00000002 00000002

2018-02-19 19:36:05 IST 000000001af80000 000000000f6ea020 009c 00a4 0000 0006 00000000 0000 0014 00000000 00000001 00000001

2018-02-19 19:37:05 IST 000000001af80000 000000000d9d8e20 009c 00a4 0000 0006 00000002 0000 0014 00000000 00000002 00000002

2018-02-19 19:38:05 IST 000000001af80000 000000000c002418 009d 00a4 0000 0006 00000000 0000 0014 00000000 00000001 00000001

2018-02-19 19:39:05 IST 000000001af80000 000000000a5cfde0 009c 00a4 0000 0006 00000001 0000 0014 00000000 00000002 00000002

2018-02-19 19:40:05 IST 000000001af80000 0000000008bdd460 009c 00a4 0000 0006 00000000 0000 0014 00000000 00000001 00000001

2018-02-19 19:41:05 IST 000000001ac00000 00000000110f7240 009c 00a4 0000 0006 00000000 0000 0014 00000000 00000002 00000002

2018-02-19 19:42:05 IST 000000001ac00000 000000000f7ab078 009d 00a4 0000 0006 00000000 0000 0014 00000000 00000001 00000001

2018-02-19 19:43:05 IST 000000001ac00000 000000000ddf86a8 009c 00a4 0000 0006 00000001 0000 0014 00000000 00000002 00000002

2018-02-19 19:44:05 IST 000000001ac00000 000000000c1e1488 009c 00a4 0000 0006 00000000 0000 0014 00000000 00000001 00000001

2018-02-19 19:45:05 IST 000000001ac00000 000000000a7d2bb8 009c 00a4 0000 0006 00000000 0000 0014 00000000 00000002 00000002

2018-02-19 19:46:05 IST 000000001ac00000 0000000008e877e0 009d 00a4 0000 0006 00000000 0000 0014 00000000 00000001 00000001

2018-02-19 19:47:05 IST 000000001a880000 0000000011126a98 009c 00a4 0000 0006 00000001 0000 0014 00000000 00000002 00000002

2018-02-19 19:48:05 IST 000000001a880000 000000000f53f748 009c 00a4 0000 0006 00000000 0000 0014 00000000 00000001 00000001

2018-02-19 19:49:05 IST 000000001a880000 000000000dc143a8 009d 00a4 0000 0006 00000000 0000 0014 00000000 00000002 00000002

2018-02-19 19:50:05 IST 000000001a880000 000000000c337f98 009d 00a4 0000 0006 00000000 0000 0014 00000000 00000001 00000001

2018-02-19 19:51:05 IST 000000001a880000 000000000a71c358 009c 00a4 0000 0006 00000000 0000 0014 00000000 00000002 00000002

2018-02-19 19:52:05 IST 000000001a880000 0000000008e3b7e8 009c 00a4 0000 0006 00000000 0000 0014 00000000 00000001 00000001

2018-02-19 19:53:05 IST 000000001a500000 0000000010a71de8 009d 00a4 0000 0006 00000001 0000 0014 00000000 00000002 00000002

2018-02-19 19:54:05 IST 000000001a500000 000000000f216ab8 009d 00a4 0000 0006 00000000 0000 0014 00000000 00000001 00000001

2018-02-19 19:55:05 IST 000000001a500000 000000000d68fc58 009c 00a4 0000 0006 00000001 0000 0014 00000000 00000002 00000002

2018-02-19 19:56:05 IST 000000001a500000 000000000bdfa5f8 009c 00a4 0000 0006 00000000 0000 0014 00000000 00000001 00000001

2018-02-19 19:57:05 IST 000000001a500000 000000000a2c4128 009d 00a4 0000 0006 00000001 0000 0014 00000000 00000002 00000002

2018-02-19 19:58:05 IST 000000001a500000 0000000008797e50 009c 00a4 0000 0006 00000000 0000 0014 00000000 00000001 00000001

2018-02-19 19:59:05 IST 000000001a200000 000000001049bee0 009c 00a4 0000 0006 00000000 0000 0014 00000000 00000002 00000002

2018-02-19 20:00:05 IST 000000001a200000 000000000e9d96d8 009c 00a4 0000 0006 00000000 0000 0014 00000000 00000001 00000001

2018-02-19 20:01:05 IST 000000001a200000 000000000cecf788 009d 00a4 0000 0006 00000000 0000 0014 00000000 00000002 00000002

2018-02-19 20:02:05 IST 000000001a200000 000000000b6f69a8 009c 00a4 0000 0006 00000000 0000 0014 00000000 00000001 00000001

2018-02-19 20:03:05 IST 000000001a200000 0000000009bdcde0 009c 00a4 0000 0006 00000001 0000 0014 00000000 00000002 00000002

2018-02-19 20:04:05 IST 000000001a200000 000000000812ce68 009d 00a4 0000 0006 00000000 0000 0014 00000000 00000001 00000001

2018-02-19 20:05:05 IST 0000000019f00000 000000000f954a78 009d 00a4 0000 0006 00000001 0000 0014 00000000 00000002 00000002

2018-02-19 20:06:05 IST 0000000019f00000 000000000df2b530 009c 00a4 0000 0006 00000000 0000 0014 00000000 00000001 00000001

2018-02-19 20:07:05 IST 0000000019f00000 000000000c497a80 009c 00a4 0000 0006 00000001 0000 0014 00000000 00000002 00000002

2018-02-19 20:08:05 IST 0000000019f00000 000000000aa73ca8 009d 00a4 0000 0006 00000000 0000 0014 00000000 00000001 00000001

2018-02-19 20:09:05 IST 0000000019f00000 00000000108647f0 009d 00a4 0000 0006 00000001 0000 0014 00000000 00000002 00000002

2018-02-19 20:10:05 IST 0000000019f00000 000000000ee5f6d0 009c 00a4 0000 0006 00000000 0000 0014 00000000 00000001 00000001

2018-02-19 20:11:05 IST 0000000019f00000 000000000d3f5ef8 009c 00a4 0000 0006 00000001 0000 0014 00000000 00000002 00000002

2018-02-19 20:12:05 IST 0000000019f00000 000000000ba05848 009d 00a4 0000 0006 00000000 0000 0014 00000000 00000001 00000001

2018-02-19 20:13:05 IST 0000000019f00000 000000000a21c8a0 009c 00a4 0000 0006 00000001 0000 0014 00000000 00000002 00000002

2018-02-19 20:14:05 IST 0000000019f00000 000000000881a1c8 009c 00a4 0000 0006 00000000 0000 0014 00000000 00000001 00000001

2018-02-19 20:15:05 IST 0000000019f80000 000000000ff6cf30 009c 00a4 0000 0006 00000001 0000 0014 00000000 00000002 00000002

2018-02-19 20:16:05 IST 0000000019f80000 000000000e544a70 009d 00a4 0000 0006 00000000 0000 0014 00000000 00000001 00000001

2018-02-19 20:17:06 IST 0000000019f80000 000000000cac06f0 009c 00a4 0000 0006 00000000 0000 0014 00000000 00000002 00000002

2018-02-19 20:18:06 IST 0000000019f80000 000000000b089968 009c 00a4 0000 0006 00000000 0000 0014 00000000 00000001 00000001

2018-02-19 20:19:06 IST 0000000019f80000 000000000960acd0 009d 00a4 0000 0006 00000001 0000 0014 00000000 00000002 00000002

2018-02-19 20:20:06 IST 0000000019f80000 0000000007bd5eb8 009d 00a4 0000 0006 00000000 0000 0014 00000000 00000001 00000001

2018-02-19 20:21:06 IST 000000001a000000 000000000f481350 009c 00a4 0000 0006 00000001 0000 0014 00000000 00000002 00000002

2018-02-19 20:22:06 IST 000000001a000000 000000000da299d0 009c 00a4 0000 0006 00000000 0000 0014 00000000 00000001 00000001

2018-02-19 20:23:06 IST 000000001a000000 000000000c213310 009d 00a4 0000 0006 00000001 0000 0014 00000000 00000002 00000002

2018-02-19 20:24:06 IST 000000001a000000 000000000a7c8f70 009d 00a4 0000 0006 00000000 0000 0014 00000000 00000001 00000001

2018-02-19 20:25:06 IST 000000001a000000 0000000008d2c680 009c 00a4 0000 0006 00000001 0000 0014 00000000 00000002 00000002

2018-02-19 20:26:06 IST 000000001a080000 000000001060ffa8 009c 00a4 0000 0006 00000000 0000 0014 00000000 00000001 00000001

2018-02-19 20:27:06 IST 000000001a080000 000000000eb61668 009d 00a4 0000 0006 00000000 0000 0014 00000000 00000002 00000002

2018-02-19 20:28:06 IST 000000001a080000 000000000d10ea20 009c 00a4 0000 0006 00000000 0000 0014 00000000 00000001 00000001

2018-02-19 20:29:06 IST 000000001a080000 000000000b650818 009c 00a4 0000 0006 00000000 0000 0014 00000000 00000002 00000002

2018-02-19 20:30:06 IST 000000001a080000 0000000009befce8 009c 00a4 0000 0006 00000000 0000 0014 00000000 00000001 00000001

2018-02-19 20:31:06 IST 000000001a080000 0000000008145600 009d 00a4 0000 0006 00000000 0000 0014 00000000 00000002 00000002

2018-02-19 20:32:06 IST 0000000019d80000 000000000f828ca0 009c 00a4 0000 0006 00000000 0000 0014 00000000 00000001 00000001

2018-02-19 20:33:06 IST 0000000019d80000 000000000e05c7e0 009c 00a4 0000 0006 00000001 0000 0014 00000000 00000002 00000002

2018-02-19 20:34:06 IST 0000000019d80000 000000000c3fd2c0 009c 00a4 0000 0006 00000000 0000 0014 00000000 00000001 00000001

2018-02-19 20:35:06 IST 0000000019d80000 000000000a9cabd8 009d 00a4 0000 0006 00000001 0000 0014 00000000 00000002 00000002

2018-02-19 20:36:06 IST 0000000019d80000 0000000009269d48 009c 00a4 0000 0006 00000000 0000 0014 00000000 00000001 00000001

2018-02-19 20:37:06 IST 0000000019a80000 000000001066d438 009c 00a4 0000 0006 00000001 0000 0014 00000000 00000002 00000002

2018-02-19 20:38:06 IST 0000000019a80000 000000000ed13ff8 009d 00a4 0000 0006 00000000 0000 0014 00000000 00000001 00000001

2018-02-19 20:39:06 IST 0000000019a80000 000000000d09bde8 009d 00a4 0000 0006 00000000 0000 0014 00000000 00000002 00000002

2018-02-19 20:40:06 IST 0000000019a80000 000000000b742980 009c 00a4 0000 0006 00000000 0000 0014 00000000 00000001 00000001

2018-02-19 20:41:06 IST 0000000019a80000 0000000009d80f40 009c 00a4 0000 0006 00000001 0000 0014 00000000 00000002 00000002

2018-02-19 20:42:06 IST 0000000019a80000 000000000842ad10 009d 00a4 0000 0006 00000000 0000 0014 00000000 00000001 00000001

2018-02-19 20:43:06 IST 0000000019780000 000000000f2e27b8 009c 00a4 0000 0006 00000001 0000 0014 00000000 00000002 00000002

2018-02-19 20:44:06 IST 0000000019780000 000000000da07180 009c 00a4 0000 0006 00000000 0000 0014 00000000 00000001 00000001

2018-02-19 20:45:06 IST 0000000019780000 000000000be289b0 009c 00a4 0000 0006 00000000 0000 0014 00000000 00000002 00000002

2018-02-19 20:46:06 IST 0000000019780000 000000000a55c3f8 009d 00a4 0000 0006 00000000 0000 0014 00000000 00000001 00000001

2018-02-19 20:47:06 IST 0000000019780000 0000000008c29610 009c 00a4 0000 0006 00000001 0000 0014 00000000 00000002 00000002

2018-02-19 20:48:06 IST 0000000019500000 000000000fb4a6c8 009c 00a4 0000 0006 00000000 0000 0014 00000000 00000001 00000001

2018-02-19 20:49:06 IST 0000000019500000 000000000dfc5990 009c 00a4 0000 0006 00000001 0000 0014 00000000 00000002 00000002

2018-02-19 20:50:06 IST 0000000019500000 000000000c74a030 009d 00a4 0000 0006 00000000 0000 0014 00000000 00000001 00000001

2018-02-19 20:51:06 IST 0000000019500000 000000000ae31d50 009c 00a4 0000 0006 00000000 0000 0014 00000000 00000002 00000002

2018-02-19 20:52:06 IST 0000000019500000 00000000093583d8 009c 00a4 0000 0006 00000000 0000 0014 00000000 00000001 00000001

2018-02-19 20:53:06 IST 0000000019280000 000000000fc4df70 009d 00a4 0000 0006 00000001 0000 0014 00000000 00000002 00000002

2018-02-19 20:54:06 IST 0000000019280000 000000000e40f040 009d 00a4 0000 0006 00000000 0000 0014 00000000 00000001 00000001

2018-02-19 20:55:06 IST 0000000019280000 000000000c950680 009c 00a4 0000 0006 00000001 0000 0014 00000000 00000002 00000002

2018-02-19 20:56:06 IST 0000000019280000 000000000aecb970 009c 00a4 0000 0006 00000000 0000 0014 00000000 00000001 00000001

2018-02-19 20:57:06 IST 0000000019280000 000000000944cce0 009d 00a4 0000 0006 00000001 0000 0014 00000000 00000002 00000002

2018-02-19 20:58:06 IST 0000000019000000 000000000fc65228 009d 00a4 0000 0006 00000000 0000 0014 00000000 00000001 00000001

2018-02-19 20:59:06 IST 0000000019000000 000000000e20bac8 009c 00a4 0000 0006 00000001 0000 0014 00000000 00000002 00000002

2018-02-19 21:00:06 IST 0000000019000000 000000000c803da0 009c 00a4 0000 0006 00000000 0000 0014 00000000 00000001 00000001

2018-02-19 21:01:06 IST 0000000019000000 000000000adb4138 009d 00a4 0000 0006 00000000 0000 0014 00000000 00000002 00000002

2018-02-19 21:02:06 IST 0000000019000000 00000000093acea8 009d 00a4 0000 0006 00000000 0000 0014 00000000 00000001 00000001

2018-02-19 21:03:06 IST 0000000019000000 0000000007b9ac08 009c 00a4 0000 0006 00000001 0000 0014 00000000 00000002 00000002

2018-02-19 21:04:06 IST 0000000018d80000 000000000e034a60 009c 00a4 0000 0006 00000000 0000 0014 00000000 00000001 00000001

2018-02-19 21:05:06 IST 0000000018d80000 000000000c661320 009d 00a4 0000 0006 00000000 0000 0014 00000000 00000002 00000002

2018-02-19 21:06:06 IST 0000000018d80000 000000000ace97c8 009c 00a4 0000 0006 00000000 0000 0014 00000000 00000001 00000001

2018-02-19 21:07:06 IST 0000000018d80000 0000000009304bd0 009c 00a4 0000 0006 00000001 0000 0014 00000000 00000002 00000002

2018-02-19 21:08:06 IST 0000000018b00000 000000000f73c428 009c 00a4 0000 0006 00000000 0000 0014 00000000 00000001 00000001

2018-02-19 21:09:06 IST 0000000018b00000 000000000f53f950 009d 00a4 0000 0006 00000001 0000 0014 00000000 00000002 00000002

2018-02-19 21:10:06 IST 0000000018b00000 000000000d9c8110 009c 00a4 0000 0006 00000000 0000 0014 00000000 00000001 00000001

2018-02-19 21:11:06 IST 0000000018b00000 000000000c05be88 009c 00a4 0000 0006 00000001 0000 0014 00000000 00000002 00000002

2018-02-19 21:12:06 IST 0000000018b00000 000000000a75c510 009d 00a4 0000 0006 00000000 0000 0014 00000000 00000001 00000001

2018-02-19 21:13:06 IST 0000000018b00000 0000000008b8b220 009d 00a4 0000 0006 00000001 0000 0014 00000000 00000002 00000002

2018-02-19 21:14:06 IST 0000000018b80000 000000000f01bf80 009c 00a4 0000 0006 00000000 0000 0014 00000000 00000001 00000001

2018-02-19 21:15:06 IST 0000000018b80000 000000000d696db8 009c 00a4 0000 0006 00000001 0000 0014 00000000 00000002 00000002

2018-02-19 21:16:06 IST 0000000018b80000 000000000bd799c0 009d 00a4 0000 0006 00000000 0000 0014 00000000 00000001 00000001

2018-02-19 21:17:06 IST 0000000018b80000 000000000a1899b8 009d 00a4 0000 0006 00000001 0000 0014 00000000 00000002 00000002

2018-02-19 21:18:06 IST 0000000018b80000 000000000886e1b8 009c 00a4 0000 0006 00000000 0000 0014 00000000 00000001 00000001

2018-02-19 21:19:06 IST 0000000018c00000 000000000edf3e48 009c 00a4 0000 0006 00000000 0000 0014 00000000 00000002 00000002

2018-02-19 21:20:06 IST 0000000018c00000 000000000d4b3d50 009d 00a4 0000 0006 00000000 0000 0014 00000000 00000001 00000001

2018-02-19 21:21:06 IST 0000000018c00000 000000000b8f9428 009c 00a4 0000 0006 00000001 0000 0014 00000000 00000002 00000002

2018-02-19 21:22:06 IST 0000000018c00000 0000000009f6a518 009c 00a4 0000 0006 00000000 0000 0014 00000000 00000001 00000001

2018-02-19 21:23:06 IST 0000000018c00000 00000000085cdcf0 009c 00a4 0000 0006 00000001 0000 0014 00000000 00000002 00000002

2018-02-19 21:24:06 IST 0000000018c80000 000000000ebed3b8 009d 00a4 0000 0006 00000000 0000 0014 00000000 00000001 00000001

2018-02-19 21:25:06 IST 0000000018c80000 000000000d243548 009c 00a4 0000 0006 00000001 0000 0014 00000000 00000002 00000002

2018-02-19 21:26:06 IST 0000000018c80000 000000000b8e1f78 009c 00a4 0000 0006 00000000 0000 0014 00000000 00000001 00000001

2018-02-19 21:27:06 IST 0000000018c80000 0000000009cad4e0 009c 00a4 0000 0006 00000001 0000 0014 00000000 00000002 00000002

2018-02-19 21:28:06 IST 0000000018c80000 000000000835c3a0 009d 00a4 0000 0006 00000000 0000 0014 00000001 00000001 00000001

2018-02-19 21:29:06 IST 0000000018a00000 000000000e73c740 009c 00a4 0000 0006 00000001 0000 0014 00000000 00000002 00000002

2018-02-19 21:30:06 IST 0000000018a00000 000000000cc21790 009c 00a4 0000 0006 00000000 0000 0014 00000000 00000001 00000001

2018-02-19 21:31:06 IST 0000000018a00000 000000000b2a15b0 009d 00a4 0000 0006 00000000 0000 0014 00000000 00000002 00000002

2018-02-19 21:32:06 IST 0000000018a00000 00000000099aa8a0 009d 00a4 0000 0006 00000000 0000 0014 00000000 00000001 00000001

2018-02-19 21:33:06 IST 0000000018a00000 0000000007e05aa0 009c 00a4 0000 0006 00000000 0000 0014 00000000 00000002 00000002

2018-02-19 21:34:06 IST 0000000018780000 000000000e0536d0 009c 00a4 0000 0006 00000000 0000 0014 00000000 00000001 00000001

2018-02-19 21:35:06 IST 0000000018780000 000000000c52ce58 009d 00a4 0000 0006 00000001 0000 0014 00000000 00000002 00000002

2018-02-19 21:36:06 IST 0000000018780000 000000000aa85950 009d 00a4 0000 0006 00000000 0000 0014 00000000 00000001 00000001

2018-02-19 21:37:06 IST 0000000018780000 0000000009178ab8 009c 00a4 0000 0006 00000001 0000 0014 00000000 00000002 00000002

2018-02-19 21:38:06 IST 0000000018580000 000000000ef8b9d8 009c 00a4 0000 0006 00000000 0000 0014 00000000 00000001 00000001

2018-02-19 21:39:06 IST 0000000018580000 000000000d4fbf60 009d 00a4 0000 0006 00000001 0000 0014 00000000 00000002 00000002

2018-02-19 21:40:06 IST 0000000018580000 000000000bcb99d8 009c 00a4 0000 0006 00000000 0000 0014 00000000 00000001 00000001

2018-02-19 21:41:06 IST 0000000018580000 000000000a1ea020 009c 00a4 0000 0006 00000001 0000 0014 00000000 00000002 00000002

2018-02-19 21:42:06 IST 0000000018580000 000000000877dfb0 009c 00a4 0000 0006 00000000 0000 0014 00000000 00000001 00000001

2018-02-19 21:43:06 IST 0000000018380000 000000000e604218 009d 00a4 0000 0006 00000001 0000 0014 00000000 00000002 00000002

2018-02-19 21:44:06 IST 0000000018380000 000000000ca02cc0 009c 00a4 0000 0006 00000000 0000 0014 00000000 00000001 00000001

2018-02-19 21:45:06 IST 0000000018380000 000000000afa9e08 009c 00a4 0000 0006 00000000 0000 0014 00000000 00000002 00000002

2018-02-19 21:46:06 IST 0000000018380000 00000000095a22f0 009c 00a4 0000 0006 00000000 0000 0014 00000000 00000001 00000001

2018-02-19 21:47:06 IST 0000000018380000 0000000007b526d8 009d 00a4 0000 0006 00000001 0000 0014 00000000 00000002 00000002

2018-02-19 21:48:06 IST 0000000018180000 000000000d6ce640 009c 00a4 0000 0006 00000000 0000 0014 00000000 00000001 00000001

2018-02-19 21:49:06 IST 0000000018180000 000000000bccf450 009c 00a4 0000 0006 00000001 0000 0014 00000000 00000002 00000002

2018-02-19 21:50:06 IST 0000000018180000 000000000a331aa0 009d 00a4 0000 0006 00000000 0000 0014 00000000 00000001 00000001

2018-02-19 21:51:06 IST 0000000018180000 0000000008942af8 009d 00a4 0000 0006 00000000 0000 0014 00000000 00000002 00000002

2018-02-19 21:52:06 IST 0000000017f80000 000000000e096130 009c 00a4 0000 0006 00000000 0000 0014 00000000 00000001 00000001

2018-02-19 21:53:06 IST 0000000017f80000 000000000c6ca658 009c 00a4 0000 0006 00000000 0000 0014 00000000 00000002 00000002

2018-02-19 21:54:06 IST 0000000017f80000 000000000ad9fa38 009d 00a4 0000 0006 00000000 0000 0014 00000000 00000001 00000001

2018-02-19 21:55:06 IST 0000000017f80000 0000000009225490 009d 00a4 0000 0006 00000001 0000 0014 00000000 00000002 00000002

2018-02-19 21:56:06 IST 0000000017d80000 000000000ea1d468 009c 00a4 0000 0006 00000000 0000 0014 00000000 00000001 00000001

2018-02-19 21:57:06 IST 0000000017d80000 000000000d0e61a0 009c 00a4 0000 0006 00000000 0000 0014 00000000 00000002 00000002

2018-02-19 21:58:06 IST 0000000017d80000 000000000b5ebe18 009d 00a4 0000 0006 00000000 0000 0014 00000000 00000001 00000001

2018-02-19 21:59:06 IST 0000000017d80000 0000000009ca3ee0 009c 00a4 0000 0006 00000001 0000 0014 00000000 00000002 00000002

2018-02-19 22:00:06 IST 0000000017d80000 00000000085c9dd0 009c 00a4 0000 0006 00000000 0000 0014 00000000 00000001 00000001

2018-02-20 13:10:01 IST 0000000017b80000 000000000d9f3868 009d 00a4 0000 0006 00000007 0000 0014 00000000 00000002 00000002

