2018-02-26 13:25:37 IST ---( Start )---
2018-02-26 13:25:37 IST ---( Start )---
2018-02-26 13:26:22 IST 0000000023700000 00000000119ae1a0 009b 00a4 0000 0006 00000000 0000 0014 00000000 00000001 00000001

2018-02-26 13:27:22 IST 0000000026000000 0000000018ac8808 009a 00a4 0000 0006 00000002 0000 0014 00000004 00000002 00000002

2018-02-26 13:28:22 IST 0000000026000000 00000000086a16e8 009a 00a4 0000 0006 00000000 0000 0014 00000000 00000001 00000001

2018-02-26 13:29:22 IST 0000000026000000 000000001bb78db0 009b 00a4 0000 0006 00000000 0000 0014 00000000 00000002 00000002

2018-02-26 13:30:22 IST 0000000026000000 000000001a375f40 009a 00a4 0000 0006 00000000 0000 0014 00000000 00000001 00000001

2018-02-26 13:31:22 IST 0000000026000000 0000000018a7bcf8 009a 00a4 0000 0006 00000002 0000 0014 00000000 00000002 00000002

2018-02-26 13:32:22 IST 0000000026000000 0000000016bb1ee8 009a 00a4 0000 0006 00000000 0000 0014 00000000 00000001 00000001

2018-02-26 13:33:22 IST 0000000026000000 00000000152e31e8 009b 00a4 0000 0006 00000000 0000 0014 00000000 00000002 00000002

2018-02-26 13:34:22 IST 0000000026000000 00000000135adf38 009a 00a4 0000 0006 00000000 0000 0014 00000000 00000001 00000001

2018-02-26 13:35:21 IST 0000000026000000 0000000011e85588 009b 00a4 0000 0006 00000001 0000 0014 00000000 00000002 00000002

2018-02-26 13:36:21 IST 0000000026000000 00000000108940a0 009a 00a4 0000 0006 00000000 0000 0014 00000000 00000001 00000001

2018-02-26 13:37:20 IST 0000000026000000 000000000e9691b0 009a 00a4 0000 0006 00000000 0000 0014 00000000 00000002 00000002

2018-02-26 13:38:20 IST 0000000026000000 000000000d093fa8 009b 00a4 0000 0006 00000000 0000 0014 00000000 00000002 00000002

2018-02-26 13:39:19 IST 0000000026000000 000000000b1fe238 009a 00a4 0000 0006 00000000 0000 0014 00000000 00000001 00000001

2018-02-26 13:40:19 IST 0000000026000000 0000000009ba9bf0 009a 00a4 0000 0006 00000001 0000 0014 00000000 00000002 00000002

2018-02-26 13:41:18 IST 0000000026000000 000000000832bc78 009a 00a4 0000 0006 00000000 0000 0014 00000000 00000001 00000001

2018-02-26 13:42:18 IST 0000000025f00000 000000001b8a5f98 009b 00a4 0000 0006 00000001 0000 0014 00000000 00000002 00000002

2018-02-26 13:43:18 IST 0000000025f00000 000000001a022a30 009a 00a4 0000 0006 00000000 0000 0014 00000000 00000001 00000001

2018-02-26 13:44:18 IST 0000000025f00000 00000000182c0040 009a 00a4 0000 0006 00000001 0000 0014 00000000 00000002 00000002

2018-02-26 13:45:17 IST 0000000025f00000 00000000167c85d8 009a 00a4 0000 0006 00000000 0000 0014 00000000 00000001 00000001

2018-02-26 13:46:17 IST 0000000025f00000 0000000014ed0210 009b 00a4 0000 0006 00000000 0000 0014 00000000 00000002 00000002

2018-02-26 13:47:17 IST 0000000025f00000 00000000131ecad8 009a 00a4 0000 0006 00000000 0000 0014 00000000 00000001 00000001

2018-02-26 13:48:17 IST 0000000025f00000 00000000118f9d68 009a 00a4 0000 0006 00000001 0000 0014 00000000 00000002 00000002

2018-02-26 13:49:17 IST 0000000025f00000 000000000fe01638 009a 00a4 0000 0006 00000000 0000 0014 00000000 00000001 00000001

2018-02-26 13:50:17 IST 0000000025f00000 000000000e5009c0 009b 00a4 0000 0006 00000001 0000 0014 00000000 00000002 00000002

2018-02-26 13:51:17 IST 0000000025f00000 000000000c82cf58 009a 00a4 0000 0006 00000000 0000 0014 00000000 00000001 00000001

2018-02-26 13:52:17 IST 0000000025f00000 000000000b14e8c8 009a 00a4 0000 0006 00000001 0000 0014 00000000 00000002 00000002

2018-02-26 13:53:17 IST 0000000025f00000 000000000943f9a8 009b 00a4 0000 0006 00000000 0000 0014 00000000 00000001 00000001

2018-02-26 13:54:17 IST 0000000025f80000 000000001c668870 009b 00a4 0000 0006 00000001 0000 0014 00000000 00000002 00000002

2018-02-26 13:55:17 IST 0000000025f80000 000000001b126568 009a 00a4 0000 0006 00000000 0000 0014 00000000 00000001 00000001

2018-02-26 13:56:17 IST 0000000025f80000 00000000194e3538 009a 00a4 0000 0006 00000004 0000 0014 00000000 00000002 00000002

2018-02-26 13:57:17 IST 0000000025f80000 00000000178f08a8 009b 00a4 0000 0006 00000000 0000 0014 00000000 00000001 00000001

2018-02-26 13:58:17 IST 0000000025f80000 00000000160199a0 009b 00a4 0000 0006 00000001 0000 0014 00000000 00000002 00000002

2018-02-26 13:59:17 IST 0000000025f80000 000000001478b6f8 009a 00a4 0000 0006 00000000 0000 0014 00000000 00000001 00000001

2018-02-26 14:00:17 IST 0000000025f80000 0000000012b5a3d0 009a 00a4 0000 0006 00000000 0000 0014 00000000 00000002 00000002

2018-02-26 14:01:17 IST 0000000025f80000 0000000010f62e30 009b 00a4 0000 0006 00000000 0000 0014 00000000 00000001 00000001

2018-02-26 14:02:17 IST 0000000025f80000 000000000f6b9798 009a 00a4 0000 0006 00000000 0000 0014 00000000 00000002 00000002

2018-02-26 14:03:17 IST 0000000025f80000 000000000dad4ec8 009a 00a4 0000 0006 00000000 0000 0014 00000000 00000001 00000001

2018-02-26 14:04:17 IST 0000000025f80000 000000000c1b8580 009a 00a4 0000 0006 00000001 0000 0014 00000000 00000002 00000002

2018-02-26 14:05:17 IST 0000000025f80000 000000000a932918 009b 00a4 0000 0006 00000000 0000 0014 00000000 00000001 00000001

2018-02-26 14:06:17 IST 0000000025f80000 0000000008d2db30 009a 00a4 0000 0006 00000001 0000 0014 00000000 00000002 00000002

2018-02-26 14:07:17 IST 0000000025480000 000000001b7e80a8 009a 00a4 0000 0006 00000000 0000 0014 00000000 00000001 00000001

2018-02-26 14:08:17 IST 0000000025480000 0000000019be0a70 009a 00a4 0000 0006 00000000 0000 0014 00000000 00000002 00000002

2018-02-26 14:09:17 IST 0000000025480000 0000000018432458 009b 00a4 0000 0006 00000000 0000 0014 00000000 00000001 00000001

2018-02-26 14:10:17 IST 0000000025480000 000000001683f0f0 009a 00a4 0000 0006 00000000 0000 0014 00000000 00000002 00000002

2018-02-26 14:11:17 IST 0000000025480000 00000000150982a8 009a 00a4 0000 0006 00000000 0000 0014 00000000 00000001 00000001

2018-02-26 14:12:17 IST 0000000025480000 0000000013259448 009b 00a4 0000 0006 00000001 0000 0014 00000000 00000002 00000002

2018-02-26 14:13:17 IST 0000000025480000 00000000116922f0 009b 00a4 0000 0006 00000000 0000 0014 00000000 00000001 00000001

2018-02-26 14:14:17 IST 0000000025480000 000000000febff48 009a 00a4 0000 0006 00000000 0000 0014 00000000 00000002 00000002

2018-02-26 14:15:17 IST 0000000025480000 000000000e307b48 009a 00a4 0000 0006 00000000 0000 0014 00000000 00000001 00000001

2018-02-26 14:16:17 IST 0000000025480000 000000000cb04dc8 009b 00a4 0000 0006 00000001 0000 0014 00000000 00000002 00000002

2018-02-26 14:17:17 IST 0000000025480000 000000000af41900 009b 00a4 0000 0006 00000000 0000 0014 00000000 00000001 00000001

2018-02-26 14:18:17 IST 0000000025480000 00000000097707d8 009a 00a4 0000 0006 00000000 0000 0014 00000000 00000002 00000002

2018-02-26 14:19:17 IST 0000000025480000 0000000007bbff00 009a 00a4 0000 0006 00000000 0000 0014 00000000 00000001 00000001

2018-02-26 14:20:17 IST 0000000024b00000 0000000019e96800 009b 00a4 0000 0006 00000000 0000 0014 00000000 00000002 00000002

2018-02-26 14:21:17 IST 0000000024b00000 0000000018431100 009a 00a4 0000 0006 00000000 0000 0014 00000000 00000001 00000001

2018-02-26 14:22:17 IST 0000000024b00000 0000000016aed930 009a 00a4 0000 0006 00000001 0000 0014 00000000 00000002 00000002

2018-02-26 14:23:17 IST 0000000024b00000 0000000015067618 009a 00a4 0000 0006 00000000 0000 0014 00000000 00000001 00000001

2018-02-26 14:24:17 IST 0000000024b00000 0000000013722378 009b 00a4 0000 0006 00000000 0000 0014 00000000 00000002 00000002

2018-02-26 14:25:17 IST 0000000024b00000 0000000011855908 009a 00a4 0000 0006 00000000 0000 0014 00000000 00000001 00000001

2018-02-26 14:26:17 IST 0000000024a80000 000000001a2aecb8 009a 00a4 0000 0006 00000001 0000 0014 00000000 00000002 00000002

2018-02-26 14:27:17 IST 0000000024a80000 0000000018733f90 009b 00a4 0000 0006 00000000 0000 0014 00000000 00000001 00000001

2018-02-26 14:28:17 IST 0000000024a80000 0000000016b7edb8 009b 00a4 0000 0006 00000000 0000 0014 00000000 00000002 00000002

2018-02-26 14:29:17 IST 0000000024a80000 00000000154ee820 009a 00a4 0000 0006 00000000 0000 0014 00000000 00000001 00000001

2018-02-26 14:30:17 IST 0000000024a80000 0000000013922d80 009a 00a4 0000 0006 00000001 0000 0014 00000000 00000002 00000002

2018-02-26 14:31:17 IST 0000000024a80000 0000000011dc39b0 009b 00a4 0000 0006 00000000 0000 0014 00000000 00000001 00000001

2018-02-26 14:32:17 IST 0000000024a80000 00000000101fb1e0 009b 00a4 0000 0006 00000000 0000 0014 00000000 00000002 00000002

2018-02-26 14:33:17 IST 0000000024a80000 000000000eb83008 009a 00a4 0000 0006 00000000 0000 0014 00000000 00000001 00000001

2018-02-26 14:34:17 IST 0000000024a80000 000000000cfb3758 009a 00a4 0000 0006 00000001 0000 0014 00000000 00000002 00000002

2018-02-26 14:35:17 IST 0000000024a80000 000000000b43eb78 009b 00a4 0000 0006 00000000 0000 0014 00000000 00000001 00000001

2018-02-26 14:36:17 IST 0000000024a80000 00000000098b43d8 009a 00a4 0000 0006 00000000 0000 0014 00000000 00000002 00000002

2018-02-26 14:37:17 IST 0000000024a80000 00000000081d07b8 009a 00a4 0000 0006 00000000 0000 0014 00000000 00000001 00000001

2018-02-26 14:38:17 IST 0000000024e00000 000000001a501280 009a 00a4 0000 0006 00000000 0000 0014 00000000 00000002 00000002

2018-02-26 14:39:17 IST 0000000024e00000 0000000018ca69e8 009b 00a4 0000 0006 00000000 0000 0014 00000001 00000001 00000001

2018-02-26 14:40:17 IST 0000000024e00000 0000000016ffede0 009a 00a4 0000 0006 00000000 0000 0014 00000000 00000002 00000002

2018-02-26 14:41:17 IST 0000000024e00000 00000000157a8c28 009a 00a4 0000 0006 00000000 0000 0014 00000000 00000001 00000001

2018-02-26 14:42:17 IST 0000000024e00000 0000000013fe21b8 009b 00a4 0000 0006 00000001 0000 0014 00000000 00000002 00000002

2018-02-26 14:43:17 IST 0000000024e00000 000000001227f368 009b 00a4 0000 0006 00000000 0000 0014 00000000 00000001 00000001

2018-02-26 14:44:17 IST 0000000024e00000 0000000010afa668 009a 00a4 0000 0006 00000000 0000 0014 00000000 00000002 00000002

2018-02-26 14:45:17 IST 0000000024e00000 000000000ee82398 009a 00a4 0000 0006 00000000 0000 0014 00000000 00000001 00000001

2018-02-26 14:46:17 IST 0000000024e00000 000000000d5cfa20 009b 00a4 0000 0006 00000001 0000 0014 00000000 00000002 00000002

2018-02-26 14:47:17 IST 0000000024e00000 000000000b95bb88 009b 00a4 0000 0006 00000000 0000 0014 00000000 00000001 00000001

2018-02-26 14:48:17 IST 0000000024e00000 000000000a0d4688 009a 00a4 0000 0006 00000000 0000 0014 00000000 00000002 00000002

2018-02-26 14:49:17 IST 0000000024e00000 00000000084716c8 009a 00a4 0000 0006 00000000 0000 0014 00000000 00000001 00000001

2018-02-26 14:50:17 IST 0000000024380000 000000001a008a88 009b 00a4 0000 0006 00000000 0000 0014 00000000 00000002 00000002

2018-02-26 14:51:17 IST 0000000024380000 0000000018367028 009a 00a4 0000 0006 00000000 0000 0014 00000000 00000001 00000001

2018-02-26 14:52:17 IST 0000000024380000 0000000016b433e8 009a 00a4 0000 0006 00000001 0000 0014 00000000 00000002 00000002

2018-02-26 14:53:17 IST 0000000024380000 0000000014e84798 009a 00a4 0000 0006 00000000 0000 0014 00000000 00000001 00000001

2018-02-26 14:54:17 IST 0000000024380000 0000000013659450 009b 00a4 0000 0006 00000001 0000 0014 00000000 00000002 00000002

2018-02-26 14:55:17 IST 0000000024380000 00000000119bf5d8 009a 00a4 0000 0006 00000000 0000 0014 00000000 00000001 00000001

2018-02-26 14:56:17 IST 0000000024380000 000000001019aee0 009a 00a4 0000 0006 00000001 0000 0014 00000000 00000002 00000002

2018-02-26 14:57:17 IST 0000000024380000 000000000e9e0230 009b 00a4 0000 0006 00000000 0000 0014 00000000 00000001 00000001

2018-02-26 14:58:17 IST 0000000024380000 000000000ccb5fa8 009b 00a4 0000 0006 00000001 0000 0014 00000000 00000002 00000002

2018-02-26 14:59:17 IST 0000000024380000 000000000b51f2f0 009a 00a4 0000 0006 00000000 0000 0014 00000000 00000001 00000001

2018-02-26 15:00:17 IST 0000000024380000 00000000097f1d70 009a 00a4 0000 0006 00000000 0000 0014 00000000 00000002 00000002

2018-02-26 15:01:17 IST 0000000024380000 000000000803b520 009b 00a4 0000 0006 00000000 0000 0014 00000000 00000001 00000001

2018-02-26 15:02:17 IST 0000000023a80000 0000000019197430 009b 00a4 0000 0006 00000001 0000 0014 00000000 00000002 00000002

2018-02-26 15:03:17 IST 0000000023a80000 0000000017a8e798 009a 00a4 0000 0006 00000000 0000 0014 00000000 00000001 00000001

2018-02-26 15:04:17 IST 0000000023a80000 0000000015d81460 009a 00a4 0000 0006 00000000 0000 0014 00000000 00000001 00000001

2018-02-26 15:05:17 IST 0000000023a80000 000000001461c768 009b 00a4 0000 0006 00000001 0000 0014 00000000 00000002 00000002

2018-02-26 15:06:17 IST 0000000023a80000 0000000012948970 009a 00a4 0000 0006 00000000 0000 0014 00000000 00000001 00000001

2018-02-26 15:07:17 IST 0000000023a80000 0000000011196588 009a 00a4 0000 0006 00000001 0000 0014 00000000 00000002 00000002

2018-02-26 15:08:17 IST 0000000023a80000 000000000f55e678 009a 00a4 0000 0006 00000000 0000 0014 00000000 00000001 00000001

2018-02-26 15:09:17 IST 0000000023a80000 000000000dd20188 009b 00a4 0000 0006 00000000 0000 0014 00000000 00000002 00000002

2018-02-26 15:10:17 IST 0000000023a80000 000000000c106628 009a 00a4 0000 0006 00000000 0000 0014 00000000 00000001 00000001

2018-02-26 15:11:17 IST 0000000023a80000 000000000a8d3ce8 009a 00a4 0000 0006 00000001 0000 0014 00000000 00000002 00000002

2018-02-26 15:12:17 IST 0000000023a80000 0000000008c997b0 009a 00a4 0000 0006 00000000 0000 0014 00000000 00000001 00000001

2018-02-26 15:13:17 IST 0000000023100000 0000000019476950 009b 00a4 0000 0006 00000001 0000 0014 00000000 00000002 00000002

2018-02-26 15:14:17 IST 0000000023100000 0000000017d60048 009a 00a4 0000 0006 00000000 0000 0014 00000000 00000001 00000001

2018-02-26 15:15:17 IST 0000000023100000 0000000016109160 009a 00a4 0000 0006 00000000 0000 0014 00000000 00000002 00000002

2018-02-26 15:16:17 IST 0000000023100000 00000000144f9ad0 009b 00a4 0000 0006 00000000 0000 0014 00000000 00000001 00000001

2018-02-26 15:17:17 IST 0000000023100000 0000000012d66870 009b 00a4 0000 0006 00000000 0000 0014 00000000 00000002 00000002

2018-02-26 15:18:17 IST 0000000023100000 0000000011235160 009a 00a4 0000 0006 00000000 0000 0014 00000000 00000001 00000001

2018-02-26 15:19:17 IST 0000000023100000 000000000f5ca9c8 009a 00a4 0000 0006 00000000 0000 0014 00000000 00000002 00000002

2018-02-26 15:20:17 IST 0000000023100000 000000000de958f8 009b 00a4 0000 0006 00000000 0000 0014 00000000 00000001 00000001

2018-02-26 15:21:17 IST 0000000023100000 000000000c243968 009b 00a4 0000 0006 00000001 0000 0014 00000000 00000002 00000002

2018-02-26 15:22:17 IST 0000000023100000 000000000abd4d00 009a 00a4 0000 0006 00000000 0000 0014 00000000 00000001 00000001

2018-02-26 15:23:17 IST 0000000023100000 0000000008f6e5f8 009a 00a4 0000 0006 00000000 0000 0014 00000000 00000002 00000002

2018-02-26 15:24:17 IST 0000000022900000 0000000018cc13f0 009b 00a4 0000 0006 00000000 0000 0014 00000000 00000001 00000001

2018-02-26 15:25:17 IST 0000000022900000 0000000017543a70 009a 00a4 0000 0006 00000001 0000 0014 00000000 00000002 00000002

2018-02-26 15:26:17 IST 0000000022880000 000000001812e988 009a 00a4 0000 0006 00000000 0000 0014 00000000 00000001 00000001

2018-02-26 15:27:17 IST 0000000022880000 0000000016565d50 009a 00a4 0000 0006 00000002 0000 0014 00000000 00000002 00000002

2018-02-26 15:28:17 IST 0000000022880000 00000000149f7780 009b 00a4 0000 0006 00000000 0000 0014 00000000 00000001 00000001

2018-02-26 15:29:17 IST 0000000022880000 00000000133365c8 009a 00a4 0000 0006 00000001 0000 0014 00000000 00000002 00000002

2018-02-26 15:30:17 IST 0000000022880000 00000000117c9438 009a 00a4 0000 0006 00000000 0000 0014 00000000 00000001 00000001

2018-02-26 15:31:17 IST 0000000022880000 000000000fb6b880 009a 00a4 0000 0006 00000000 0000 0014 00000000 00000002 00000002

2018-02-26 15:32:17 IST 0000000022880000 000000000e4c4bf8 009b 00a4 0000 0006 00000000 0000 0014 00000000 00000001 00000001

2018-02-26 15:33:17 IST 0000000022880000 000000000c93a700 009a 00a4 0000 0006 00000000 0000 0014 00000000 00000002 00000002

2018-02-26 15:34:17 IST 0000000022880000 000000000adc9ae0 009a 00a4 0000 0006 00000000 0000 0014 00000000 00000001 00000001

2018-02-26 15:35:17 IST 0000000022880000 0000000009207728 009b 00a4 0000 0006 00000001 0000 0014 00000000 00000002 00000002

2018-02-26 15:36:17 IST 0000000022880000 0000000007b62908 009b 00a4 0000 0006 00000000 0000 0014 00000000 00000001 00000001

2018-02-26 15:37:17 IST 0000000022a00000 0000000017c5f740 009a 00a4 0000 0006 00000017 0000 0014 00000000 00000002 00000002

2018-02-26 15:38:17 IST 0000000022a00000 00000000160f6968 009a 00a4 0000 0006 00000000 0000 0014 00000000 00000001 00000001

2018-02-26 15:39:17 IST 0000000022a00000 00000000145457c0 009b 00a4 0000 0006 00000001 0000 0014 00000000 00000002 00000002

2018-02-26 15:40:17 IST 0000000022a00000 0000000012e143d0 009b 00a4 0000 0006 00000000 0000 0014 00000000 00000001 00000001

2018-02-26 15:41:17 IST 0000000022a00000 0000000011276b08 009a 00a4 0000 0006 00000000 0000 0014 00000000 00000002 00000002

2018-02-26 15:42:17 IST 0000000022a00000 000000000f722088 009a 00a4 0000 0006 00000000 0000 0014 00000000 00000001 00000001

2018-02-26 15:43:17 IST 0000000022a00000 000000000df98318 009b 00a4 0000 0006 00000001 0000 0014 00000000 00000002 00000002

2018-02-26 15:44:17 IST 0000000022a00000 000000000c451b68 009a 00a4 0000 0006 00000000 0000 0014 00000000 00000001 00000001

2018-02-26 15:45:17 IST 0000000022a00000 000000000a8a2458 009a 00a4 0000 0006 00000001 0000 0014 00000000 00000002 00000002

2018-02-26 15:46:17 IST 0000000022a00000 0000000009171228 009a 00a4 0000 0006 00000000 0000 0014 00000000 00000001 00000001

2018-02-26 15:47:17 IST 0000000022100000 00000000189d20d0 009b 00a4 0000 0006 00000000 0000 0014 00000000 00000002 00000002

2018-02-26 15:48:17 IST 0000000022100000 0000000016e87198 009a 00a4 0000 0006 00000000 0000 0014 00000000 00000001 00000001

2018-02-26 15:49:17 IST 0000000022100000 000000001580de68 009a 00a4 0000 0006 00000001 0000 0014 00000000 00000002 00000002

2018-02-26 15:50:17 IST 0000000022100000 0000000013ca7088 009b 00a4 0000 0006 00000000 0000 0014 00000000 00000001 00000001

2018-02-26 15:51:17 IST 0000000022100000 00000000121725c8 009b 00a4 0000 0006 00000001 0000 0014 00000000 00000002 00000002

2018-02-26 15:52:17 IST 0000000022100000 000000001062c798 009a 00a4 0000 0006 00000000 0000 0014 00000000 00000001 00000001

2018-02-26 15:53:17 IST 0000000022100000 000000000eafdef8 009a 00a4 0000 0006 00000001 0000 0014 00000000 00000002 00000002

2018-02-26 15:54:17 IST 0000000022100000 000000000d44ff78 009b 00a4 0000 0006 00000000 0000 0014 00000000 00000001 00000001

2018-02-26 15:55:17 IST 0000000022100000 000000000b91bab8 009b 00a4 0000 0006 00000000 0000 0014 00000000 00000002 00000002

2018-02-26 15:56:17 IST 0000000022100000 0000000009dd2130 009a 00a4 0000 0006 00000000 0000 0014 00000000 00000001 00000001

2018-02-26 15:57:17 IST 0000000022100000 0000000008213ec8 009a 00a4 0000 0006 00000001 0000 0014 00000000 00000002 00000002

2018-02-26 15:58:17 IST 0000000021980000 00000000172e18d8 009b 00a4 0000 0006 00000000 0000 0014 00000000 00000001 00000001

2018-02-26 15:59:17 IST 0000000021980000 0000000015d2dc78 009a 00a4 0000 0006 00000001 0000 0014 00000000 00000002 00000002

2018-02-26 16:00:17 IST 0000000021980000 0000000014299b50 009a 00a4 0000 0006 00000000 0000 0014 00000000 00000001 00000001

2018-02-26 16:01:17 IST 0000000021980000 00000000127ace58 009a 00a4 0000 0006 00000001 0000 0014 00000000 00000002 00000002

2018-02-26 16:02:17 IST 0000000021980000 0000000010d126d8 009b 00a4 0000 0006 00000000 0000 0014 00000000 00000001 00000001

2018-02-26 16:03:17 IST 0000000021980000 000000000f2ce4b8 009a 00a4 0000 0006 00000001 0000 0014 00000000 00000002 00000002

2018-02-26 16:04:17 IST 0000000021980000 000000000d836248 009a 00a4 0000 0006 00000000 0000 0014 00000000 00000001 00000001

2018-02-26 16:05:17 IST 0000000021980000 000000000bd49780 009a 00a4 0000 0006 00000000 0000 0014 00000000 00000002 00000002

2018-02-26 16:06:17 IST 0000000021980000 000000000a2b82a0 009b 00a4 0000 0006 00000000 0000 0014 00000000 00000001 00000001

2018-02-26 16:07:17 IST 0000000021980000 0000000008867018 009a 00a4 0000 0006 00000001 0000 0014 00000000 00000002 00000002

2018-02-26 16:08:17 IST 0000000021180000 000000001758d2f8 009a 00a4 0000 0006 00000000 0000 0014 00000000 00000001 00000001

2018-02-26 16:09:17 IST 0000000021180000 0000000015b5cbb8 009b 00a4 0000 0006 00000000 0000 0014 00000000 00000002 00000002

2018-02-26 16:10:17 IST 0000000021180000 000000001418bbb0 009b 00a4 0000 0006 00000000 0000 0014 00000000 00000001 00000001

2018-02-26 16:11:17 IST 0000000021180000 000000001277c3a8 009a 00a4 0000 0006 00000000 0000 0014 00000000 00000002 00000002

2018-02-26 16:12:17 IST 0000000021180000 0000000010da8720 009a 00a4 0000 0006 00000000 0000 0014 00000000 00000001 00000001

2018-02-26 16:13:17 IST 0000000021180000 000000000f3810b0 009b 00a4 0000 0006 00000000 0000 0014 00000000 00000002 00000002

2018-02-26 16:14:17 IST 0000000021180000 000000000d539fa0 009b 00a4 0000 0006 00000000 0000 0014 00000000 00000001 00000001

2018-02-26 16:15:17 IST 0000000021180000 000000000bb298b0 009a 00a4 0000 0006 00000001 0000 0014 00000000 00000002 00000002

2018-02-26 16:16:17 IST 0000000021180000 000000000a15aa40 009a 00a4 0000 0006 00000000 0000 0014 00000000 00000001 00000001

2018-02-26 16:17:17 IST 0000000021180000 000000000872f308 009b 00a4 0000 0006 00000001 0000 0014 00000000 00000002 00000002

2018-02-26 16:18:17 IST 0000000020a80000 0000000016e673c8 009a 00a4 0000 0006 00000000 0000 0014 00000000 00000001 00000001

2018-02-26 16:19:17 IST 0000000020a80000 0000000015093528 009a 00a4 0000 0006 00000000 0000 0014 00000000 00000002 00000002

2018-02-26 16:20:17 IST 0000000020a80000 0000000013775458 009a 00a4 0000 0006 00000000 0000 0014 00000000 00000001 00000001

2018-02-26 16:21:17 IST 0000000020a80000 0000000011dfbbf0 009b 00a4 0000 0006 00000001 0000 0014 00000000 00000002 00000002

2018-02-26 16:22:17 IST 0000000020a80000 00000000104de028 009a 00a4 0000 0006 00000000 0000 0014 00000000 00000001 00000001

2018-02-26 16:23:17 IST 0000000020a80000 000000000e7150f0 009a 00a4 0000 0006 00000000 0000 0014 00000000 00000002 00000002

2018-02-26 16:24:17 IST 0000000020a80000 000000000cdf2d58 009b 00a4 0000 0006 00000000 0000 0014 00000000 00000001 00000001

2018-02-26 16:25:18 IST 0000000020a80000 000000000b471e68 009b 00a4 0000 0006 00000000 0000 0014 00000000 00000002 00000002

2018-02-26 16:26:18 IST 0000000020a00000 0000000016015600 009a 00a4 0000 0006 00000000 0000 0014 00000000 00000001 00000001

2018-02-26 16:27:18 IST 0000000020a00000 00000000146adee8 009a 00a4 0000 0006 00000000 0000 0014 00000000 00000002 00000002

2018-02-26 16:28:18 IST 0000000020a00000 0000000012da43b0 009b 00a4 0000 0006 00000000 0000 0014 00000000 00000001 00000001

2018-02-26 16:29:18 IST 0000000020a00000 000000001145d9b8 009a 00a4 0000 0006 00000000 0000 0014 00000000 00000002 00000002

2018-02-26 16:30:18 IST 0000000020a00000 000000000fb51560 009a 00a4 0000 0006 00000000 0000 0014 00000000 00000001 00000001

2018-02-26 16:31:17 IST 0000000020a00000 000000000dda2d20 009a 00a4 0000 0006 00000001 0000 0014 00000000 00000002 00000002

2018-02-26 16:32:17 IST 0000000020a00000 000000000c41e638 009b 00a4 0000 0006 00000000 0000 0014 00000000 00000001 00000001

2018-02-26 16:33:18 IST 0000000020a00000 000000000aac24a8 009a 00a4 0000 0006 00000000 0000 0014 00000000 00000002 00000002

2018-02-26 16:34:18 IST 0000000020a00000 00000000091b89c0 009a 00a4 0000 0006 00000000 0000 0014 00000000 00000001 00000001

2018-02-26 16:35:18 IST 0000000020b00000 00000000174285a0 009a 00a4 0000 0006 00000000 0000 0014 00000000 00000002 00000002

2018-02-26 16:36:18 IST 0000000020b00000 0000000015b15cd8 009b 00a4 0000 0006 00000000 0000 0014 00000000 00000001 00000001

2018-02-26 16:37:18 IST 0000000020b00000 0000000013ccf450 009a 00a4 0000 0006 00000000 0000 0014 00000000 00000002 00000002

2018-02-26 16:38:18 IST 0000000020b00000 00000000123ae570 009a 00a4 0000 0006 00000000 0000 0014 00000000 00000001 00000001

2018-02-26 16:39:18 IST 0000000020b00000 0000000010a43888 009b 00a4 0000 0006 00000000 0000 0014 00000000 00000002 00000002

2018-02-26 16:40:17 IST 0000000020b00000 000000000f134c68 009b 00a4 0000 0006 00000000 0000 0014 00000000 00000001 00000001

2018-02-26 16:41:17 IST 0000000020b00000 000000000d7eec20 009a 00a4 0000 0006 00000001 0000 0014 00000000 00000002 00000002

2018-02-26 16:42:17 IST 0000000020b00000 000000000b9fae20 009a 00a4 0000 0006 00000000 0000 0014 00000000 00000001 00000001

2018-02-26 16:43:18 IST 0000000020b00000 000000000a0902c8 009b 00a4 0000 0006 00000001 0000 0014 00000000 00000002 00000002

2018-02-26 16:44:18 IST 0000000020b00000 00000000087838a0 009b 00a4 0000 0006 00000000 0000 0014 00000000 00000001 00000001

2018-02-26 16:45:18 IST 0000000020380000 0000000016347f78 009a 00a4 0000 0006 00000001 0000 0014 00000000 00000002 00000002

2018-02-26 16:46:17 IST 0000000020380000 0000000014adb9d0 009a 00a4 0000 0006 00000000 0000 0014 00000000 00000001 00000001

2018-02-26 16:47:17 IST 0000000020380000 0000000012d6c788 009b 00a4 0000 0006 00000001 0000 0014 00000000 00000002 00000002

2018-02-26 16:48:17 IST 0000000020380000 000000001150f428 009a 00a4 0000 0006 00000000 0000 0014 00000000 00000001 00000001

2018-02-26 16:49:17 IST 0000000020380000 000000000fc4b1f8 009a 00a4 0000 0006 00000000 0000 0014 00000000 00000002 00000002

2018-02-26 16:50:17 IST 0000000020380000 000000000df35fb8 009a 00a4 0000 0006 00000000 0000 0014 00000000 00000001 00000001

2018-02-26 16:51:17 IST 0000000020380000 000000000c667b10 009b 00a4 0000 0006 00000001 0000 0014 00000000 00000002 00000002

2018-02-26 16:52:17 IST 0000000020380000 000000000ae1d2f0 009a 00a4 0000 0006 00000000 0000 0014 00000000 00000001 00000001

2018-02-26 16:53:17 IST 0000000020380000 0000000009122d58 009a 00a4 0000 0006 00000001 0000 0014 00000000 00000002 00000002

2018-02-26 16:54:17 IST 000000001fd00000 0000000016678018 009a 00a4 0000 0006 00000000 0000 0014 00000000 00000001 00000001

2018-02-26 16:55:17 IST 000000001fd00000 0000000014e4dea0 009b 00a4 0000 0006 00000000 0000 0014 00000000 00000002 00000002

2018-02-26 16:56:17 IST 000000001fd00000 0000000013220350 009a 00a4 0000 0006 00000000 0000 0014 00000000 00000001 00000001

2018-02-26 16:57:17 IST 000000001fd00000 00000000119fae50 009a 00a4 0000 0006 00000000 0000 0014 00000000 00000002 00000002

2018-02-26 16:58:17 IST 000000001fd00000 000000000fdb6060 009b 00a4 0000 0006 00000000 0000 0014 00000000 00000001 00000001

2018-02-26 16:59:17 IST 000000001fd00000 000000000e58eff0 009b 00a4 0000 0006 00000001 0000 0014 00000000 00000002 00000002

2018-02-26 17:00:17 IST 000000001fd00000 000000000c9c3658 009a 00a4 0000 0006 00000000 0000 0014 00000000 00000001 00000001

2018-02-26 17:01:17 IST 000000001fd00000 000000000b1420c0 009a 00a4 0000 0006 00000001 0000 0014 00000000 00000002 00000002

2018-02-26 17:02:17 IST 000000001fd00000 0000000009974828 009b 00a4 0000 0006 00000000 0000 0014 00000000 00000001 00000001

2018-02-26 17:03:18 IST 000000001fd00000 0000000007cd26c8 009b 00a4 0000 0006 00000001 0000 0014 00000000 00000002 00000002

2018-02-26 17:04:18 IST 000000001f600000 00000000149197b0 009a 00a4 0000 0006 00000000 0000 0014 00000000 00000001 00000001

2018-02-26 17:05:18 IST 000000001f600000 000000001319e7f0 009a 00a4 0000 0006 00000000 0000 0014 00000000 00000002 00000002

2018-02-26 17:06:18 IST 000000001f600000 00000000115fa118 009b 00a4 0000 0006 00000000 0000 0014 00000000 00000001 00000001

2018-02-26 17:07:18 IST 000000001f600000 000000000fe6fa68 009a 00a4 0000 0006 00000000 0000 0014 00000000 00000002 00000002

2018-02-26 17:08:18 IST 000000001f600000 000000000e2b63b8 009a 00a4 0000 0006 00000000 0000 0014 00000000 00000001 00000001

2018-02-26 17:09:18 IST 000000001f600000 000000000c6d35d8 009a 00a4 0000 0006 00000001 0000 0014 00000000 00000002 00000002

2018-02-26 17:10:18 IST 000000001f600000 000000000af9f4c0 009b 00a4 0000 0006 00000000 0000 0014 00000000 00000001 00000001

2018-02-26 17:11:18 IST 000000001f600000 00000000093ce760 0099 00a4 0000 0006 00000001 0000 0014 00000000 00000002 00000002

2018-02-26 17:12:18 IST 000000001f000000 00000000159d2f70 0099 00a4 0000 0006 00000000 0000 0014 00000000 00000001 00000001

2018-02-26 17:13:18 IST 000000001f000000 0000000013f040d0 009a 00a4 0000 0006 00000001 0000 0014 00000000 00000002 00000002

2018-02-26 17:14:18 IST 000000001f000000 0000000012803e90 009a 00a4 0000 0006 00000000 0000 0014 00000000 00000001 00000001

2018-02-26 17:15:18 IST 000000001f000000 0000000010ce09d8 0099 00a4 0000 0006 00000001 0000 0014 00000000 00000002 00000002

2018-02-26 17:16:18 IST 000000001f000000 000000000f1fef60 0099 00a4 0000 0006 00000000 0000 0014 00000000 00000001 00000001

2018-02-26 17:17:18 IST 000000001f000000 000000000d731838 009a 00a4 0000 0006 00000001 0000 0014 00000000 00000002 00000002

2018-02-26 17:18:18 IST 000000001f000000 000000000bc4eb78 009a 00a4 0000 0006 00000000 0000 0014 00000000 00000001 00000001

2018-02-26 17:19:18 IST 000000001f000000 000000000a514a80 0099 00a4 0000 0006 00000000 0000 0014 00000000 00000002 00000002

2018-02-26 17:20:18 IST 000000001f000000 0000000008a31720 0099 00a4 0000 0006 00000000 0000 0014 00000000 00000001 00000001

2018-02-26 17:21:18 IST 000000001e980000 0000000014ad2570 009a 00a4 0000 0006 00000001 0000 0014 00000000 00000002 00000002

2018-02-26 17:22:18 IST 000000001e980000 00000000130a07c8 009a 00a4 0000 0006 00000000 0000 0014 00000000 00000001 00000001

2018-02-26 17:23:18 IST 000000001e980000 00000000116335e0 0099 00a4 0000 0006 00000000 0000 0014 00000000 00000002 00000002

2018-02-26 17:24:18 IST 000000001e980000 000000000fc07eb8 0099 00a4 0000 0006 00000000 0000 0014 00000000 00000001 00000001

2018-02-26 17:25:18 IST 000000001e980000 000000000e17de00 009a 00a4 0000 0006 00000001 0000 0014 00000000 00000002 00000002

2018-02-26 17:26:18 IST 000000001ea00000 000000001436e1e0 0099 00a4 0000 0006 00000000 0000 0014 00000000 00000001 00000001

2018-02-26 17:27:18 IST 000000001ea00000 000000001291cf80 0099 00a4 0000 0006 00000001 0000 0014 00000000 00000002 00000002

2018-02-26 17:28:18 IST 000000001ea00000 0000000010f25878 0099 00a4 0000 0006 00000000 0000 0014 00000000 00000001 00000001

2018-02-26 17:29:18 IST 000000001ea00000 000000000f4dbaf0 009a 00a4 0000 0006 00000001 0000 0014 00000000 00000002 00000002

2018-02-26 17:30:18 IST 000000001ea00000 000000000daff0d8 0099 00a4 0000 0006 00000000 0000 0014 00000000 00000001 00000001

2018-02-26 17:31:18 IST 000000001ea00000 000000000c0bfba0 0099 00a4 0000 0006 00000000 0000 0014 00000000 00000002 00000002

2018-02-26 17:32:18 IST 000000001ea00000 000000000a6c9fd8 009a 00a4 0000 0006 00000000 0000 0014 00000000 00000001 00000001

2018-02-26 17:33:18 IST 000000001ea00000 0000000008c7d638 009a 00a4 0000 0006 00000000 0000 0014 00000000 00000002 00000002

2018-02-26 17:34:18 IST 000000001ea00000 0000000014fb7200 0099 00a4 0000 0006 00000000 0000 0014 00000000 00000001 00000001

2018-02-26 17:35:18 IST 000000001ea00000 00000000135334c0 0099 00a4 0000 0006 00000000 0000 0014 00000000 00000002 00000002

2018-02-26 17:36:18 IST 000000001ea00000 0000000011b05df0 009a 00a4 0000 0006 00000000 0000 0014 00000000 00000001 00000001

2018-02-26 17:37:18 IST 000000001ea00000 0000000010055178 009a 00a4 0000 0006 00000000 0000 0014 00000000 00000002 00000002

2018-02-26 17:38:18 IST 000000001ea00000 000000000e643458 0099 00a4 0000 0006 00000000 0000 0014 00000000 00000001 00000001

2018-02-26 17:39:18 IST 000000001ea00000 000000000cbbc6e8 0099 00a4 0000 0006 00000001 0000 0014 00000000 00000002 00000002

2018-02-26 17:40:18 IST 000000001ea00000 000000000b191710 009a 00a4 0000 0006 00000000 0000 0014 00000000 00000001 00000001

2018-02-26 17:41:18 IST 000000001ea00000 0000000009727fc8 0099 00a4 0000 0006 00000001 0000 0014 00000000 00000002 00000002

2018-02-26 17:42:18 IST 000000001ea00000 0000000007cfdad0 0099 00a4 0000 0006 00000000 0000 0014 00000000 00000001 00000001

2018-02-26 17:43:18 IST 000000001eb00000 0000000013f70a20 0099 00a4 0000 0006 00000000 0000 0014 00000000 00000002 00000002

2018-02-26 17:44:18 IST 000000001eb00000 0000000012537e20 009a 00a4 0000 0006 00000000 0000 0014 00000000 00000001 00000001

2018-02-26 17:45:18 IST 000000001eb00000 0000000010abf478 0099 00a4 0000 0006 00000000 0000 0014 00000000 00000002 00000002

2018-02-26 17:46:18 IST 000000001eb00000 000000000f087680 0099 00a4 0000 0006 00000000 0000 0014 00000000 00000001 00000001

2018-02-26 17:47:18 IST 000000001eb00000 000000000d6080c8 009a 00a4 0000 0006 00000001 0000 0014 00000000 00000002 00000002

2018-02-26 17:48:18 IST 000000001eb00000 000000000bbcf5d0 009a 00a4 0000 0006 00000000 0000 0014 00000000 00000001 00000001

2018-02-26 17:49:18 IST 000000001eb00000 000000000a525088 0099 00a4 0000 0006 00000001 0000 0014 00000000 00000002 00000002

2018-02-26 17:50:18 IST 000000001eb00000 0000000008aeb840 0099 00a4 0000 0006 00000000 0000 0014 00000000 00000001 00000001

2018-02-26 17:51:18 IST 000000001e480000 0000000014620700 009a 00a4 0000 0006 00000001 0000 0014 00000000 00000002 00000002

2018-02-26 17:52:18 IST 000000001e480000 0000000012c7d5f0 009a 00a4 0000 0006 00000000 0000 0014 00000000 00000001 00000001

2018-02-26 17:53:18 IST 000000001e480000 000000001129a0e0 0099 00a4 0000 0006 00000001 0000 0014 00000000 00000002 00000002

2018-02-26 17:54:18 IST 000000001e480000 000000000f8f89d8 0099 00a4 0000 0006 00000000 0000 0014 00000000 00000001 00000001

2018-02-26 17:55:18 IST 000000001e480000 000000000df00468 009a 00a4 0000 0006 00000000 0000 0014 00000000 00000002 00000002

2018-02-26 17:56:18 IST 000000001e480000 000000000c57bed0 0099 00a4 0000 0006 00000000 0000 0014 00000000 00000001 00000001

2018-02-26 17:57:18 IST 000000001e480000 000000000ab7fb98 0099 00a4 0000 0006 00000001 0000 0014 00000000 00000002 00000002

2018-02-26 17:58:18 IST 000000001e480000 00000000091db780 0099 00a4 0000 0006 00000000 0000 0014 00000000 00000001 00000001

2018-02-26 17:59:18 IST 000000001df80000 0000000014995930 009a 00a4 0000 0006 00000001 0000 0014 00000000 00000002 00000002

2018-02-26 18:00:18 IST 000000001df80000 00000000130ac260 0099 00a4 0000 0006 00000000 0000 0014 00000000 00000001 00000001

2018-02-26 18:01:18 IST 000000001df80000 00000000113ba0f0 0099 00a4 0000 0006 00000000 0000 0014 00000000 00000002 00000002

2018-02-26 18:02:18 IST 000000001df80000 000000000fa42b00 009a 00a4 0000 0006 00000000 0000 0014 00000000 00000001 00000001

2018-02-26 18:03:18 IST 000000001df80000 000000000e0ed348 009a 00a4 0000 0006 00000001 0000 0014 00000000 00000002 00000002

2018-02-26 18:04:18 IST 000000001df80000 000000000c80c1e8 0099 00a4 0000 0006 00000000 0000 0014 00000000 00000001 00000001

2018-02-26 18:05:18 IST 000000001df80000 000000000aea49b0 0099 00a4 0000 0006 00000001 0000 0014 00000000 00000002 00000002

2018-02-26 18:06:18 IST 000000001df80000 00000000091a2ea8 009a 00a4 0000 0006 00000000 0000 0014 00000000 00000001 00000001

2018-02-26 18:07:18 IST 000000001d980000 00000000143b2400 009a 00a4 0000 0006 00000001 0000 0014 00000000 00000002 00000002

2018-02-26 18:08:18 IST 000000001d980000 0000000012b67c00 0099 00a4 0000 0006 00000000 0000 0014 00000000 00000001 00000001

2018-02-26 18:09:18 IST 000000001d980000 0000000011299388 0099 00a4 0000 0006 00000000 0000 0014 00000000 00000002 00000002

2018-02-26 18:10:18 IST 000000001d980000 000000000f64e4d8 009a 00a4 0000 0006 00000000 0000 0014 00000000 00000001 00000001

2018-02-26 18:11:18 IST 000000001d980000 000000000dd9e288 0099 00a4 0000 0006 00000001 0000 0014 00000000 00000002 00000002

2018-02-26 18:12:18 IST 000000001d980000 000000000c53cc10 0099 00a4 0000 0006 00000000 0000 0014 00000000 00000001 00000001

2018-02-26 18:13:18 IST 000000001d980000 000000000a888620 0099 00a4 0000 0006 00000001 0000 0014 00000000 00000002 00000002

2018-02-26 18:14:18 IST 000000001d980000 0000000009029a00 009a 00a4 0000 0006 00000000 0000 0014 00000000 00000001 00000001

2018-02-26 18:15:18 IST 000000001d500000 0000000013ee5428 0099 00a4 0000 0006 00000001 0000 0014 00000000 00000002 00000002

2018-02-26 18:16:18 IST 000000001d500000 0000000012390aa8 0099 00a4 0000 0006 00000000 0000 0014 00000000 00000001 00000001

2018-02-26 18:17:18 IST 000000001d500000 0000000010797950 0099 00a4 0000 0006 00000001 0000 0014 00000000 00000002 00000002

2018-02-26 18:18:18 IST 000000001d500000 000000000efb8310 009a 00a4 0000 0006 00000000 0000 0014 00000000 00000001 00000001

2018-02-26 18:19:18 IST 000000001d500000 000000000d3d3158 0099 00a4 0000 0006 00000001 0000 0014 00000000 00000002 00000002

2018-02-26 18:20:18 IST 000000001d500000 000000000bbf2320 0099 00a4 0000 0006 00000000 0000 0014 00000000 00000001 00000001

2018-02-26 18:21:18 IST 000000001d500000 0000000009ffdcc0 009a 00a4 0000 0006 00000001 0000 0014 00000000 00000002 00000002

2018-02-26 18:22:18 IST 000000001d500000 000000000881acb8 009a 00a4 0000 0006 00000000 0000 0014 00000000 00000001 00000001

2018-02-26 18:23:18 IST 000000001cf80000 0000000012e92020 0099 00a4 0000 0006 00000000 0000 0014 00000000 00000002 00000002

2018-02-26 18:24:18 IST 000000001cf80000 0000000011387a98 0099 00a4 0000 0006 00000000 0000 0014 00000001 00000001 00000001

2018-02-26 18:25:18 IST 000000001cf80000 000000000fbeb5f8 009a 00a4 0000 0006 00000001 0000 0014 00000000 00000002 00000002

2018-02-26 18:26:18 IST 000000001d000000 00000000127f2008 0099 00a4 0000 0006 00000000 0000 0014 00000000 00000001 00000001

2018-02-26 18:27:18 IST 000000001d000000 00000000110425a0 0099 00a4 0000 0006 00000000 0000 0014 00000000 00000002 00000002

2018-02-26 18:28:18 IST 000000001d000000 000000000f546b60 0099 00a4 0000 0006 00000000 0000 0014 00000000 00000001 00000001

2018-02-26 18:29:18 IST 000000001d000000 000000000d9e53e0 009a 00a4 0000 0006 00000000 0000 0014 00000000 00000002 00000002

2018-02-26 18:30:18 IST 000000001d000000 000000000bf61ff0 0099 00a4 0000 0006 00000000 0000 0014 00000000 00000001 00000001

2018-02-26 18:31:18 IST 000000001d000000 000000000a757a00 0099 00a4 0000 0006 00000001 0000 0014 00000001 00000002 00000002

2018-02-26 18:32:18 IST 000000001d000000 0000000008c4ae28 009a 00a4 0000 0006 00000000 0000 0014 00000000 00000001 00000001

2018-02-26 18:33:18 IST 000000001d000000 0000000013641eb0 009a 00a4 0000 0006 00000000 0000 0014 00000000 00000002 00000002

2018-02-26 18:34:18 IST 000000001d000000 0000000011ba2068 0099 00a4 0000 0006 00000000 0000 0014 00000000 00000001 00000001

2018-02-26 18:35:18 IST 000000001d000000 000000001002d010 0099 00a4 0000 0006 00000000 0000 0014 00000000 00000002 00000002

2018-02-26 18:36:18 IST 000000001d000000 000000000e880990 009a 00a4 0000 0006 00000000 0000 0014 00000000 00000001 00000001

2018-02-26 18:37:18 IST 000000001d000000 000000000cd455c8 009a 00a4 0000 0006 00000001 0000 0014 00000000 00000002 00000002

2018-02-26 18:38:18 IST 000000001d000000 000000000b2454e0 0099 00a4 0000 0006 00000000 0000 0014 00000000 00000001 00000001

2018-02-26 18:39:18 IST 000000001d000000 00000000096d2ca0 0099 00a4 0000 0006 00000001 0000 0014 00000000 00000002 00000002

2018-02-26 18:40:18 IST 000000001d000000 0000000007f2a4b8 009a 00a4 0000 0006 00000000 0000 0014 00000000 00000001 00000001

2018-02-26 18:41:18 IST 000000001d100000 0000000012856ff8 0099 00a4 0000 0006 00000001 0000 0014 00000000 00000002 00000002

2018-02-26 18:42:18 IST 000000001d100000 0000000010d203f8 0099 00a4 0000 0006 00000000 0000 0014 00000000 00000001 00000001

2018-02-26 18:43:18 IST 000000001d100000 000000000f55b150 009a 00a4 0000 0006 00000001 0000 0014 00000000 00000002 00000002

2018-02-26 18:44:18 IST 000000001d100000 000000000da21f70 009a 00a4 0000 0006 00000000 0000 0014 00000000 00000001 00000001

2018-02-26 18:45:18 IST 000000001d100000 000000000bebe788 0099 00a4 0000 0006 00000001 0000 0014 00000000 00000002 00000002

2018-02-26 18:46:18 IST 000000001d100000 000000000a740fe0 0099 00a4 0000 0006 00000000 0000 0014 00000000 00000001 00000001

2018-02-26 18:47:18 IST 000000001d100000 0000000008bae998 009a 00a4 0000 0006 00000001 0000 0014 00000000 00000002 00000002

2018-02-26 18:48:18 IST 000000001cb80000 000000001323c8c0 009a 00a4 0000 0006 00000000 0000 0014 00000000 00000001 00000001

2018-02-26 18:49:18 IST 000000001cb80000 000000001176fbf8 0099 00a4 0000 0006 00000000 0000 0014 00000000 00000002 00000002

2018-02-26 18:50:18 IST 000000001cb80000 000000000fce81b0 0099 00a4 0000 0006 00000000 0000 0014 00000000 00000001 00000001

2018-02-26 18:51:18 IST 000000001cb80000 000000000e206730 009a 00a4 0000 0006 00000000 0000 0014 00000000 00000002 00000002

2018-02-26 18:52:18 IST 000000001cb80000 000000000c795958 0099 00a4 0000 0006 00000000 0000 0014 00000000 00000001 00000001

2018-02-26 18:53:18 IST 000000001cb80000 000000000b05d378 0099 00a4 0000 0006 00000001 0000 0014 00000000 00000002 00000002

2018-02-26 18:54:18 IST 000000001cb80000 00000000095d4998 009a 00a4 0000 0006 00000000 0000 0014 00000000 00000001 00000001

2018-02-26 18:55:18 IST 000000001cb80000 0000000007af5648 009a 00a4 0000 0006 00000000 0000 0014 00000000 00000002 00000002

2018-02-26 18:56:18 IST 000000001c780000 0000000011c6b9c8 0099 00a4 0000 0006 00000000 0000 0014 00000000 00000001 00000001

2018-02-26 18:57:18 IST 000000001c780000 000000001021b0d8 0099 00a4 0000 0006 00000001 0000 0014 00000000 00000002 00000002

2018-02-26 18:58:18 IST 000000001c780000 000000000e82aa18 009a 00a4 0000 0006 00000000 0000 0014 00000000 00000001 00000001

2018-02-26 18:59:18 IST 000000001c780000 000000000cdd9d70 009a 00a4 0000 0006 00000000 0000 0014 00000000 00000002 00000002

2018-02-26 19:00:18 IST 000000001c780000 000000000b3fd208 0099 00a4 0000 0006 00000000 0000 0014 00000000 00000001 00000001

2018-02-26 19:01:18 IST 000000001c780000 00000000099c7c60 0099 00a4 0000 0006 00000001 0000 0014 00000000 00000002 00000002

2018-02-26 19:02:18 IST 000000001c780000 0000000007fd4078 009a 00a4 0000 0006 00000000 0000 0014 00000000 00000001 00000001

2018-02-26 19:03:18 IST 000000001c280000 0000000011e99ef8 0099 00a4 0000 0006 00000000 0000 0014 00000000 00000002 00000002

2018-02-26 19:04:18 IST 000000001c280000 0000000010226028 0099 00a4 0000 0006 00000000 0000 0014 00000000 00000001 00000001

2018-02-26 19:05:18 IST 000000001c280000 000000000e87fb60 0099 00a4 0000 0006 00000000 0000 0014 00000000 00000002 00000002

2018-02-26 19:06:18 IST 000000001c280000 000000000cf33360 009a 00a4 0000 0006 00000000 0000 0014 00000000 00000001 00000001

2018-02-26 19:07:18 IST 000000001c280000 000000000b51a760 0099 00a4 0000 0006 00000000 0000 0014 00000000 00000002 00000002

2018-02-26 19:08:18 IST 000000001c280000 0000000009bc8c88 0099 00a4 0000 0006 00000000 0000 0014 00000000 00000001 00000001

2018-02-26 19:09:18 IST 000000001c280000 0000000008222430 0099 00a4 0000 0006 00000001 0000 0014 00000000 00000002 00000002

2018-02-26 19:10:18 IST 000000001be80000 0000000011af00d0 009a 00a4 0000 0006 00000000 0000 0014 00000000 00000001 00000001

2018-02-26 19:11:18 IST 000000001be80000 000000000fe87990 0099 00a4 0000 0006 00000001 0000 0014 00000000 00000002 00000002

2018-02-26 19:12:18 IST 000000001be80000 000000000e57b7e0 0099 00a4 0000 0006 00000000 0000 0014 00000000 00000001 00000001

2018-02-26 19:13:18 IST 000000001be80000 000000000cc18b60 009a 00a4 0000 0006 00000001 0000 0014 00000000 00000002 00000002

2018-02-26 19:14:18 IST 000000001be80000 000000000afa2208 009a 00a4 0000 0006 00000000 0000 0014 00000000 00000001 00000001

2018-02-26 19:15:18 IST 000000001be80000 000000000964e4d8 0099 00a4 0000 0006 00000000 0000 0014 00000000 00000002 00000002

2018-02-26 19:16:18 IST 000000001be80000 0000000007d2f0a0 0099 00a4 0000 0006 00000000 0000 0014 00000000 00000001 00000001

2018-02-26 19:17:18 IST 000000001ba00000 0000000010ccd060 009a 00a4 0000 0006 00000000 0000 0014 00000000 00000002 00000002

2018-02-26 19:18:18 IST 000000001ba00000 000000000f473228 009a 00a4 0000 0006 00000000 0000 0014 00000000 00000001 00000001

2018-02-26 19:19:18 IST 000000001ba00000 000000000d8756e0 0099 00a4 0000 0006 00000001 0000 0014 00000000 00000002 00000002

2018-02-26 19:20:18 IST 000000001ba00000 000000000c01abc8 0099 00a4 0000 0006 00000000 0000 0014 00000000 00000001 00000001

2018-02-26 19:21:18 IST 000000001ba00000 000000000a42cd78 009a 00a4 0000 0006 00000001 0000 0014 00000000 00000002 00000002

2018-02-26 19:22:18 IST 000000001ba00000 0000000008bd6878 0099 00a4 0000 0006 00000000 0000 0014 00000000 00000001 00000001

2018-02-26 19:23:18 IST 000000001b600000 0000000011718028 0099 00a4 0000 0006 00000002 0000 0014 00000000 00000002 00000002

2018-02-26 19:24:18 IST 000000001b600000 000000000fc305f8 0099 00a4 0000 0006 00000000 0000 0014 00000000 00000001 00000001

2018-02-26 19:25:18 IST 000000001b600000 000000000e155580 009a 00a4 0000 0006 00000001 0000 0014 00000000 00000002 00000002

2018-02-26 19:26:18 IST 000000001b600000 00000000110e7d60 0099 00a4 0000 0006 00000000 0000 0014 00000000 00000001 00000001

2018-02-26 19:27:18 IST 000000001b600000 000000000f5a18f0 0099 00a4 0000 0006 00000001 0000 0014 00000000 00000002 00000002

2018-02-26 19:28:18 IST 000000001b600000 000000000dab86a8 0099 00a4 0000 0006 00000000 0000 0014 00000000 00000001 00000001

2018-02-26 19:29:18 IST 000000001b600000 000000000bf8d9a0 009a 00a4 0000 0006 00000000 0000 0014 00000000 00000002 00000002

2018-02-26 19:30:18 IST 000000001b600000 000000000a509c60 0099 00a4 0000 0006 00000000 0000 0014 00000000 00000001 00000001

2018-02-26 19:31:18 IST 000000001b600000 0000000008ca6400 0099 00a4 0000 0006 00000000 0000 0014 00000000 00000002 00000002

2018-02-26 19:32:18 IST 000000001b680000 0000000011aefeb8 009a 00a4 0000 0006 00000000 0000 0014 00000000 00000001 00000001

2018-02-26 19:33:18 IST 000000001b680000 000000000ff923f8 009a 00a4 0000 0006 00000000 0000 0014 00000000 00000002 00000002

2018-02-26 19:34:18 IST 000000001b680000 000000000e7dc640 0099 00a4 0000 0006 00000000 0000 0014 00000000 00000001 00000001

2018-02-26 19:35:18 IST 000000001b680000 000000000cc7e670 0099 00a4 0000 0006 00000001 0000 0014 00000000 00000002 00000002

2018-02-26 19:36:18 IST 000000001b680000 000000000b18eff8 009a 00a4 0000 0006 00000000 0000 0014 00000000 00000001 00000001

2018-02-26 19:37:18 IST 000000001b680000 0000000009600e40 009a 00a4 0000 0006 00000001 0000 0014 00000000 00000002 00000002

2018-02-26 19:38:18 IST 000000001b680000 0000000007e49e38 0099 00a4 0000 0006 00000000 0000 0014 00000000 00000001 00000001

2018-02-26 19:39:18 IST 000000001b700000 0000000010ab7020 0099 00a4 0000 0006 00000001 0000 0014 00000000 00000002 00000002

2018-02-26 19:40:18 IST 000000001b700000 000000000f310560 009a 00a4 0000 0006 00000000 0000 0014 00000000 00000001 00000001

2018-02-26 19:41:18 IST 000000001b700000 000000000d7ec370 0099 00a4 0000 0006 00000000 0000 0014 00000000 00000002 00000002

2018-02-26 19:42:18 IST 000000001b700000 000000000bcf9e88 0099 00a4 0000 0006 00000000 0000 0014 00000000 00000001 00000001

2018-02-26 19:43:18 IST 000000001b700000 000000000a1b1d58 0099 00a4 0000 0006 00000001 0000 0014 00000000 00000002 00000002

2018-02-26 19:44:18 IST 000000001b700000 0000000008739558 009a 00a4 0000 0006 00000000 0000 0014 00000000 00000001 00000001

2018-02-26 19:45:18 IST 000000001b300000 000000001146d658 0099 00a4 0000 0006 00000001 0000 0014 00000000 00000002 00000002

2018-02-26 19:46:18 IST 000000001b300000 000000000fa07c88 0099 00a4 0000 0006 00000000 0000 0014 00000000 00000001 00000001

2018-02-26 19:47:18 IST 000000001b300000 000000000df4c388 0099 00a4 0000 0006 00000001 0000 0014 00000000 00000002 00000002

2018-02-26 19:48:18 IST 000000001b300000 000000000c501a18 009a 00a4 0000 0006 00000000 0000 0014 00000001 00000001 00000001

2018-02-26 19:49:18 IST 000000001b300000 000000000aa59e88 0099 00a4 0000 0006 00000000 0000 0014 00000000 00000002 00000002

2018-02-26 19:50:18 IST 000000001b300000 0000000008ffa838 0099 00a4 0000 0006 00000000 0000 0014 00000000 00000001 00000001

2018-02-26 19:51:18 IST 000000001af80000 000000001177f798 009a 00a4 0000 0006 00000000 0000 0014 00000000 00000002 00000002

2018-02-26 19:52:18 IST 000000001af80000 000000000fd98000 009b 00a4 0000 0006 00000000 0000 0014 00000000 00000001 00000001

2018-02-26 19:53:18 IST 000000001af80000 000000000e37a590 009a 00a4 0000 0006 00000000 0000 0014 00000000 00000002 00000002

2018-02-26 19:54:18 IST 000000001af80000 000000000c9ab5a8 009a 00a4 0000 0006 00000000 0000 0014 00000000 00000001 00000001

2018-02-26 19:55:18 IST 000000001af80000 000000000af95330 009b 00a4 0000 0006 00000001 0000 0014 00000000 00000002 00000002

2018-02-26 19:56:18 IST 000000001af80000 00000000095ba8c0 009b 00a4 0000 0006 00000000 0000 0014 00000000 00000001 00000001

2018-02-26 19:57:18 IST 000000001af80000 0000000007b93f10 009a 00a4 0000 0006 00000000 0000 0014 00000000 00000002 00000002

2018-02-26 19:58:18 IST 000000001ac00000 0000000010170fc8 009a 00a4 0000 0006 00000000 0000 0014 00000000 00000001 00000001

2018-02-26 19:59:18 IST 000000001ac00000 000000000e7cfdb8 009b 00a4 0000 0006 00000001 0000 0014 00000000 00000002 00000002

2018-02-26 20:00:18 IST 000000001ac00000 000000000ce3ed98 009a 00a4 0000 0006 00000000 0000 0014 00000000 00000001 00000001

2018-02-26 20:01:18 IST 000000001ac00000 000000000b1c6de8 009a 00a4 0000 0006 00000001 0000 0014 00000000 00000002 00000002

2018-02-26 20:02:18 IST 000000001ac00000 000000000986c528 009a 00a4 0000 0006 00000000 0000 0014 00000000 00000001 00000001

2018-02-26 20:03:18 IST 000000001ac00000 0000000007ec7980 009b 00a4 0000 0006 00000001 0000 0014 00000000 00000002 00000002

2018-02-26 20:04:18 IST 000000001a880000 000000001017a868 009a 00a4 0000 0006 00000000 0000 0014 00000000 00000001 00000001

2018-02-26 20:05:18 IST 000000001a880000 000000000e554e78 009a 00a4 0000 0006 00000000 0000 0014 00000000 00000002 00000002

2018-02-26 20:06:18 IST 000000001a880000 000000000cc85248 009b 00a4 0000 0006 00000000 0000 0014 00000000 00000001 00000001

2018-02-26 20:07:18 IST 000000001a880000 000000000b020100 009b 00a4 0000 0006 00000001 0000 0014 00000000 00000002 00000002

2018-02-26 20:08:18 IST 000000001a880000 0000000009758588 009a 00a4 0000 0006 00000000 0000 0014 00000000 00000001 00000001

2018-02-26 20:09:18 IST 000000001a880000 0000000007e251d0 009a 00a4 0000 0006 00000000 0000 0014 00000000 00000002 00000002

2018-02-26 20:10:18 IST 000000001a500000 000000000fb81800 009b 00a4 0000 0006 00000000 0000 0014 00000000 00000001 00000001

2018-02-26 20:11:18 IST 000000001a500000 000000000e296708 009a 00a4 0000 0006 00000000 0000 0014 00000000 00000002 00000002

2018-02-26 20:12:18 IST 000000001a500000 000000000c7aff90 009a 00a4 0000 0006 00000000 0000 0014 00000000 00000001 00000001

2018-02-26 20:13:18 IST 000000001a500000 000000000ac1bb70 009a 00a4 0000 0006 00000001 0000 0014 00000000 00000002 00000002

2018-02-26 20:14:18 IST 000000001a500000 000000000939b7f8 009b 00a4 0000 0006 00000000 0000 0014 00000000 00000001 00000001

2018-02-26 20:15:18 IST 000000001a200000 0000000010d61da0 009a 00a4 0000 0006 00000001 0000 0014 00000000 00000002 00000002

2018-02-26 20:16:18 IST 000000001a200000 000000000f57e5a8 009a 00a4 0000 0006 00000000 0000 0014 00000000 00000001 00000001

2018-02-26 20:17:18 IST 000000001a200000 000000000da668a0 009a 00a4 0000 0006 00000001 0000 0014 00000000 00000002 00000002

2018-02-26 20:18:18 IST 000000001a200000 000000000bfb82a8 009a 00a4 0000 0006 00000000 0000 0014 00000000 00000001 00000001

2018-02-26 20:19:18 IST 000000001a200000 000000000a4b6f70 0099 00a4 0000 0006 00000000 0000 0014 00000000 00000002 00000002

2018-02-26 20:20:18 IST 000000001a200000 0000000008a4b3e8 0099 00a4 0000 0006 00000000 0000 0014 00000000 00000001 00000001

2018-02-26 20:21:18 IST 0000000019f00000 00000000104c1740 009a 00a4 0000 0006 00000001 0000 0014 00000000 00000002 00000002

2018-02-26 20:22:18 IST 0000000019f00000 000000000ea87628 009a 00a4 0000 0006 00000000 0000 0014 00000000 00000001 00000001

2018-02-26 20:23:18 IST 0000000019f00000 000000000d001b80 0099 00a4 0000 0006 00000000 0000 0014 00000000 00000002 00000002

2018-02-26 20:24:18 IST 0000000019f00000 000000000b5c4f98 0099 00a4 0000 0006 00000000 0000 0014 00000000 00000001 00000001

2018-02-26 20:25:18 IST 0000000019f00000 0000000009b47a88 009a 00a4 0000 0006 00000001 0000 0014 00000000 00000002 00000002

2018-02-26 20:26:18 IST 0000000019f00000 000000000f9bc990 009a 00a4 0000 0006 00000000 0000 0014 00000000 00000001 00000001

2018-02-26 20:27:18 IST 0000000019f00000 000000000dce4b28 0099 00a4 0000 0006 00000000 0000 0014 00000000 00000002 00000002

2018-02-26 20:28:18 IST 0000000019f00000 000000000c2e3378 0099 00a4 0000 0006 00000000 0000 0014 00000000 00000001 00000001

2018-02-26 20:29:18 IST 0000000019f00000 000000000ab0ccb0 009a 00a4 0000 0006 00000001 0000 0014 00000000 00000002 00000002

2018-02-26 20:30:18 IST 0000000019f00000 0000000008e91610 0099 00a4 0000 0006 00000000 0000 0014 00000000 00000001 00000001

2018-02-26 20:31:18 IST 0000000019f80000 000000001080f388 0099 00a4 0000 0006 00000001 0000 0014 00000000 00000002 00000002

2018-02-26 20:32:18 IST 0000000019f80000 000000000edeb3e0 0099 00a4 0000 0006 00000000 0000 0014 00000000 00000001 00000001

2018-02-26 20:33:18 IST 0000000019f80000 000000000d381e60 009a 00a4 0000 0006 00000001 0000 0014 00000000 00000002 00000002

2018-02-26 20:34:18 IST 0000000019f80000 000000000b979168 0099 00a4 0000 0006 00000000 0000 0014 00000000 00000001 00000001

2018-02-26 20:35:18 IST 0000000019f80000 0000000009f006a8 0099 00a4 0000 0006 00000001 0000 0014 00000000 00000002 00000002

2018-02-26 20:36:18 IST 0000000019f80000 00000000084f13b0 009a 00a4 0000 0006 00000000 0000 0014 00000000 00000001 00000001

2018-02-26 20:37:18 IST 000000001a000000 000000000fce14b8 009a 00a4 0000 0006 00000001 0000 0014 00000000 00000002 00000002

2018-02-26 20:38:18 IST 000000001a000000 000000000e29f9e8 0099 00a4 0000 0006 00000000 0000 0014 00000000 00000001 00000001

2018-02-26 20:39:18 IST 000000001a000000 000000000cabc9f0 0099 00a4 0000 0006 00000000 0000 0014 00000000 00000002 00000002

2018-02-26 20:40:18 IST 000000001a000000 000000000b076d48 009a 00a4 0000 0006 00000000 0000 0014 00000000 00000001 00000001

2018-02-26 20:41:18 IST 000000001a000000 00000000095d6550 009a 00a4 0000 0006 00000001 0000 0014 00000000 00000002 00000002

2018-02-26 20:42:18 IST 000000001a000000 0000000007b8f1e8 0099 00a4 0000 0006 00000000 0000 0014 00000000 00000001 00000001

2018-02-26 20:43:18 IST 000000001a080000 000000000f468ed8 0099 00a4 0000 0006 00000001 0000 0014 00000000 00000002 00000002

2018-02-26 20:44:18 IST 000000001a080000 000000000da06aa0 009a 00a4 0000 0006 00000000 0000 0014 00000000 00000001 00000001

2018-02-26 20:45:18 IST 000000001a080000 000000000bf5ac78 0099 00a4 0000 0006 00000001 0000 0014 00000000 00000002 00000002

2018-02-26 20:46:18 IST 000000001a080000 000000000a76e4a0 0099 00a4 0000 0006 00000000 0000 0014 00000000 00000001 00000001

2018-02-26 20:47:18 IST 000000001a080000 0000000008cf4df0 0099 00a4 0000 0006 00000001 0000 0014 00000000 00000002 00000002

2018-02-26 20:48:18 IST 0000000019d80000 0000000010336db8 009a 00a4 0000 0006 00000000 0000 0014 00000000 00000001 00000001

2018-02-26 20:49:18 IST 0000000019d80000 000000000e64c710 0099 00a4 0000 0006 00000000 0000 0014 00000000 00000002 00000002

2018-02-26 20:50:18 IST 0000000019d80000 000000000cc6c598 0099 00a4 0000 0006 00000000 0000 0014 00000000 00000001 00000001

2018-02-26 20:51:18 IST 0000000019d80000 000000000b232c50 0099 00a4 0000 0006 00000001 0000 0014 00000000 00000002 00000002

2018-02-26 20:52:18 IST 0000000019d80000 0000000009856ee8 009a 00a4 0000 0006 00000000 0000 0014 00000000 00000001 00000001

2018-02-26 20:53:18 IST 0000000019d80000 0000000007e2cef0 0099 00a4 0000 0006 00000001 0000 0014 00000000 00000002 00000002

2018-02-26 20:54:18 IST 0000000019a80000 000000000f2a7278 0099 00a4 0000 0006 00000000 0000 0014 00000000 00000001 00000001

2018-02-26 20:55:18 IST 0000000019a80000 000000000d8ec890 009a 00a4 0000 0006 00000001 0000 0014 00000000 00000002 00000002

2018-02-26 20:56:18 IST 0000000019a80000 000000000bf7c828 009a 00a4 0000 0006 00000000 0000 0014 00000000 00000001 00000001

2018-02-26 20:57:18 IST 0000000019a80000 000000000a57e680 0099 00a4 0000 0006 00000001 0000 0014 00000000 00000002 00000002

2018-02-26 20:58:18 IST 0000000019a80000 00000000089a5910 0099 00a4 0000 0006 00000000 0000 0014 00000000 00000001 00000001

2018-02-26 20:59:18 IST 0000000019780000 000000000faed268 009a 00a4 0000 0006 00000001 0000 0014 00000000 00000002 00000002

2018-02-26 21:00:18 IST 0000000019780000 000000000df6d910 0099 00a4 0000 0006 00000000 0000 0014 00000000 00000001 00000001

2018-02-26 21:01:18 IST 0000000019780000 000000000c638410 0099 00a4 0000 0006 00000001 0000 0014 00000000 00000002 00000002

2018-02-26 21:02:18 IST 0000000019780000 000000000ad0a3e8 0099 00a4 0000 0006 00000000 0000 0014 00000000 00000001 00000001

2018-02-26 21:03:18 IST 0000000019780000 0000000009183688 009a 00a4 0000 0006 00000000 0000 0014 00000000 00000002 00000002

2018-02-26 21:04:18 IST 0000000019500000 00000000100b08f0 0099 00a4 0000 0006 00000000 0000 0014 00000000 00000001 00000001

2018-02-26 21:05:18 IST 0000000019500000 000000000e57c750 0099 00a4 0000 0006 00000001 0000 0014 00000000 00000002 00000002

2018-02-26 21:06:18 IST 0000000019500000 000000000ccc91a0 009a 00a4 0000 0006 00000000 0000 0014 00000000 00000001 00000001

2018-02-26 21:07:18 IST 0000000019500000 000000000b16a838 009a 00a4 0000 0006 00000000 0000 0014 00000000 00000002 00000002

2018-02-26 21:08:18 IST 0000000019500000 00000000098b9238 0099 00a4 0000 0006 00000000 0000 0014 00000000 00000001 00000001

2018-02-26 21:09:18 IST 0000000019500000 0000000007d87c48 0099 00a4 0000 0006 00000001 0000 0014 00000000 00000002 00000002

2018-02-26 21:10:18 IST 0000000019280000 000000000e966888 009a 00a4 0000 0006 00000000 0000 0014 00000000 00000001 00000001

2018-02-26 21:11:18 IST 0000000019280000 000000000ce990f8 009a 00a4 0000 0006 00000000 0000 0014 00000000 00000002 00000002

2018-02-26 21:12:18 IST 0000000019280000 000000000b465fe0 0099 00a4 0000 0006 00000000 0000 0014 00000000 00000001 00000001

2018-02-26 21:13:18 IST 0000000019280000 0000000009996e50 0099 00a4 0000 0006 00000001 0000 0014 00000000 00000002 00000002

2018-02-26 21:14:18 IST 0000000019280000 0000000008173a30 009a 00a4 0000 0006 00000000 0000 0014 00000000 00000001 00000001

2018-02-26 21:15:18 IST 0000000019000000 000000000e9d7720 0099 00a4 0000 0006 00000001 0000 0014 00000000 00000002 00000002

2018-02-26 21:16:18 IST 0000000019000000 000000000cfc2708 0099 00a4 0000 0006 00000000 0000 0014 00000000 00000001 00000001

2018-02-26 21:17:18 IST 0000000019000000 000000000b553578 0099 00a4 0000 0006 00000001 0000 0014 00000000 00000002 00000002

2018-02-26 21:18:18 IST 0000000019000000 0000000009b522b0 009a 00a4 0000 0006 00000000 0000 0014 00000000 00000001 00000001

2018-02-26 21:19:18 IST 0000000019000000 0000000008341610 0099 00a4 0000 0006 00000001 0000 0014 00000000 00000002 00000002

2018-02-26 21:20:18 IST 0000000018d80000 000000000e7d8698 0099 00a4 0000 0006 00000000 0000 0014 00000000 00000001 00000001

2018-02-26 21:21:18 IST 0000000018d80000 000000000cda5920 009a 00a4 0000 0006 00000001 0000 0014 00000000 00000002 00000002

2018-02-26 21:22:18 IST 0000000018d80000 000000000b400080 009a 00a4 0000 0006 00000000 0000 0014 00000000 00000001 00000001

2018-02-26 21:23:18 IST 0000000018d80000 0000000009a0d478 0099 00a4 0000 0006 00000001 0000 0014 00000000 00000002 00000002

2018-02-26 21:24:18 IST 0000000018d80000 0000000008064a28 0099 00a4 0000 0006 00000000 0000 0014 00000000 00000001 00000001

2018-02-26 21:25:18 IST 0000000018b00000 000000000e356630 009a 00a4 0000 0006 00000000 0000 0014 00000000 00000002 00000002

2018-02-26 21:26:18 IST 0000000018b00000 000000000e66dc88 0099 00a4 0000 0006 00000000 0000 0014 00000000 00000001 00000001

2018-02-26 21:27:18 IST 0000000018b00000 000000000ca648e0 0099 00a4 0000 0006 00000001 0000 0014 00000000 00000002 00000002

2018-02-26 21:28:18 IST 0000000018b00000 000000000b12d930 0099 00a4 0000 0006 00000000 0000 0014 00000000 00000001 00000001

2018-02-26 21:29:18 IST 0000000018b00000 00000000097b2130 009a 00a4 0000 0006 00000001 0000 0014 00000000 00000002 00000002

2018-02-26 21:30:18 IST 0000000018b00000 0000000007e4dd68 0099 00a4 0000 0006 00000000 0000 0014 00000000 00000001 00000001

2018-02-26 21:31:18 IST 0000000018b80000 000000000e362248 0099 00a4 0000 0006 00000001 0000 0014 00000000 00000002 00000002

2018-02-26 21:32:18 IST 0000000018b80000 000000000c7e3970 009a 00a4 0000 0006 00000000 0000 0014 00000000 00000001 00000001

2018-02-26 21:33:18 IST 0000000018b80000 000000000ae3ea68 009a 00a4 0000 0006 00000001 0000 0014 00000000 00000002 00000002

2018-02-26 21:34:18 IST 0000000018b80000 00000000094bd8d8 0099 00a4 0000 0006 00000000 0000 0014 00000000 00000001 00000001

2018-02-26 21:35:18 IST 0000000018c00000 000000000f86bfc0 0099 00a4 0000 0006 00000001 0000 0014 00000000 00000002 00000002

2018-02-26 21:36:18 IST 0000000018c00000 000000000df09750 009a 00a4 0000 0006 00000000 0000 0014 00000000 00000001 00000001

2018-02-26 21:37:18 IST 0000000018c00000 000000000c520e48 0099 00a4 0000 0006 00000001 0000 0014 00000000 00000002 00000002

2018-02-26 21:38:18 IST 0000000018c00000 000000000abb1430 0099 00a4 0000 0006 00000000 0000 0014 00000000 00000001 00000001

2018-02-26 21:39:18 IST 0000000018c00000 00000000091ae4b8 0099 00a4 0000 0006 00000001 0000 0014 00000000 00000002 00000002

2018-02-26 21:40:18 IST 0000000018c80000 000000000f6572e0 009a 00a4 0000 0006 00000000 0000 0014 00000000 00000001 00000001

2018-02-26 21:41:18 IST 0000000018c80000 000000000dc786a0 0099 00a4 0000 0006 00000001 0000 0014 00000000 00000002 00000002

2018-02-26 21:42:18 IST 0000000018c80000 000000000c2f96d0 0099 00a4 0000 0006 00000000 0000 0014 00000000 00000001 00000001

2018-02-26 21:43:18 IST 0000000018c80000 000000000a920ad0 009a 00a4 0000 0006 00000001 0000 0014 00000000 00000002 00000002

2018-02-26 21:44:18 IST 0000000018c80000 0000000008f9d6b8 009a 00a4 0000 0006 00000000 0000 0014 00000000 00000001 00000001

2018-02-26 21:45:18 IST 0000000018a00000 000000000f17e4f0 0099 00a4 0000 0006 00000001 0000 0014 00000000 00000002 00000002

2018-02-26 21:46:18 IST 0000000018a00000 000000000d8931a8 0099 00a4 0000 0006 00000000 0000 0014 00000000 00000001 00000001

2018-02-26 21:47:18 IST 0000000018a00000 000000000bd06a60 009a 00a4 0000 0006 00000000 0000 0014 00000000 00000002 00000002

2018-02-26 21:48:18 IST 0000000018a00000 000000000a432f80 0099 00a4 0000 0006 00000000 0000 0014 00000000 00000001 00000001

2018-02-26 21:49:18 IST 0000000018a00000 00000000088990d0 0099 00a4 0000 0006 00000000 0000 0014 00000000 00000002 00000002

2018-02-26 21:50:18 IST 0000000018780000 000000000ea42850 0099 00a4 0000 0006 00000000 0000 0014 00000000 00000001 00000001

2018-02-26 21:51:18 IST 0000000018780000 000000000cf1b398 009a 00a4 0000 0006 00000001 0000 0014 00000000 00000002 00000002

2018-02-26 21:52:18 IST 0000000018780000 000000000b6ab0f0 0099 00a4 0000 0006 00000000 0000 0014 00000000 00000001 00000001

2018-02-26 21:53:18 IST 0000000018780000 0000000009b81a38 0099 00a4 0000 0006 00000001 0000 0014 00000000 00000002 00000002

2018-02-26 21:54:18 IST 0000000018780000 00000000080e1d90 009a 00a4 0000 0006 00000000 0000 0014 00000000 00000001 00000001

2018-02-26 21:55:18 IST 0000000018580000 000000000e169e38 009a 00a4 0000 0006 00000001 0000 0014 00000000 00000002 00000002

2018-02-26 21:56:18 IST 0000000018580000 000000000c703c00 0099 00a4 0000 0006 00000000 0000 0014 00000000 00000001 00000001

