2018-02-28 13:09:59 IST ---( Start )---
2018-02-28 13:10:59 IST 0000000023380000 0000000013e70ed0 0099 00a4 0000 0006 00000000 0000 0014 00000001 00000001 00000001

2018-02-28 13:11:59 IST 0000000023380000 00000000127cc3e0 009a 00a4 0000 0006 00000003 0000 0014 00000000 00000002 00000002

2018-02-28 13:12:59 IST 0000000023380000 00000000110ee748 0099 00a4 0000 0006 00000000 0000 0014 00000000 00000001 00000001

2018-02-28 13:13:59 IST 0000000023380000 000000000f316948 0099 00a4 0000 0006 00000000 0000 0014 00000000 00000002 00000002

2018-02-28 13:14:59 IST 0000000023380000 000000000da58a78 0099 00a4 0000 0006 00000000 0000 0014 00000000 00000001 00000001

2018-02-28 13:15:59 IST 0000000023380000 000000000bc684e0 009a 00a4 0000 0006 00000002 0000 0014 00000000 00000002 00000002

2018-02-28 13:16:59 IST 0000000023380000 000000000a588098 0098 00a4 0000 0006 00000000 0000 0014 00000000 00000001 00000001

2018-02-28 13:17:59 IST 0000000023380000 00000000086d0cb0 0098 00a4 0000 0006 00000000 0000 0014 00000000 00000002 00000002

2018-02-28 13:18:59 IST 0000000023e80000 0000000019b9c588 0099 00a4 0000 0006 00000000 0000 0014 00000000 00000001 00000001

2018-02-28 13:19:59 IST 0000000023e80000 000000001839f198 0099 00a4 0000 0006 00000002 0000 0014 00000000 00000002 00000002

2018-02-28 13:20:59 IST 0000000023e80000 0000000016cc0240 0098 00a4 0000 0006 00000000 0000 0014 00000000 00000001 00000001

2018-02-28 13:21:59 IST 0000000023e80000 0000000015f31328 0098 00a4 0000 0006 00000001 0000 0014 00000000 00000002 00000002

2018-02-28 13:22:59 IST 0000000023e80000 0000000014c00d08 0099 00a4 0000 0006 00000000 0000 0014 00000000 00000001 00000001

2018-02-28 13:23:59 IST 0000000023e80000 0000000013963900 0098 00a4 0000 0006 00000001 0000 0014 00000000 00000002 00000002

2018-02-28 13:24:59 IST 0000000023e80000 0000000011d178e8 0098 00a4 0000 0006 00000000 0000 0014 00000007 00000001 00000001

2018-02-28 13:25:59 IST 0000000023e80000 000000001051a4b0 0099 00a4 0000 0006 00000001 0000 0014 00000000 00000002 00000002

2018-02-28 13:26:59 IST 0000000023e80000 000000000e8c6320 0099 00a4 0000 0006 00000000 0000 0014 00000000 00000001 00000001

2018-02-28 13:27:59 IST 0000000023e80000 000000000cb0e670 0098 00a4 0000 0006 00000001 0000 0014 00000000 00000002 00000002

2018-02-28 13:28:59 IST 0000000023e80000 000000000b3564c0 0098 00a4 0000 0006 00000000 0000 0014 00000000 00000001 00000001

2018-02-28 13:29:59 IST 0000000023e80000 00000000096b6270 0099 00a4 0000 0006 00000001 0000 0014 00000000 00000002 00000002

2018-02-28 13:30:59 IST 0000000023e80000 0000000007dc2a00 0099 00a4 0000 0006 00000000 0000 0014 00000000 00000001 00000001

2018-02-28 13:31:59 IST 0000000024780000 0000000019bece40 0098 00a4 0000 0006 00000002 0000 0014 00000000 00000002 00000002

2018-02-28 13:32:59 IST 0000000024780000 00000000181d10b8 0098 00a4 0000 0006 00000000 0000 0014 00000000 00000001 00000001

2018-02-28 13:33:59 IST 0000000024780000 0000000016752190 0099 00a4 0000 0006 00000001 0000 0014 00000000 00000002 00000002

2018-02-28 13:34:59 IST 0000000024780000 0000000014e11af8 0098 00a4 0000 0006 00000000 0000 0014 00000000 00000001 00000001

2018-02-28 13:35:59 IST 0000000024780000 000000001339d340 0098 00a4 0000 0006 00000001 0000 0014 00000000 00000002 00000002

2018-02-28 13:36:59 IST 0000000024780000 00000000116b90e8 0098 00a4 0000 0006 00000000 0000 0014 00000000 00000001 00000001

2018-02-28 13:37:59 IST 0000000024780000 000000000fc4e038 0099 00a4 0000 0006 00000003 0000 0014 00000000 00000002 00000002

2018-02-28 13:38:59 IST 0000000024780000 000000000e598528 0098 00a4 0000 0006 00000000 0000 0014 00000000 00000001 00000001

2018-02-28 13:39:59 IST 0000000024780000 000000000cb2c590 0098 00a4 0000 0006 00000000 0000 0014 00000000 00000002 00000002

2018-02-28 13:40:59 IST 0000000024780000 000000000ae62f80 0099 00a4 0000 0006 00000000 0000 0014 00000000 00000001 00000001

2018-02-28 13:41:59 IST 0000000024780000 00000000093d2268 0099 00a4 0000 0006 00000003 0000 0014 00000000 00000002 00000002

2018-02-28 13:42:59 IST 0000000024c80000 000000001bb15430 0098 00a4 0000 0006 00000000 0000 0014 00000000 00000001 00000001

2018-02-28 13:43:59 IST 0000000024c80000 0000000019adc748 0098 00a4 0000 0006 00000001 0000 0014 00000000 00000002 00000002

2018-02-28 13:44:59 IST 0000000024c80000 0000000018137520 0099 00a4 0000 0006 00000000 0000 0014 00000000 00000001 00000001

2018-02-28 13:45:59 IST 0000000024c80000 0000000016738598 0099 00a4 0000 0006 00000001 0000 0014 00000000 00000002 00000002

2018-02-28 13:46:59 IST 0000000024c80000 0000000014da21a8 0098 00a4 0000 0006 00000000 0000 0014 00000000 00000001 00000001

2018-02-28 13:47:59 IST 0000000024c80000 000000001339d8a0 0098 00a4 0000 0006 00000001 0000 0014 00000000 00000002 00000002

2018-02-28 13:48:59 IST 0000000024c80000 00000000119f85f0 0099 00a4 0000 0006 00000000 0000 0014 00000000 00000001 00000001

2018-02-28 13:49:59 IST 0000000024c80000 000000001002ae58 0098 00a4 0000 0006 00000000 0000 0014 00000000 00000002 00000002

2018-02-28 13:50:59 IST 0000000024c80000 000000000e2c60d8 0098 00a4 0000 0006 00000000 0000 0014 00000001 00000001 00000001

2018-02-28 13:51:59 IST 0000000024c80000 000000000c8ca550 0098 00a4 0000 0006 00000001 0000 0014 00000000 00000002 00000002

2018-02-28 13:52:59 IST 0000000024c80000 000000000af1e680 0099 00a4 0000 0006 00000000 0000 0014 00000000 00000001 00000001

2018-02-28 13:53:59 IST 0000000024c80000 0000000009552e00 0098 00a4 0000 0006 00000001 0000 0014 00000000 00000002 00000002

2018-02-28 13:54:59 IST 0000000024c80000 0000000007b8ae28 0098 00a4 0000 0006 00000000 0000 0014 00000000 00000001 00000001

2018-02-28 13:55:59 IST 0000000024200000 00000000196ceb30 0099 00a4 0000 0006 00000000 0000 0014 00000000 00000002 00000002

2018-02-28 13:56:59 IST 0000000024200000 0000000017af8280 0099 00a4 0000 0006 00000000 0000 0014 00000000 00000001 00000001

2018-02-28 13:57:59 IST 0000000024200000 0000000016143e80 0097 00a4 0000 0006 00000000 0000 0014 00000000 00000002 00000002

2018-02-28 13:58:59 IST 0000000024200000 000000001456e2d8 0097 00a4 0000 0006 00000000 0000 0014 00000000 00000001 00000001

2018-02-28 13:59:59 IST 0000000024200000 0000000012babb98 0098 00a4 0000 0006 00000000 0000 0014 00000000 00000002 00000002

2018-02-28 14:00:59 IST 0000000024200000 0000000010fc20b8 0098 00a4 0000 0006 00000000 0000 0014 00000000 00000001 00000001

2018-02-28 14:01:59 IST 0000000024200000 000000000f7e7910 0097 00a4 0000 0006 00000000 0000 0014 00000000 00000002 00000002

2018-02-28 14:02:59 IST 0000000024200000 000000000de7a070 0097 00a4 0000 0006 00000000 0000 0014 00000000 00000001 00000001

2018-02-28 14:03:59 IST 0000000024200000 000000000c238aa0 0098 00a4 0000 0006 00000001 0000 0014 00000000 00000002 00000002

2018-02-28 14:04:59 IST 0000000024200000 000000000a8fb8f0 0097 00a4 0000 0006 00000000 0000 0014 00000000 00000001 00000001

2018-02-28 14:05:59 IST 0000000024200000 0000000008ccbb40 0097 00a4 0000 0006 00000001 0000 0014 00000000 00000002 00000002

2018-02-28 14:06:59 IST 0000000023900000 0000000019c9e0e0 0097 00a4 0000 0006 00000000 0000 0014 00000000 00000001 00000001

2018-02-28 14:07:59 IST 0000000023900000 0000000018289e58 0098 00a4 0000 0006 00000000 0000 0014 00000000 00000002 00000002

2018-02-28 14:08:59 IST 0000000023900000 0000000016905218 0097 00a4 0000 0006 00000000 0000 0014 00000000 00000001 00000001

2018-02-28 14:09:59 IST 0000000023900000 0000000014eeeba8 0097 00a4 0000 0006 00000000 0000 0014 00000000 00000002 00000002

2018-02-28 14:10:59 IST 0000000023880000 0000000018de26d8 0097 00a4 0000 0006 00000000 0000 0014 00000000 00000001 00000001

2018-02-28 14:11:59 IST 0000000023880000 00000000173ce4e0 0098 00a4 0000 0006 00000001 0000 0014 00000000 00000002 00000002

2018-02-28 14:12:59 IST 0000000023880000 0000000015a47230 0097 00a4 0000 0006 00000000 0000 0014 00000000 00000001 00000001

2018-02-28 14:13:59 IST 0000000023880000 00000000144965c0 0097 00a4 0000 0006 00000001 0000 0014 00000000 00000002 00000002

2018-02-28 14:14:59 IST 0000000023880000 00000000126924b8 0098 00a4 0000 0006 00000000 0000 0014 00000000 00000001 00000001

2018-02-28 14:15:59 IST 0000000023880000 0000000010c7f3f0 0098 00a4 0000 0006 00000001 0000 0014 00000000 00000002 00000002

2018-02-28 14:16:59 IST 0000000023880000 000000000f2f8ad0 0097 00a4 0000 0006 00000000 0000 0014 00000000 00000001 00000001

2018-02-28 14:17:59 IST 0000000023880000 000000000d8e82c8 0097 00a4 0000 0006 00000000 0000 0014 00000000 00000002 00000002

2018-02-28 14:18:59 IST 0000000023880000 000000000bf269e8 0098 00a4 0000 0006 00000000 0000 0014 00000000 00000001 00000001

2018-02-28 14:19:59 IST 0000000023880000 000000000a6fda58 0097 00a4 0000 0006 00000001 0000 0014 00000000 00000002 00000002

2018-02-28 14:20:59 IST 0000000023880000 0000000008cdf9b0 0097 00a4 0000 0006 00000000 0000 0014 00000000 00000001 00000001

2018-02-28 14:21:59 IST 0000000023c00000 000000001a447a40 0098 00a4 0000 0006 00000000 0000 0014 00000000 00000002 00000002

2018-02-28 14:22:59 IST 0000000023c00000 0000000018984e60 0098 00a4 0000 0006 00000000 0000 0014 00000000 00000001 00000001

2018-02-28 14:23:59 IST 0000000023c00000 000000001724aa80 0097 00a4 0000 0006 00000001 0000 0014 00000000 00000002 00000002

2018-02-28 14:24:59 IST 0000000023c00000 000000001578f7f8 0097 00a4 0000 0006 00000000 0000 0014 00000000 00000001 00000001

2018-02-28 14:25:59 IST 0000000023c00000 0000000013c8d328 0098 00a4 0000 0006 00000000 0000 0014 00000000 00000002 00000002

2018-02-28 14:26:59 IST 0000000023c00000 0000000012590a38 0097 00a4 0000 0006 00000000 0000 0014 00000000 00000001 00000001

2018-02-28 14:27:59 IST 0000000023c00000 0000000010a91d80 0097 00a4 0000 0006 00000001 0000 0014 00000000 00000002 00000002

2018-02-28 14:28:59 IST 0000000023c00000 000000000eec4938 0097 00a4 0000 0006 00000000 0000 0014 00000000 00000001 00000001

2018-02-28 14:29:59 IST 0000000023c00000 000000000d875718 0098 00a4 0000 0006 00000001 0000 0014 00000000 00000002 00000002

2018-02-28 14:30:59 IST 0000000023c00000 000000000bddd7c0 0097 00a4 0000 0006 00000000 0000 0014 00000000 00000001 00000001

2018-02-28 14:31:59 IST 0000000023c00000 000000000a1cf540 0097 00a4 0000 0006 00000001 0000 0014 00000000 00000002 00000002

2018-02-28 14:32:59 IST 0000000023c00000 0000000008bbbe58 0098 00a4 0000 0006 00000000 0000 0014 00000000 00000001 00000001

2018-02-28 14:33:59 IST 0000000023280000 0000000019609928 0098 00a4 0000 0006 00000000 0000 0014 00000000 00000002 00000002

2018-02-28 14:34:59 IST 0000000023280000 0000000017ada3e0 0097 00a4 0000 0006 00000000 0000 0014 00000000 00000001 00000001

2018-02-28 14:35:59 IST 0000000023280000 0000000015f43f60 0097 00a4 0000 0006 00000001 0000 0014 00000000 00000002 00000002

2018-02-28 14:36:59 IST 0000000023280000 00000000148a02c0 0098 00a4 0000 0006 00000000 0000 0014 00000000 00000001 00000001

2018-02-28 14:37:59 IST 0000000023280000 0000000012d0e8c0 0098 00a4 0000 0006 00000001 0000 0014 00000000 00000002 00000002

2018-02-28 14:38:59 IST 0000000023280000 00000000111dd650 0097 00a4 0000 0006 00000000 0000 0014 00000000 00000001 00000001

2018-02-28 14:39:59 IST 0000000023280000 000000000f64cec0 0097 00a4 0000 0006 00000000 0000 0014 00000000 00000002 00000002

2018-02-28 14:40:59 IST 0000000023280000 000000000dfb0a60 0098 00a4 0000 0006 00000000 0000 0014 00000000 00000001 00000001

2018-02-28 14:41:59 IST 0000000023280000 000000000c520150 0097 00a4 0000 0006 00000000 0000 0014 00000000 00000002 00000002

2018-02-28 14:42:59 IST 0000000023280000 000000000a9cc5e0 0097 00a4 0000 0006 00000000 0000 0014 00000000 00000001 00000001

2018-02-28 14:43:59 IST 0000000023280000 00000000092f1118 0097 00a4 0000 0006 00000000 0000 0014 00000000 00000002 00000002

2018-02-28 14:44:59 IST 0000000022a00000 00000000192a2d78 0098 00a4 0000 0006 00000000 0000 0014 00000000 00000001 00000001

2018-02-28 14:45:59 IST 0000000022a00000 00000000177c1e68 0097 00a4 0000 0006 00000000 0000 0014 00000000 00000002 00000002

2018-02-28 14:46:59 IST 0000000022a00000 0000000016104090 0097 00a4 0000 0006 00000000 0000 0014 00000000 00000001 00000001

2018-02-28 14:47:59 IST 0000000022a00000 0000000014621428 0098 00a4 0000 0006 00000001 0000 0014 00000000 00000002 00000002

2018-02-28 14:48:59 IST 0000000022a00000 0000000012b9a3d0 0097 00a4 0000 0006 00000000 0000 0014 00000000 00000001 00000001

2018-02-28 14:49:59 IST 0000000022a00000 0000000010fdcc70 0097 00a4 0000 0006 00000000 0000 0014 00000000 00000002 00000002

2018-02-28 14:50:59 IST 0000000022a00000 000000000f54c258 0097 00a4 0000 0006 00000000 0000 0014 00000000 00000001 00000001

2018-02-28 14:51:59 IST 0000000022a00000 000000000def8178 0098 00a4 0000 0006 00000001 0000 0014 00000000 00000002 00000002

2018-02-28 14:52:59 IST 0000000022a00000 000000000c3b5be8 0097 00a4 0000 0006 00000000 0000 0014 00000000 00000001 00000001

2018-02-28 14:53:59 IST 0000000022a00000 000000000a8d0188 0097 00a4 0000 0006 00000001 0000 0014 00000000 00000002 00000002

2018-02-28 14:54:59 IST 0000000022a00000 0000000008d6a700 0098 00a4 0000 0006 00000000 0000 0014 00000000 00000001 00000001

2018-02-28 14:55:59 IST 0000000022100000 000000001851a9f0 0098 00a4 0000 0006 00000001 0000 0014 00000000 00000002 00000002

2018-02-28 14:56:59 IST 0000000022100000 0000000016f1ae98 0097 00a4 0000 0006 00000000 0000 0014 00000000 00000001 00000001

2018-02-28 14:57:59 IST 0000000022100000 000000001540fa98 0097 00a4 0000 0006 00000001 0000 0014 00000000 00000002 00000002

2018-02-28 14:58:59 IST 0000000022100000 00000000139616a8 0098 00a4 0000 0006 00000000 0000 0014 00000000 00000001 00000001

2018-02-28 14:59:59 IST 0000000022100000 0000000011e6c970 0098 00a4 0000 0006 00000000 0000 0014 00000000 00000002 00000002

2018-02-28 15:00:59 IST 0000000022100000 00000000103dacd8 0097 00a4 0000 0006 00000000 0000 0014 00000000 00000001 00000001

2018-02-28 15:01:59 IST 0000000022100000 000000000e8d3ef8 0097 00a4 0000 0006 00000001 0000 0014 00000000 00000002 00000002

2018-02-28 15:02:59 IST 0000000022100000 000000000cec29a8 0098 00a4 0000 0006 00000000 0000 0014 00000000 00000001 00000001

2018-02-28 15:03:59 IST 0000000022100000 000000000b889ed0 0097 00a4 0000 0006 00000001 0000 0014 00000000 00000002 00000002

2018-02-28 15:04:59 IST 0000000022100000 0000000009dd8048 0097 00a4 0000 0006 00000000 0000 0014 00000000 00000001 00000001

2018-02-28 15:05:59 IST 0000000022100000 00000000082d27a8 0097 00a4 0000 0006 00000000 0000 0014 00000000 00000002 00000002

2018-02-28 15:06:59 IST 0000000021980000 0000000017377698 0098 00a4 0000 0006 00000000 0000 0014 00000000 00000001 00000001

2018-02-28 15:07:59 IST 0000000021980000 00000000158b1e28 0097 00a4 0000 0006 00000001 0000 0014 00000000 00000002 00000002

2018-02-28 15:08:59 IST 0000000021980000 0000000013ec3488 0097 00a4 0000 0006 00000000 0000 0014 00000000 00000001 00000001

2018-02-28 15:09:59 IST 0000000021980000 0000000012477a68 0097 00a4 0000 0006 00000001 0000 0014 00000000 00000002 00000002

2018-02-28 15:10:59 IST 0000000021900000 0000000016e320e0 0098 00a4 0000 0006 00000000 0000 0014 00000000 00000001 00000001

2018-02-28 15:11:59 IST 0000000021900000 0000000015404fd0 0097 00a4 0000 0006 00000000 0000 0014 00000000 00000002 00000002

2018-02-28 15:12:59 IST 0000000021900000 000000001397b5c0 0097 00a4 0000 0006 00000000 0000 0014 00000000 00000001 00000001

2018-02-28 15:13:59 IST 0000000021900000 0000000011f34ee0 0098 00a4 0000 0006 00000000 0000 0014 00000000 00000002 00000002

2018-02-28 15:14:59 IST 0000000021900000 0000000010547c60 0098 00a4 0000 0006 00000000 0000 0014 00000000 00000001 00000001

2018-02-28 15:15:59 IST 0000000021900000 000000000eb34bc0 0097 00a4 0000 0006 00000001 0000 0014 00000000 00000002 00000002

2018-02-28 15:16:59 IST 0000000021900000 000000000d0a8b58 0097 00a4 0000 0006 00000000 0000 0014 00000000 00000001 00000001

2018-02-28 15:17:59 IST 0000000021900000 000000000b6637c8 0098 00a4 0000 0006 00000001 0000 0014 00000000 00000002 00000002

2018-02-28 15:18:59 IST 0000000021900000 0000000009c6f4d8 0098 00a4 0000 0006 00000000 0000 0014 00000000 00000001 00000001

2018-02-28 15:19:59 IST 0000000021900000 0000000008245d88 0097 00a4 0000 0006 00000001 0000 0014 00000000 00000002 00000002

2018-02-28 15:20:59 IST 0000000021a80000 00000000178f8bf0 0097 00a4 0000 0006 00000000 0000 0014 00000000 00000001 00000001

2018-02-28 15:21:59 IST 0000000021a80000 0000000015df8408 0098 00a4 0000 0006 00000000 0000 0014 00000000 00000002 00000002

2018-02-28 15:22:59 IST 0000000021a80000 00000000143f46c0 0097 00a4 0000 0006 00000000 0000 0014 00000000 00000001 00000001

2018-02-28 15:23:59 IST 0000000021a80000 00000000129832a8 0097 00a4 0000 0006 00000001 0000 0014 00000000 00000002 00000002

2018-02-28 15:24:59 IST 0000000021a80000 0000000010ed7120 0097 00a4 0000 0006 00000000 0000 0014 00000000 00000001 00000001

2018-02-28 15:25:59 IST 0000000021a80000 000000000f4639d8 0098 00a4 0000 0006 00000000 0000 0014 00000000 00000002 00000002

2018-02-28 15:26:59 IST 0000000021a80000 000000000d9d4570 0097 00a4 0000 0006 00000000 0000 0014 00000000 00000001 00000001

2018-02-28 15:27:59 IST 0000000021a80000 000000000bf79338 0097 00a4 0000 0006 00000000 0000 0014 00000000 00000002 00000002

2018-02-28 15:28:59 IST 0000000021a80000 000000000a4cad10 0098 00a4 0000 0006 00000000 0000 0014 00000000 00000001 00000001

2018-02-28 15:29:59 IST 0000000021a80000 0000000008a54568 0098 00a4 0000 0006 00000000 0000 0014 00000000 00000002 00000002

2018-02-28 15:30:59 IST 0000000021280000 00000000176912a0 0097 00a4 0000 0006 00000000 0000 0014 00000000 00000001 00000001

2018-02-28 15:31:59 IST 0000000021280000 0000000015c5de90 0097 00a4 0000 0006 00000001 0000 0014 00000000 00000002 00000002

2018-02-28 15:32:59 IST 0000000021280000 0000000014308b98 0098 00a4 0000 0006 00000000 0000 0014 00000000 00000001 00000001

2018-02-28 15:33:59 IST 0000000021280000 00000000128df320 0098 00a4 0000 0006 00000000 0000 0014 00000000 00000002 00000002

2018-02-28 15:34:59 IST 0000000021280000 0000000010f24178 0097 00a4 0000 0006 00000000 0000 0014 00000000 00000001 00000001

2018-02-28 15:35:59 IST 0000000021280000 000000000f579310 0097 00a4 0000 0006 00000000 0000 0014 00000000 00000002 00000002

2018-02-28 15:36:59 IST 0000000021280000 000000000db9a998 0098 00a4 0000 0006 00000000 0000 0014 00000000 00000001 00000001

2018-02-28 15:37:59 IST 0000000021280000 000000000bd1ced0 0097 00a4 0000 0006 00000000 0000 0014 00000000 00000002 00000002

2018-02-28 15:38:59 IST 0000000021280000 000000000a3433f0 0097 00a4 0000 0006 00000000 0000 0014 00000000 00000001 00000001

2018-02-28 15:39:59 IST 0000000021280000 00000000089992d0 0097 00a4 0000 0006 00000000 0000 0014 00000000 00000002 00000002

2018-02-28 15:40:59 IST 0000000020b80000 0000000016fc1ae8 0098 00a4 0000 0006 00000000 0000 0014 00000000 00000001 00000001

2018-02-28 15:41:59 IST 0000000020b80000 0000000015657b48 0097 00a4 0000 0006 00000001 0000 0014 00000000 00000002 00000002

2018-02-28 15:42:59 IST 0000000020b80000 0000000013d25bb0 0097 00a4 0000 0006 00000000 0000 0014 00000000 00000001 00000001

2018-02-28 15:43:59 IST 0000000020b80000 0000000011f4cac8 0098 00a4 0000 0006 00000001 0000 0014 00000000 00000002 00000002

2018-02-28 15:44:59 IST 0000000020b80000 000000001061ba30 0098 00a4 0000 0006 00000000 0000 0014 00000000 00000001 00000001

2018-02-28 15:45:59 IST 0000000020b80000 000000000ec9cf40 0097 00a4 0000 0006 00000001 0000 0014 00000000 00000002 00000002

2018-02-28 15:46:59 IST 0000000020b80000 000000000d36a7b8 0097 00a4 0000 0006 00000000 0000 0014 00000000 00000001 00000001

2018-02-28 15:47:59 IST 0000000020b80000 000000000b590ff0 0098 00a4 0000 0006 00000001 0000 0014 00000000 00000002 00000002

2018-02-28 15:48:59 IST 0000000020b80000 0000000009c60798 0098 00a4 0000 0006 00000000 0000 0014 00000000 00000001 00000001

2018-02-28 15:49:59 IST 0000000020b80000 0000000008374e60 0097 00a4 0000 0006 00000000 0000 0014 00000000 00000002 00000002

2018-02-28 15:50:59 IST 0000000020400000 0000000015eef010 0097 00a4 0000 0006 00000000 0000 0014 00000000 00000001 00000001

2018-02-28 15:51:59 IST 0000000020400000 0000000014607fc0 0098 00a4 0000 0006 00000001 0000 0014 00000000 00000002 00000002

2018-02-28 15:52:59 IST 0000000020400000 000000001295b9b8 0097 00a4 0000 0006 00000000 0000 0014 00000000 00000001 00000001

2018-02-28 15:53:59 IST 0000000020400000 000000001105fd58 0097 00a4 0000 0006 00000000 0000 0014 00000000 00000002 00000002

2018-02-28 15:54:59 IST 0000000020400000 000000000f755198 0097 00a4 0000 0006 00000000 0000 0014 00000000 00000001 00000001

2018-02-28 15:55:59 IST 0000000020400000 000000000da36ca8 0098 00a4 0000 0006 00000000 0000 0014 00000000 00000002 00000002

2018-02-28 15:56:59 IST 0000000020400000 000000000c1c0e88 0097 00a4 0000 0006 00000000 0000 0014 00000000 00000001 00000001

2018-02-28 15:57:59 IST 0000000020400000 000000000a8c61a8 0097 00a4 0000 0006 00000001 0000 0014 00000000 00000002 00000002

2018-02-28 15:58:59 IST 0000000020400000 0000000008bfcbe8 0097 00a4 0000 0006 00000000 0000 0014 00000000 00000001 00000001

2018-02-28 15:59:59 IST 000000001fd80000 0000000016256468 0098 00a4 0000 0006 00000001 0000 0014 00000000 00000002 00000002

2018-02-28 16:00:59 IST 000000001fd80000 0000000014a63de8 0097 00a4 0000 0006 00000000 0000 0014 00000000 00000001 00000001

2018-02-28 16:01:59 IST 000000001fd80000 0000000012defda8 0097 00a4 0000 0006 00000000 0000 0014 00000000 00000002 00000002

2018-02-28 16:02:59 IST 000000001fd80000 0000000011574578 0098 00a4 0000 0006 00000000 0000 0014 00000000 00000001 00000001

2018-02-28 16:03:59 IST 000000001fd80000 000000000f906e38 0098 00a4 0000 0006 00000001 0000 0014 00000000 00000002 00000002

2018-02-28 16:04:59 IST 000000001fd80000 000000000e0a0e90 0097 00a4 0000 0006 00000000 0000 0014 00000000 00000001 00000001

2018-02-28 16:05:59 IST 000000001fd80000 000000000c858038 0097 00a4 0000 0006 00000001 0000 0014 00000000 00000002 00000002

2018-02-28 16:06:59 IST 000000001fd80000 000000000ac238c8 0098 00a4 0000 0006 00000000 0000 0014 00000000 00000001 00000001

2018-02-28 16:07:59 IST 000000001fd80000 000000000937d490 0097 00a4 0000 0006 00000000 0000 0014 00000000 00000002 00000002

2018-02-28 16:08:59 IST 000000001f680000 0000000016125a70 0097 00a4 0000 0006 00000000 0000 0014 00000000 00000001 00000001

2018-02-28 16:09:59 IST 000000001f680000 00000000148e7210 0097 00a4 0000 0006 00000000 0000 0014 00000000 00000002 00000002

2018-02-28 16:10:59 IST 000000001f700000 0000000014ec6c58 0098 00a4 0000 0006 00000000 0000 0014 00000000 00000001 00000001

2018-02-28 16:11:59 IST 000000001f700000 00000000132b44d8 0097 00a4 0000 0006 00000000 0000 0014 00000000 00000002 00000002

2018-02-28 16:12:59 IST 000000001f700000 0000000011b45000 0097 00a4 0000 0006 00000000 0000 0014 00000000 00000001 00000001

2018-02-28 16:13:59 IST 000000001f700000 000000000ff1a918 0097 00a4 0000 0006 00000000 0000 0014 00000000 00000002 00000002

2018-02-28 16:14:59 IST 000000001f700000 000000000e3ab5b0 0098 00a4 0000 0006 00000000 0000 0014 00000000 00000001 00000001

2018-02-28 16:15:59 IST 000000001f700000 000000000cba2b40 0097 00a4 0000 0006 00000001 0000 0014 00000000 00000002 00000002

2018-02-28 16:16:59 IST 000000001f700000 000000000b02cba0 0097 00a4 0000 0006 00000000 0000 0014 00000000 00000001 00000001

2018-02-28 16:17:59 IST 000000001f700000 000000000980c000 0098 00a4 0000 0006 00000000 0000 0014 00000000 00000002 00000002

2018-02-28 16:18:59 IST 000000001f700000 0000000007cab450 0098 00a4 0000 0006 00000000 0000 0014 00000000 00000001 00000001

2018-02-28 16:19:59 IST 000000001f700000 000000001499bdc0 0097 00a4 0000 0006 00000001 0000 0014 00000000 00000002 00000002

2018-02-28 16:20:59 IST 000000001f700000 0000000013220468 0097 00a4 0000 0006 00000000 0000 0014 00000000 00000001 00000001

2018-02-28 16:21:59 IST 000000001f700000 00000000115e9280 0098 00a4 0000 0006 00000001 0000 0014 00000000 00000002 00000002

2018-02-28 16:22:59 IST 000000001f700000 000000000fe885f8 0097 00a4 0000 0006 00000000 0000 0014 00000000 00000001 00000001

2018-02-28 16:23:59 IST 000000001f700000 000000000e253538 0097 00a4 0000 0006 00000001 0000 0014 00000000 00000002 00000002

2018-02-28 16:24:59 IST 000000001f700000 000000000c6d20f8 0097 00a4 0000 0006 00000000 0000 0014 00000000 00000001 00000001

2018-02-28 16:25:59 IST 000000001f700000 000000000aea6400 0098 00a4 0000 0006 00000001 0000 0014 00000000 00000002 00000002

2018-02-28 16:26:59 IST 000000001f700000 000000000933b348 0097 00a4 0000 0006 00000000 0000 0014 00000000 00000001 00000001

2018-02-28 16:27:59 IST 000000001f700000 0000000007b120a0 0097 00a4 0000 0006 00000001 0000 0014 00000000 00000002 00000002

2018-02-28 16:28:59 IST 000000001f800000 0000000014ac73e8 0097 00a4 0000 0006 00000000 0000 0014 00000000 00000001 00000001

2018-02-28 16:29:59 IST 000000001f800000 00000000132f8400 0098 00a4 0000 0006 00000001 0000 0014 00000000 00000002 00000002

2018-02-28 16:30:59 IST 000000001f800000 00000000117142f0 0097 00a4 0000 0006 00000000 0000 0014 00000000 00000001 00000001

2018-02-28 16:31:59 IST 000000001f800000 000000000fb406e0 0097 00a4 0000 0006 00000001 0000 0014 00000000 00000002 00000002

2018-02-28 16:32:59 IST 000000001f800000 000000000e34b320 0098 00a4 0000 0006 00000000 0000 0014 00000000 00000001 00000001

2018-02-28 16:33:59 IST 000000001f800000 000000000c70c720 0098 00a4 0000 0006 00000001 0000 0014 00000000 00000002 00000002

2018-02-28 16:34:59 IST 000000001f800000 000000000afa28a0 0097 00a4 0000 0006 00000000 0000 0014 00000000 00000001 00000001

2018-02-28 16:35:59 IST 000000001f800000 000000000935e0c0 0097 00a4 0000 0006 00000000 0000 0014 00000000 00000002 00000002

2018-02-28 16:36:59 IST 000000001f800000 0000000007bd84f8 0098 00a4 0000 0006 00000000 0000 0014 00000000 00000001 00000001

2018-02-28 16:37:59 IST 000000001f100000 000000001442c028 0098 00a4 0000 0006 00000001 0000 0014 00000000 00000002 00000002

2018-02-28 16:38:59 IST 000000001f100000 0000000012903d20 0097 00a4 0000 0006 00000000 0000 0014 00000000 00000001 00000001

2018-02-28 16:39:59 IST 000000001f100000 00000000111e0bc8 0097 00a4 0000 0006 00000000 0000 0014 00000000 00000002 00000002

2018-02-28 16:40:59 IST 000000001f100000 000000000f69ccd0 0098 00a4 0000 0006 00000000 0000 0014 00000000 00000001 00000001

2018-02-28 16:41:59 IST 000000001f100000 000000000db1f790 0097 00a4 0000 0006 00000001 0000 0014 00000000 00000002 00000002

2018-02-28 16:42:59 IST 000000001f100000 000000000c450e18 0097 00a4 0000 0006 00000000 0000 0014 00000000 00000001 00000001

2018-02-28 16:43:59 IST 000000001f100000 000000000a8b9fb8 0097 00a4 0000 0006 00000001 0000 0014 00000000 00000002 00000002

2018-02-28 16:44:59 IST 000000001f100000 0000000008d78408 0098 00a4 0000 0006 00000000 0000 0014 00000000 00000001 00000001

2018-02-28 16:45:59 IST 000000001eb80000 00000000155664f8 0097 00a4 0000 0006 00000001 0000 0014 00000000 00000002 00000002

2018-02-28 16:46:59 IST 000000001eb80000 0000000013adba58 0097 00a4 0000 0006 00000000 0000 0014 00000000 00000001 00000001

2018-02-28 16:47:59 IST 000000001eb80000 0000000011fff730 0098 00a4 0000 0006 00000001 0000 0014 00000000 00000002 00000002

2018-02-28 16:48:59 IST 000000001eb80000 00000000105777b8 0098 00a4 0000 0006 00000000 0000 0014 00000000 00000001 00000001

2018-02-28 16:49:59 IST 000000001eb80000 000000000eaace40 0097 00a4 0000 0006 00000000 0000 0014 00000000 00000002 00000002

2018-02-28 16:50:59 IST 000000001eb80000 000000000d0230e8 0097 00a4 0000 0006 00000000 0000 0014 00000000 00000001 00000001

2018-02-28 16:51:59 IST 000000001eb80000 000000000b541d28 0098 00a4 0000 0006 00000000 0000 0014 00000000 00000002 00000002

2018-02-28 16:52:59 IST 000000001eb80000 0000000009ab8360 0098 00a4 0000 0006 00000000 0000 0014 00000000 00000001 00000001

2018-02-28 16:53:59 IST 000000001eb80000 00000000083c9868 0097 00a4 0000 0006 00000001 0000 0014 00000000 00000002 00000002

2018-02-28 16:54:59 IST 000000001e500000 0000000013e5f060 0097 00a4 0000 0006 00000000 0000 0014 00000000 00000001 00000001

2018-02-28 16:55:59 IST 000000001e500000 0000000012455380 0098 00a4 0000 0006 00000001 0000 0014 00000000 00000002 00000002

2018-02-28 16:56:59 IST 000000001e500000 0000000010abb2b8 0097 00a4 0000 0006 00000000 0000 0014 00000000 00000001 00000001

2018-02-28 16:57:59 IST 000000001e500000 000000000f0b4db8 0097 00a4 0000 0006 00000000 0000 0014 00000000 00000002 00000002

2018-02-28 16:58:59 IST 000000001e500000 000000000d703270 0097 00a4 0000 0006 00000000 0000 0014 00000000 00000001 00000001

2018-02-28 16:59:59 IST 000000001e500000 000000000bcfa408 0098 00a4 0000 0006 00000001 0000 0014 00000000 00000002 00000002

2018-02-28 17:00:59 IST 000000001e500000 000000000a3633e0 0097 00a4 0000 0006 00000000 0000 0014 00000000 00000001 00000001

2018-02-28 17:01:59 IST 000000001e500000 000000000895e7d8 0097 00a4 0000 0006 00000000 0000 0014 00000000 00000002 00000002

2018-02-28 17:02:59 IST 000000001e000000 00000000141e6938 0098 00a4 0000 0006 00000000 0000 0014 00000000 00000001 00000001

2018-02-28 17:03:59 IST 000000001e000000 0000000012865120 0097 00a4 0000 0006 00000000 0000 0014 00000000 00000002 00000002

2018-02-28 17:04:59 IST 000000001e000000 0000000010f5e1c0 0096 00a4 0000 0006 00000000 0000 0014 00000000 00000001 00000001

2018-02-28 17:05:59 IST 000000001e000000 000000000f1cd528 0096 00a4 0000 0006 00000000 0000 0014 00000000 00000002 00000002

2018-02-28 17:06:59 IST 000000001e000000 000000000d89f1a8 0097 00a4 0000 0006 00000000 0000 0014 00000000 00000001 00000001

2018-02-28 17:07:59 IST 000000001e000000 000000000bf2f1e0 0097 00a4 0000 0006 00000000 0000 0014 00000000 00000002 00000002

2018-02-28 17:08:59 IST 000000001e000000 000000000a61af58 0096 00a4 0000 0006 00000000 0000 0014 00000000 00000001 00000001

2018-02-28 17:09:59 IST 000000001e000000 0000000008c8f930 0096 00a4 0000 0006 00000000 0000 0014 00000000 00000002 00000002

2018-02-28 17:10:59 IST 000000001df80000 0000000013572860 0097 00a4 0000 0006 00000000 0000 0014 00000000 00000001 00000001

2018-02-28 17:11:59 IST 000000001df80000 0000000011c23a00 0096 00a4 0000 0006 00000000 0000 0014 00000000 00000002 00000002

2018-02-28 17:12:59 IST 000000001df80000 0000000010310830 0096 00a4 0000 0006 00000000 0000 0014 00000000 00000001 00000001

2018-02-28 17:13:59 IST 000000001df80000 000000000e60c748 0096 00a4 0000 0006 00000000 0000 0014 00000000 00000002 00000002

2018-02-28 17:14:59 IST 000000001df80000 000000000cca09c0 0097 00a4 0000 0006 00000000 0000 0014 00000000 00000001 00000001

2018-02-28 17:15:59 IST 000000001df80000 000000000b352118 0096 00a4 0000 0006 00000001 0000 0014 00000000 00000002 00000002

2018-02-28 17:16:59 IST 000000001df80000 0000000009a3e270 0096 00a4 0000 0006 00000000 0000 0014 00000000 00000001 00000001

2018-02-28 17:17:59 IST 000000001df80000 00000000080dabd0 0097 00a4 0000 0006 00000000 0000 0014 00000000 00000002 00000002

2018-02-28 17:18:59 IST 000000001e080000 0000000013a19cd0 0097 00a4 0000 0006 00000000 0000 0014 00000000 00000001 00000001

2018-02-28 17:19:59 IST 000000001e080000 00000000120ad0d8 0096 00a4 0000 0006 00000000 0000 0014 00000000 00000002 00000002

2018-02-28 17:20:59 IST 000000001e080000 00000000107162c0 0096 00a4 0000 0006 00000000 0000 0014 00000000 00000001 00000001

2018-02-28 17:21:59 IST 000000001e080000 000000000e9f7368 0097 00a4 0000 0006 00000001 0000 0014 00000000 00000002 00000002

2018-02-28 17:22:59 IST 000000001e080000 000000000d0cbf80 0097 00a4 0000 0006 00000000 0000 0014 00000000 00000001 00000001

2018-02-28 17:23:59 IST 000000001e080000 000000000b74d280 0096 00a4 0000 0006 00000001 0000 0014 00000000 00000002 00000002

2018-02-28 17:24:59 IST 000000001e080000 0000000009e23460 0096 00a4 0000 0006 00000000 0000 0014 00000000 00000001 00000001

2018-02-28 17:25:59 IST 000000001e080000 000000000843cbf0 0097 00a4 0000 0006 00000000 0000 0014 00000000 00000002 00000002

2018-02-28 17:26:59 IST 000000001e080000 0000000013a18030 0096 00a4 0000 0006 00000000 0000 0014 00000000 00000001 00000001

2018-02-28 17:27:59 IST 000000001e080000 0000000012080c20 0096 00a4 0000 0006 00000001 0000 0014 00000000 00000002 00000002

2018-02-28 17:28:59 IST 000000001e080000 0000000010745b60 0096 00a4 0000 0006 00000000 0000 0014 00000000 00000001 00000001

2018-02-28 17:29:59 IST 000000001e080000 000000000edb1ac8 0097 00a4 0000 0006 00000001 0000 0014 00000000 00000002 00000002

2018-02-28 17:30:59 IST 000000001e080000 000000000d0e4920 0096 00a4 0000 0006 00000000 0000 0014 00000000 00000001 00000001

2018-02-28 17:31:59 IST 000000001e080000 000000000b6dcad0 0096 00a4 0000 0006 00000000 0000 0014 00000000 00000002 00000002

2018-02-28 17:32:59 IST 000000001e080000 0000000009d9c788 0096 00a4 0000 0006 00000000 0000 0014 00000000 00000001 00000001

2018-02-28 17:33:59 IST 000000001e080000 00000000084069b8 0097 00a4 0000 0006 00000001 0000 0014 00000000 00000002 00000002

2018-02-28 17:34:59 IST 000000001db00000 0000000013917310 0096 00a4 0000 0006 00000000 0000 0014 00000000 00000001 00000001

2018-02-28 17:35:59 IST 000000001db00000 0000000012029008 0096 00a4 0000 0006 00000000 0000 0014 00000000 00000002 00000002

2018-02-28 17:36:59 IST 000000001db00000 0000000010385e48 0097 00a4 0000 0006 00000000 0000 0014 00000000 00000001 00000001

2018-02-28 17:37:59 IST 000000001db00000 000000000ea97f48 0097 00a4 0000 0006 00000001 0000 0014 00000000 00000002 00000002

2018-02-28 17:38:59 IST 000000001db00000 000000000d2177b0 0096 00a4 0000 0006 00000000 0000 0014 00000000 00000001 00000001

2018-02-28 17:39:59 IST 000000001db00000 000000000b526518 0096 00a4 0000 0006 00000001 0000 0014 00000000 00000002 00000002

2018-02-28 17:40:59 IST 000000001db00000 0000000009c8a010 0097 00a4 0000 0006 00000000 0000 0014 00000000 00000001 00000001

2018-02-28 17:41:59 IST 000000001db00000 000000000839e148 0097 00a4 0000 0006 00000001 0000 0014 00000000 00000002 00000002

2018-02-28 17:42:59 IST 000000001d600000 00000000130943a8 0096 00a4 0000 0006 00000000 0000 0014 00000000 00000001 00000001

2018-02-28 17:43:59 IST 000000001d600000 00000000118370b0 0096 00a4 0000 0006 00000000 0000 0014 00000000 00000002 00000002

2018-02-28 17:44:59 IST 000000001d600000 000000000fc484e0 0097 00a4 0000 0006 00000000 0000 0014 00000000 00000001 00000001

2018-02-28 17:45:59 IST 000000001d600000 000000000e404a68 0096 00a4 0000 0006 00000001 0000 0014 00000000 00000002 00000002

2018-02-28 17:46:59 IST 000000001d600000 000000000c810560 0096 00a4 0000 0006 00000000 0000 0014 00000000 00000001 00000001

2018-02-28 17:47:59 IST 000000001d600000 000000000afb9740 0096 00a4 0000 0006 00000001 0000 0014 00000000 00000002 00000002

2018-02-28 17:48:59 IST 000000001d600000 00000000093c5e28 0097 00a4 0000 0006 00000000 0000 0014 00000000 00000001 00000001

2018-02-28 17:49:59 IST 000000001d600000 0000000007b80d80 0096 00a4 0000 0006 00000001 0000 0014 00000000 00000002 00000002

2018-02-28 17:50:59 IST 000000001d100000 0000000012470ab8 0096 00a4 0000 0006 00000000 0000 0014 00000000 00000001 00000001

2018-02-28 17:51:59 IST 000000001d100000 0000000010c8fef0 0097 00a4 0000 0006 00000001 0000 0014 00000000 00000002 00000002

2018-02-28 17:52:59 IST 000000001d100000 000000000f158238 0097 00a4 0000 0006 00000000 0000 0014 00000000 00000001 00000001

2018-02-28 17:53:59 IST 000000001d100000 000000000d5cfcf8 0096 00a4 0000 0006 00000001 0000 0014 00000000 00000002 00000002

2018-02-28 17:54:59 IST 000000001d100000 000000000be58418 0096 00a4 0000 0006 00000000 0000 0014 00000000 00000001 00000001

2018-02-28 17:55:59 IST 000000001d100000 000000000a2bde48 0097 00a4 0000 0006 00000001 0000 0014 00000000 00000002 00000002

2018-02-28 17:56:59 IST 000000001d100000 00000000087e2c10 0097 00a4 0000 0006 00000000 0000 0014 00000000 00000001 00000001

2018-02-28 17:57:59 IST 000000001cc00000 0000000012efce68 0096 00a4 0000 0006 00000000 0000 0014 00000000 00000002 00000002

2018-02-28 17:58:59 IST 000000001cc00000 0000000011467788 0096 00a4 0000 0006 00000000 0000 0014 00000000 00000001 00000001

2018-02-28 17:59:59 IST 000000001cc00000 000000000f97e2b0 0097 00a4 0000 0006 00000000 0000 0014 00000000 00000002 00000002

2018-02-28 18:00:59 IST 000000001cc00000 000000000defda50 0096 00a4 0000 0006 00000000 0000 0014 00000000 00000001 00000001

2018-02-28 18:01:59 IST 000000001cc00000 000000000c411158 0096 00a4 0000 0006 00000000 0000 0014 00000000 00000002 00000002

2018-02-28 18:02:59 IST 000000001cc00000 000000000ad2c560 0096 00a4 0000 0006 00000000 0000 0014 00000000 00000001 00000001

2018-02-28 18:03:59 IST 000000001cc00000 0000000009244e28 0097 00a4 0000 0006 00000000 0000 0014 00000000 00000002 00000002

2018-02-28 18:04:59 IST 000000001c780000 0000000013216b10 0096 00a4 0000 0006 00000000 0000 0014 00000000 00000001 00000001

2018-02-28 18:05:59 IST 000000001c780000 00000000117c83c0 0096 00a4 0000 0006 00000000 0000 0014 00000000 00000002 00000002

2018-02-28 18:06:59 IST 000000001c780000 000000000fdc8c40 0096 00a4 0000 0006 00000000 0000 0014 00000000 00000001 00000001

2018-02-28 18:07:59 IST 000000001c780000 000000000e37b3d0 0097 00a4 0000 0006 00000001 0000 0014 00000000 00000002 00000002

2018-02-28 18:08:59 IST 000000001c780000 000000000c993b28 0096 00a4 0000 0006 00000000 0000 0014 00000000 00000001 00000001

2018-02-28 18:09:59 IST 000000001c780000 000000000af49458 0096 00a4 0000 0006 00000000 0000 0014 00000000 00000002 00000002

2018-02-28 18:10:59 IST 000000001c780000 000000001206f1b8 0097 00a4 0000 0006 00000000 0000 0014 00000000 00000001 00000001

2018-02-28 18:11:59 IST 000000001c780000 0000000010656470 0097 00a4 0000 0006 00000001 0000 0014 00000000 00000002 00000002

2018-02-28 18:12:59 IST 000000001c780000 000000000eca35c8 0096 00a4 0000 0006 00000000 0000 0014 00000000 00000001 00000001

2018-02-28 18:13:59 IST 000000001c780000 000000000d288320 0096 00a4 0000 0006 00000001 0000 0014 00000000 00000002 00000002

2018-02-28 18:14:59 IST 000000001c780000 000000000b5a59d8 0097 00a4 0000 0006 00000000 0000 0014 00000000 00000001 00000001

2018-02-28 18:15:59 IST 000000001c780000 0000000009ebb3a8 0097 00a4 0000 0006 00000001 0000 0014 00000000 00000002 00000002

2018-02-28 18:16:59 IST 000000001c780000 00000000081d6568 0096 00a4 0000 0006 00000000 0000 0014 00000000 00000001 00000001

2018-02-28 18:17:59 IST 000000001c800000 00000000120e8d08 0096 00a4 0000 0006 00000001 0000 0014 00000000 00000002 00000002

2018-02-28 18:18:59 IST 000000001c800000 0000000010a45808 0097 00a4 0000 0006 00000000 0000 0014 00000000 00000001 00000001

2018-02-28 18:19:59 IST 000000001c800000 000000000ece8668 0097 00a4 0000 0006 00000001 0000 0014 00000000 00000002 00000002

2018-02-28 18:20:59 IST 000000001c800000 000000000d3278a8 0096 00a4 0000 0006 00000000 0000 0014 00000000 00000001 00000001

2018-02-28 18:21:59 IST 000000001c800000 000000000b8fb130 0096 00a4 0000 0006 00000001 0000 0014 00000000 00000002 00000002

2018-02-28 18:22:59 IST 000000001c800000 0000000009f244b8 0097 00a4 0000 0006 00000000 0000 0014 00000000 00000001 00000001

2018-02-28 18:23:59 IST 000000001c800000 000000000850e640 0096 00a4 0000 0006 00000000 0000 0014 00000000 00000002 00000002

2018-02-28 18:24:59 IST 000000001c880000 0000000012838d48 0096 00a4 0000 0006 00000000 0000 0014 00000000 00000001 00000001

2018-02-28 18:25:59 IST 000000001c880000 0000000010dfe088 0096 00a4 0000 0006 00000001 0000 0014 00000000 00000002 00000002

2018-02-28 18:26:59 IST 000000001c880000 000000000f413ea8 0097 00a4 0000 0006 00000000 0000 0014 00000000 00000001 00000001

2018-02-28 18:27:59 IST 000000001c880000 000000000d9eb418 0096 00a4 0000 0006 00000001 0000 0014 00000000 00000002 00000002

2018-02-28 18:28:59 IST 000000001c880000 000000000c0061a8 0096 00a4 0000 0006 00000000 0000 0014 00000000 00000001 00000001

2018-02-28 18:29:59 IST 000000001c880000 000000000a28e5a0 0097 00a4 0000 0006 00000000 0000 0014 00000000 00000002 00000002

2018-02-28 18:30:59 IST 000000001c880000 00000000088a4258 0097 00a4 0000 0006 00000000 0000 0014 00000000 00000001 00000001

2018-02-28 18:31:59 IST 000000001c400000 000000001277d2b0 0096 00a4 0000 0006 00000000 0000 0014 00000000 00000002 00000002

2018-02-28 18:32:59 IST 000000001c400000 0000000010a53b10 0096 00a4 0000 0006 00000000 0000 0014 00000000 00000001 00000001

2018-02-28 18:33:59 IST 000000001c400000 000000000f06a178 0097 00a4 0000 0006 00000000 0000 0014 00000000 00000002 00000002

2018-02-28 18:34:59 IST 000000001c400000 000000000d6d4698 0096 00a4 0000 0006 00000000 0000 0014 00000000 00000001 00000001

2018-02-28 18:35:59 IST 000000001c400000 000000000bcc41a8 0096 00a4 0000 0006 00000000 0000 0014 00000000 00000002 00000002

2018-02-28 18:36:59 IST 000000001c400000 000000000a3199a0 0096 00a4 0000 0006 00000000 0000 0014 00000000 00000001 00000001

2018-02-28 18:37:59 IST 000000001c400000 0000000008608ee0 0097 00a4 0000 0006 00000001 0000 0014 00000000 00000002 00000002

2018-02-28 18:38:59 IST 000000001bf80000 0000000011fd6978 0096 00a4 0000 0006 00000000 0000 0014 00000000 00000001 00000001

2018-02-28 18:39:59 IST 000000001bf80000 0000000010667e90 0096 00a4 0000 0006 00000001 0000 0014 00000000 00000002 00000002

2018-02-28 18:40:59 IST 000000001bf80000 000000000eceec58 0096 00a4 0000 0006 00000000 0000 0014 00000000 00000001 00000001

2018-02-28 18:41:59 IST 000000001bf80000 000000000d088f98 0097 00a4 0000 0006 00000001 0000 0014 00000000 00000002 00000002

2018-02-28 18:42:59 IST 000000001bf80000 000000000b786008 0096 00a4 0000 0006 00000000 0000 0014 00000000 00000001 00000001

2018-02-28 18:43:59 IST 000000001bf80000 0000000009db6d98 0096 00a4 0000 0006 00000000 0000 0014 00000000 00000002 00000002

2018-02-28 18:44:59 IST 000000001bf80000 00000000081a70b8 0097 00a4 0000 0006 00000000 0000 0014 00000000 00000001 00000001

2018-02-28 18:45:59 IST 000000001bb80000 0000000011543c88 0097 00a4 0000 0006 00000001 0000 0014 00000000 00000002 00000002

2018-02-28 18:46:59 IST 000000001bb80000 000000000f9a8638 0096 00a4 0000 0006 00000000 0000 0014 00000000 00000001 00000001

2018-02-28 18:47:59 IST 000000001bb80000 000000000ddec920 0096 00a4 0000 0006 00000000 0000 0014 00000000 00000002 00000002

2018-02-28 18:48:59 IST 000000001bb80000 000000000c553210 0097 00a4 0000 0006 00000000 0000 0014 00000000 00000001 00000001

2018-02-28 18:49:59 IST 000000001bb80000 000000000a994bf8 0097 00a4 0000 0006 00000001 0000 0014 00000000 00000002 00000002

2018-02-28 18:50:59 IST 000000001bb80000 00000000090f47a8 0096 00a4 0000 0006 00000000 0000 0014 00000000 00000001 00000001

2018-02-28 18:51:59 IST 000000001b780000 0000000011f1a770 0096 00a4 0000 0006 00000001 0000 0014 00000000 00000002 00000002

2018-02-28 18:52:59 IST 000000001b780000 00000000107521a0 0097 00a4 0000 0006 00000000 0000 0014 00000000 00000001 00000001

2018-02-28 18:53:59 IST 000000001b780000 000000000ebff298 0096 00a4 0000 0006 00000001 0000 0014 00000000 00000002 00000002

2018-02-28 18:54:59 IST 000000001b780000 000000000d0e8c30 0096 00a4 0000 0006 00000000 0000 0014 00000000 00000001 00000001

2018-02-28 18:55:59 IST 000000001b780000 000000000b867128 0096 00a4 0000 0006 00000000 0000 0014 00000000 00000002 00000002

2018-02-28 18:56:59 IST 000000001b780000 0000000009db8ed8 0097 00a4 0000 0006 00000000 0000 0014 00000000 00000001 00000001

2018-02-28 18:57:59 IST 000000001b780000 00000000082612f8 0096 00a4 0000 0006 00000001 0000 0014 00000000 00000002 00000002

2018-02-28 18:58:59 IST 000000001b380000 0000000011130c60 0096 00a4 0000 0006 00000000 0000 0014 00000000 00000001 00000001

2018-02-28 18:59:59 IST 000000001b380000 000000000f64a280 0096 00a4 0000 0006 00000001 0000 0014 00000000 00000002 00000002

2018-02-28 19:00:59 IST 000000001b380000 000000000dc21950 0097 00a4 0000 0006 00000000 0000 0014 00000000 00000001 00000001

2018-02-28 19:01:59 IST 000000001b380000 000000000c150228 0096 00a4 0000 0006 00000001 0000 0014 00000000 00000002 00000002

2018-02-28 19:02:59 IST 000000001b380000 000000000a6cdb30 0096 00a4 0000 0006 00000000 0000 0014 00000000 00000001 00000001

2018-02-28 19:03:59 IST 000000001b380000 0000000008eda208 0097 00a4 0000 0006 00000001 0000 0014 00000000 00000002 00000002

2018-02-28 19:04:59 IST 000000001b000000 00000000117e4a98 0097 00a4 0000 0006 00000000 0000 0014 00000000 00000001 00000001

2018-02-28 19:05:59 IST 000000001b000000 000000000fd99ac8 0096 00a4 0000 0006 00000001 0000 0014 00000000 00000002 00000002

2018-02-28 19:06:59 IST 000000001b000000 000000000e38e1c8 0096 00a4 0000 0006 00000000 0000 0014 00000000 00000001 00000001

2018-02-28 19:07:59 IST 000000001b000000 000000000c94a018 0097 00a4 0000 0006 00000001 0000 0014 00000000 00000002 00000002

2018-02-28 19:08:59 IST 000000001b000000 000000000af053b8 0096 00a4 0000 0006 00000000 0000 0014 00000000 00000001 00000001

2018-02-28 19:09:59 IST 000000001b000000 00000000091e0fb8 0096 00a4 0000 0006 00000001 0000 0014 00000000 00000002 00000002

2018-02-28 19:10:59 IST 000000001b000000 000000001087f920 0096 00a4 0000 0006 00000000 0000 0014 00000000 00000001 00000001

2018-02-28 19:11:59 IST 000000001b000000 000000000ee615d8 0097 00a4 0000 0006 00000001 0000 0014 00000000 00000002 00000002

2018-02-28 19:12:59 IST 000000001b000000 000000000d4970b8 0096 00a4 0000 0006 00000000 0000 0014 00000000 00000001 00000001

2018-02-28 19:13:59 IST 000000001b000000 000000000b79d858 0096 00a4 0000 0006 00000001 0000 0014 00000000 00000002 00000002

2018-02-28 19:14:59 IST 000000001b000000 0000000009dc6bc8 0096 00a4 0000 0006 00000000 0000 0014 00000000 00000001 00000001

2018-02-28 19:15:59 IST 000000001b000000 00000000083a78d0 0097 00a4 0000 0006 00000000 0000 0014 00000000 00000002 00000002

2018-02-28 19:16:59 IST 000000001b080000 0000000010bd21d0 0096 00a4 0000 0006 00000000 0000 0014 00000000 00000001 00000001

2018-02-28 19:17:59 IST 000000001b080000 000000000f18f010 0096 00a4 0000 0006 00000000 0000 0014 00000000 00000002 00000002

2018-02-28 19:18:59 IST 000000001b080000 000000000d7a5000 0096 00a4 0000 0006 00000000 0000 0014 00000000 00000001 00000001

2018-02-28 19:19:59 IST 000000001b080000 000000000bd74b00 0097 00a4 0000 0006 00000001 0000 0014 00000000 00000002 00000002

2018-02-28 19:20:59 IST 000000001b080000 000000000a399008 0096 00a4 0000 0006 00000000 0000 0014 00000000 00000001 00000001

2018-02-28 19:21:59 IST 000000001b080000 000000000895a030 0096 00a4 0000 0006 00000001 0000 0014 00000000 00000002 00000002

2018-02-28 19:22:59 IST 000000001b100000 000000001128d590 0097 00a4 0000 0006 00000000 0000 0014 00000000 00000001 00000001

2018-02-28 19:23:59 IST 000000001b100000 000000000f82a7f0 0097 00a4 0000 0006 00000000 0000 0014 00000000 00000002 00000002

2018-02-28 19:24:59 IST 000000001b100000 000000000de365a8 0096 00a4 0000 0006 00000000 0000 0014 00000000 00000001 00000001

2018-02-28 19:25:59 IST 000000001b100000 000000000c3d5ae8 0096 00a4 0000 0006 00000000 0000 0014 00000000 00000002 00000002

2018-02-28 19:26:59 IST 000000001b100000 000000000a9d9440 0097 00a4 0000 0006 00000000 0000 0014 00000000 00000001 00000001

2018-02-28 19:27:59 IST 000000001b100000 0000000008f79c88 0097 00a4 0000 0006 00000000 0000 0014 00000000 00000002 00000002

2018-02-28 19:28:59 IST 000000001ad80000 0000000011581490 0096 00a4 0000 0006 00000000 0000 0014 00000000 00000001 00000001

2018-02-28 19:29:59 IST 000000001ad80000 000000000f899db8 0096 00a4 0000 0006 00000001 0000 0014 00000000 00000002 00000002

2018-02-28 19:30:59 IST 000000001ad80000 000000000df1e3e0 0097 00a4 0000 0006 00000000 0000 0014 00000000 00000001 00000001

2018-02-28 19:31:59 IST 000000001ad80000 000000000c5604a8 0096 00a4 0000 0006 00000001 0000 0014 00000000 00000002 00000002

2018-02-28 19:32:59 IST 000000001ad80000 000000000abdb4d8 0096 00a4 0000 0006 00000000 0000 0014 00000000 00000001 00000001

2018-02-28 19:33:59 IST 000000001ad80000 00000000091abfa8 0096 00a4 0000 0006 00000000 0000 0014 00000000 00000002 00000002

2018-02-28 19:34:59 IST 000000001aa00000 00000000115317f0 0097 00a4 0000 0006 00000000 0000 0014 00000000 00000001 00000001

2018-02-28 19:35:59 IST 000000001aa00000 000000000f8f4c80 0096 00a4 0000 0006 00000001 0000 0014 00000000 00000002 00000002

2018-02-28 19:36:59 IST 000000001aa00000 000000000dfecc98 0096 00a4 0000 0006 00000000 0000 0014 00000000 00000001 00000001

2018-02-28 19:37:59 IST 000000001aa00000 000000000c6a0ca0 0096 00a4 0000 0006 00000000 0000 0014 00000000 00000002 00000002

2018-02-28 19:38:59 IST 000000001aa00000 000000000aaaee48 0097 00a4 0000 0006 00000000 0000 0014 00000000 00000001 00000001

2018-02-28 19:39:59 IST 000000001aa00000 0000000009177ea8 0096 00a4 0000 0006 00000000 0000 0014 00000000 00000002 00000002

2018-02-28 19:40:59 IST 000000001a680000 000000001116ff58 0096 00a4 0000 0006 00000000 0000 0014 00000000 00000001 00000001

2018-02-28 19:41:59 IST 000000001a680000 000000000f5efda0 0096 00a4 0000 0006 00000001 0000 0014 00000000 00000002 00000002

2018-02-28 19:42:59 IST 000000001a680000 000000000dd43108 0097 00a4 0000 0006 00000000 0000 0014 00000000 00000001 00000001

2018-02-28 19:43:59 IST 000000001a680000 000000000c1d9ab0 0096 00a4 0000 0006 00000001 0000 0014 00000000 00000002 00000002

2018-02-28 19:44:59 IST 000000001a680000 000000000a667ea0 0096 00a4 0000 0006 00000000 0000 0014 00000000 00000001 00000001

2018-02-28 19:45:59 IST 000000001a680000 0000000008db0578 0097 00a4 0000 0006 00000001 0000 0014 00000000 00000002 00000002

2018-02-28 19:46:59 IST 000000001a300000 0000000010b25618 0097 00a4 0000 0006 00000000 0000 0014 00000000 00000001 00000001

2018-02-28 19:47:59 IST 000000001a300000 000000000f0397b8 0096 00a4 0000 0006 00000000 0000 0014 00000000 00000002 00000002

2018-02-28 19:48:59 IST 000000001a300000 000000000d54fec0 0096 00a4 0000 0006 00000000 0000 0014 00000000 00000001 00000001

2018-02-28 19:49:59 IST 000000001a300000 000000000ba326a0 0097 00a4 0000 0006 00000000 0000 0014 00000000 00000002 00000002

2018-02-28 19:50:59 IST 000000001a300000 000000000a1d94c8 0097 00a4 0000 0006 00000000 0000 0014 00000000 00000001 00000001

2018-02-28 19:51:59 IST 000000001a300000 00000000086f2f50 0096 00a4 0000 0006 00000001 0000 0014 00000000 00000002 00000002

2018-02-28 19:52:59 IST 000000001a000000 000000000fff0310 0096 00a4 0000 0006 00000000 0000 0014 00000000 00000001 00000001

2018-02-28 19:53:59 IST 000000001a000000 000000000e7c5c88 0097 00a4 0000 0006 00000001 0000 0014 00000000 00000002 00000002

2018-02-28 19:54:59 IST 000000001a000000 000000000cd709d8 0096 00a4 0000 0006 00000000 0000 0014 00000000 00000001 00000001

2018-02-28 19:55:59 IST 000000001a000000 000000000b30b288 0096 00a4 0000 0006 00000000 0000 0014 00000000 00000002 00000002

2018-02-28 19:56:59 IST 000000001a000000 000000000989fd50 0096 00a4 0000 0006 00000000 0000 0014 00000000 00000001 00000001

2018-02-28 19:57:59 IST 000000001a000000 0000000007df7f78 0097 00a4 0000 0006 00000001 0000 0014 00000000 00000002 00000002

2018-02-28 19:58:59 IST 0000000019d00000 000000000f4ec030 0096 00a4 0000 0006 00000000 0000 0014 00000000 00000001 00000001

2018-02-28 19:59:59 IST 0000000019d00000 000000000dad9d38 0096 00a4 0000 0006 00000000 0000 0014 00000000 00000002 00000002

2018-02-28 20:00:59 IST 0000000019d00000 000000000bea9748 0096 00a4 0000 0006 00000000 0000 0014 00000000 00000001 00000001

2018-02-28 20:01:59 IST 0000000019d00000 000000000a4aae60 0097 00a4 0000 0006 00000001 0000 0014 00000000 00000002 00000002

2018-02-28 20:02:59 IST 0000000019d00000 0000000008b129f8 0096 00a4 0000 0006 00000000 0000 0014 00000000 00000001 00000001

2018-02-28 20:03:59 IST 0000000019a00000 000000000ffb8c40 0096 00a4 0000 0006 00000000 0000 0014 00000000 00000002 00000002

2018-02-28 20:04:59 IST 0000000019a00000 000000000e414e88 0097 00a4 0000 0006 00000000 0000 0014 00000000 00000001 00000001

2018-02-28 20:05:59 IST 0000000019a00000 000000000ca63bf8 0097 00a4 0000 0006 00000001 0000 0014 00000000 00000002 00000002

2018-02-28 20:06:59 IST 0000000019a00000 000000000b0ddc90 0096 00a4 0000 0006 00000000 0000 0014 00000000 00000001 00000001

2018-02-28 20:07:59 IST 0000000019a00000 00000000094d5970 0096 00a4 0000 0006 00000000 0000 0014 00000000 00000002 00000002

2018-02-28 20:08:59 IST 0000000019a00000 0000000007b8e920 0097 00a4 0000 0006 00000000 0000 0014 00000000 00000001 00000001

2018-02-28 20:09:59 IST 0000000019700000 000000000eca2970 0097 00a4 0000 0006 00000001 0000 0014 00000000 00000002 00000002

2018-02-28 20:10:59 IST 0000000019700000 000000000f015ba0 0096 00a4 0000 0006 00000000 0000 0014 00000000 00000001 00000001

2018-02-28 20:11:59 IST 0000000019700000 000000000d69cfc0 0096 00a4 0000 0006 00000000 0000 0014 00000000 00000002 00000002

2018-02-28 20:12:59 IST 0000000019700000 000000000bb6c108 0097 00a4 0000 0006 00000000 0000 0014 00000000 00000001 00000001

2018-02-28 20:13:59 IST 0000000019700000 000000000a206720 0096 00a4 0000 0006 00000000 0000 0014 00000000 00000002 00000002

2018-02-28 20:14:59 IST 0000000019700000 00000000086c7798 0096 00a4 0000 0006 00000000 0000 0014 00000000 00000001 00000001

2018-02-28 20:15:59 IST 0000000019780000 000000000f8479f0 0096 00a4 0000 0006 00000001 0000 0014 00000000 00000002 00000002

2018-02-28 20:16:59 IST 0000000019780000 000000000df1ed38 0097 00a4 0000 0006 00000000 0000 0014 00000000 00000001 00000001

2018-02-28 20:17:59 IST 0000000019780000 000000000c379dd0 0096 00a4 0000 0006 00000004 0000 0014 00000000 00000002 00000002

2018-02-28 20:18:59 IST 0000000019780000 000000000aa86ae0 0096 00a4 0000 0006 00000000 0000 0014 00000000 00000001 00000001

2018-02-28 20:19:59 IST 0000000019780000 0000000008e9dc78 0097 00a4 0000 0006 00000001 0000 0014 00000000 00000002 00000002

2018-02-28 20:20:59 IST 0000000019800000 0000000010100c28 0097 00a4 0000 0006 00000000 0000 0014 00000000 00000001 00000001

2018-02-28 20:21:59 IST 0000000019800000 000000000e79ba20 0096 00a4 0000 0006 00000000 0000 0014 00000000 00000002 00000002

2018-02-28 20:22:59 IST 0000000019800000 000000000cbeb470 0096 00a4 0000 0006 00000000 0000 0014 00000000 00000001 00000001

2018-02-28 20:23:59 IST 0000000019800000 000000000b28fc10 0097 00a4 0000 0006 00000001 0000 0014 00000000 00000002 00000002

2018-02-28 20:24:59 IST 0000000019800000 0000000009991e50 0096 00a4 0000 0006 00000000 0000 0014 00000000 00000001 00000001

2018-02-28 20:25:59 IST 0000000019800000 0000000007d7b310 0096 00a4 0000 0006 00000001 0000 0014 00000000 00000002 00000002

2018-02-28 20:26:59 IST 0000000019880000 000000000ee629f8 0096 00a4 0000 0006 00000000 0000 0014 00000000 00000001 00000001

2018-02-28 20:27:59 IST 0000000019880000 000000000d5201e0 0097 00a4 0000 0006 00000001 0000 0014 00000000 00000002 00000002

2018-02-28 20:28:59 IST 0000000019880000 000000000b989760 0096 00a4 0000 0006 00000000 0000 0014 00000000 00000001 00000001

2018-02-28 20:29:59 IST 0000000019880000 000000000a035d80 0096 00a4 0000 0006 00000001 0000 0014 00000000 00000002 00000002

2018-02-28 20:30:59 IST 0000000019880000 000000000873af60 0096 00a4 0000 0006 00000000 0000 0014 00000000 00000001 00000001

2018-02-28 20:31:59 IST 0000000019580000 000000000f3ec6e8 0097 00a4 0000 0006 00000000 0000 0014 00000000 00000002 00000002

2018-02-28 20:32:59 IST 0000000019580000 000000000db3e500 0096 00a4 0000 0006 00000000 0000 0014 00000000 00000001 00000001

2018-02-28 20:33:59 IST 0000000019580000 000000000c020db8 0096 00a4 0000 0006 00000001 0000 0014 00000000 00000002 00000002

2018-02-28 20:34:59 IST 0000000019580000 000000000a76ec78 0097 00a4 0000 0006 00000000 0000 0014 00000000 00000001 00000001

2018-02-28 20:35:59 IST 0000000019580000 0000000008c50b88 0097 00a4 0000 0006 00000001 0000 0014 00000000 00000002 00000002

2018-02-28 20:36:59 IST 0000000019300000 000000000f94d060 0096 00a4 0000 0006 00000000 0000 0014 00000000 00000001 00000001

2018-02-28 20:37:59 IST 0000000019300000 000000000de92870 0096 00a4 0000 0006 00000001 0000 0014 00000000 00000002 00000002

2018-02-28 20:38:59 IST 0000000019300000 000000000c3fa6f8 0097 00a4 0000 0006 00000000 0000 0014 00000000 00000001 00000001

2018-02-28 20:39:59 IST 0000000019300000 000000000a8fc700 0097 00a4 0000 0006 00000000 0000 0014 00000000 00000002 00000002

2018-02-28 20:40:59 IST 0000000019300000 00000000090f5b78 0096 00a4 0000 0006 00000000 0000 0014 00000000 00000001 00000001

2018-02-28 20:41:59 IST 0000000019080000 000000000f9ab7e0 0096 00a4 0000 0006 00000001 0000 0014 00000000 00000002 00000002

2018-02-28 20:42:59 IST 0000000019080000 000000000df85628 0097 00a4 0000 0006 00000000 0000 0014 00000000 00000001 00000001

2018-02-28 20:43:59 IST 0000000019080000 000000000c510600 0096 00a4 0000 0006 00000001 0000 0014 00000000 00000002 00000002

2018-02-28 20:44:59 IST 0000000019080000 000000000aadd4d0 0096 00a4 0000 0006 00000000 0000 0014 00000000 00000001 00000001

2018-02-28 20:45:59 IST 0000000019080000 00000000090543b0 0096 00a4 0000 0006 00000001 0000 0014 00000000 00000002 00000002

2018-02-28 20:46:59 IST 0000000018e00000 000000000f9ccaa8 0097 00a4 0000 0006 00000000 0000 0014 00000000 00000001 00000001

2018-02-28 20:47:59 IST 0000000018e00000 000000000dfc1ba0 0096 00a4 0000 0006 00000001 0000 0014 00000000 00000002 00000002

2018-02-28 20:48:59 IST 0000000018e00000 000000000c5fbe48 0096 00a4 0000 0006 00000000 0000 0014 00000000 00000001 00000001

2018-02-28 20:49:59 IST 0000000018e00000 000000000abe1968 0097 00a4 0000 0006 00000000 0000 0014 00000000 00000002 00000002

2018-02-28 20:50:59 IST 0000000018e00000 000000000921bc10 0097 00a4 0000 0006 00000000 0000 0014 00000000 00000001 00000001

2018-02-28 20:51:59 IST 0000000018b80000 000000000f537b78 0096 00a4 0000 0006 00000000 0000 0014 00000000 00000002 00000002

2018-02-28 20:52:59 IST 0000000018b80000 000000000dbb4920 0096 00a4 0000 0006 00000000 0000 0014 00000000 00000001 00000001

2018-02-28 20:53:59 IST 0000000018b80000 000000000c2192f0 0097 00a4 0000 0006 00000000 0000 0014 00000000 00000002 00000002

2018-02-28 20:54:59 IST 0000000018b80000 000000000a8debf0 0096 00a4 0000 0006 00000000 0000 0014 00000000 00000001 00000001

2018-02-28 20:55:59 IST 0000000018b80000 0000000008f401a0 0096 00a4 0000 0006 00000001 0000 0014 00000000 00000002 00000002

2018-02-28 20:56:59 IST 0000000018900000 000000000f017670 0096 00a4 0000 0006 00000000 0000 0014 00000000 00000001 00000001

2018-02-28 20:57:59 IST 0000000018900000 000000000d6ffdf8 0097 00a4 0000 0006 00000000 0000 0014 00000000 00000002 00000002

2018-02-28 20:58:59 IST 0000000018900000 000000000be35938 0096 00a4 0000 0006 00000000 0000 0014 00000000 00000001 00000001

2018-02-28 20:59:59 IST 0000000018900000 000000000a2b66d0 0096 00a4 0000 0006 00000000 0000 0014 00000000 00000002 00000002

2018-02-28 21:00:59 IST 0000000018900000 00000000089e9440 0097 00a4 0000 0006 00000000 0000 0014 00000000 00000001 00000001

2018-02-28 21:01:59 IST 0000000018680000 000000000e8f9a60 0097 00a4 0000 0006 00000000 0000 0014 00000000 00000002 00000002

2018-02-28 21:02:59 IST 0000000018680000 000000000ce5b690 0096 00a4 0000 0006 00000000 0000 0014 00000000 00000001 00000001

2018-02-28 21:03:59 IST 0000000018680000 000000000b5ab600 0096 00a4 0000 0006 00000001 0000 0014 00000000 00000002 00000002

2018-02-28 21:04:59 IST 0000000018680000 0000000009affc48 0097 00a4 0000 0006 00000000 0000 0014 00000000 00000001 00000001

2018-02-28 21:05:59 IST 0000000018680000 0000000008002888 0097 00a4 0000 0006 00000001 0000 0014 00000000 00000002 00000002

2018-02-28 21:06:59 IST 0000000018480000 000000000e0131e8 0096 00a4 0000 0006 00000000 0000 0014 00000000 00000001 00000001

2018-02-28 21:07:59 IST 0000000018480000 000000000c575968 0096 00a4 0000 0006 00000001 0000 0014 00000000 00000002 00000002

2018-02-28 21:08:59 IST 0000000018480000 000000000ab31878 0097 00a4 0000 0006 00000000 0000 0014 00000000 00000001 00000001

2018-02-28 21:09:59 IST 0000000018480000 00000000092b6200 0096 00a4 0000 0006 00000000 0000 0014 00000000 00000002 00000002

2018-02-28 21:10:59 IST 0000000018480000 000000000de383a0 0096 00a4 0000 0006 00000000 0000 0014 00000000 00000001 00000001

2018-02-28 21:11:59 IST 0000000018480000 000000000c3c3490 0096 00a4 0000 0006 00000001 0000 0014 00000000 00000002 00000002

2018-02-28 21:12:59 IST 0000000018480000 000000000a9bbbd8 0097 00a4 0000 0006 00000000 0000 0014 00000000 00000001 00000001

2018-02-28 21:13:59 IST 0000000018480000 0000000008f57df0 0096 00a4 0000 0006 00000000 0000 0014 00000000 00000002 00000002

2018-02-28 21:14:59 IST 0000000018500000 000000000ee94fd0 0096 00a4 0000 0006 00000000 0000 0014 00000000 00000001 00000001

2018-02-28 21:15:59 IST 0000000018500000 000000000d413b68 0097 00a4 0000 0006 00000001 0000 0014 00000000 00000002 00000002

2018-02-28 21:16:59 IST 0000000018500000 000000000b9e0c98 0097 00a4 0000 0006 00000000 0000 0014 00000000 00000001 00000001

2018-02-28 21:17:59 IST 0000000018500000 000000000a1796f0 0096 00a4 0000 0006 00000001 0000 0014 00000000 00000002 00000002

2018-02-28 21:18:59 IST 0000000018500000 0000000008743c88 0096 00a4 0000 0006 00000000 0000 0014 00000000 00000001 00000001

2018-02-28 21:19:59 IST 0000000018580000 000000000e7dfe10 0097 00a4 0000 0006 00000000 0000 0014 00000000 00000002 00000002

2018-02-28 21:20:59 IST 0000000018580000 000000000cdc5c78 0096 00a4 0000 0006 00000000 0000 0014 00000000 00000001 00000001

2018-02-28 21:21:59 IST 0000000018580000 000000000b51e338 0096 00a4 0000 0006 00000001 0000 0014 00000000 00000002 00000002

2018-02-28 21:22:59 IST 0000000018580000 0000000009ac4350 0096 00a4 0000 0006 00000000 0000 0014 00000000 00000001 00000001

2018-02-28 21:23:59 IST 0000000018580000 000000000822cd30 0097 00a4 0000 0006 00000001 0000 0014 00000000 00000002 00000002

2018-02-28 21:24:59 IST 0000000018600000 000000000e16d890 0096 00a4 0000 0006 00000000 0000 0014 00000000 00000001 00000001

2018-02-28 21:25:59 IST 0000000018600000 000000000c8e6528 0096 00a4 0000 0006 00000001 0000 0014 00000000 00000002 00000002

2018-02-28 21:26:59 IST 0000000018600000 000000000ae5c538 0097 00a4 0000 0006 00000000 0000 0014 00000000 00000001 00000001

2018-02-28 21:27:59 IST 0000000018600000 00000000093d0e50 0097 00a4 0000 0006 00000001 0000 0014 00000000 00000002 00000002

2018-02-28 21:28:59 IST 0000000018400000 000000000f25d2b0 0096 00a4 0000 0006 00000000 0000 0014 00000000 00000001 00000001

2018-02-28 21:29:59 IST 0000000018400000 000000000d5dbd40 0096 00a4 0000 0006 00000000 0000 0014 00000000 00000002 00000002

2018-02-28 21:30:59 IST 0000000018400000 000000000bbd39a8 0097 00a4 0000 0006 00000000 0000 0014 00000000 00000001 00000001

2018-02-28 21:31:59 IST 0000000018400000 000000000a378698 0097 00a4 0000 0006 00000001 0000 0014 00000000 00000002 00000002

2018-02-28 21:32:59 IST 0000000018400000 0000000008759e28 0096 00a4 0000 0006 00000000 0000 0014 00000000 00000001 00000001

2018-02-28 21:33:59 IST 0000000018200000 000000000e2c9cd8 0096 00a4 0000 0006 00000001 0000 0014 00000000 00000002 00000002

2018-02-28 21:34:59 IST 0000000018200000 000000000cb26398 0097 00a4 0000 0006 00000000 0000 0014 00000000 00000001 00000001

2018-02-28 21:35:59 IST 0000000018200000 000000000af299c8 0096 00a4 0000 0006 00000001 0000 0014 00000000 00000002 00000002

2018-02-28 21:36:59 IST 0000000018200000 0000000009574ce0 0096 00a4 0000 0006 00000000 0000 0014 00000000 00000001 00000001

2018-02-28 21:37:59 IST 0000000018200000 0000000007b6c5f8 0096 00a4 0000 0006 00000000 0000 0014 00000000 00000002 00000002

2018-02-28 21:38:59 IST 0000000018000000 000000000d596530 0097 00a4 0000 0006 00000000 0000 0014 00000000 00000001 00000001

2018-02-28 21:39:59 IST 0000000018000000 000000000bbfc6d0 0096 00a4 0000 0006 00000001 0000 0014 00000000 00000002 00000002

2018-02-28 21:40:59 IST 0000000018000000 000000000a0b2a70 0096 00a4 0000 0006 00000000 0000 0014 00000000 00000001 00000001

2018-02-28 21:41:59 IST 0000000018000000 000000000870e7c8 0097 00a4 0000 0006 00000000 0000 0014 00000000 00000002 00000002

2018-02-28 21:42:59 IST 0000000017e00000 000000000df21a08 0097 00a4 0000 0006 00000000 0000 0014 00000000 00000001 00000001

2018-02-28 21:43:59 IST 0000000017e00000 000000000c5efbc0 0096 00a4 0000 0006 00000001 0000 0014 00000000 00000002 00000002

2018-02-28 21:44:59 IST 0000000017e00000 000000000ab0cb70 0096 00a4 0000 0006 00000000 0000 0014 00000000 00000001 00000001

2018-02-28 21:45:59 IST 0000000017e00000 000000000919f730 0097 00a4 0000 0006 00000001 0000 0014 00000000 00000002 00000002

2018-02-28 21:46:59 IST 0000000017c00000 000000000e815568 0097 00a4 0000 0006 00000000 0000 0014 00000000 00000001 00000001

2018-02-28 21:47:59 IST 0000000017c00000 000000000cd29458 0096 00a4 0000 0006 00000000 0000 0014 00000000 00000002 00000002

2018-02-28 21:48:59 IST 0000000017c00000 000000000b2840e0 0096 00a4 0000 0006 00000000 0000 0014 00000000 00000001 00000001

2018-02-28 21:49:59 IST 0000000017c00000 00000000099b8bf0 0097 00a4 0000 0006 00000001 0000 0014 00000000 00000002 00000002

2018-02-28 21:50:59 IST 0000000017c00000 0000000007f1e370 0096 00a4 0000 0006 00000000 0000 0014 00000000 00000001 00000001

2018-02-28 21:51:59 IST 0000000017a00000 000000000d0d3280 0096 00a4 0000 0006 00000000 0000 0014 00000000 00000002 00000002

2018-02-28 21:52:59 IST 0000000017a00000 000000000b6cfa88 0096 00a4 0000 0006 00000000 0000 0014 00000000 00000001 00000001

2018-02-28 21:53:59 IST 0000000017a00000 0000000009c76088 0097 00a4 0000 0006 00000001 0000 0014 00000000 00000002 00000002

2018-02-28 21:54:59 IST 0000000017a00000 000000000827a530 0096 00a4 0000 0006 00000000 0000 0014 00000000 00000001 00000001

2018-02-28 21:55:59 IST 0000000017800000 000000000d3649d0 0096 00a4 0000 0006 00000001 0000 0014 00000000 00000002 00000002

2018-03-01 13:13:35 IST 0000000017800000 000000000e6e3bc0 0097 00a4 0000 0006 00000000 0000 0014 00000000 00000001 00000001

