[Sat Jan 20 15:57:27 IST 2018]   Copyright (c) Software AG Limited. All rights reserved
[Sat Jan 20 16:17:39 IST 2018]   Copyright (c) Software AG Limited. All rights reserved
[Sat Jan 20 16:20:30 IST 2018]   Copyright (c) Software AG Limited. All rights reserved
[Sat Jan 20 16:23:02 IST 2018]   Copyright (c) Software AG Limited. All rights reserved
[Sat Jan 20 18:37:15 IST 2018]   Copyright (c) Software AG Limited. All rights reserved
[Sat Jan 20 18:48:18 IST 2018]   Copyright (c) Software AG Limited. All rights reserved
[Sun Jan 21 11:24:12 IST 2018]   Copyright (c) Software AG Limited. All rights reserved
[Mon Jan 22 13:56:11 IST 2018]   Copyright (c) Software AG Limited. All rights reserved
[Mon Jan 22 14:00:08 IST 2018]   Copyright (c) Software AG Limited. All rights reserved
[Tue Jan 23 13:10:56 IST 2018]   Copyright (c) Software AG Limited. All rights reserved
[Tue Jan 23 20:01:44 IST 2018]   Copyright (c) Software AG Limited. All rights reserved
[Thu Jan 25 13:03:50 IST 2018]   Copyright (c) Software AG Limited. All rights reserved
[Thu Jan 25 13:38:06 IST 2018]   Copyright (c) Software AG Limited. All rights reserved
[Thu Jan 25 18:44:30 IST 2018]   Copyright (c) Software AG Limited. All rights reserved
[Thu Jan 25 19:48:05 IST 2018]   Copyright (c) Software AG Limited. All rights reserved
[Thu Jan 25 22:37:28 IST 2018]   Copyright (c) Software AG Limited. All rights reserved
[Sat Jan 27 19:16:23 IST 2018]   Copyright (c) Software AG Limited. All rights reserved
[Mon Jan 29 13:27:23 IST 2018]   Copyright (c) Software AG Limited. All rights reserved
[Mon Jan 29 16:02:38 IST 2018]   Copyright (c) Software AG Limited. All rights reserved
[Mon Jan 29 16:06:14 IST 2018]   Copyright (c) Software AG Limited. All rights reserved
[Mon Jan 29 16:35:22 IST 2018]   Copyright (c) Software AG Limited. All rights reserved
[Mon Jan 29 17:36:07 IST 2018]   Copyright (c) Software AG Limited. All rights reserved
[Mon Jan 29 17:53:05 IST 2018]   Copyright (c) Software AG Limited. All rights reserved
[Mon Jan 29 20:25:32 IST 2018]   Copyright (c) Software AG Limited. All rights reserved
[Tue Jan 30 13:11:10 IST 2018]   Copyright (c) Software AG Limited. All rights reserved
[Tue Jan 30 14:02:58 IST 2018]   Copyright (c) Software AG Limited. All rights reserved
[Fri Feb 02 13:06:48 IST 2018]   Copyright (c) Software AG Limited. All rights reserved
